#
# A fatal error has been detected by the Java Runtime Environment:
#
#  EXCEPTION_ACCESS_VIOLATION (0xc0000005) at pc=0x00007ffe5c48a5a4, pid=11092, tid=10508
#
# JRE version: Java(TM) SE Runtime Environment (20.0.1+9) (build 20.0.1+9-29)
# Java VM: Java HotSpot(TM) 64-Bit Server VM (20.0.1+9-29, mixed mode, sharing, tiered, compressed oops, compressed class ptrs, g1 gc, windows-amd64)
# Problematic frame:
# V  [jvm.dll+0x15a5a4]
#
# No core dump will be written. Minidumps are not enabled by default on client versions of Windows
#
# If you would like to submit a bug report, please visit:
#   https://bugreport.java.com/bugreport/crash.jsp
#

---------------  S U M M A R Y ------------

Command Line: -Dmaven.multiModuleProjectDirectory=C:\Repos\API org.apache.maven.wrapper.MavenWrapperMain -Dexec.vmArgs= -Dexec.args=${exec.vmArgs} -classpath %classpath ${exec.mainClass} ${exec.appArgs} -Dexec.executable=C:\Program Files\Java\jdk-20\bin\java.exe -Dexec.mainClass=com.apm.API.AmusementParkManagerApplication -Dexec.classpathScope=runtime -Dexec.appArgs= -Dmaven.ext.class.path=C:\Program Files\NetBeans-17\netbeans\java\maven-nblib\netbeans-eventspy.jar --no-transfer-progress org.codehaus.mojo:exec-maven-plugin:3.1.0:exec

Host: Intel(R) Core(TM) i5-5300U CPU @ 2.30GHz, 4 cores, 7G,  Windows 10 , 64 bit Build 19041 (10.0.19041.1)
Time: Sun Jun 25 00:19:45 2023 Hora estándar de Argentina elapsed time: 23.756789 seconds (0d 0h 0m 23s)

---------------  T H R E A D  ---------------

Current thread (0x0000019846159340):  JavaThread "C1 CompilerThread0" daemon [_thread_in_native, id=10508, stack(0x00000064cb400000,0x00000064cb500000)]


Current CompileTask:
C1:  23756 4248   !   3       java.io.PrintStream::write (94 bytes)

Stack: [0x00000064cb400000,0x00000064cb500000],  sp=0x00000064cb4fe520,  free space=1017k
Native frames: (J=compiled Java code, j=interpreted, Vv=VM code, C=native code)
V  [jvm.dll+0x15a5a4]
V  [jvm.dll+0x185627]
V  [jvm.dll+0x181d4e]
V  [jvm.dll+0x170010]
V  [jvm.dll+0x1587d7]
V  [jvm.dll+0x158152]
V  [jvm.dll+0x158384]
V  [jvm.dll+0x1577c6]
V  [jvm.dll+0x1594fd]
V  [jvm.dll+0x259e1b]
V  [jvm.dll+0x2584f0]
V  [jvm.dll+0x3f2895]
V  [jvm.dll+0x7f4b56]
V  [jvm.dll+0x6ba5cb]
C  [ucrtbase.dll+0x21542]
C  [KERNEL32.DLL+0x16fd4]
C  [ntdll.dll+0x4cf31]


siginfo: EXCEPTION_ACCESS_VIOLATION (0xc0000005), reading address 0x00007fff85f07960


Registers:
RAX=0x000000000000000c, RBX=0x0000000000000008, RCX=0x000000000000000c, RDX=0x000000004a424de8
RSP=0x00000064cb4fe520, RBP=0x0000000000000400, RSI=0x0000000000000008, RDI=0x000001984a426448
R8 =0x0000000000000198, R9 =0x0000000000000402, R10=0x0000000000000028, R11=0x000001984a426460
R12=0x000001982a038e48, R13=0x000001984a4263b8, R14=0x00007ffe5ce741c0, R15=0x0000000000000000
RIP=0x00007ffe5c48a5a4, EFLAGS=0x0000000000010202


Register to memory mapping:

RIP=0x00007ffe5c48a5a4 jvm.dll
RAX=0x000000000000000c is an unknown value
RBX=0x0000000000000008 is an unknown value
RCX=0x000000000000000c is an unknown value
RDX=0x000000004a424de8 is an unknown value
RSP=0x00000064cb4fe520 is pointing into the stack for thread: 0x0000019846159340
RBP=0x0000000000000400 is an unknown value
RSI=0x0000000000000008 is an unknown value
RDI=0x000001984a426448 points into unknown readable memory: 0x0000000200000402 | 02 04 00 00 02 00 00 00
R8 =0x0000000000000198 is an unknown value
R9 =0x0000000000000402 is an unknown value
R10=0x0000000000000028 is an unknown value
R11=0x000001984a426460 points into unknown readable memory: 0x0000000c0000000c | 0c 00 00 00 0c 00 00 00
R12=0x000001982a038e48 points into unknown readable memory: 0x00000004ffffffff | ff ff ff ff 04 00 00 00
R13=0x000001984a4263b8 points into unknown readable memory: 0x00007ffe5cc814b8 | b8 14 c8 5c fe 7f 00 00
R14=0x00007ffe5ce741c0 jvm.dll
R15=0x0 is NULL


Top of Stack: (sp=0x00000064cb4fe520)
0x00000064cb4fe520:   0000000000af503b 00007ffe5c4be617
0x00000064cb4fe530:   0000000000af101b 00007ffe5c465c5f
0x00000064cb4fe540:   00000064cb4fe6e0 0000000000000000
0x00000064cb4fe550:   000001984a4263b8 000001982a03f000
0x00000064cb4fe560:   0000000000000000 00000064cb4fe6f0
0x00000064cb4fe570:   00000064cb4fea50 00007ffe5c4b5627
0x00000064cb4fe580:   000001982a038e48 0000000000af9093
0x00000064cb4fe590:   0000000000afd001 000001984a4263b8
0x00000064cb4fe5a0:   000001984a426028 00000064cb4fe6e0
0x00000064cb4fe5b0:   0000000000af101b 00000064cb4fea00
0x00000064cb4fe5c0:   ffffffffffffffff 00007ffe5c4c6200
0x00000064cb4fe5d0:   000001982a03f000 00000064cb4fe6f0
0x00000064cb4fe5e0:   00000064cb4fea50 00007ffe5ce725d0
0x00000064cb4fe5f0:   00000064cb4ff0f0 0000000000000000
0x00000064cb4fe600:   000001984a4263b8 00007ffe5c4b1d4e
0x00000064cb4fe610:   000000000000000d 000001984a49c328
0x00000064cb4fe620:   000001984a426320 00000064cb4fe6f0
0x00000064cb4fe630:   000001982a035e38 00007ffe5c4a0010
0x00000064cb4fe640:   000000000000002e 00000064cb4fe6f0
0x00000064cb4fe650:   00000000000003d8 0000000000000020
0x00000064cb4fe660:   000001982a038e48 00007ffe5c4887d7
0x00000064cb4fe670:   00000064cb4fea50 00000064cb4fe770
0x00000064cb4fe680:   00007ffe5ce725d0 00000000000003d8
0x00000064cb4fe690:   00000064cb4f0000 0000000000000000
0x00000064cb4fe6a0:   0000000000000000 0000000000000000
0x00000064cb4fe6b0:   000001982a035e38 00007ffe5cbd9c1f
0x00000064cb4fe6c0:   0000000000000000 0000000000000000
0x00000064cb4fe6d0:   000001980000000a 000000000000002e
0x00000064cb4fe6e0:   00007ffe5cc7a400 0000000000000000
0x00000064cb4fe6f0:   00007ffe5cc7a580 00000064cb4fea50
0x00000064cb4fe700:   000001984b2c4d98 0000000200000000
0x00000064cb4fe710:   000001982a038f58 0000000000000000 

Instructions: (pc=0x00007ffe5c48a5a4)
0x00007ffe5c48a4a4:   28 a4 15 00 13 a4 15 00 1a a4 15 00 2f a4 15 00
0x00007ffe5c48a4b4:   36 a4 15 00 00 08 08 08 08 08 08 08 01 08 08 08
0x00007ffe5c48a4c4:   08 08 08 08 02 08 08 08 08 08 08 08 03 08 08 08
0x00007ffe5c48a4d4:   08 08 08 08 04 08 08 08 08 08 08 08 05 08 08 08
0x00007ffe5c48a4e4:   08 08 08 08 06 08 08 08 08 08 08 08 07 cc cc cc
0x00007ffe5c48a4f4:   cc cc cc cc cc cc cc cc cc cc cc cc 48 89 5c 24
0x00007ffe5c48a504:   20 44 88 44 24 18 48 89 4c 24 08 55 56 57 41 54
0x00007ffe5c48a514:   41 55 41 56 41 57 48 83 ec 20 4c 63 0a 4c 8d 35
0x00007ffe5c48a524:   98 9c 9e 00 45 33 ff 33 db 48 8b fa 4c 8b e1 45
0x00007ffe5c48a534:   85 c9 0f 8e f6 00 00 00 41 83 f9 08 0f 82 ec 00
0x00007ffe5c48a544:   00 00 4c 8b 5a 08 41 8b c9 0f 57 e4 0f 57 ed 81
0x00007ffe5c48a554:   e1 07 00 00 80 7d 07 ff c9 83 c9 f8 ff c1 41 8b
0x00007ffe5c48a564:   c1 41 ba 08 00 00 00 2b c1 48 63 e8 33 f6 0f 1f
0x00007ffe5c48a574:   40 00 66 66 0f 1f 84 00 00 00 00 00 4f 63 44 1a
0x00007ffe5c48a584:   04 83 c3 08 4b 63 14 13 48 83 c6 08 4b 63 4c 1a
0x00007ffe5c48a594:   fc 4b 63 44 1a f8 4d 8d 52 20 66 43 0f 6e 0c 86
0x00007ffe5c48a5a4:   66 41 0f 6e 14 96 66 41 0f 6e 04 8e 66 41 0f 6e
0x00007ffe5c48a5b4:   1c 86 4f 63 44 1a f4 4b 63 54 1a f0 4b 63 4c 1a
0x00007ffe5c48a5c4:   ec 4b 63 44 1a e8 66 0f 62 d8 66 0f 62 d1 66 43
0x00007ffe5c48a5d4:   0f 6e 0c 86 66 41 0f 6e 04 8e 66 0f 6c da 66 41
0x00007ffe5c48a5e4:   0f 6e 14 96 66 0f fe e3 66 41 0f 6e 1c 86 66 0f
0x00007ffe5c48a5f4:   62 d8 66 0f 62 d1 66 0f 6c da 66 0f fe dd 66 0f
0x00007ffe5c48a604:   6f eb 48 3b f5 0f 8c 71 ff ff ff 66 0f fe e3 66
0x00007ffe5c48a614:   0f 6f c4 66 0f 73 d8 08 66 0f fe e0 66 0f 6f c4
0x00007ffe5c48a624:   66 0f 73 d8 04 66 0f fe e0 66 41 0f 7e e7 33 d2
0x00007ffe5c48a634:   48 63 cb 45 33 c0 4d 8b d1 49 3b c9 7d 4d 49 8b
0x00007ffe5c48a644:   c1 4c 8b 4f 08 48 2b c1 48 83 f8 02 7c 2e 4d 8d
0x00007ffe5c48a654:   5a ff 66 66 0f 1f 84 00 00 00 00 00 49 63 04 89
0x00007ffe5c48a664:   41 03 14 86 49 63 44 89 04 48 83 c1 02 45 03 04
0x00007ffe5c48a674:   86 49 3b cb 7c e6 49 3b ca 7d 09 90 49 63 04 89
0x00007ffe5c48a684:   45 03 3c 86 42 8d 04 02 44 03 f8 49 63 df 33 d2
0x00007ffe5c48a694:   48 8d 0c 9d 00 00 00 00 e8 af 5d 5b 00 48 8b cb 


Stack slot to memory mapping:
stack at sp + 0 slots: 0x0000000000af503b is an unknown value
stack at sp + 1 slots: 0x00007ffe5c4be617 jvm.dll
stack at sp + 2 slots: 0x0000000000af101b is an unknown value
stack at sp + 3 slots: 0x00007ffe5c465c5f jvm.dll
stack at sp + 4 slots: 0x00000064cb4fe6e0 is pointing into the stack for thread: 0x0000019846159340
stack at sp + 5 slots: 0x0 is NULL
stack at sp + 6 slots: 0x000001984a4263b8 points into unknown readable memory: 0x00007ffe5cc814b8 | b8 14 c8 5c fe 7f 00 00
stack at sp + 7 slots: 0x000001982a03f000 points into unknown readable memory: 0x00007ffe5cc7a990 | 90 a9 c7 5c fe 7f 00 00


---------------  P R O C E S S  ---------------

Threads class SMR info:
_java_thread_list=0x000001984b94c9d0, length=14, elements={
0x000001982a02d720, 0x000001984613c190, 0x0000019846141140, 0x0000019846148b00,
0x000001984614b460, 0x000001984614e0f0, 0x0000019846152c00, 0x00000198461579b0,
0x0000019846159340, 0x0000019846153150, 0x0000019846150c20, 0x0000019846151c10,
0x00000198461526b0, 0x000001984b73d450
}

Java Threads: ( => current thread )
  0x000001982a02d720 JavaThread "main" [_thread_in_native, id=8960, stack(0x00000064ca600000,0x00000064ca700000)]
  0x000001984613c190 JavaThread "Reference Handler" daemon [_thread_blocked, id=10376, stack(0x00000064cad00000,0x00000064cae00000)]
  0x0000019846141140 JavaThread "Finalizer" daemon [_thread_blocked, id=9136, stack(0x00000064cae00000,0x00000064caf00000)]
  0x0000019846148b00 JavaThread "Signal Dispatcher" daemon [_thread_blocked, id=3048, stack(0x00000064caf00000,0x00000064cb000000)]
  0x000001984614b460 JavaThread "Attach Listener" daemon [_thread_blocked, id=5564, stack(0x00000064cb000000,0x00000064cb100000)]
  0x000001984614e0f0 JavaThread "Service Thread" daemon [_thread_blocked, id=7824, stack(0x00000064cb100000,0x00000064cb200000)]
  0x0000019846152c00 JavaThread "Monitor Deflation Thread" daemon [_thread_blocked, id=6660, stack(0x00000064cb200000,0x00000064cb300000)]
  0x00000198461579b0 JavaThread "C2 CompilerThread0" daemon [_thread_blocked, id=9780, stack(0x00000064cb300000,0x00000064cb400000)]
=>0x0000019846159340 JavaThread "C1 CompilerThread0" daemon [_thread_in_native, id=10508, stack(0x00000064cb400000,0x00000064cb500000)]
  0x0000019846153150 JavaThread "Notification Thread" daemon [_thread_blocked, id=1512, stack(0x00000064cb500000,0x00000064cb600000)]
  0x0000019846150c20 JavaThread "Common-Cleaner" daemon [_thread_blocked, id=11244, stack(0x00000064cb700000,0x00000064cb800000)]
  0x0000019846151c10 JavaThread "Exec Stream Pumper" daemon [_thread_in_native, id=7028, stack(0x00000064cbc00000,0x00000064cbd00000)]
  0x00000198461526b0 JavaThread "Exec Stream Pumper" daemon [_thread_in_native, id=9468, stack(0x00000064cbd00000,0x00000064cbe00000)]
  0x000001984b73d450 JavaThread "Exec Input Stream Pumper" daemon [_thread_blocked, id=9860, stack(0x00000064cbe00000,0x00000064cbf00000)]

Other Threads:
  0x0000019846121e00 VMThread "VM Thread" [stack: 0x00000064cac00000,0x00000064cad00000] [id=11052]
  0x000001984a4fa150 WatcherThread "VM Periodic Task Thread" [stack: 0x00000064cb600000,0x00000064cb700000] [id=8432]
  0x000001982a08f680 WorkerThread "GC Thread#0" [stack: 0x00000064ca700000,0x00000064ca800000] [id=9960]
  0x000001984aeb0da0 WorkerThread "GC Thread#1" [stack: 0x00000064cb800000,0x00000064cb900000] [id=5556]
  0x000001984ae730a0 WorkerThread "GC Thread#2" [stack: 0x00000064cb900000,0x00000064cba00000] [id=10544]
  0x000001984aeef310 WorkerThread "GC Thread#3" [stack: 0x00000064cba00000,0x00000064cbb00000] [id=6756]
  0x000001982a0a01d0 ConcurrentGCThread "G1 Main Marker" [stack: 0x00000064ca800000,0x00000064ca900000] [id=4064]
  0x000001982a0a0da0 WorkerThread "G1 Conc#0" [stack: 0x00000064ca900000,0x00000064caa00000] [id=9200]
  0x000001982a0fe3a0 ConcurrentGCThread "G1 Refine#0" [stack: 0x00000064caa00000,0x00000064cab00000] [id=8812]
  0x0000019845fd40c0 ConcurrentGCThread "G1 Service" [stack: 0x00000064cab00000,0x00000064cac00000] [id=11076]

Threads with active compile tasks:
C1 CompilerThread0    23843 4248   !   3       java.io.PrintStream::write (94 bytes)

VM state: not at safepoint (normal execution)

VM Mutex/Monitor currently owned by a thread: None

Heap address: 0x0000000081e00000, size: 2018 MB, Compressed Oops mode: 32-bit

CDS archive(s) mapped at: [0x0000000800000000-0x0000000800c60000-0x0000000800c60000), size 12976128, SharedBaseAddress: 0x0000000800000000, ArchiveRelocationMode: 0.
Compressed class space mapped at: 0x0000000801000000-0x0000000841000000, reserved size: 1073741824
Narrow klass base: 0x0000000800000000, Narrow klass shift: 0, Narrow klass range: 0x100000000

GC Precious Log:
 CardTable entry size: 512
 Card Set container configuration: InlinePtr #cards 5 size 8 Array Of Cards #cards 12 size 40 Howl #buckets 4 coarsen threshold 1843 Howl Bitmap #cards 512 size 80 coarsen threshold 460 Card regions per heap region 1 cards per card region 2048
 CPUs: 4 total, 4 available
 Memory: 8064M
 Large Page Support: Disabled
 NUMA Support: Disabled
 Compressed Oops: Enabled (32-bit)
 Heap Region Size: 1M
 Heap Min Capacity: 8M
 Heap Initial Capacity: 128M
 Heap Max Capacity: 2018M
 Pre-touch: Disabled
 Parallel Workers: 4
 Concurrent Workers: 1
 Concurrent Refinement Workers: 4
 Periodic GC: Disabled

Heap:
 garbage-first heap   total 131072K, used 50189K [0x0000000081e00000, 0x0000000100000000)
  region size 1024K, 47 young (48128K), 8 survivors (8192K)
 Metaspace       used 17162K, committed 17472K, reserved 1114112K
  class space    used 1964K, committed 2112K, reserved 1048576K

Heap Regions: E=young(eden), S=young(survivor), O=old, HS=humongous(starts), HC=humongous(continues), CS=collection set, F=free, OA=open archive, CA=closed archive, TAMS=top-at-mark-start, PB=parsable bottom
|   0|0x0000000081e00000, 0x0000000081f00000, 0x0000000081f00000|100%| O|  |TAMS 0x0000000081e00000| PB 0x0000000081e00000| Untracked 
|   1|0x0000000081f00000, 0x0000000082000000, 0x0000000082000000|100%| O|  |TAMS 0x0000000081f00000| PB 0x0000000081f00000| Untracked 
|   2|0x0000000082000000, 0x0000000082100000, 0x0000000082100000|100%| O|  |TAMS 0x0000000082000000| PB 0x0000000082000000| Untracked 
|   3|0x0000000082100000, 0x0000000082165c00, 0x0000000082200000| 39%| O|  |TAMS 0x0000000082100000| PB 0x0000000082100000| Untracked 
|   4|0x0000000082200000, 0x0000000082200000, 0x0000000082300000|  0%| F|  |TAMS 0x0000000082200000| PB 0x0000000082200000| Untracked 
|   5|0x0000000082300000, 0x0000000082300000, 0x0000000082400000|  0%| F|  |TAMS 0x0000000082300000| PB 0x0000000082300000| Untracked 
|   6|0x0000000082400000, 0x0000000082400000, 0x0000000082500000|  0%| F|  |TAMS 0x0000000082400000| PB 0x0000000082400000| Untracked 
|   7|0x0000000082500000, 0x0000000082500000, 0x0000000082600000|  0%| F|  |TAMS 0x0000000082500000| PB 0x0000000082500000| Untracked 
|   8|0x0000000082600000, 0x0000000082600000, 0x0000000082700000|  0%| F|  |TAMS 0x0000000082600000| PB 0x0000000082600000| Untracked 
|   9|0x0000000082700000, 0x0000000082700000, 0x0000000082800000|  0%| F|  |TAMS 0x0000000082700000| PB 0x0000000082700000| Untracked 
|  10|0x0000000082800000, 0x0000000082800000, 0x0000000082900000|  0%| F|  |TAMS 0x0000000082800000| PB 0x0000000082800000| Untracked 
|  11|0x0000000082900000, 0x0000000082900000, 0x0000000082a00000|  0%| F|  |TAMS 0x0000000082900000| PB 0x0000000082900000| Untracked 
|  12|0x0000000082a00000, 0x0000000082a00000, 0x0000000082b00000|  0%| F|  |TAMS 0x0000000082a00000| PB 0x0000000082a00000| Untracked 
|  13|0x0000000082b00000, 0x0000000082b00000, 0x0000000082c00000|  0%| F|  |TAMS 0x0000000082b00000| PB 0x0000000082b00000| Untracked 
|  14|0x0000000082c00000, 0x0000000082c00000, 0x0000000082d00000|  0%| F|  |TAMS 0x0000000082c00000| PB 0x0000000082c00000| Untracked 
|  15|0x0000000082d00000, 0x0000000082d00000, 0x0000000082e00000|  0%| F|  |TAMS 0x0000000082d00000| PB 0x0000000082d00000| Untracked 
|  16|0x0000000082e00000, 0x0000000082e00000, 0x0000000082f00000|  0%| F|  |TAMS 0x0000000082e00000| PB 0x0000000082e00000| Untracked 
|  17|0x0000000082f00000, 0x0000000082f00000, 0x0000000083000000|  0%| F|  |TAMS 0x0000000082f00000| PB 0x0000000082f00000| Untracked 
|  18|0x0000000083000000, 0x0000000083000000, 0x0000000083100000|  0%| F|  |TAMS 0x0000000083000000| PB 0x0000000083000000| Untracked 
|  19|0x0000000083100000, 0x0000000083100000, 0x0000000083200000|  0%| F|  |TAMS 0x0000000083100000| PB 0x0000000083100000| Untracked 
|  20|0x0000000083200000, 0x0000000083200000, 0x0000000083300000|  0%| F|  |TAMS 0x0000000083200000| PB 0x0000000083200000| Untracked 
|  21|0x0000000083300000, 0x0000000083300000, 0x0000000083400000|  0%| F|  |TAMS 0x0000000083300000| PB 0x0000000083300000| Untracked 
|  22|0x0000000083400000, 0x0000000083400000, 0x0000000083500000|  0%| F|  |TAMS 0x0000000083400000| PB 0x0000000083400000| Untracked 
|  23|0x0000000083500000, 0x0000000083500000, 0x0000000083600000|  0%| F|  |TAMS 0x0000000083500000| PB 0x0000000083500000| Untracked 
|  24|0x0000000083600000, 0x0000000083600000, 0x0000000083700000|  0%| F|  |TAMS 0x0000000083600000| PB 0x0000000083600000| Untracked 
|  25|0x0000000083700000, 0x0000000083700000, 0x0000000083800000|  0%| F|  |TAMS 0x0000000083700000| PB 0x0000000083700000| Untracked 
|  26|0x0000000083800000, 0x0000000083800000, 0x0000000083900000|  0%| F|  |TAMS 0x0000000083800000| PB 0x0000000083800000| Untracked 
|  27|0x0000000083900000, 0x0000000083900000, 0x0000000083a00000|  0%| F|  |TAMS 0x0000000083900000| PB 0x0000000083900000| Untracked 
|  28|0x0000000083a00000, 0x0000000083a00000, 0x0000000083b00000|  0%| F|  |TAMS 0x0000000083a00000| PB 0x0000000083a00000| Untracked 
|  29|0x0000000083b00000, 0x0000000083b00000, 0x0000000083c00000|  0%| F|  |TAMS 0x0000000083b00000| PB 0x0000000083b00000| Untracked 
|  30|0x0000000083c00000, 0x0000000083c00000, 0x0000000083d00000|  0%| F|  |TAMS 0x0000000083c00000| PB 0x0000000083c00000| Untracked 
|  31|0x0000000083d00000, 0x0000000083d00000, 0x0000000083e00000|  0%| F|  |TAMS 0x0000000083d00000| PB 0x0000000083d00000| Untracked 
|  32|0x0000000083e00000, 0x0000000083e00000, 0x0000000083f00000|  0%| F|  |TAMS 0x0000000083e00000| PB 0x0000000083e00000| Untracked 
|  33|0x0000000083f00000, 0x0000000083f00000, 0x0000000084000000|  0%| F|  |TAMS 0x0000000083f00000| PB 0x0000000083f00000| Untracked 
|  34|0x0000000084000000, 0x0000000084000000, 0x0000000084100000|  0%| F|  |TAMS 0x0000000084000000| PB 0x0000000084000000| Untracked 
|  35|0x0000000084100000, 0x0000000084100000, 0x0000000084200000|  0%| F|  |TAMS 0x0000000084100000| PB 0x0000000084100000| Untracked 
|  36|0x0000000084200000, 0x0000000084200000, 0x0000000084300000|  0%| F|  |TAMS 0x0000000084200000| PB 0x0000000084200000| Untracked 
|  37|0x0000000084300000, 0x0000000084300000, 0x0000000084400000|  0%| F|  |TAMS 0x0000000084300000| PB 0x0000000084300000| Untracked 
|  38|0x0000000084400000, 0x0000000084400000, 0x0000000084500000|  0%| F|  |TAMS 0x0000000084400000| PB 0x0000000084400000| Untracked 
|  39|0x0000000084500000, 0x0000000084500000, 0x0000000084600000|  0%| F|  |TAMS 0x0000000084500000| PB 0x0000000084500000| Untracked 
|  40|0x0000000084600000, 0x0000000084600000, 0x0000000084700000|  0%| F|  |TAMS 0x0000000084600000| PB 0x0000000084600000| Untracked 
|  41|0x0000000084700000, 0x0000000084700000, 0x0000000084800000|  0%| F|  |TAMS 0x0000000084700000| PB 0x0000000084700000| Untracked 
|  42|0x0000000084800000, 0x0000000084800000, 0x0000000084900000|  0%| F|  |TAMS 0x0000000084800000| PB 0x0000000084800000| Untracked 
|  43|0x0000000084900000, 0x0000000084900000, 0x0000000084a00000|  0%| F|  |TAMS 0x0000000084900000| PB 0x0000000084900000| Untracked 
|  44|0x0000000084a00000, 0x0000000084a9dbc0, 0x0000000084b00000| 61%| S|CS|TAMS 0x0000000084a00000| PB 0x0000000084a00000| Complete 
|  45|0x0000000084b00000, 0x0000000084c00000, 0x0000000084c00000|100%| S|CS|TAMS 0x0000000084b00000| PB 0x0000000084b00000| Complete 
|  46|0x0000000084c00000, 0x0000000084d00000, 0x0000000084d00000|100%| S|CS|TAMS 0x0000000084c00000| PB 0x0000000084c00000| Complete 
|  47|0x0000000084d00000, 0x0000000084e00000, 0x0000000084e00000|100%| S|CS|TAMS 0x0000000084d00000| PB 0x0000000084d00000| Complete 
|  48|0x0000000084e00000, 0x0000000084f00000, 0x0000000084f00000|100%| S|CS|TAMS 0x0000000084e00000| PB 0x0000000084e00000| Complete 
|  49|0x0000000084f00000, 0x0000000085000000, 0x0000000085000000|100%| S|CS|TAMS 0x0000000084f00000| PB 0x0000000084f00000| Complete 
|  50|0x0000000085000000, 0x0000000085100000, 0x0000000085100000|100%| S|CS|TAMS 0x0000000085000000| PB 0x0000000085000000| Complete 
|  51|0x0000000085100000, 0x0000000085200000, 0x0000000085200000|100%| S|CS|TAMS 0x0000000085100000| PB 0x0000000085100000| Complete 
|  52|0x0000000085200000, 0x0000000085200000, 0x0000000085300000|  0%| F|  |TAMS 0x0000000085200000| PB 0x0000000085200000| Untracked 
|  53|0x0000000085300000, 0x0000000085300000, 0x0000000085400000|  0%| F|  |TAMS 0x0000000085300000| PB 0x0000000085300000| Untracked 
|  54|0x0000000085400000, 0x0000000085400000, 0x0000000085500000|  0%| F|  |TAMS 0x0000000085400000| PB 0x0000000085400000| Untracked 
|  55|0x0000000085500000, 0x0000000085500000, 0x0000000085600000|  0%| F|  |TAMS 0x0000000085500000| PB 0x0000000085500000| Untracked 
|  56|0x0000000085600000, 0x0000000085600000, 0x0000000085700000|  0%| F|  |TAMS 0x0000000085600000| PB 0x0000000085600000| Untracked 
|  57|0x0000000085700000, 0x0000000085700000, 0x0000000085800000|  0%| F|  |TAMS 0x0000000085700000| PB 0x0000000085700000| Untracked 
|  58|0x0000000085800000, 0x0000000085800000, 0x0000000085900000|  0%| F|  |TAMS 0x0000000085800000| PB 0x0000000085800000| Untracked 
|  59|0x0000000085900000, 0x0000000085900000, 0x0000000085a00000|  0%| F|  |TAMS 0x0000000085900000| PB 0x0000000085900000| Untracked 
|  60|0x0000000085a00000, 0x0000000085a00000, 0x0000000085b00000|  0%| F|  |TAMS 0x0000000085a00000| PB 0x0000000085a00000| Untracked 
|  61|0x0000000085b00000, 0x0000000085b00000, 0x0000000085c00000|  0%| F|  |TAMS 0x0000000085b00000| PB 0x0000000085b00000| Untracked 
|  62|0x0000000085c00000, 0x0000000085c00000, 0x0000000085d00000|  0%| F|  |TAMS 0x0000000085c00000| PB 0x0000000085c00000| Untracked 
|  63|0x0000000085d00000, 0x0000000085d00000, 0x0000000085e00000|  0%| F|  |TAMS 0x0000000085d00000| PB 0x0000000085d00000| Untracked 
|  64|0x0000000085e00000, 0x0000000085e00000, 0x0000000085f00000|  0%| F|  |TAMS 0x0000000085e00000| PB 0x0000000085e00000| Untracked 
|  65|0x0000000085f00000, 0x0000000085f00000, 0x0000000086000000|  0%| F|  |TAMS 0x0000000085f00000| PB 0x0000000085f00000| Untracked 
|  66|0x0000000086000000, 0x0000000086000000, 0x0000000086100000|  0%| F|  |TAMS 0x0000000086000000| PB 0x0000000086000000| Untracked 
|  67|0x0000000086100000, 0x0000000086100000, 0x0000000086200000|  0%| F|  |TAMS 0x0000000086100000| PB 0x0000000086100000| Untracked 
|  68|0x0000000086200000, 0x0000000086200000, 0x0000000086300000|  0%| F|  |TAMS 0x0000000086200000| PB 0x0000000086200000| Untracked 
|  69|0x0000000086300000, 0x0000000086300000, 0x0000000086400000|  0%| F|  |TAMS 0x0000000086300000| PB 0x0000000086300000| Untracked 
|  70|0x0000000086400000, 0x0000000086400000, 0x0000000086500000|  0%| F|  |TAMS 0x0000000086400000| PB 0x0000000086400000| Untracked 
|  71|0x0000000086500000, 0x0000000086500000, 0x0000000086600000|  0%| F|  |TAMS 0x0000000086500000| PB 0x0000000086500000| Untracked 
|  72|0x0000000086600000, 0x0000000086600000, 0x0000000086700000|  0%| F|  |TAMS 0x0000000086600000| PB 0x0000000086600000| Untracked 
|  73|0x0000000086700000, 0x0000000086700000, 0x0000000086800000|  0%| F|  |TAMS 0x0000000086700000| PB 0x0000000086700000| Untracked 
|  74|0x0000000086800000, 0x0000000086800000, 0x0000000086900000|  0%| F|  |TAMS 0x0000000086800000| PB 0x0000000086800000| Untracked 
|  75|0x0000000086900000, 0x0000000086900000, 0x0000000086a00000|  0%| F|  |TAMS 0x0000000086900000| PB 0x0000000086900000| Untracked 
|  76|0x0000000086a00000, 0x0000000086a00000, 0x0000000086b00000|  0%| F|  |TAMS 0x0000000086a00000| PB 0x0000000086a00000| Untracked 
|  77|0x0000000086b00000, 0x0000000086b00000, 0x0000000086c00000|  0%| F|  |TAMS 0x0000000086b00000| PB 0x0000000086b00000| Untracked 
|  78|0x0000000086c00000, 0x0000000086c00000, 0x0000000086d00000|  0%| F|  |TAMS 0x0000000086c00000| PB 0x0000000086c00000| Untracked 
|  79|0x0000000086d00000, 0x0000000086d00000, 0x0000000086e00000|  0%| F|  |TAMS 0x0000000086d00000| PB 0x0000000086d00000| Untracked 
|  80|0x0000000086e00000, 0x0000000086e00000, 0x0000000086f00000|  0%| F|  |TAMS 0x0000000086e00000| PB 0x0000000086e00000| Untracked 
|  81|0x0000000086f00000, 0x0000000086f00000, 0x0000000087000000|  0%| F|  |TAMS 0x0000000086f00000| PB 0x0000000086f00000| Untracked 
|  82|0x0000000087000000, 0x0000000087000000, 0x0000000087100000|  0%| F|  |TAMS 0x0000000087000000| PB 0x0000000087000000| Untracked 
|  83|0x0000000087100000, 0x0000000087100000, 0x0000000087200000|  0%| F|  |TAMS 0x0000000087100000| PB 0x0000000087100000| Untracked 
|  84|0x0000000087200000, 0x0000000087200000, 0x0000000087300000|  0%| F|  |TAMS 0x0000000087200000| PB 0x0000000087200000| Untracked 
|  85|0x0000000087300000, 0x0000000087300000, 0x0000000087400000|  0%| F|  |TAMS 0x0000000087300000| PB 0x0000000087300000| Untracked 
|  86|0x0000000087400000, 0x0000000087400000, 0x0000000087500000|  0%| F|  |TAMS 0x0000000087400000| PB 0x0000000087400000| Untracked 
|  87|0x0000000087500000, 0x0000000087500000, 0x0000000087600000|  0%| F|  |TAMS 0x0000000087500000| PB 0x0000000087500000| Untracked 
|  88|0x0000000087600000, 0x0000000087600000, 0x0000000087700000|  0%| F|  |TAMS 0x0000000087600000| PB 0x0000000087600000| Untracked 
|  89|0x0000000087700000, 0x00000000877e8e38, 0x0000000087800000| 90%| E|  |TAMS 0x0000000087700000| PB 0x0000000087700000| Complete 
|  90|0x0000000087800000, 0x0000000087900000, 0x0000000087900000|100%| E|CS|TAMS 0x0000000087800000| PB 0x0000000087800000| Complete 
|  91|0x0000000087900000, 0x0000000087a00000, 0x0000000087a00000|100%| E|CS|TAMS 0x0000000087900000| PB 0x0000000087900000| Complete 
|  92|0x0000000087a00000, 0x0000000087b00000, 0x0000000087b00000|100%| E|CS|TAMS 0x0000000087a00000| PB 0x0000000087a00000| Complete 
|  93|0x0000000087b00000, 0x0000000087c00000, 0x0000000087c00000|100%| E|CS|TAMS 0x0000000087b00000| PB 0x0000000087b00000| Complete 
|  94|0x0000000087c00000, 0x0000000087d00000, 0x0000000087d00000|100%| E|CS|TAMS 0x0000000087c00000| PB 0x0000000087c00000| Complete 
|  95|0x0000000087d00000, 0x0000000087e00000, 0x0000000087e00000|100%| E|CS|TAMS 0x0000000087d00000| PB 0x0000000087d00000| Complete 
|  96|0x0000000087e00000, 0x0000000087f00000, 0x0000000087f00000|100%| E|CS|TAMS 0x0000000087e00000| PB 0x0000000087e00000| Complete 
|  97|0x0000000087f00000, 0x0000000088000000, 0x0000000088000000|100%| E|CS|TAMS 0x0000000087f00000| PB 0x0000000087f00000| Complete 
|  98|0x0000000088000000, 0x0000000088100000, 0x0000000088100000|100%| E|CS|TAMS 0x0000000088000000| PB 0x0000000088000000| Complete 
|  99|0x0000000088100000, 0x0000000088200000, 0x0000000088200000|100%| E|CS|TAMS 0x0000000088100000| PB 0x0000000088100000| Complete 
| 100|0x0000000088200000, 0x0000000088300000, 0x0000000088300000|100%| E|CS|TAMS 0x0000000088200000| PB 0x0000000088200000| Complete 
| 101|0x0000000088300000, 0x0000000088400000, 0x0000000088400000|100%| E|CS|TAMS 0x0000000088300000| PB 0x0000000088300000| Complete 
| 102|0x0000000088400000, 0x0000000088500000, 0x0000000088500000|100%| E|CS|TAMS 0x0000000088400000| PB 0x0000000088400000| Complete 
| 103|0x0000000088500000, 0x0000000088600000, 0x0000000088600000|100%| E|CS|TAMS 0x0000000088500000| PB 0x0000000088500000| Complete 
| 104|0x0000000088600000, 0x0000000088700000, 0x0000000088700000|100%| E|CS|TAMS 0x0000000088600000| PB 0x0000000088600000| Complete 
| 105|0x0000000088700000, 0x0000000088800000, 0x0000000088800000|100%| E|CS|TAMS 0x0000000088700000| PB 0x0000000088700000| Complete 
| 106|0x0000000088800000, 0x0000000088900000, 0x0000000088900000|100%| E|CS|TAMS 0x0000000088800000| PB 0x0000000088800000| Complete 
| 107|0x0000000088900000, 0x0000000088a00000, 0x0000000088a00000|100%| E|CS|TAMS 0x0000000088900000| PB 0x0000000088900000| Complete 
| 108|0x0000000088a00000, 0x0000000088b00000, 0x0000000088b00000|100%| E|CS|TAMS 0x0000000088a00000| PB 0x0000000088a00000| Complete 
| 109|0x0000000088b00000, 0x0000000088c00000, 0x0000000088c00000|100%| E|CS|TAMS 0x0000000088b00000| PB 0x0000000088b00000| Complete 
| 110|0x0000000088c00000, 0x0000000088d00000, 0x0000000088d00000|100%| E|CS|TAMS 0x0000000088c00000| PB 0x0000000088c00000| Complete 
| 111|0x0000000088d00000, 0x0000000088e00000, 0x0000000088e00000|100%| E|CS|TAMS 0x0000000088d00000| PB 0x0000000088d00000| Complete 
| 112|0x0000000088e00000, 0x0000000088f00000, 0x0000000088f00000|100%| E|CS|TAMS 0x0000000088e00000| PB 0x0000000088e00000| Complete 
| 113|0x0000000088f00000, 0x0000000089000000, 0x0000000089000000|100%| E|CS|TAMS 0x0000000088f00000| PB 0x0000000088f00000| Complete 
| 114|0x0000000089000000, 0x0000000089100000, 0x0000000089100000|100%| E|CS|TAMS 0x0000000089000000| PB 0x0000000089000000| Complete 
| 115|0x0000000089100000, 0x0000000089200000, 0x0000000089200000|100%| E|CS|TAMS 0x0000000089100000| PB 0x0000000089100000| Complete 
| 116|0x0000000089200000, 0x0000000089300000, 0x0000000089300000|100%| E|CS|TAMS 0x0000000089200000| PB 0x0000000089200000| Complete 
| 117|0x0000000089300000, 0x0000000089400000, 0x0000000089400000|100%| E|CS|TAMS 0x0000000089300000| PB 0x0000000089300000| Complete 
| 118|0x0000000089400000, 0x0000000089500000, 0x0000000089500000|100%| E|CS|TAMS 0x0000000089400000| PB 0x0000000089400000| Complete 
| 119|0x0000000089500000, 0x0000000089600000, 0x0000000089600000|100%| E|CS|TAMS 0x0000000089500000| PB 0x0000000089500000| Complete 
| 120|0x0000000089600000, 0x0000000089700000, 0x0000000089700000|100%| E|CS|TAMS 0x0000000089600000| PB 0x0000000089600000| Complete 
| 121|0x0000000089700000, 0x0000000089800000, 0x0000000089800000|100%| E|CS|TAMS 0x0000000089700000| PB 0x0000000089700000| Complete 
| 122|0x0000000089800000, 0x0000000089900000, 0x0000000089900000|100%| E|CS|TAMS 0x0000000089800000| PB 0x0000000089800000| Complete 
| 123|0x0000000089900000, 0x0000000089a00000, 0x0000000089a00000|100%| E|CS|TAMS 0x0000000089900000| PB 0x0000000089900000| Complete 
| 124|0x0000000089a00000, 0x0000000089b00000, 0x0000000089b00000|100%| E|CS|TAMS 0x0000000089a00000| PB 0x0000000089a00000| Complete 
| 125|0x0000000089b00000, 0x0000000089c00000, 0x0000000089c00000|100%| E|CS|TAMS 0x0000000089b00000| PB 0x0000000089b00000| Complete 
| 126|0x0000000089c00000, 0x0000000089d00000, 0x0000000089d00000|100%| E|CS|TAMS 0x0000000089c00000| PB 0x0000000089c00000| Complete 
| 127|0x0000000089d00000, 0x0000000089e00000, 0x0000000089e00000|100%| E|CS|TAMS 0x0000000089d00000| PB 0x0000000089d00000| Complete 

Card table byte_map: [0x00000198414f0000,0x00000198418f0000] _byte_map_base: 0x00000198410e1000

Marking Bits: (CMBitMap*) 0x000001982a08fcb0
 Bits: [0x0000019841cf0000, 0x0000019843c78000)

Polling page: 0x0000019827e50000

Metaspace:

Usage:
  Non-class:     14.84 MB used.
      Class:      1.92 MB used.
       Both:     16.76 MB used.

Virtual space:
  Non-class space:       64.00 MB reserved,      15.00 MB ( 23%) committed,  1 nodes.
      Class space:        1.00 GB reserved,       2.06 MB ( <1%) committed,  1 nodes.
             Both:        1.06 GB reserved,      17.06 MB (  2%) committed. 

Chunk freelists:
   Non-Class:  960.00 KB
       Class:  1.82 MB
        Both:  2.76 MB

MaxMetaspaceSize: unlimited
CompressedClassSpaceSize: 1.00 GB
Initial GC threshold: 21.00 MB
Current GC threshold: 21.00 MB
CDS: on
MetaspaceReclaimPolicy: balanced
 - commit_granule_bytes: 65536.
 - commit_granule_words: 8192.
 - virtual_space_node_default_size: 8388608.
 - enlarge_chunks_in_place: 1.
 - new_chunks_are_fully_committed: 0.
 - uncommit_free_chunks: 1.
 - use_allocation_guard: 0.


Internal statistics:

num_allocs_failed_limit: 0.
num_arena_births: 196.
num_arena_deaths: 0.
num_vsnodes_births: 2.
num_vsnodes_deaths: 0.
num_space_committed: 273.
num_space_uncommitted: 0.
num_chunks_returned_to_freelist: 0.
num_chunks_taken_from_freelist: 783.
num_chunk_merges: 0.
num_chunk_splits: 541.
num_chunks_enlarged: 438.
num_inconsistent_stats: 0.

CodeHeap 'non-profiled nmethods': size=120000Kb used=1859Kb max_used=1859Kb free=118140Kb
 bounds [0x0000019839bc0000, 0x0000019839e30000, 0x00000198410f0000]
CodeHeap 'profiled nmethods': size=120000Kb used=8591Kb max_used=8591Kb free=111408Kb
 bounds [0x00000198320f0000, 0x0000019832960000, 0x0000019839620000]
CodeHeap 'non-nmethods': size=5760Kb used=1455Kb max_used=1502Kb free=4304Kb
 bounds [0x0000019839620000, 0x0000019839890000, 0x0000019839bc0000]
 total_blobs=4734 nmethods=4247 adapters=397
 compilation: enabled
              stopped_count=0, restarted_count=0
 full_count=0

Compilation events (20 events):
Event: 23.501 Thread 0x0000019846159340 nmethod 4238 0x0000019832951590 code [0x0000019832951740, 0x0000019832951950]
Event: 23.615 Thread 0x0000019846159340 4239       3       java.io.FilterOutputStream::write (51 bytes)
Event: 23.615 Thread 0x0000019846159340 nmethod 4239 0x0000019832951a90 code [0x0000019832951c40, 0x0000019832952040]
Event: 23.630 Thread 0x00000198461579b0 4240 %     4       java.io.FilterOutputStream::write @ 28 (51 bytes)
Event: 23.634 Thread 0x00000198461579b0 nmethod 4240% 0x0000019839d90510 code [0x0000019839d906a0, 0x0000019839d90880]
Event: 23.634 Thread 0x00000198461579b0 4241       4       java.io.FilterOutputStream::write (51 bytes)
Event: 23.637 Thread 0x00000198461579b0 nmethod 4241 0x0000019839d90a10 code [0x0000019839d90ba0, 0x0000019839d90d18]
Event: 23.714 Thread 0x0000019846159340 4242       3       java.io.PrintStream::ensureOpen (18 bytes)
Event: 23.715 Thread 0x0000019846159340 nmethod 4242 0x0000019832952210 code [0x00000198329523a0, 0x00000198329525b0]
Event: 23.727 Thread 0x0000019846159340 4243       3       java.io.FilterOutputStream::flush (8 bytes)
Event: 23.727 Thread 0x0000019846159340 nmethod 4243 0x0000019832952690 code [0x0000019832952820, 0x00000198329529f0]
Event: 23.727 Thread 0x0000019846159340 4244       3       org.fusesource.jansi.io.FastBufferedOutputStream::flush (12 bytes)
Event: 23.728 Thread 0x0000019846159340 nmethod 4244 0x0000019832952a90 code [0x0000019832952c40, 0x0000019832952f90]
Event: 23.730 Thread 0x0000019846159340 4245       3       java.io.FilterInputStream::read (9 bytes)
Event: 23.730 Thread 0x0000019846159340 nmethod 4245 0x0000019832953110 code [0x00000198329532a0, 0x0000019832953478]
Event: 23.730 Thread 0x0000019846159340 4246       3       java.io.FileDescriptor$1::getAppend (5 bytes)
Event: 23.730 Thread 0x0000019846159340 nmethod 4246 0x0000019832953590 code [0x0000019832953720, 0x0000019832953838]
Event: 23.731 Thread 0x0000019846159340 4247   !   3       java.io.FileOutputStream::write (47 bytes)
Event: 23.731 Thread 0x0000019846159340 nmethod 4247 0x0000019832953910 code [0x0000019832953ae0, 0x0000019832953d88]
Event: 23.744 Thread 0x0000019846159340 4248   !   3       java.io.PrintStream::write (94 bytes)

GC Heap History (6 events):
Event: 0.886 GC heap before
{Heap before GC invocations=0 (full 0):
 garbage-first heap   total 131072K, used 13312K [0x0000000081e00000, 0x0000000100000000)
  region size 1024K, 13 young (13312K), 0 survivors (0K)
 Metaspace       used 3808K, committed 4032K, reserved 1114112K
  class space    used 385K, committed 512K, reserved 1048576K
}
Event: 0.893 GC heap after
{Heap after GC invocations=1 (full 0):
 garbage-first heap   total 131072K, used 3392K [0x0000000081e00000, 0x0000000100000000)
  region size 1024K, 2 young (2048K), 2 survivors (2048K)
 Metaspace       used 3808K, committed 4032K, reserved 1114112K
  class space    used 385K, committed 512K, reserved 1048576K
}
Event: 1.305 GC heap before
{Heap before GC invocations=1 (full 0):
 garbage-first heap   total 131072K, used 17728K [0x0000000081e00000, 0x0000000100000000)
  region size 1024K, 16 young (16384K), 2 survivors (2048K)
 Metaspace       used 6026K, committed 6272K, reserved 1114112K
  class space    used 708K, committed 832K, reserved 1048576K
}
Event: 1.310 GC heap after
{Heap after GC invocations=2 (full 0):
 garbage-first heap   total 131072K, used 4185K [0x0000000081e00000, 0x0000000100000000)
  region size 1024K, 1 young (1024K), 1 survivors (1024K)
 Metaspace       used 6026K, committed 6272K, reserved 1114112K
  class space    used 708K, committed 832K, reserved 1048576K
}
Event: 4.400 GC heap before
{Heap before GC invocations=2 (full 0):
 garbage-first heap   total 131072K, used 79961K [0x0000000081e00000, 0x0000000100000000)
  region size 1024K, 76 young (77824K), 1 survivors (1024K)
 Metaspace       used 15768K, committed 16000K, reserved 1114112K
  class space    used 1834K, committed 1920K, reserved 1048576K
}
Event: 4.417 GC heap after
{Heap after GC invocations=3 (full 0):
 garbage-first heap   total 131072K, used 11277K [0x0000000081e00000, 0x0000000100000000)
  region size 1024K, 8 young (8192K), 8 survivors (8192K)
 Metaspace       used 15768K, committed 16000K, reserved 1114112K
  class space    used 1834K, committed 1920K, reserved 1048576K
}

Dll operation events (8 events):
Event: 0.010 Loaded shared library C:\Program Files\Java\jdk-20\bin\java.dll
Event: 0.025 Loaded shared library C:\Program Files\Java\jdk-20\bin\jsvml.dll
Event: 0.093 Loaded shared library C:\Program Files\Java\jdk-20\bin\net.dll
Event: 0.096 Loaded shared library C:\Program Files\Java\jdk-20\bin\nio.dll
Event: 0.102 Loaded shared library C:\Program Files\Java\jdk-20\bin\zip.dll
Event: 0.109 Loaded shared library C:\Program Files\Java\jdk-20\bin\jimage.dll
Event: 0.345 Loaded shared library C:\Users\Administrator\AppData\Local\Temp\jansi-2.4.0-ba1b3118aab91669-jansi.dll
Event: 0.371 Loaded shared library C:\Program Files\Java\jdk-20\bin\verify.dll

Deoptimization events (20 events):
Event: 5.362 Thread 0x000001982a02d720 DEOPT PACKING pc=0x0000019839d525f0 sp=0x00000064ca6fdc40
Event: 5.362 Thread 0x000001982a02d720 DEOPT UNPACKING pc=0x0000019839689d22 sp=0x00000064ca6fdbf0 mode 2
Event: 5.364 Thread 0x000001982a02d720 Uncommon trap: trap_request=0xffffffbe fr.pc=0x0000019839d15a7c relative=0x00000000000012bc
Event: 5.364 Thread 0x000001982a02d720 Uncommon trap: reason=profile_predicate action=maybe_recompile pc=0x0000019839d15a7c method=java.util.TimSort.binarySort([Ljava/lang/Object;IIILjava/util/Comparator;)V @ 34 c2
Event: 5.364 Thread 0x000001982a02d720 DEOPT PACKING pc=0x0000019839d15a7c sp=0x00000064ca6fd8d0
Event: 5.364 Thread 0x000001982a02d720 DEOPT UNPACKING pc=0x0000019839689d22 sp=0x00000064ca6fd8b0 mode 2
Event: 5.364 Thread 0x000001982a02d720 Uncommon trap: trap_request=0xffffffbe fr.pc=0x0000019839d15a7c relative=0x00000000000012bc
Event: 5.364 Thread 0x000001982a02d720 Uncommon trap: reason=profile_predicate action=maybe_recompile pc=0x0000019839d15a7c method=java.util.TimSort.binarySort([Ljava/lang/Object;IIILjava/util/Comparator;)V @ 34 c2
Event: 5.364 Thread 0x000001982a02d720 DEOPT PACKING pc=0x0000019839d15a7c sp=0x00000064ca6fd8d0
Event: 5.364 Thread 0x000001982a02d720 DEOPT UNPACKING pc=0x0000019839689d22 sp=0x00000064ca6fd8b0 mode 2
Event: 5.364 Thread 0x000001982a02d720 Uncommon trap: trap_request=0xffffffbe fr.pc=0x0000019839d15a7c relative=0x00000000000012bc
Event: 5.364 Thread 0x000001982a02d720 Uncommon trap: reason=profile_predicate action=maybe_recompile pc=0x0000019839d15a7c method=java.util.TimSort.binarySort([Ljava/lang/Object;IIILjava/util/Comparator;)V @ 34 c2
Event: 5.364 Thread 0x000001982a02d720 DEOPT PACKING pc=0x0000019839d15a7c sp=0x00000064ca6fd8d0
Event: 5.364 Thread 0x000001982a02d720 DEOPT UNPACKING pc=0x0000019839689d22 sp=0x00000064ca6fd8b0 mode 2
Event: 5.364 Thread 0x000001982a02d720 Uncommon trap: trap_request=0xffffffbe fr.pc=0x0000019839d15a7c relative=0x00000000000012bc
Event: 5.364 Thread 0x000001982a02d720 Uncommon trap: reason=profile_predicate action=maybe_recompile pc=0x0000019839d15a7c method=java.util.TimSort.binarySort([Ljava/lang/Object;IIILjava/util/Comparator;)V @ 34 c2
Event: 5.364 Thread 0x000001982a02d720 DEOPT PACKING pc=0x0000019839d15a7c sp=0x00000064ca6fd8d0
Event: 5.365 Thread 0x000001982a02d720 DEOPT UNPACKING pc=0x0000019839689d22 sp=0x00000064ca6fd8b0 mode 2
Event: 23.634 Thread 0x0000019846151c10 DEOPT PACKING pc=0x0000019832951f76 sp=0x00000064cbcff260
Event: 23.634 Thread 0x0000019846151c10 DEOPT UNPACKING pc=0x000001983968a4c2 sp=0x00000064cbcfe730 mode 0

Classes loaded (20 events):
Event: 5.383 Loading class java/util/concurrent/Executors
Event: 5.383 Loading class java/util/concurrent/Executors done
Event: 5.383 Loading class java/util/concurrent/SynchronousQueue
Event: 5.384 Loading class java/util/concurrent/SynchronousQueue done
Event: 5.384 Loading class java/util/concurrent/SynchronousQueue$TransferStack
Event: 5.385 Loading class java/util/concurrent/SynchronousQueue$Transferer
Event: 5.385 Loading class java/util/concurrent/SynchronousQueue$Transferer done
Event: 5.385 Loading class java/util/concurrent/SynchronousQueue$TransferStack done
Event: 5.385 Loading class java/util/concurrent/SynchronousQueue$TransferStack$SNode
Event: 5.385 Loading class java/util/concurrent/SynchronousQueue$TransferStack$SNode done
Event: 5.385 Loading class java/lang/ProcessImpl$2
Event: 5.385 Loading class java/lang/ProcessImpl$2 done
Event: 5.385 Loading class java/lang/Process$PipeInputStream
Event: 5.385 Loading class java/lang/Process$PipeInputStream done
Event: 5.386 Loading class jdk/internal/event/ProcessStartEvent
Event: 5.386 Loading class jdk/internal/event/ProcessStartEvent done
Event: 5.387 Loading class java/io/PipedOutputStream
Event: 5.388 Loading class java/io/PipedOutputStream done
Event: 5.412 Loading class jdk/internal/event/ThreadSleepEvent
Event: 5.413 Loading class jdk/internal/event/ThreadSleepEvent done

Classes unloaded (0 events):
No events

Classes redefined (0 events):
No events

Internal exceptions (20 events):
Event: 3.188 Thread 0x000001982a02d720 Exception <a 'java/lang/NoSuchMethodError'{0x00000000871509a0}: 'java.lang.Object java.lang.invoke.DirectMethodHandle$Holder.invokeStaticInit(java.lang.Object, int, int, int, int)'> (0x00000000871509a0) 
thrown [s\open\src\hotspot\share\interpreter\linkResolver.cpp, line 773]
Event: 3.399 Thread 0x000001982a02d720 Implicit null exception at 0x0000019839bf97e0 to 0x0000019839bf9ccc
Event: 3.399 Thread 0x000001982a02d720 Implicit null exception at 0x0000019839bfd3e0 to 0x0000019839bfd8c4
Event: 3.463 Thread 0x000001982a02d720 Implicit null exception at 0x0000019839c7a748 to 0x0000019839c7ac1c
Event: 3.610 Thread 0x000001982a02d720 Exception <a 'java/lang/NoSuchMethodError'{0x00000000869fc550}: 'void java.lang.invoke.DirectMethodHandle$Holder.invokeVirtual(java.lang.Object, java.lang.Object, int)'> (0x00000000869fc550) 
thrown [s\open\src\hotspot\share\interpreter\linkResolver.cpp, line 773]
Event: 3.611 Thread 0x000001982a02d720 Exception <a 'java/lang/NoSuchMethodError'{0x0000000086803a70}: 'void java.lang.invoke.DelegatingMethodHandle$Holder.reinvoke_L(java.lang.Object, java.lang.Object, int)'> (0x0000000086803a70) 
thrown [s\open\src\hotspot\share\interpreter\linkResolver.cpp, line 773]
Event: 4.173 Thread 0x000001982a02d720 Implicit null exception at 0x0000019839cedb99 to 0x0000019839ceed5c
Event: 4.173 Thread 0x000001982a02d720 Implicit null exception at 0x0000019839cbf57a to 0x0000019839cbf758
Event: 4.173 Thread 0x000001982a02d720 Implicit null exception at 0x0000019839cc15cd to 0x0000019839cc1df0
Event: 4.178 Thread 0x000001982a02d720 Exception <a 'java/lang/NoSuchMethodError'{0x0000000085ae15f0}: 'int java.lang.invoke.DirectMethodHandle$Holder.invokeSpecialIFC(java.lang.Object, java.lang.Object, java.lang.Object, java.lang.Object)'> (0x0000000085ae15f0) 
thrown [s\open\src\hotspot\share\interpreter\linkResolver.cpp, line 773]
Event: 5.023 Thread 0x000001982a02d720 Implicit null exception at 0x0000019839c4d11d to 0x0000019839c4d199
Event: 5.126 Thread 0x000001982a02d720 Exception <a 'java/lang/NoSuchMethodError'{0x0000000087f03280}: 'java.lang.Object java.lang.invoke.DirectMethodHandle$Holder.newInvokeSpecial(java.lang.Object, java.lang.Object, java.lang.Object, java.lang.Object, java.lang.Object, java.lang.Object, java.lang.Object)'> (0x0000000087f03280) 
thrown [s\open\src\hotspot\share\interpreter\linkResolver.cpp, line 773]
Event: 5.285 Thread 0x000001982a02d720 Exception <a 'java/lang/NoSuchMethodError'{0x0000000087a584e0}: 'java.lang.Object java.lang.invoke.DirectMethodHandle$Holder.invokeVirtual(java.lang.Object, java.lang.Object, java.lang.Object)'> (0x0000000087a584e0) 
thrown [s\open\src\hotspot\share\interpreter\linkResolver.cpp, line 773]
Event: 5.286 Thread 0x000001982a02d720 Exception <a 'java/lang/NoSuchMethodError'{0x0000000087a5f610}: 'void java.lang.invoke.DirectMethodHandle$Holder.invokeSpecial(java.lang.Object, java.lang.Object, java.lang.Object, java.lang.Object, java.lang.Object, java.lang.Object)'> (0x0000000087a5f610) 
thrown [s\open\src\hotspot\share\interpreter\linkResolver.cpp, line 773]
Event: 5.288 Thread 0x000001982a02d720 Exception <a 'java/lang/NoSuchMethodError'{0x0000000087a6a9f0}: 'int java.lang.invoke.DirectMethodHandle$Holder.invokeVirtual(java.lang.Object, java.lang.Object)'> (0x0000000087a6a9f0) 
thrown [s\open\src\hotspot\share\interpreter\linkResolver.cpp, line 773]
Event: 5.322 Thread 0x000001982a02d720 Exception <a 'java/lang/NoSuchMethodError'{0x0000000087945590}: 'void java.lang.invoke.Invokers$Holder.invokeExact_MT(java.lang.Object, java.lang.Object, int, java.lang.Object)'> (0x0000000087945590) 
thrown [s\open\src\hotspot\share\interpreter\linkResolver.cpp, line 773]
Event: 5.378 Thread 0x000001982a02d720 Exception <a 'java/lang/NoSuchMethodError'{0x00000000878615c0}: 'void java.lang.invoke.DirectMethodHandle$Holder.invokeStatic(java.lang.Object, long)'> (0x00000000878615c0) 
thrown [s\open\src\hotspot\share\interpreter\linkResolver.cpp, line 773]
Event: 5.380 Thread 0x000001982a02d720 Exception <a 'java/lang/NoSuchMethodError'{0x0000000087866858}: 'java.lang.Object java.lang.invoke.DirectMethodHandle$Holder.newInvokeSpecial(java.lang.Object, long)'> (0x0000000087866858) 
thrown [s\open\src\hotspot\share\interpreter\linkResolver.cpp, line 773]
Event: 5.382 Thread 0x000001982a02d720 Exception <a 'java/lang/NoSuchMethodError'{0x000000008786d860}: 'java.lang.Object java.lang.invoke.DirectMethodHandle$Holder.invokeStatic(java.lang.Object, long, java.lang.Object)'> (0x000000008786d860) 
thrown [s\open\src\hotspot\share\interpreter\linkResolver.cpp, line 773]
Event: 5.382 Thread 0x000001982a02d720 Exception <a 'java/lang/NoSuchMethodError'{0x0000000087870fe8}: 'java.lang.Object java.lang.invoke.DirectMethodHandle$Holder.invokeStaticInit(java.lang.Object, long, java.lang.Object)'> (0x0000000087870fe8) 
thrown [s\open\src\hotspot\share\interpreter\linkResolver.cpp, line 773]

VM Operations (20 events):
Event: 3.346 Executing VM operation: HandshakeAllThreads
Event: 3.346 Executing VM operation: HandshakeAllThreads done
Event: 3.439 Executing VM operation: HandshakeAllThreads
Event: 3.439 Executing VM operation: HandshakeAllThreads done
Event: 3.440 Executing VM operation: HandshakeAllThreads
Event: 3.440 Executing VM operation: HandshakeAllThreads done
Event: 3.789 Executing VM operation: ICBufferFull
Event: 3.790 Executing VM operation: ICBufferFull done
Event: 4.254 Executing VM operation: ICBufferFull
Event: 4.254 Executing VM operation: ICBufferFull done
Event: 4.399 Executing VM operation: G1CollectForAllocation
Event: 4.417 Executing VM operation: G1CollectForAllocation done
Event: 5.119 Executing VM operation: ICBufferFull
Event: 5.119 Executing VM operation: ICBufferFull done
Event: 5.281 Executing VM operation: ICBufferFull
Event: 5.281 Executing VM operation: ICBufferFull done
Event: 5.386 Executing VM operation: HandshakeAllThreads
Event: 5.386 Executing VM operation: HandshakeAllThreads done
Event: 6.378 Executing VM operation: Cleanup
Event: 6.378 Executing VM operation: Cleanup done

Events (16 events):
Event: 0.025 Thread 0x000001982a02d720 Thread added: 0x000001982a02d720
Event: 0.053 Thread 0x000001984613c190 Thread added: 0x000001984613c190
Event: 0.053 Thread 0x0000019846141140 Thread added: 0x0000019846141140
Event: 0.054 Thread 0x0000019846148b00 Thread added: 0x0000019846148b00
Event: 0.054 Thread 0x000001984614b460 Thread added: 0x000001984614b460
Event: 0.054 Thread 0x000001984614e0f0 Thread added: 0x000001984614e0f0
Event: 0.054 Thread 0x0000019846152c00 Thread added: 0x0000019846152c00
Event: 0.054 Thread 0x00000198461579b0 Thread added: 0x00000198461579b0
Event: 0.054 Thread 0x0000019846159340 Thread added: 0x0000019846159340
Event: 0.086 Thread 0x0000019846153150 Thread added: 0x0000019846153150
Event: 0.089 Thread 0x0000019846150c20 Thread added: 0x0000019846150c20
Event: 1.157 Thread 0x000001984af5ee10 Thread added: 0x000001984af5ee10
Event: 5.389 Thread 0x0000019846151c10 Thread added: 0x0000019846151c10
Event: 5.389 Thread 0x00000198461526b0 Thread added: 0x00000198461526b0
Event: 5.389 Thread 0x000001984b73d450 Thread added: 0x000001984b73d450
Event: 10.644 Thread 0x000001984af5ee10 Thread exited: 0x000001984af5ee10


Dynamic libraries:
0x00007ff6f3fb0000 - 0x00007ff6f3fc0000 	C:\Program Files\Java\jdk-20\bin\java.exe
0x00007ffe8a5b0000 - 0x00007ffe8a7a4000 	C:\WINDOWS\SYSTEM32\ntdll.dll
0x00007ffe89a10000 - 0x00007ffe89acd000 	C:\WINDOWS\System32\KERNEL32.DLL
0x00007ffe87e80000 - 0x00007ffe88147000 	C:\WINDOWS\System32\KERNELBASE.dll
0x00007ffe881b0000 - 0x00007ffe882b0000 	C:\WINDOWS\System32\ucrtbase.dll
0x00007ffe820c0000 - 0x00007ffe820db000 	C:\Program Files\Java\jdk-20\bin\VCRUNTIME140.dll
0x00007ffe77b40000 - 0x00007ffe77b59000 	C:\Program Files\Java\jdk-20\bin\jli.dll
0x00007ffe8a040000 - 0x00007ffe8a0ea000 	C:\WINDOWS\System32\ADVAPI32.dll
0x00007ffe89b30000 - 0x00007ffe89bce000 	C:\WINDOWS\System32\msvcrt.dll
0x00007ffe890b0000 - 0x00007ffe8914b000 	C:\WINDOWS\System32\sechost.dll
0x00007ffe89820000 - 0x00007ffe89943000 	C:\WINDOWS\System32\RPCRT4.dll
0x00007ffe8a0f0000 - 0x00007ffe8a290000 	C:\WINDOWS\System32\USER32.dll
0x00007ffe77410000 - 0x00007ffe776aa000 	C:\WINDOWS\WinSxS\amd64_microsoft.windows.common-controls_6595b64144ccf1df_6.0.19041.1_none_b555e41d4684ddec\COMCTL32.dll
0x00007ffe88350000 - 0x00007ffe88372000 	C:\WINDOWS\System32\win32u.dll
0x00007ffe89970000 - 0x00007ffe8999a000 	C:\WINDOWS\System32\GDI32.dll
0x00007ffe87d70000 - 0x00007ffe87e7a000 	C:\WINDOWS\System32\gdi32full.dll
0x00007ffe882b0000 - 0x00007ffe8834d000 	C:\WINDOWS\System32\msvcp_win.dll
0x00007ffe7f0d0000 - 0x00007ffe7f0da000 	C:\WINDOWS\SYSTEM32\VERSION.dll
0x00007ffe8a290000 - 0x00007ffe8a2c0000 	C:\WINDOWS\System32\IMM32.DLL
0x00007ffe81f90000 - 0x00007ffe81f9c000 	C:\Program Files\Java\jdk-20\bin\vcruntime140_1.dll
0x00007ffe68020000 - 0x00007ffe680ae000 	C:\Program Files\Java\jdk-20\bin\msvcp140.dll
0x00007ffe5c330000 - 0x00007ffe5cfc7000 	C:\Program Files\Java\jdk-20\bin\server\jvm.dll
0x00007ffe75f20000 - 0x00007ffe75f29000 	C:\WINDOWS\SYSTEM32\WSOCK32.dll
0x00007ffe899a0000 - 0x00007ffe89a0b000 	C:\WINDOWS\System32\WS2_32.dll
0x00007ffe77b60000 - 0x00007ffe77b87000 	C:\WINDOWS\SYSTEM32\WINMM.dll
0x00007ffe86900000 - 0x00007ffe86913000 	C:\WINDOWS\SYSTEM32\kernel.appcore.dll
0x00007ffe7ede0000 - 0x00007ffe7edea000 	C:\Program Files\Java\jdk-20\bin\jimage.dll
0x00007ffe86310000 - 0x00007ffe864f4000 	C:\WINDOWS\SYSTEM32\DBGHELP.DLL
0x00007ffe72b20000 - 0x00007ffe72b4c000 	C:\WINDOWS\SYSTEM32\dbgcore.DLL
0x00007ffe88380000 - 0x00007ffe883ff000 	C:\WINDOWS\System32\bcryptPrimitives.dll
0x00007ffe80280000 - 0x00007ffe802a6000 	C:\Program Files\Java\jdk-20\bin\java.dll
0x00007ffe77330000 - 0x00007ffe77407000 	C:\Program Files\Java\jdk-20\bin\jsvml.dll
0x00007ffe88970000 - 0x00007ffe890a1000 	C:\WINDOWS\System32\SHELL32.dll
0x00007ffe85ab0000 - 0x00007ffe8623a000 	C:\WINDOWS\SYSTEM32\windows.storage.dll
0x00007ffe89390000 - 0x00007ffe896e4000 	C:\WINDOWS\System32\combase.dll
0x00007ffe87770000 - 0x00007ffe8779b000 	C:\WINDOWS\SYSTEM32\Wldp.dll
0x00007ffe89770000 - 0x00007ffe8981e000 	C:\WINDOWS\System32\SHCORE.dll
0x00007ffe89ad0000 - 0x00007ffe89b25000 	C:\WINDOWS\System32\shlwapi.dll
0x00007ffe87c30000 - 0x00007ffe87c4f000 	C:\WINDOWS\SYSTEM32\profapi.dll
0x00007ffe77310000 - 0x00007ffe77323000 	C:\Program Files\Java\jdk-20\bin\net.dll
0x00007ffe81210000 - 0x00007ffe81312000 	C:\WINDOWS\SYSTEM32\WINHTTP.dll
0x00007ffe874f0000 - 0x00007ffe8755a000 	C:\WINDOWS\system32\mswsock.dll
0x00007ffe772f0000 - 0x00007ffe77306000 	C:\Program Files\Java\jdk-20\bin\nio.dll
0x00007ffe772d0000 - 0x00007ffe772e8000 	C:\Program Files\Java\jdk-20\bin\zip.dll
0x0000000069ac0000 - 0x0000000069ae4000 	C:\Users\Administrator\AppData\Local\Temp\jansi-2.4.0-ba1b3118aab91669-jansi.dll
0x00007ffe778e0000 - 0x00007ffe778f0000 	C:\Program Files\Java\jdk-20\bin\verify.dll

dbghelp: loaded successfully - version: 4.0.5 - missing functions: none
symbol engine: initialized successfully - sym options: 0x614 - pdb path: .;C:\Program Files\Java\jdk-20\bin;C:\WINDOWS\SYSTEM32;C:\WINDOWS\WinSxS\amd64_microsoft.windows.common-controls_6595b64144ccf1df_6.0.19041.1_none_b555e41d4684ddec;C:\Program Files\Java\jdk-20\bin\server;C:\Users\Administrator\AppData\Local\Temp

VM Arguments:
jvm_args: -Dmaven.multiModuleProjectDirectory=C:\Repos\API 
java_command: org.apache.maven.wrapper.MavenWrapperMain -Dexec.vmArgs= -Dexec.args=${exec.vmArgs} -classpath %classpath ${exec.mainClass} ${exec.appArgs} -Dexec.executable=C:\Program Files\Java\jdk-20\bin\java.exe -Dexec.mainClass=com.apm.API.AmusementParkManagerApplication -Dexec.classpathScope=runtime -Dexec.appArgs= -Dmaven.ext.class.path=C:\Program Files\NetBeans-17\netbeans\java\maven-nblib\netbeans-eventspy.jar --no-transfer-progress org.codehaus.mojo:exec-maven-plugin:3.1.0:exec
java_class_path (initial): C:\Repos\API\.mvn\wrapper\maven-wrapper.jar
Launcher Type: SUN_STANDARD

[Global flags]
     intx CICompilerCount                          = 3                                         {product} {ergonomic}
     uint ConcGCThreads                            = 1                                         {product} {ergonomic}
     uint G1ConcRefinementThreads                  = 4                                         {product} {ergonomic}
   size_t G1HeapRegionSize                         = 1048576                                   {product} {ergonomic}
    uintx GCDrainStackTargetSize                   = 64                                        {product} {ergonomic}
   size_t InitialHeapSize                          = 134217728                                 {product} {ergonomic}
   size_t MarkStackSize                            = 4194304                                   {product} {ergonomic}
   size_t MaxHeapSize                              = 2116026368                                {product} {ergonomic}
   size_t MaxNewSize                               = 1268776960                                {product} {ergonomic}
   size_t MinHeapDeltaBytes                        = 1048576                                   {product} {ergonomic}
   size_t MinHeapSize                              = 8388608                                   {product} {ergonomic}
    uintx NonNMethodCodeHeapSize                   = 5832780                                {pd product} {ergonomic}
    uintx NonProfiledCodeHeapSize                  = 122912730                              {pd product} {ergonomic}
    uintx ProfiledCodeHeapSize                     = 122912730                              {pd product} {ergonomic}
    uintx ReservedCodeCacheSize                    = 251658240                              {pd product} {ergonomic}
     bool SegmentedCodeCache                       = true                                      {product} {ergonomic}
   size_t SoftMaxHeapSize                          = 2116026368                             {manageable} {ergonomic}
     bool UseCompressedClassPointers               = true                           {product lp64_product} {ergonomic}
     bool UseCompressedOops                        = true                           {product lp64_product} {ergonomic}
     bool UseG1GC                                  = true                                      {product} {ergonomic}
     bool UseLargePagesIndividualAllocation        = false                                  {pd product} {ergonomic}

Logging:
Log output configuration:
 #0: stdout all=warning uptime,level,tags foldmultilines=false
 #1: stderr all=off uptime,level,tags foldmultilines=false

Environment Variables:
JAVA_HOME=C:\Program Files\Java\jdk-20
PATH=C:\Program Files\Common Files\Oracle\Java\javapath;C:\WINDOWS\system32;C:\WINDOWS;C:\WINDOWS\System32\Wbem;C:\WINDOWS\System32\WindowsPowerShell\v1.0\;C:\WINDOWS\System32\OpenSSH\;C:\Users\Administrator\AppData\Local\Microsoft\WindowsApps;C:\Users\Administrator\AppData\Local\Programs\Microsoft VS Code\bin;C:\adb;C:\WINDOWS\system32;C:\WINDOWS;C:\WINDOWS\System32\Wbem;C:\WINDOWS\System32\WindowsPowerShell\v1.0\;C:\WINDOWS\System32\OpenSSH\;C:\Program Files\Microsoft VS Code\bin;C:\Program Files\Git\cmd;C:\Program Files\Java\apache-maven-3.9.0\bin;C:\Program Files\Java\jdk1.8.0_60\bin;C:\Program Files\Java\jre1.8.0_361\bin;C:\Program Files\nodejs\;C:\Users\Administrator\AppData\Local\Microsoft\WindowsApps;C:\Users\Administrator\AppData\Roaming\npm
USERNAME=Administrator
OS=Windows_NT
PROCESSOR_IDENTIFIER=Intel64 Family 6 Model 61 Stepping 4, GenuineIntel
TMP=C:\Users\ADMINI~1\AppData\Local\Temp
TEMP=C:\Users\ADMINI~1\AppData\Local\Temp




---------------  S Y S T E M  ---------------

OS:
 Windows 10 , 64 bit Build 19041 (10.0.19041.1)
OS uptime: 0 days 3:48 hours

CPU: total 4 (initial active 4) (2 cores per cpu, 2 threads per core) family 6 model 61 stepping 4 microcode 0x2d, cx8, cmov, fxsr, ht, mmx, 3dnowpref, sse, sse2, sse3, ssse3, sse4.1, sse4.2, popcnt, lzcnt, tsc, tscinvbit, avx, avx2, aes, erms, clmul, bmi1, bmi2, rtm, adx, fma, vzeroupper, clflush, rdtscp, f16c

Memory: 4k page, system-wide physical 8064M (1545M free)
TotalPageFile size 11264M (AvailPageFile size 3443M)
current process WorkingSet (physical memory assigned to process): 158M, peak: 183M
current process commit charge ("private bytes"): 233M, peak: 260M

vm_info: Java HotSpot(TM) 64-Bit Server VM (20.0.1+9-29) for windows-amd64 JRE (20.0.1+9-29), built on 2023-03-07T13:56:11Z by "mach5one" with MS VC++ 17.1 (VS2022)

END.
