#
# A fatal error has been detected by the Java Runtime Environment:
#
#  EXCEPTION_ACCESS_VIOLATION (0xc0000005) at pc=0x000000000000000a, pid=3096, tid=7604
#
# JRE version: Java(TM) SE Runtime Environment (20.0.1+9) (build 20.0.1+9-29)
# Java VM: Java HotSpot(TM) 64-Bit Server VM (20.0.1+9-29, mixed mode, sharing, tiered, compressed oops, compressed class ptrs, g1 gc, windows-amd64)
# Problematic frame:
# V  [jvm.dll+0x36750d]
#
# No core dump will be written. Minidumps are not enabled by default on client versions of Windows
#
# If you would like to submit a bug report, please visit:
#   https://bugreport.java.com/bugreport/crash.jsp
#

---------------  S U M M A R Y ------------

Command Line: -Dmaven.multiModuleProjectDirectory=C:\Repos\API org.apache.maven.wrapper.MavenWrapperMain -Dmaven.ext.class.path=C:\Program Files\NetBeans-17\netbeans\java\maven-nblib\netbeans-eventspy.jar --no-transfer-progress clean install

Host: Intel(R) Core(TM) i5-5300U CPU @ 2.30GHz, 4 cores, 7G,  Windows 10 , 64 bit Build 19041 (10.0.19041.1)
Time: Sat Jun 24 23:56:19 2023 Hora estándar de Argentina elapsed time: 3.573832 seconds (0d 0h 0m 3s)

---------------  T H R E A D  ---------------

Current thread (0x00000175fbae5d30):  WorkerThread "GC Thread#2" [stack: 0x0000005dd7b00000,0x0000005dd7c00000] [id=7604]

Stack: [0x0000005dd7b00000,0x0000005dd7c00000],  sp=0x0000005dd7bff5b0,  free space=1021k
Native frames: (J=compiled Java code, j=interpreted, Vv=VM code, C=native code)
C  0x000000000000000a


siginfo: EXCEPTION_ACCESS_VIOLATION (0xc0000005), data execution prevention violation at address 0x000000000000000a


Registers:
RAX=0x0000000000000175, RBX=0x0000000081f83c70, RCX=0x0000005dd7bff640, RDX=0x0000000081f83c50
RSP=0x0000005dd7bff5a8, RBP=0x0000000081f84000, RSI=0x0000000081f83c50, RDI=0x0000000081f83c58
R8 =0x000000080000ef30, R9 =0x00007ffe5c330000, R10=0x000000000000005d, R11=0x00000175ea190f00
R12=0x0000000081f83800, R13=0x0000005dd7bff630, R14=0x00000175f25d0c00, R15=0x0000005dd7bff640
RIP=0x000000000000000a, EFLAGS=0x0000000000010206


Register to memory mapping:

RIP=0x000000000000000a is an unknown value
RAX=0x0000000000000175 is an unknown value
RBX=0x0000000081f83c70 is an oop: java.lang.Class 
{0x0000000081f83c70} - klass: 'java/lang/Class'
 - ---- fields (total size 14 words):
 - private volatile transient 'classRedefinedCount' 'I' @12  0 (0x00000000)
 - abstract internal 'klass' 'J' @16  34376567648 (0x000000080100cb60)
 - abstract internal 'array_klass' 'J' @24  0 (0x0000000000000000)
 - abstract internal 'oop_size' 'I' @32  14 (0x0000000e)
 - abstract internal 'static_oop_field_count' 'I' @36  0 (0x00000000)
 - private volatile transient 'cachedConstructor' 'Ljava/lang/reflect/Constructor;' @40  NULL (0x00000000)
 - private transient 'name' 'Ljava/lang/String;' @44  "org.codehaus.plexus.PlexusContainer"{0x0000000081f7eb68} (0x81f7eb68)
 - private transient 'module' 'Ljava/lang/Module;' @48  a 'java/lang/Module'{0x0000000081f6a728} (0x81f6a728)
 - private final 'classLoader' 'Ljava/lang/ClassLoader;' @52  a 'org/codehaus/plexus/classworlds/realm/ClassRealm'{0x0000000081f557b0} (0x81f557b0)
 - private transient 'classData' 'Ljava/lang/Object;' @56  NULL (0x00000000)
 - private transient 'packageName' 'Ljava/lang/String;' @60  "org.codehaus.plexus"{0x0000000081f7eda8} (0x81f7eda8)
 - private final 'componentType' 'Ljava/lang/Class;' @64  NULL (0x00000000)
 - private volatile transient 'reflectionData' 'Ljava/lang/ref/SoftReference;' @68  NULL (0x00000000)
 - private volatile transient 'genericInfo' 'Lsun/reflect/generics/repository/ClassRepository;' @72  NULL (0x00000000)
 - private volatile transient 'enumConstants' '[Ljava/lang/Object;' @76  NULL (0x00000000)
 - private volatile transient 'enumConstantDirectory' 'Ljava/util/Map;' @80  NULL (0x00000000)
 - private volatile transient 'annotationData' 'Ljava/lang/Class$AnnotationData;' @84  a 'java/lang/Class$AnnotationData'{0x0000000087d561f8} (0x87d561f8)
 - private volatile transient 'annotationType' 'Lsun/reflect/annotation/AnnotationType;' @88  NULL (0x00000000)
 - transient 'classValueMap' 'Ljava/lang/ClassValue$ClassValueMap;' @92  NULL (0x00000000)
 - abstract internal 'protection_domain' 'Ljava/lang/Object;' @96  a 'java/security/ProtectionDomain'{0x0000000081f6b3c0} (0x81f6b3c0)
 - abstract internal 'signers_name' 'Ljava/lang/Object;' @100  NULL (0x00000000)
 - abstract internal 'source_file' 'Ljava/lang/Object;' @104  NULL (0x00000000)
 - signature: Lorg/codehaus/plexus/PlexusContainer;
 - ---- static fields (0):
RCX=0x0000005dd7bff640 points into unknown readable memory: 0x00007ffe5ccb6e90 | 90 6e cb 5c fe 7f 00 00
RDX=0x0000000081f83c50 points into unknown readable memory: 0x0000000000000009 | 09 00 00 00 00 00 00 00
RSP=0x0000005dd7bff5a8 points into unknown readable memory: 0x00007ffe5c69750d | 0d 75 69 5c fe 7f 00 00
RBP=0x0000000081f84000 is an oop: java.lang.ref.ReferenceQueue 
{0x0000000081f84000} - klass: 'java/lang/ref/ReferenceQueue'
 - ---- fields (total size 4 words):
 - private volatile 'head' 'Ljava/lang/ref/Reference;' @12  NULL (0x00000000)
 - private 'queueLength' 'J' @16  0 (0x0000000000000000)
 - private final 'lock' 'Ljava/util/concurrent/locks/ReentrantLock;' @24  a 'java/util/concurrent/locks/ReentrantLock'{0x0000000081f84020} (0x81f84020)
 - private final 'notEmpty' 'Ljava/util/concurrent/locks/Condition;' @28  a 'java/util/concurrent/locks/AbstractQueuedSynchronizer$ConditionObject'{0x0000000081f84050} (0x81f84050)
RSI=0x0000000081f83c50 points into unknown readable memory: 0x0000000000000009 | 09 00 00 00 00 00 00 00
RDI=0x0000000081f83c58 points into unknown readable memory: 0x000000000000ef30 | 30 ef 00 00 00 00 00 00
R8 =0x000000080000ef30 is pointing into metadata
R9 =0x00007ffe5c330000 jvm.dll
R10=0x000000000000005d is an unknown value
R11=0x00000175ea190f00 points into unknown readable memory: 0x0000000081f00000 | 00 00 f0 81 00 00 00 00
R12=0x0000000081f83800 is pointing into object: [B 
{0x0000000081f837b8} - klass: {type array byte}
 - length: 116
R13=0x0000005dd7bff630 points into unknown readable memory: 0x0000000081f83800 | 00 38 f8 81 00 00 00 00
R14=0x00000175f25d0c00 points into unknown readable memory: 0xffffffffffffffff | ff ff ff ff ff ff ff ff
R15=0x0000005dd7bff640 points into unknown readable memory: 0x00007ffe5ccb6e90 | 90 6e cb 5c fe 7f 00 00


Top of Stack: (sp=0x0000005dd7bff5a8)
0x0000005dd7bff5a8:   00007ffe5c69750d 0000000081f83be0
0x0000005dd7bff5b8:   00000175f25d0c00 0000005dd7bff640
0x0000005dd7bff5c8:   0000000081f84000 0000000081f71800
0x0000005dd7bff5d8:   0000000000000040 0000000081f83800
0x0000005dd7bff5e8:   00000175ea11d270 0000000000000004
0x0000005dd7bff5f8:   0000000000000100 0000005dd7bff7c0
0x0000005dd7bff608:   00007ffe5c6981b5 00000175f25d0c20
0x0000005dd7bff618:   00000175ea190f00 0000000000000c1c
0x0000005dd7bff628:   0000000000000000 0000000081f83800
0x0000005dd7bff638:   0000000000000100 00007ffe5ccb6e90
0x0000005dd7bff648:   0000000000000000 00000175ea11e930
0x0000005dd7bff658:   00000175fc42f3e0 0000005dd7bff818
0x0000005dd7bff668:   00007ffe5c9e4e9f 0000005dd7bff7c0
0x0000005dd7bff678:   0000000000000004 0000000000000020
0x0000005dd7bff688:   00007ffe5c699d9b 0000005dd6dfe9e0
0x0000005dd7bff698:   00007ffe5cb2fbd7 00000175f25d0c00
0x0000005dd7bff6a8:   00000175f25d0c21 00000175fb50db70
0x0000005dd7bff6b8:   00000000000003d8 00000175fb50db80
0x0000005dd7bff6c8:   00000175fb50df58 0000005dd7bff820
0x0000005dd7bff6d8:   0000000000000002 0000000000000002
0x0000005dd7bff6e8:   00000175e7fe0a40 000000000000000f
0x0000005dd7bff6f8:   00000175ea190f00 00000175ea11d270
0x0000005dd7bff708:   0000005dd7bff859 0000005dd7bff7c0
0x0000005dd7bff718:   00007ffe5c69855a 0000005d00000001
0x0000005dd7bff728:   00000175fbeda3a0 0000000000000c00
0x0000005dd7bff738:   0000000000000001 00000175fc42f3e0
0x0000005dd7bff748:   00000000021f38fa 00000001e5b5119b
0x0000005dd7bff758:   0000005dd7bff820 0000005dd7bff830
0x0000005dd7bff768:   00000175fc0b5400 00000175ea11e930
0x0000005dd7bff778:   00007ffe5c69994b 0000000000000000
0x0000005dd7bff788:   00007ffe5c3e0000 00007ffe5ccb2ac0
0x0000005dd7bff798:   00000000021dc5f4 00000001e4687eee 

Instructions: (pc=0x00007ffe5c69750d)
0x00007ffe5c69740d:   ce 48 c1 ef 03 48 89 7c 24 28 e8 24 03 00 00 48
0x00007ffe5c69741d:   8b d8 48 3b c5 0f 83 fd 00 00 00 4c 89 74 24 60
0x00007ffe5c69742d:   0f 1f 00 45 32 f6 48 8d 7b 08 44 38 35 9d 93 84
0x00007ffe5c69743d:   00 48 8b f3 74 14 8b 17 8b 0d 9d bb 7d 00 48 d3
0x00007ffe5c69744d:   e2 48 03 15 8b bb 7d 00 eb 03 48 8b 17 48 8b cb
0x00007ffe5c69745d:   e8 4e 92 dd ff 44 0f b6 05 71 93 84 00 8b 0d 78
0x00007ffe5c69746d:   bb 7d 00 4c 8b 0d 69 bb 7d 00 48 8d 1c c3 45 84
0x00007ffe5c69747d:   c0 74 0c 8b 17 8b c2 48 d3 e0 49 03 c1 eb 05 48
0x00007ffe5c69748d:   8b 07 8b d0 83 78 0c 06 75 4a 49 3b f4 72 05 48
0x00007ffe5c69749d:   3b dd 76 40 45 84 c0 74 0b 44 8b c2 49 d3 e0 4d
0x00007ffe5c6974ad:   03 c1 eb 03 4c 8b 07 41 0f 10 45 00 49 63 40 0c
0x00007ffe5c6974bd:   4c 8d 4c 24 20 48 8b d6 4c 8d 15 34 8b c9 ff 49
0x00007ffe5c6974cd:   8b cf 0f 29 44 24 20 41 ff 94 c2 70 3f b4 00 41
0x00007ffe5c6974dd:   b6 01 eb 2c 45 84 c0 74 0b 44 8b c2 49 d3 e0 4d
0x00007ffe5c6974ed:   03 c1 eb 03 4c 8b 07 49 63 40 0c 4c 8d 0d 01 8b
0x00007ffe5c6974fd:   c9 ff 48 8b d6 49 8b cf 41 ff 94 c1 a8 3f b4 00
0x00007ffe5c69750d:   48 3b dd 0f 82 1a ff ff ff 45 84 f6 4c 8b 74 24
0x00007ffe5c69751d:   60 48 0f 45 dd 48 8b c3 48 8b 5c 24 68 48 8b 6c
0x00007ffe5c69752d:   24 70 48 83 c4 30 41 5f 41 5d 41 5c 5f 5e c3 cc
0x00007ffe5c69753d:   cc cc cc 48 89 5c 24 08 48 89 6c 24 10 48 89 74
0x00007ffe5c69754d:   24 18 57 41 54 41 55 41 56 41 57 48 83 ec 30 48
0x00007ffe5c69755d:   8b 42 08 4d 8b d0 4c 8b 3a 4c 8b e2 4d 8b f1 49
0x00007ffe5c69756d:   8d 34 c7 48 8b 05 19 38 88 00 4c 8b c6 48 8b a8
0x00007ffe5c69757d:   30 05 00 00 b8 08 00 00 00 8b 4d 28 4c 2b 45 18
0x00007ffe5c69758d:   d3 e0 ff c8 49 c1 e8 03 4c 63 c8 49 d3 e8 4b 8d
0x00007ffe5c69759d:   14 11 49 f7 d1 49 23 d1 48 2b 55 18 48 c1 ea 03
0x00007ffe5c6975ad:   48 d3 ea 48 8d 4d 30 e8 e7 81 d5 ff 8b 4d 28 48
0x00007ffe5c6975bd:   8b d0 48 8b 45 18 48 d3 e2 48 8d 1c d0 48 3b de
0x00007ffe5c6975cd:   0f 84 34 01 00 00 80 3d 01 92 84 00 00 74 15 8b
0x00007ffe5c6975dd:   53 08 8b 0d 03 ba 7d 00 48 d3 e2 48 03 15 f1 b9
0x00007ffe5c6975ed:   7d 00 eb 04 48 8b 53 08 48 8b cb e8 b3 90 dd ff
0x00007ffe5c6975fd:   44 0f b6 05 d6 91 84 00 8b 0d dd b9 7d 00 4c 8b 


Stack slot to memory mapping:
stack at sp + 0 slots: 0x0000000081f83be0 is an oop: java.lang.Class 
{0x0000000081f83be0} - klass: 'java/lang/Class'
 - ---- fields (total size 14 words):
 - private volatile transient 'classRedefinedCount' 'I' @12  0 (0x00000000)
 - abstract internal 'klass' 'J' @16  34376657640 (0x0000000801022ae8)
 - abstract internal 'array_klass' 'J' @24  0 (0x0000000000000000)
 - abstract internal 'oop_size' 'I' @32  14 (0x0000000e)
 - abstract internal 'static_oop_field_count' 'I' @36  0 (0x00000000)
 - private volatile transient 'cachedConstructor' 'Ljava/lang/reflect/Constructor;' @40  NULL (0x00000000)
 - private transient 'name' 'Ljava/lang/String;' @44  
[error occurred during error reporting (inspecting top of stack), id 0xc0000005, EXCEPTION_ACCESS_VIOLATION (0xc0000005) at pc=0x00007ffe5c9d7a16]

---------------  P R O C E S S  ---------------

Threads class SMR info:
_java_thread_list=0x00000175fb55a910, length=12, elements={
0x00000175ea1075e0, 0x00000175f7217750, 0x00000175f7220db0, 0x00000175f72254f0,
0x00000175f7227e50, 0x00000175f7228f30, 0x00000175f722d030, 0x00000175f7238a40,
0x00000175f722eca0, 0x00000175fb4d67c0, 0x00000175fb4f3c00, 0x00000175fb55abf0
}

Java Threads: ( => current thread )
  0x00000175ea1075e0 JavaThread "main" [_thread_blocked, id=1464, stack(0x0000005dd6700000,0x0000005dd6800000)]
  0x00000175f7217750 JavaThread "Reference Handler" daemon [_thread_blocked, id=5704, stack(0x0000005dd6e00000,0x0000005dd6f00000)]
  0x00000175f7220db0 JavaThread "Finalizer" daemon [_thread_blocked, id=3352, stack(0x0000005dd6f00000,0x0000005dd7000000)]
  0x00000175f72254f0 JavaThread "Signal Dispatcher" daemon [_thread_blocked, id=9128, stack(0x0000005dd7000000,0x0000005dd7100000)]
  0x00000175f7227e50 JavaThread "Attach Listener" daemon [_thread_blocked, id=7188, stack(0x0000005dd7100000,0x0000005dd7200000)]
  0x00000175f7228f30 JavaThread "Service Thread" daemon [_thread_blocked, id=9172, stack(0x0000005dd7200000,0x0000005dd7300000)]
  0x00000175f722d030 JavaThread "Monitor Deflation Thread" daemon [_thread_blocked, id=7548, stack(0x0000005dd7300000,0x0000005dd7400000)]
  0x00000175f7238a40 JavaThread "C2 CompilerThread0" daemon [_thread_blocked, id=10508, stack(0x0000005dd7400000,0x0000005dd7500000)]
  0x00000175f722eca0 JavaThread "C1 CompilerThread0" daemon [_thread_blocked, id=9760, stack(0x0000005dd7500000,0x0000005dd7600000)]
  0x00000175fb4d67c0 JavaThread "Notification Thread" daemon [_thread_blocked, id=6236, stack(0x0000005dd7600000,0x0000005dd7700000)]
  0x00000175fb4f3c00 JavaThread "Common-Cleaner" daemon [_thread_blocked, id=4264, stack(0x0000005dd7800000,0x0000005dd7900000)]
  0x00000175fb55abf0 JavaThread "C2 CompilerThread1" daemon [_thread_blocked, id=7564, stack(0x0000005dd7900000,0x0000005dd7a00000)]

Other Threads:
  0x00000175f71fc130 VMThread "VM Thread" [stack: 0x0000005dd6d00000,0x0000005dd6e00000] [id=9524]
  0x00000175fb4e9b00 WatcherThread "VM Periodic Task Thread" [stack: 0x0000005dd7700000,0x0000005dd7800000] [id=7812]
  0x00000175ea1696b0 WorkerThread "GC Thread#0" [stack: 0x0000005dd6800000,0x0000005dd6900000] [id=2848]
  0x00000175fbede010 WorkerThread "GC Thread#1" [stack: 0x0000005dd7a00000,0x0000005dd7b00000] [id=3456]
=>0x00000175fbae5d30 WorkerThread "GC Thread#2" [stack: 0x0000005dd7b00000,0x0000005dd7c00000] [id=7604]
  0x00000175fc0f0fa0 WorkerThread "GC Thread#3" [stack: 0x0000005dd7c00000,0x0000005dd7d00000] [id=8928]
  0x00000175ea17b3b0 ConcurrentGCThread "G1 Main Marker" [stack: 0x0000005dd6900000,0x0000005dd6a00000] [id=8484]
  0x00000175ea17c580 WorkerThread "G1 Conc#0" [stack: 0x0000005dd6a00000,0x0000005dd6b00000] [id=6664]
  0x00000175f70b20b0 ConcurrentGCThread "G1 Refine#0" [stack: 0x0000005dd6b00000,0x0000005dd6c00000] [id=4336]
  0x00000175f70b2b50 ConcurrentGCThread "G1 Service" [stack: 0x0000005dd6c00000,0x0000005dd6d00000] [id=3668]

Threads with active compile tasks:
C2 CompilerThread0     3617 3430       4       org.codehaus.plexus.util.xml.pull.MXParser::parseAttribute (1429 bytes)
C1 CompilerThread0     3617 3486       3       org.apache.maven.model.io.xpp3.MavenXpp3Reader::parsePlugin (519 bytes)
C2 CompilerThread1     3617 3484       4       sun.nio.cs.UTF_8$Decoder::decodeArrayLoop (688 bytes)

VM state: at safepoint (normal execution)

VM Mutex/Monitor currently owned by a thread:  ([mutex/lock_event])
[0x00000175ea1042d0] Threads_lock - owner thread: 0x00000175f71fc130
[0x00000175ea1043f0] Heap_lock - owner thread: 0x00000175ea1075e0

Heap address: 0x0000000081e00000, size: 2018 MB, Compressed Oops mode: 32-bit

CDS archive(s) mapped at: [0x0000000800000000-0x0000000800c60000-0x0000000800c60000), size 12976128, SharedBaseAddress: 0x0000000800000000, ArchiveRelocationMode: 0.
Compressed class space mapped at: 0x0000000801000000-0x0000000841000000, reserved size: 1073741824
Narrow klass base: 0x0000000800000000, Narrow klass shift: 0, Narrow klass range: 0x100000000

GC Precious Log:
 CardTable entry size: 512
 Card Set container configuration: InlinePtr #cards 5 size 8 Array Of Cards #cards 12 size 40 Howl #buckets 4 coarsen threshold 1843 Howl Bitmap #cards 512 size 80 coarsen threshold 460 Card regions per heap region 1 cards per card region 2048
 CPUs: 4 total, 4 available
 Memory: 8064M
 Large Page Support: Disabled
 NUMA Support: Disabled
 Compressed Oops: Enabled (32-bit)
 Heap Region Size: 1M
 Heap Min Capacity: 8M
 Heap Initial Capacity: 128M
 Heap Max Capacity: 2018M
 Pre-touch: Disabled
 Parallel Workers: 4
 Concurrent Workers: 1
 Concurrent Refinement Workers: 4
 Periodic GC: Disabled

Heap:
 garbage-first heap   total 131072K, used 81005K [0x0000000081e00000, 0x0000000100000000)
  region size 1024K, 83 young (84992K), 8 survivors (8192K)
 Metaspace       used 15644K, committed 15936K, reserved 1114112K
  class space    used 1818K, committed 1920K, reserved 1048576K

Heap Regions: E=young(eden), S=young(survivor), O=old, HS=humongous(starts), HC=humongous(continues), CS=collection set, F=free, OA=open archive, CA=closed archive, TAMS=top-at-mark-start, PB=parsable bottom
|   0|0x0000000081e00000, 0x0000000081f00000, 0x0000000081f00000|100%| O|  |TAMS 0x0000000081e00000| PB 0x0000000081e00000| Untracked 
|   1|0x0000000081f00000, 0x0000000082000000, 0x0000000082000000|100%| O|  |TAMS 0x0000000081f00000| PB 0x0000000081f00000| Untracked 
|   2|0x0000000082000000, 0x0000000082100000, 0x0000000082100000|100%| O|  |TAMS 0x0000000082000000| PB 0x0000000082000000| Untracked 
|   3|0x0000000082100000, 0x0000000082152600, 0x0000000082200000| 32%| O|  |TAMS 0x0000000082100000| PB 0x0000000082100000| Untracked 
|   4|0x0000000082200000, 0x0000000082200000, 0x0000000082300000|  0%| F|  |TAMS 0x0000000082200000| PB 0x0000000082200000| Untracked 
|   5|0x0000000082300000, 0x0000000082300000, 0x0000000082400000|  0%| F|  |TAMS 0x0000000082300000| PB 0x0000000082300000| Untracked 
|   6|0x0000000082400000, 0x0000000082400000, 0x0000000082500000|  0%| F|  |TAMS 0x0000000082400000| PB 0x0000000082400000| Untracked 
|   7|0x0000000082500000, 0x0000000082500000, 0x0000000082600000|  0%| F|  |TAMS 0x0000000082500000| PB 0x0000000082500000| Untracked 
|   8|0x0000000082600000, 0x0000000082600000, 0x0000000082700000|  0%| F|  |TAMS 0x0000000082600000| PB 0x0000000082600000| Untracked 
|   9|0x0000000082700000, 0x0000000082700000, 0x0000000082800000|  0%| F|  |TAMS 0x0000000082700000| PB 0x0000000082700000| Untracked 
|  10|0x0000000082800000, 0x0000000082800000, 0x0000000082900000|  0%| F|  |TAMS 0x0000000082800000| PB 0x0000000082800000| Untracked 
|  11|0x0000000082900000, 0x0000000082900000, 0x0000000082a00000|  0%| F|  |TAMS 0x0000000082900000| PB 0x0000000082900000| Untracked 
|  12|0x0000000082a00000, 0x0000000082a00000, 0x0000000082b00000|  0%| F|  |TAMS 0x0000000082a00000| PB 0x0000000082a00000| Untracked 
|  13|0x0000000082b00000, 0x0000000082b00000, 0x0000000082c00000|  0%| F|  |TAMS 0x0000000082b00000| PB 0x0000000082b00000| Untracked 
|  14|0x0000000082c00000, 0x0000000082c00000, 0x0000000082d00000|  0%| F|  |TAMS 0x0000000082c00000| PB 0x0000000082c00000| Untracked 
|  15|0x0000000082d00000, 0x0000000082d00000, 0x0000000082e00000|  0%| F|  |TAMS 0x0000000082d00000| PB 0x0000000082d00000| Untracked 
|  16|0x0000000082e00000, 0x0000000082e00000, 0x0000000082f00000|  0%| F|  |TAMS 0x0000000082e00000| PB 0x0000000082e00000| Untracked 
|  17|0x0000000082f00000, 0x0000000082f00000, 0x0000000083000000|  0%| F|  |TAMS 0x0000000082f00000| PB 0x0000000082f00000| Untracked 
|  18|0x0000000083000000, 0x0000000083000000, 0x0000000083100000|  0%| F|  |TAMS 0x0000000083000000| PB 0x0000000083000000| Untracked 
|  19|0x0000000083100000, 0x0000000083100000, 0x0000000083200000|  0%| F|  |TAMS 0x0000000083100000| PB 0x0000000083100000| Untracked 
|  20|0x0000000083200000, 0x0000000083200000, 0x0000000083300000|  0%| F|  |TAMS 0x0000000083200000| PB 0x0000000083200000| Untracked 
|  21|0x0000000083300000, 0x0000000083300000, 0x0000000083400000|  0%| F|  |TAMS 0x0000000083300000| PB 0x0000000083300000| Untracked 
|  22|0x0000000083400000, 0x0000000083400000, 0x0000000083500000|  0%| F|  |TAMS 0x0000000083400000| PB 0x0000000083400000| Untracked 
|  23|0x0000000083500000, 0x0000000083500000, 0x0000000083600000|  0%| F|  |TAMS 0x0000000083500000| PB 0x0000000083500000| Untracked 
|  24|0x0000000083600000, 0x0000000083600000, 0x0000000083700000|  0%| F|  |TAMS 0x0000000083600000| PB 0x0000000083600000| Untracked 
|  25|0x0000000083700000, 0x0000000083700000, 0x0000000083800000|  0%| F|  |TAMS 0x0000000083700000| PB 0x0000000083700000| Untracked 
|  26|0x0000000083800000, 0x0000000083800000, 0x0000000083900000|  0%| F|  |TAMS 0x0000000083800000| PB 0x0000000083800000| Untracked 
|  27|0x0000000083900000, 0x0000000083900000, 0x0000000083a00000|  0%| F|  |TAMS 0x0000000083900000| PB 0x0000000083900000| Untracked 
|  28|0x0000000083a00000, 0x0000000083a00000, 0x0000000083b00000|  0%| F|  |TAMS 0x0000000083a00000| PB 0x0000000083a00000| Untracked 
|  29|0x0000000083b00000, 0x0000000083b00000, 0x0000000083c00000|  0%| F|  |TAMS 0x0000000083b00000| PB 0x0000000083b00000| Untracked 
|  30|0x0000000083c00000, 0x0000000083c00000, 0x0000000083d00000|  0%| F|  |TAMS 0x0000000083c00000| PB 0x0000000083c00000| Untracked 
|  31|0x0000000083d00000, 0x0000000083d00000, 0x0000000083e00000|  0%| F|  |TAMS 0x0000000083d00000| PB 0x0000000083d00000| Untracked 
|  32|0x0000000083e00000, 0x0000000083e00000, 0x0000000083f00000|  0%| F|  |TAMS 0x0000000083e00000| PB 0x0000000083e00000| Untracked 
|  33|0x0000000083f00000, 0x0000000083f00000, 0x0000000084000000|  0%| F|  |TAMS 0x0000000083f00000| PB 0x0000000083f00000| Untracked 
|  34|0x0000000084000000, 0x0000000084000000, 0x0000000084100000|  0%| F|  |TAMS 0x0000000084000000| PB 0x0000000084000000| Untracked 
|  35|0x0000000084100000, 0x0000000084100000, 0x0000000084200000|  0%| F|  |TAMS 0x0000000084100000| PB 0x0000000084100000| Untracked 
|  36|0x0000000084200000, 0x0000000084200000, 0x0000000084300000|  0%| F|  |TAMS 0x0000000084200000| PB 0x0000000084200000| Untracked 
|  37|0x0000000084300000, 0x0000000084300000, 0x0000000084400000|  0%| F|  |TAMS 0x0000000084300000| PB 0x0000000084300000| Untracked 
|  38|0x0000000084400000, 0x0000000084400000, 0x0000000084500000|  0%| F|  |TAMS 0x0000000084400000| PB 0x0000000084400000| Untracked 
|  39|0x0000000084500000, 0x0000000084500000, 0x0000000084600000|  0%| F|  |TAMS 0x0000000084500000| PB 0x0000000084500000| Untracked 
|  40|0x0000000084600000, 0x0000000084600000, 0x0000000084700000|  0%| F|  |TAMS 0x0000000084600000| PB 0x0000000084600000| Untracked 
|  41|0x0000000084700000, 0x0000000084700000, 0x0000000084800000|  0%| F|  |TAMS 0x0000000084700000| PB 0x0000000084700000| Untracked 
|  42|0x0000000084800000, 0x0000000084800000, 0x0000000084900000|  0%| F|  |TAMS 0x0000000084800000| PB 0x0000000084800000| Untracked 
|  43|0x0000000084900000, 0x0000000084900000, 0x0000000084a00000|  0%| F|  |TAMS 0x0000000084900000| PB 0x0000000084900000| Untracked 
|  44|0x0000000084a00000, 0x0000000084ad9e00, 0x0000000084b00000| 85%| S|  |TAMS 0x0000000084a00000| PB 0x0000000084a00000| Complete 
|  45|0x0000000084b00000, 0x0000000084c00000, 0x0000000084c00000|100%| S|  |TAMS 0x0000000084b00000| PB 0x0000000084b00000| Complete 
|  46|0x0000000084c00000, 0x0000000084d00000, 0x0000000084d00000|100%| S|  |TAMS 0x0000000084c00000| PB 0x0000000084c00000| Complete 
|  47|0x0000000084d00000, 0x0000000084e00000, 0x0000000084e00000|100%| S|  |TAMS 0x0000000084d00000| PB 0x0000000084d00000| Complete 
|  48|0x0000000084e00000, 0x0000000084f00000, 0x0000000084f00000|100%| S|  |TAMS 0x0000000084e00000| PB 0x0000000084e00000| Complete 
|  49|0x0000000084f00000, 0x0000000085000000, 0x0000000085000000|100%| S|  |TAMS 0x0000000084f00000| PB 0x0000000084f00000| Complete 
|  50|0x0000000085000000, 0x0000000085100000, 0x0000000085100000|100%| S|  |TAMS 0x0000000085000000| PB 0x0000000085000000| Complete 
|  51|0x0000000085100000, 0x0000000085200000, 0x0000000085200000|100%| S|  |TAMS 0x0000000085100000| PB 0x0000000085100000| Complete 
|  52|0x0000000085200000, 0x0000000085300000, 0x0000000085300000|100%| E|CS|TAMS 0x0000000085200000| PB 0x0000000085200000| Complete 
|  53|0x0000000085300000, 0x0000000085400000, 0x0000000085400000|100%| E|CS|TAMS 0x0000000085300000| PB 0x0000000085300000| Complete 
|  54|0x0000000085400000, 0x0000000085500000, 0x0000000085500000|100%| E|CS|TAMS 0x0000000085400000| PB 0x0000000085400000| Complete 
|  55|0x0000000085500000, 0x0000000085600000, 0x0000000085600000|100%| E|CS|TAMS 0x0000000085500000| PB 0x0000000085500000| Complete 
|  56|0x0000000085600000, 0x0000000085700000, 0x0000000085700000|100%| E|CS|TAMS 0x0000000085600000| PB 0x0000000085600000| Complete 
|  57|0x0000000085700000, 0x0000000085800000, 0x0000000085800000|100%| E|CS|TAMS 0x0000000085700000| PB 0x0000000085700000| Complete 
|  58|0x0000000085800000, 0x0000000085900000, 0x0000000085900000|100%| E|CS|TAMS 0x0000000085800000| PB 0x0000000085800000| Complete 
|  59|0x0000000085900000, 0x0000000085a00000, 0x0000000085a00000|100%| E|CS|TAMS 0x0000000085900000| PB 0x0000000085900000| Complete 
|  60|0x0000000085a00000, 0x0000000085b00000, 0x0000000085b00000|100%| E|CS|TAMS 0x0000000085a00000| PB 0x0000000085a00000| Complete 
|  61|0x0000000085b00000, 0x0000000085c00000, 0x0000000085c00000|100%| E|CS|TAMS 0x0000000085b00000| PB 0x0000000085b00000| Complete 
|  62|0x0000000085c00000, 0x0000000085d00000, 0x0000000085d00000|100%| E|CS|TAMS 0x0000000085c00000| PB 0x0000000085c00000| Complete 
|  63|0x0000000085d00000, 0x0000000085e00000, 0x0000000085e00000|100%| E|CS|TAMS 0x0000000085d00000| PB 0x0000000085d00000| Complete 
|  64|0x0000000085e00000, 0x0000000085f00000, 0x0000000085f00000|100%| E|CS|TAMS 0x0000000085e00000| PB 0x0000000085e00000| Complete 
|  65|0x0000000085f00000, 0x0000000086000000, 0x0000000086000000|100%| E|CS|TAMS 0x0000000085f00000| PB 0x0000000085f00000| Complete 
|  66|0x0000000086000000, 0x0000000086100000, 0x0000000086100000|100%| E|CS|TAMS 0x0000000086000000| PB 0x0000000086000000| Complete 
|  67|0x0000000086100000, 0x0000000086200000, 0x0000000086200000|100%| E|CS|TAMS 0x0000000086100000| PB 0x0000000086100000| Complete 
|  68|0x0000000086200000, 0x0000000086300000, 0x0000000086300000|100%| E|CS|TAMS 0x0000000086200000| PB 0x0000000086200000| Complete 
|  69|0x0000000086300000, 0x0000000086400000, 0x0000000086400000|100%| E|CS|TAMS 0x0000000086300000| PB 0x0000000086300000| Complete 
|  70|0x0000000086400000, 0x0000000086500000, 0x0000000086500000|100%| E|CS|TAMS 0x0000000086400000| PB 0x0000000086400000| Complete 
|  71|0x0000000086500000, 0x0000000086600000, 0x0000000086600000|100%| E|CS|TAMS 0x0000000086500000| PB 0x0000000086500000| Complete 
|  72|0x0000000086600000, 0x0000000086700000, 0x0000000086700000|100%| E|CS|TAMS 0x0000000086600000| PB 0x0000000086600000| Complete 
|  73|0x0000000086700000, 0x0000000086800000, 0x0000000086800000|100%| E|CS|TAMS 0x0000000086700000| PB 0x0000000086700000| Complete 
|  74|0x0000000086800000, 0x0000000086900000, 0x0000000086900000|100%| E|CS|TAMS 0x0000000086800000| PB 0x0000000086800000| Complete 
|  75|0x0000000086900000, 0x0000000086a00000, 0x0000000086a00000|100%| E|CS|TAMS 0x0000000086900000| PB 0x0000000086900000| Complete 
|  76|0x0000000086a00000, 0x0000000086b00000, 0x0000000086b00000|100%| E|CS|TAMS 0x0000000086a00000| PB 0x0000000086a00000| Complete 
|  77|0x0000000086b00000, 0x0000000086c00000, 0x0000000086c00000|100%| E|CS|TAMS 0x0000000086b00000| PB 0x0000000086b00000| Complete 
|  78|0x0000000086c00000, 0x0000000086d00000, 0x0000000086d00000|100%| E|CS|TAMS 0x0000000086c00000| PB 0x0000000086c00000| Complete 
|  79|0x0000000086d00000, 0x0000000086e00000, 0x0000000086e00000|100%| E|CS|TAMS 0x0000000086d00000| PB 0x0000000086d00000| Complete 
|  80|0x0000000086e00000, 0x0000000086f00000, 0x0000000086f00000|100%| E|CS|TAMS 0x0000000086e00000| PB 0x0000000086e00000| Complete 
|  81|0x0000000086f00000, 0x0000000087000000, 0x0000000087000000|100%| E|CS|TAMS 0x0000000086f00000| PB 0x0000000086f00000| Complete 
|  82|0x0000000087000000, 0x0000000087100000, 0x0000000087100000|100%| E|CS|TAMS 0x0000000087000000| PB 0x0000000087000000| Complete 
|  83|0x0000000087100000, 0x0000000087200000, 0x0000000087200000|100%| E|CS|TAMS 0x0000000087100000| PB 0x0000000087100000| Complete 
|  84|0x0000000087200000, 0x0000000087300000, 0x0000000087300000|100%| E|CS|TAMS 0x0000000087200000| PB 0x0000000087200000| Complete 
|  85|0x0000000087300000, 0x0000000087400000, 0x0000000087400000|100%| E|CS|TAMS 0x0000000087300000| PB 0x0000000087300000| Complete 
|  86|0x0000000087400000, 0x0000000087500000, 0x0000000087500000|100%| E|CS|TAMS 0x0000000087400000| PB 0x0000000087400000| Complete 
|  87|0x0000000087500000, 0x0000000087600000, 0x0000000087600000|100%| E|CS|TAMS 0x0000000087500000| PB 0x0000000087500000| Complete 
|  88|0x0000000087600000, 0x0000000087700000, 0x0000000087700000|100%| E|CS|TAMS 0x0000000087600000| PB 0x0000000087600000| Complete 
|  89|0x0000000087700000, 0x0000000087800000, 0x0000000087800000|100%| E|CS|TAMS 0x0000000087700000| PB 0x0000000087700000| Complete 
|  90|0x0000000087800000, 0x0000000087900000, 0x0000000087900000|100%| E|CS|TAMS 0x0000000087800000| PB 0x0000000087800000| Complete 
|  91|0x0000000087900000, 0x0000000087a00000, 0x0000000087a00000|100%| E|CS|TAMS 0x0000000087900000| PB 0x0000000087900000| Complete 
|  92|0x0000000087a00000, 0x0000000087b00000, 0x0000000087b00000|100%| E|CS|TAMS 0x0000000087a00000| PB 0x0000000087a00000| Complete 
|  93|0x0000000087b00000, 0x0000000087c00000, 0x0000000087c00000|100%| E|CS|TAMS 0x0000000087b00000| PB 0x0000000087b00000| Complete 
|  94|0x0000000087c00000, 0x0000000087d00000, 0x0000000087d00000|100%| E|CS|TAMS 0x0000000087c00000| PB 0x0000000087c00000| Complete 
|  95|0x0000000087d00000, 0x0000000087e00000, 0x0000000087e00000|100%| E|CS|TAMS 0x0000000087d00000| PB 0x0000000087d00000| Complete 
|  96|0x0000000087e00000, 0x0000000087f00000, 0x0000000087f00000|100%| E|CS|TAMS 0x0000000087e00000| PB 0x0000000087e00000| Complete 
|  97|0x0000000087f00000, 0x0000000088000000, 0x0000000088000000|100%| E|CS|TAMS 0x0000000087f00000| PB 0x0000000087f00000| Complete 
|  98|0x0000000088000000, 0x0000000088100000, 0x0000000088100000|100%| E|CS|TAMS 0x0000000088000000| PB 0x0000000088000000| Complete 
|  99|0x0000000088100000, 0x0000000088200000, 0x0000000088200000|100%| E|CS|TAMS 0x0000000088100000| PB 0x0000000088100000| Complete 
| 100|0x0000000088200000, 0x0000000088300000, 0x0000000088300000|100%| E|CS|TAMS 0x0000000088200000| PB 0x0000000088200000| Complete 
| 101|0x0000000088300000, 0x0000000088400000, 0x0000000088400000|100%| E|CS|TAMS 0x0000000088300000| PB 0x0000000088300000| Complete 
| 102|0x0000000088400000, 0x0000000088500000, 0x0000000088500000|100%| E|CS|TAMS 0x0000000088400000| PB 0x0000000088400000| Complete 
| 103|0x0000000088500000, 0x0000000088600000, 0x0000000088600000|100%| E|CS|TAMS 0x0000000088500000| PB 0x0000000088500000| Complete 
| 104|0x0000000088600000, 0x0000000088700000, 0x0000000088700000|100%| E|CS|TAMS 0x0000000088600000| PB 0x0000000088600000| Complete 
| 105|0x0000000088700000, 0x0000000088800000, 0x0000000088800000|100%| E|CS|TAMS 0x0000000088700000| PB 0x0000000088700000| Complete 
| 106|0x0000000088800000, 0x0000000088900000, 0x0000000088900000|100%| E|CS|TAMS 0x0000000088800000| PB 0x0000000088800000| Complete 
| 107|0x0000000088900000, 0x0000000088a00000, 0x0000000088a00000|100%| E|CS|TAMS 0x0000000088900000| PB 0x0000000088900000| Complete 
| 108|0x0000000088a00000, 0x0000000088b00000, 0x0000000088b00000|100%| E|CS|TAMS 0x0000000088a00000| PB 0x0000000088a00000| Complete 
| 109|0x0000000088b00000, 0x0000000088c00000, 0x0000000088c00000|100%| E|CS|TAMS 0x0000000088b00000| PB 0x0000000088b00000| Complete 
| 110|0x0000000088c00000, 0x0000000088d00000, 0x0000000088d00000|100%| E|CS|TAMS 0x0000000088c00000| PB 0x0000000088c00000| Complete 
| 111|0x0000000088d00000, 0x0000000088dc8e60, 0x0000000088e00000| 78%| E|CS|TAMS 0x0000000088d00000| PB 0x0000000088d00000| Complete 
| 112|0x0000000088e00000, 0x0000000088f00000, 0x0000000088f00000|100%| E|CS|TAMS 0x0000000088e00000| PB 0x0000000088e00000| Complete 
| 113|0x0000000088f00000, 0x0000000089000000, 0x0000000089000000|100%| E|CS|TAMS 0x0000000088f00000| PB 0x0000000088f00000| Complete 
| 114|0x0000000089000000, 0x0000000089100000, 0x0000000089100000|100%| E|CS|TAMS 0x0000000089000000| PB 0x0000000089000000| Complete 
| 115|0x0000000089100000, 0x0000000089200000, 0x0000000089200000|100%| E|CS|TAMS 0x0000000089100000| PB 0x0000000089100000| Complete 
| 116|0x0000000089200000, 0x0000000089300000, 0x0000000089300000|100%| E|CS|TAMS 0x0000000089200000| PB 0x0000000089200000| Complete 
| 117|0x0000000089300000, 0x0000000089400000, 0x0000000089400000|100%| E|CS|TAMS 0x0000000089300000| PB 0x0000000089300000| Complete 
| 118|0x0000000089400000, 0x0000000089500000, 0x0000000089500000|100%| E|CS|TAMS 0x0000000089400000| PB 0x0000000089400000| Complete 
| 119|0x0000000089500000, 0x0000000089600000, 0x0000000089600000|100%| E|CS|TAMS 0x0000000089500000| PB 0x0000000089500000| Complete 
| 120|0x0000000089600000, 0x0000000089700000, 0x0000000089700000|100%| E|CS|TAMS 0x0000000089600000| PB 0x0000000089600000| Complete 
| 121|0x0000000089700000, 0x0000000089800000, 0x0000000089800000|100%| E|CS|TAMS 0x0000000089700000| PB 0x0000000089700000| Complete 
| 122|0x0000000089800000, 0x0000000089900000, 0x0000000089900000|100%| E|CS|TAMS 0x0000000089800000| PB 0x0000000089800000| Complete 
| 123|0x0000000089900000, 0x0000000089a00000, 0x0000000089a00000|100%| E|CS|TAMS 0x0000000089900000| PB 0x0000000089900000| Complete 
| 124|0x0000000089a00000, 0x0000000089b00000, 0x0000000089b00000|100%| E|CS|TAMS 0x0000000089a00000| PB 0x0000000089a00000| Complete 
| 125|0x0000000089b00000, 0x0000000089c00000, 0x0000000089c00000|100%| E|CS|TAMS 0x0000000089b00000| PB 0x0000000089b00000| Complete 
| 126|0x0000000089c00000, 0x0000000089d00000, 0x0000000089d00000|100%| E|CS|TAMS 0x0000000089c00000| PB 0x0000000089c00000| Complete 
| 127|0x0000000089d00000, 0x0000000089e00000, 0x0000000089e00000|100%| E|CS|TAMS 0x0000000089d00000| PB 0x0000000089d00000| Complete 

Card table byte_map: [0x00000175f25d0000,0x00000175f29d0000] _byte_map_base: 0x00000175f21c1000

Marking Bits: (CMBitMap*) 0x00000175ea16acf0
 Bits: [0x00000175f2dd0000, 0x00000175f4d58000)

Polling page: 0x00000175e80d0000

Metaspace:

Usage:
  Non-class:     13.50 MB used.
      Class:      1.78 MB used.
       Both:     15.28 MB used.

Virtual space:
  Non-class space:       64.00 MB reserved,      13.69 MB ( 21%) committed,  1 nodes.
      Class space:        1.00 GB reserved,       1.88 MB ( <1%) committed,  1 nodes.
             Both:        1.06 GB reserved,      15.56 MB (  1%) committed. 

Chunk freelists:
   Non-Class:  1.92 MB
       Class:  1.95 MB
        Both:  3.87 MB

MaxMetaspaceSize: unlimited
CompressedClassSpaceSize: 1.00 GB
Initial GC threshold: 21.00 MB
Current GC threshold: 21.00 MB
CDS: on
MetaspaceReclaimPolicy: balanced
 - commit_granule_bytes: 65536.
 - commit_granule_words: 8192.
 - virtual_space_node_default_size: 8388608.
 - enlarge_chunks_in_place: 1.
 - new_chunks_are_fully_committed: 0.
 - uncommit_free_chunks: 1.
 - use_allocation_guard: 0.


Internal statistics:

num_allocs_failed_limit: 0.
num_arena_births: 166.
num_arena_deaths: 0.
num_vsnodes_births: 2.
num_vsnodes_deaths: 0.
num_space_committed: 249.
num_space_uncommitted: 0.
num_chunks_returned_to_freelist: 0.
num_chunks_taken_from_freelist: 684.
num_chunk_merges: 0.
num_chunk_splits: 485.
num_chunks_enlarged: 403.
num_inconsistent_stats: 0.

CodeHeap 'non-profiled nmethods': size=120000Kb used=1369Kb max_used=1369Kb free=118630Kb
 bounds [0x0000017587ad0000, 0x0000017587d40000, 0x000001758f000000]
CodeHeap 'profiled nmethods': size=120000Kb used=6870Kb max_used=6870Kb free=113129Kb
 bounds [0x0000017580000000, 0x00000175806c0000, 0x0000017587530000]
CodeHeap 'non-nmethods': size=5760Kb used=1454Kb max_used=1493Kb free=4305Kb
 bounds [0x0000017587530000, 0x00000175877a0000, 0x0000017587ad0000]
 total_blobs=3968 nmethods=3482 adapters=396
 compilation: enabled
              stopped_count=0, restarted_count=0
 full_count=0

Compilation events (20 events):
Event: 3.538 Thread 0x00000175f722eca0 nmethod 3476 0x0000017587c24e90 code [0x0000017587c25000, 0x0000017587c250b0]
Event: 3.538 Thread 0x00000175f722eca0 3477       1       org.eclipse.aether.named.support.NamedLockSupport::name (5 bytes)
Event: 3.538 Thread 0x00000175f722eca0 nmethod 3477 0x0000017587c25190 code [0x0000017587c25300, 0x0000017587c253c8]
Event: 3.538 Thread 0x00000175f722eca0 3479       3       java.io.FileCleanable::<init> (18 bytes)
Event: 3.538 Thread 0x00000175f722eca0 nmethod 3479 0x00000175806aca90 code [0x00000175806acc20, 0x00000175806acd78]
Event: 3.538 Thread 0x00000175f722eca0 3478       1       org.eclipse.aether.resolution.ArtifactResult::getArtifact (5 bytes)
Event: 3.538 Thread 0x00000175f722eca0 nmethod 3478 0x0000017587c25490 code [0x0000017587c25600, 0x0000017587c256c8]
Event: 3.539 Thread 0x00000175f722eca0 3480   !   3       org.apache.maven.model.Repository::clone (87 bytes)
Event: 3.540 Thread 0x00000175f722eca0 nmethod 3480 0x00000175806ace10 code [0x00000175806ad0a0, 0x00000175806adc80]
Event: 3.540 Thread 0x00000175f722eca0 3481   !   3       org.apache.maven.model.RepositoryBase::clone (73 bytes)
Event: 3.541 Thread 0x00000175f722eca0 nmethod 3481 0x00000175806ae210 code [0x00000175806ae4a0, 0x00000175806af198]
Event: 3.542 Thread 0x00000175fb55abf0 nmethod 3463 0x0000017587c25790 code [0x0000017587c25900, 0x0000017587c25ce8]
Event: 3.542 Thread 0x00000175fb55abf0 3459       4       java.util.ArrayList$ListItr::previous (59 bytes)
Event: 3.543 Thread 0x00000175f722eca0 3482   !   3       java.io.FileInputStream::available (24 bytes)
Event: 3.543 Thread 0x00000175f722eca0 nmethod 3482 0x00000175806af710 code [0x00000175806af8c0, 0x00000175806afab0]
Event: 3.543 Thread 0x00000175f722eca0 3485       3       org.apache.maven.model.io.xpp3.MavenXpp3Reader::parseDeveloper (517 bytes)
Event: 3.543 Thread 0x00000175fb55abf0 nmethod 3459 0x0000017587c26290 code [0x0000017587c26400, 0x0000017587c26538]
Event: 3.543 Thread 0x00000175fb55abf0 3484       4       sun.nio.cs.UTF_8$Decoder::decodeArrayLoop (688 bytes)
Event: 3.549 Thread 0x00000175f722eca0 nmethod 3485 0x00000175806afc10 code [0x00000175806b0360, 0x00000175806b4398]
Event: 3.549 Thread 0x00000175f722eca0 3486       3       org.apache.maven.model.io.xpp3.MavenXpp3Reader::parsePlugin (519 bytes)

GC Heap History (5 events):
Event: 0.779 GC heap before
{Heap before GC invocations=0 (full 0):
 garbage-first heap   total 131072K, used 13312K [0x0000000081e00000, 0x0000000100000000)
  region size 1024K, 13 young (13312K), 0 survivors (0K)
 Metaspace       used 3775K, committed 4032K, reserved 1114112K
  class space    used 385K, committed 512K, reserved 1048576K
}
Event: 0.784 GC heap after
{Heap after GC invocations=1 (full 0):
 garbage-first heap   total 131072K, used 3413K [0x0000000081e00000, 0x0000000100000000)
  region size 1024K, 2 young (2048K), 2 survivors (2048K)
 Metaspace       used 3775K, committed 4032K, reserved 1114112K
  class space    used 385K, committed 512K, reserved 1048576K
}
Event: 1.132 GC heap before
{Heap before GC invocations=1 (full 0):
 garbage-first heap   total 131072K, used 17749K [0x0000000081e00000, 0x0000000100000000)
  region size 1024K, 16 young (16384K), 2 survivors (2048K)
 Metaspace       used 6021K, committed 6272K, reserved 1114112K
  class space    used 707K, committed 832K, reserved 1048576K
}
Event: 1.136 GC heap after
{Heap after GC invocations=2 (full 0):
 garbage-first heap   total 131072K, used 4205K [0x0000000081e00000, 0x0000000100000000)
  region size 1024K, 1 young (1024K), 1 survivors (1024K)
 Metaspace       used 6021K, committed 6272K, reserved 1114112K
  class space    used 707K, committed 832K, reserved 1048576K
}
Event: 3.550 GC heap before
{Heap before GC invocations=2 (full 0):
 garbage-first heap   total 131072K, used 79981K [0x0000000081e00000, 0x0000000100000000)
  region size 1024K, 76 young (77824K), 1 survivors (1024K)
 Metaspace       used 15644K, committed 15936K, reserved 1114112K
  class space    used 1818K, committed 1920K, reserved 1048576K
}

Dll operation events (8 events):
Event: 0.008 Loaded shared library C:\Program Files\Java\jdk-20\bin\java.dll
Event: 0.019 Loaded shared library C:\Program Files\Java\jdk-20\bin\jsvml.dll
Event: 0.139 Loaded shared library C:\Program Files\Java\jdk-20\bin\net.dll
Event: 0.142 Loaded shared library C:\Program Files\Java\jdk-20\bin\nio.dll
Event: 0.150 Loaded shared library C:\Program Files\Java\jdk-20\bin\zip.dll
Event: 0.158 Loaded shared library C:\Program Files\Java\jdk-20\bin\jimage.dll
Event: 0.410 Loaded shared library C:\Users\Administrator\AppData\Local\Temp\jansi-2.4.0-aa26b0a483256863-jansi.dll
Event: 0.425 Loaded shared library C:\Program Files\Java\jdk-20\bin\verify.dll

Deoptimization events (20 events):
Event: 3.417 Thread 0x00000175ea1075e0 DEOPT PACKING pc=0x0000017587beaef8 sp=0x0000005dd67fd500
Event: 3.417 Thread 0x00000175ea1075e0 DEOPT UNPACKING pc=0x0000017587599d22 sp=0x0000005dd67fd4a8 mode 2
Event: 3.440 Thread 0x00000175ea1075e0 Uncommon trap: trap_request=0xffffffbe fr.pc=0x0000017587c11204 relative=0x0000000000000d24
Event: 3.440 Thread 0x00000175ea1075e0 Uncommon trap: reason=profile_predicate action=maybe_recompile pc=0x0000017587c11204 method=java.util.regex.Pattern$CharPropertyGreedy.match(Ljava/util/regex/Matcher;ILjava/lang/CharSequence;)Z @ 103 c2
Event: 3.440 Thread 0x00000175ea1075e0 DEOPT PACKING pc=0x0000017587c11204 sp=0x0000005dd67fd760
Event: 3.440 Thread 0x00000175ea1075e0 DEOPT UNPACKING pc=0x0000017587599d22 sp=0x0000005dd67fd700 mode 2
Event: 3.440 Thread 0x00000175ea1075e0 Uncommon trap: trap_request=0xffffffbe fr.pc=0x0000017587c11204 relative=0x0000000000000d24
Event: 3.440 Thread 0x00000175ea1075e0 Uncommon trap: reason=profile_predicate action=maybe_recompile pc=0x0000017587c11204 method=java.util.regex.Pattern$CharPropertyGreedy.match(Ljava/util/regex/Matcher;ILjava/lang/CharSequence;)Z @ 103 c2
Event: 3.440 Thread 0x00000175ea1075e0 DEOPT PACKING pc=0x0000017587c11204 sp=0x0000005dd67fd380
Event: 3.440 Thread 0x00000175ea1075e0 DEOPT UNPACKING pc=0x0000017587599d22 sp=0x0000005dd67fd320 mode 2
Event: 3.440 Thread 0x00000175ea1075e0 Uncommon trap: trap_request=0xffffffbe fr.pc=0x0000017587c11204 relative=0x0000000000000d24
Event: 3.440 Thread 0x00000175ea1075e0 Uncommon trap: reason=profile_predicate action=maybe_recompile pc=0x0000017587c11204 method=java.util.regex.Pattern$CharPropertyGreedy.match(Ljava/util/regex/Matcher;ILjava/lang/CharSequence;)Z @ 103 c2
Event: 3.440 Thread 0x00000175ea1075e0 DEOPT PACKING pc=0x0000017587c11204 sp=0x0000005dd67fd380
Event: 3.440 Thread 0x00000175ea1075e0 DEOPT UNPACKING pc=0x0000017587599d22 sp=0x0000005dd67fd320 mode 2
Event: 3.440 Thread 0x00000175ea1075e0 Uncommon trap: trap_request=0xffffffbe fr.pc=0x0000017587c11204 relative=0x0000000000000d24
Event: 3.440 Thread 0x00000175ea1075e0 Uncommon trap: reason=profile_predicate action=maybe_recompile pc=0x0000017587c11204 method=java.util.regex.Pattern$CharPropertyGreedy.match(Ljava/util/regex/Matcher;ILjava/lang/CharSequence;)Z @ 103 c2
Event: 3.440 Thread 0x00000175ea1075e0 DEOPT PACKING pc=0x0000017587c11204 sp=0x0000005dd67fd160
Event: 3.440 Thread 0x00000175ea1075e0 DEOPT UNPACKING pc=0x0000017587599d22 sp=0x0000005dd67fd120 mode 2
Event: 3.543 Thread 0x00000175ea1075e0 DEOPT PACKING pc=0x0000017580587734 sp=0x0000005dd67fced0
Event: 3.543 Thread 0x00000175ea1075e0 DEOPT UNPACKING pc=0x000001758759a4c2 sp=0x0000005dd67fc428 mode 0

Classes loaded (20 events):
Event: 2.843 Loading class java/util/AbstractMap$2
Event: 2.843 Loading class java/util/AbstractMap$2 done
Event: 2.843 Loading class java/util/AbstractMap$2$1
Event: 2.843 Loading class java/util/AbstractMap$2$1 done
Event: 2.906 Loading class sun/util/resources/LocaleData$CommonResourceBundleProvider
Event: 2.906 Loading class sun/util/resources/LocaleData$LocaleDataResourceBundleProvider
Event: 2.906 Loading class java/util/spi/ResourceBundleProvider
Event: 2.906 Loading class java/util/spi/ResourceBundleProvider done
Event: 2.906 Loading class sun/util/resources/LocaleData$LocaleDataResourceBundleProvider done
Event: 2.906 Loading class sun/util/resources/LocaleData$CommonResourceBundleProvider done
Event: 2.907 Loading class sun/util/resources/Bundles$2
Event: 2.907 Loading class sun/util/resources/Bundles$2 done
Event: 2.963 Loading class java/math/BigDecimal
Event: 2.964 Loading class java/math/BigDecimal done
Event: 2.964 Loading class java/lang/Short$ShortCache
Event: 2.964 Loading class java/lang/Short$ShortCache done
Event: 2.964 Loading class java/lang/Byte$ByteCache
Event: 2.964 Loading class java/lang/Byte$ByteCache done
Event: 3.452 Loading class java/util/LinkedList$LLSpliterator
Event: 3.453 Loading class java/util/LinkedList$LLSpliterator done

Classes unloaded (0 events):
No events

Classes redefined (0 events):
No events

Internal exceptions (20 events):
Event: 0.964 Thread 0x00000175ea1075e0 Exception <a 'java/lang/NoSuchMethodError'{0x00000000898d2d28}: 'int java.lang.invoke.DirectMethodHandle$Holder.invokeStaticInit(java.lang.Object, java.lang.Object)'> (0x00000000898d2d28) 
thrown [s\open\src\hotspot\share\interpreter\linkResolver.cpp, line 773]
Event: 0.973 Thread 0x00000175ea1075e0 Exception <a 'java/lang/NoClassDefFoundError'{0x000000008970cf70}: javax/enterprise/inject/Typed> (0x000000008970cf70) 
thrown [s\open\src\hotspot\share\classfile\systemDictionary.cpp, line 294]
Event: 2.085 Thread 0x00000175ea1075e0 Exception <a 'java/lang/NoSuchMethodError'{0x0000000087f672d0}: 'void java.lang.invoke.DirectMethodHandle$Holder.invokeStaticInit(java.lang.Object, java.lang.Object, java.lang.Object)'> (0x0000000087f672d0) 
thrown [s\open\src\hotspot\share\interpreter\linkResolver.cpp, line 773]
Event: 2.091 Thread 0x00000175ea1075e0 Exception <a 'java/lang/ExceptionInInitializerError'{0x0000000087f92b08}> (0x0000000087f92b08) 
thrown [s\open\src\hotspot\share\oops\instanceKlass.cpp, line 1160]
Event: 2.123 Thread 0x00000175ea1075e0 Exception <a 'java/lang/NoSuchMethodError'{0x0000000087eaeab0}: 'long java.lang.invoke.DirectMethodHandle$Holder.invokeStatic(java.lang.Object, java.lang.Object, int)'> (0x0000000087eaeab0) 
thrown [s\open\src\hotspot\share\interpreter\linkResolver.cpp, line 773]
Event: 2.125 Thread 0x00000175ea1075e0 Exception <a 'java/lang/NoSuchMethodError'{0x0000000087ec1b48}: 'java.lang.Object java.lang.invoke.DirectMethodHandle$Holder.invokeStatic(java.lang.Object, java.lang.Object, java.lang.Object, java.lang.Object, int)'> (0x0000000087ec1b48) 
thrown [s\open\src\hotspot\share\interpreter\linkResolver.cpp, line 773]
Event: 2.126 Thread 0x00000175ea1075e0 Exception <a 'java/lang/NoSuchMethodError'{0x0000000087ec9a60}: 'java.lang.Object java.lang.invoke.DirectMethodHandle$Holder.invokeSpecial(java.lang.Object, java.lang.Object, java.lang.Object, java.lang.Object, long)'> (0x0000000087ec9a60) 
thrown [s\open\src\hotspot\share\interpreter\linkResolver.cpp, line 773]
Event: 2.128 Thread 0x00000175ea1075e0 Exception <a 'java/lang/NoSuchMethodError'{0x0000000087ed52f8}: 'java.lang.Object java.lang.invoke.DirectMethodHandle$Holder.invokeSpecial(java.lang.Object, java.lang.Object, java.lang.Object, int, java.lang.Object)'> (0x0000000087ed52f8) 
thrown [s\open\src\hotspot\share\interpreter\linkResolver.cpp, line 773]
Event: 2.129 Thread 0x00000175ea1075e0 Exception <a 'java/lang/NoSuchMethodError'{0x0000000087edd418}: 'int java.lang.invoke.DirectMethodHandle$Holder.invokeSpecial(java.lang.Object, java.lang.Object, java.lang.Object, int)'> (0x0000000087edd418) 
thrown [s\open\src\hotspot\share\interpreter\linkResolver.cpp, line 773]
Event: 2.134 Thread 0x00000175ea1075e0 Implicit null exception at 0x0000017587b4751d to 0x0000017587b47674
Event: 2.137 Thread 0x00000175ea1075e0 Exception <a 'java/lang/NoSuchMethodError'{0x0000000087d03308}: 'java.lang.Object java.lang.invoke.Invokers$Holder.invokeExact_MT(java.lang.Object, int, java.lang.Object)'> (0x0000000087d03308) 
thrown [s\open\src\hotspot\share\interpreter\linkResolver.cpp, line 773]
Event: 2.457 Thread 0x00000175ea1075e0 Exception <a 'java/lang/NoSuchMethodError'{0x000000008753db48}: 'void java.lang.invoke.Invokers$Holder.invokeExact_MT(java.lang.Object, java.lang.Object, java.lang.Object, java.lang.Object)'> (0x000000008753db48) 
thrown [s\open\src\hotspot\share\interpreter\linkResolver.cpp, line 773]
Event: 2.485 Thread 0x00000175ea1075e0 Exception <a 'java/lang/NoClassDefFoundError'{0x00000000875d6a30}: com/google/inject/servlet/ServletModuleTargetVisitor> (0x00000000875d6a30) 
thrown [s\open\src\hotspot\share\classfile\systemDictionary.cpp, line 294]
Event: 2.587 Thread 0x00000175ea1075e0 Exception <a 'java/lang/NoSuchMethodError'{0x000000008729ae98}: 'void java.lang.invoke.DirectMethodHandle$Holder.invokeVirtual(java.lang.Object, java.lang.Object)'> (0x000000008729ae98) 
thrown [s\open\src\hotspot\share\interpreter\linkResolver.cpp, line 773]
Event: 2.615 Thread 0x00000175ea1075e0 Exception <a 'java/lang/NoSuchMethodError'{0x000000008712ae58}: 'java.lang.Object java.lang.invoke.DirectMethodHandle$Holder.invokeStaticInit(java.lang.Object, int, int, int, int)'> (0x000000008712ae58) 
thrown [s\open\src\hotspot\share\interpreter\linkResolver.cpp, line 773]
Event: 2.804 Thread 0x00000175ea1075e0 Implicit null exception at 0x0000017587b64260 to 0x0000017587b6474c
Event: 2.804 Thread 0x00000175ea1075e0 Implicit null exception at 0x0000017587b13ae0 to 0x0000017587b13fc4
Event: 2.851 Thread 0x00000175ea1075e0 Implicit null exception at 0x0000017587b64daa to 0x0000017587b64f5c
Event: 2.974 Thread 0x00000175ea1075e0 Exception <a 'java/lang/NoSuchMethodError'{0x00000000869d4da0}: 'void java.lang.invoke.DirectMethodHandle$Holder.invokeVirtual(java.lang.Object, java.lang.Object, int)'> (0x00000000869d4da0) 
thrown [s\open\src\hotspot\share\interpreter\linkResolver.cpp, line 773]
Event: 2.975 Thread 0x00000175ea1075e0 Exception <a 'java/lang/NoSuchMethodError'{0x00000000869dbd70}: 'void java.lang.invoke.DelegatingMethodHandle$Holder.reinvoke_L(java.lang.Object, java.lang.Object, int)'> (0x00000000869dbd70) 
thrown [s\open\src\hotspot\share\interpreter\linkResolver.cpp, line 773]

VM Operations (20 events):
Event: 2.602 Executing VM operation: HandshakeAllThreads done
Event: 2.637 Executing VM operation: HandshakeAllThreads
Event: 2.637 Executing VM operation: HandshakeAllThreads done
Event: 2.667 Executing VM operation: ICBufferFull
Event: 2.667 Executing VM operation: ICBufferFull done
Event: 2.694 Executing VM operation: HandshakeAllThreads
Event: 2.694 Executing VM operation: HandshakeAllThreads done
Event: 2.758 Executing VM operation: HandshakeAllThreads
Event: 2.758 Executing VM operation: HandshakeAllThreads done
Event: 2.759 Executing VM operation: HandshakeAllThreads
Event: 2.759 Executing VM operation: HandshakeAllThreads done
Event: 2.832 Executing VM operation: HandshakeAllThreads
Event: 2.832 Executing VM operation: HandshakeAllThreads done
Event: 2.833 Executing VM operation: HandshakeAllThreads
Event: 2.833 Executing VM operation: HandshakeAllThreads done
Event: 2.834 Executing VM operation: HandshakeAllThreads
Event: 2.834 Executing VM operation: HandshakeAllThreads done
Event: 3.175 Executing VM operation: ICBufferFull
Event: 3.175 Executing VM operation: ICBufferFull done
Event: 3.550 Executing VM operation: G1CollectForAllocation

Events (12 events):
Event: 0.019 Thread 0x00000175ea1075e0 Thread added: 0x00000175ea1075e0
Event: 0.036 Thread 0x00000175f7217750 Thread added: 0x00000175f7217750
Event: 0.037 Thread 0x00000175f7220db0 Thread added: 0x00000175f7220db0
Event: 0.037 Thread 0x00000175f72254f0 Thread added: 0x00000175f72254f0
Event: 0.038 Thread 0x00000175f7227e50 Thread added: 0x00000175f7227e50
Event: 0.038 Thread 0x00000175f7228f30 Thread added: 0x00000175f7228f30
Event: 0.038 Thread 0x00000175f722d030 Thread added: 0x00000175f722d030
Event: 0.038 Thread 0x00000175f7238a40 Thread added: 0x00000175f7238a40
Event: 0.039 Thread 0x00000175f722eca0 Thread added: 0x00000175f722eca0
Event: 0.089 Thread 0x00000175fb4d67c0 Thread added: 0x00000175fb4d67c0
Event: 0.128 Thread 0x00000175fb4f3c00 Thread added: 0x00000175fb4f3c00
Event: 0.260 Thread 0x00000175fb55abf0 Thread added: 0x00000175fb55abf0


Dynamic libraries:
0x00007ff6f3fb0000 - 0x00007ff6f3fc0000 	C:\Program Files\Java\jdk-20\bin\java.exe
0x00007ffe8a5b0000 - 0x00007ffe8a7a4000 	C:\WINDOWS\SYSTEM32\ntdll.dll
0x00007ffe89a10000 - 0x00007ffe89acd000 	C:\WINDOWS\System32\KERNEL32.DLL
0x00007ffe87e80000 - 0x00007ffe88147000 	C:\WINDOWS\System32\KERNELBASE.dll
0x00007ffe881b0000 - 0x00007ffe882b0000 	C:\WINDOWS\System32\ucrtbase.dll
0x00007ffe77ac0000 - 0x00007ffe77ad9000 	C:\Program Files\Java\jdk-20\bin\jli.dll
0x00007ffe8a040000 - 0x00007ffe8a0ea000 	C:\WINDOWS\System32\ADVAPI32.dll
0x00007ffe89b30000 - 0x00007ffe89bce000 	C:\WINDOWS\System32\msvcrt.dll
0x00007ffe890b0000 - 0x00007ffe8914b000 	C:\WINDOWS\System32\sechost.dll
0x00007ffe89820000 - 0x00007ffe89943000 	C:\WINDOWS\System32\RPCRT4.dll
0x00007ffe820c0000 - 0x00007ffe820db000 	C:\Program Files\Java\jdk-20\bin\VCRUNTIME140.dll
0x00007ffe8a0f0000 - 0x00007ffe8a290000 	C:\WINDOWS\System32\USER32.dll
0x00007ffe88350000 - 0x00007ffe88372000 	C:\WINDOWS\System32\win32u.dll
0x00007ffe89970000 - 0x00007ffe8999a000 	C:\WINDOWS\System32\GDI32.dll
0x00007ffe87d70000 - 0x00007ffe87e7a000 	C:\WINDOWS\System32\gdi32full.dll
0x00007ffe77410000 - 0x00007ffe776aa000 	C:\WINDOWS\WinSxS\amd64_microsoft.windows.common-controls_6595b64144ccf1df_6.0.19041.1_none_b555e41d4684ddec\COMCTL32.dll
0x00007ffe882b0000 - 0x00007ffe8834d000 	C:\WINDOWS\System32\msvcp_win.dll
0x00007ffe7f0d0000 - 0x00007ffe7f0da000 	C:\WINDOWS\SYSTEM32\VERSION.dll
0x00007ffe8a290000 - 0x00007ffe8a2c0000 	C:\WINDOWS\System32\IMM32.DLL
0x00007ffe81f90000 - 0x00007ffe81f9c000 	C:\Program Files\Java\jdk-20\bin\vcruntime140_1.dll
0x00007ffe68020000 - 0x00007ffe680ae000 	C:\Program Files\Java\jdk-20\bin\msvcp140.dll
0x00007ffe5c330000 - 0x00007ffe5cfc7000 	C:\Program Files\Java\jdk-20\bin\server\jvm.dll
0x00007ffe77b60000 - 0x00007ffe77b87000 	C:\WINDOWS\SYSTEM32\WINMM.dll
0x00007ffe75f20000 - 0x00007ffe75f29000 	C:\WINDOWS\SYSTEM32\WSOCK32.dll
0x00007ffe899a0000 - 0x00007ffe89a0b000 	C:\WINDOWS\System32\WS2_32.dll
0x00007ffe86900000 - 0x00007ffe86913000 	C:\WINDOWS\SYSTEM32\kernel.appcore.dll
0x00007ffe7ede0000 - 0x00007ffe7edea000 	C:\Program Files\Java\jdk-20\bin\jimage.dll
0x00007ffe86310000 - 0x00007ffe864f4000 	C:\WINDOWS\SYSTEM32\DBGHELP.DLL
0x00007ffe72b20000 - 0x00007ffe72b4c000 	C:\WINDOWS\SYSTEM32\dbgcore.DLL
0x00007ffe88380000 - 0x00007ffe883ff000 	C:\WINDOWS\System32\bcryptPrimitives.dll
0x00007ffe80280000 - 0x00007ffe802a6000 	C:\Program Files\Java\jdk-20\bin\java.dll
0x00007ffe77330000 - 0x00007ffe77407000 	C:\Program Files\Java\jdk-20\bin\jsvml.dll
0x00007ffe88970000 - 0x00007ffe890a1000 	C:\WINDOWS\System32\SHELL32.dll
0x00007ffe85ab0000 - 0x00007ffe8623a000 	C:\WINDOWS\SYSTEM32\windows.storage.dll
0x00007ffe89390000 - 0x00007ffe896e4000 	C:\WINDOWS\System32\combase.dll
0x00007ffe87770000 - 0x00007ffe8779b000 	C:\WINDOWS\SYSTEM32\Wldp.dll
0x00007ffe89770000 - 0x00007ffe8981e000 	C:\WINDOWS\System32\SHCORE.dll
0x00007ffe89ad0000 - 0x00007ffe89b25000 	C:\WINDOWS\System32\shlwapi.dll
0x00007ffe87c30000 - 0x00007ffe87c4f000 	C:\WINDOWS\SYSTEM32\profapi.dll
0x00007ffe77310000 - 0x00007ffe77323000 	C:\Program Files\Java\jdk-20\bin\net.dll
0x00007ffe81210000 - 0x00007ffe81312000 	C:\WINDOWS\SYSTEM32\WINHTTP.dll
0x00007ffe874f0000 - 0x00007ffe8755a000 	C:\WINDOWS\system32\mswsock.dll
0x00007ffe772f0000 - 0x00007ffe77306000 	C:\Program Files\Java\jdk-20\bin\nio.dll
0x00007ffe772d0000 - 0x00007ffe772e8000 	C:\Program Files\Java\jdk-20\bin\zip.dll
0x0000000069ac0000 - 0x0000000069ae4000 	C:\Users\Administrator\AppData\Local\Temp\jansi-2.4.0-aa26b0a483256863-jansi.dll
0x00007ffe778e0000 - 0x00007ffe778f0000 	C:\Program Files\Java\jdk-20\bin\verify.dll

dbghelp: loaded successfully - version: 4.0.5 - missing functions: none
symbol engine: initialized successfully - sym options: 0x614 - pdb path: .;C:\Program Files\Java\jdk-20\bin;C:\WINDOWS\SYSTEM32;C:\WINDOWS\WinSxS\amd64_microsoft.windows.common-controls_6595b64144ccf1df_6.0.19041.1_none_b555e41d4684ddec;C:\Program Files\Java\jdk-20\bin\server;C:\Users\Administrator\AppData\Local\Temp

VM Arguments:
jvm_args: -Dmaven.multiModuleProjectDirectory=C:\Repos\API 
java_command: org.apache.maven.wrapper.MavenWrapperMain -Dmaven.ext.class.path=C:\Program Files\NetBeans-17\netbeans\java\maven-nblib\netbeans-eventspy.jar --no-transfer-progress clean install
java_class_path (initial): C:\Repos\API\.mvn\wrapper\maven-wrapper.jar
Launcher Type: SUN_STANDARD

[Global flags]
     intx CICompilerCount                          = 3                                         {product} {ergonomic}
     uint ConcGCThreads                            = 1                                         {product} {ergonomic}
     uint G1ConcRefinementThreads                  = 4                                         {product} {ergonomic}
   size_t G1HeapRegionSize                         = 1048576                                   {product} {ergonomic}
    uintx GCDrainStackTargetSize                   = 64                                        {product} {ergonomic}
   size_t InitialHeapSize                          = 134217728                                 {product} {ergonomic}
   size_t MarkStackSize                            = 4194304                                   {product} {ergonomic}
   size_t MaxHeapSize                              = 2116026368                                {product} {ergonomic}
   size_t MaxNewSize                               = 1268776960                                {product} {ergonomic}
   size_t MinHeapDeltaBytes                        = 1048576                                   {product} {ergonomic}
   size_t MinHeapSize                              = 8388608                                   {product} {ergonomic}
    uintx NonNMethodCodeHeapSize                   = 5832780                                {pd product} {ergonomic}
    uintx NonProfiledCodeHeapSize                  = 122912730                              {pd product} {ergonomic}
    uintx ProfiledCodeHeapSize                     = 122912730                              {pd product} {ergonomic}
    uintx ReservedCodeCacheSize                    = 251658240                              {pd product} {ergonomic}
     bool SegmentedCodeCache                       = true                                      {product} {ergonomic}
   size_t SoftMaxHeapSize                          = 2116026368                             {manageable} {ergonomic}
     bool UseCompressedClassPointers               = true                           {product lp64_product} {ergonomic}
     bool UseCompressedOops                        = true                           {product lp64_product} {ergonomic}
     bool UseG1GC                                  = true                                      {product} {ergonomic}
     bool UseLargePagesIndividualAllocation        = false                                  {pd product} {ergonomic}

Logging:
Log output configuration:
 #0: stdout all=warning uptime,level,tags foldmultilines=false
 #1: stderr all=off uptime,level,tags foldmultilines=false

Environment Variables:
JAVA_HOME=C:\Program Files\Java\jdk-20
PATH=C:\Program Files\Common Files\Oracle\Java\javapath;C:\WINDOWS\system32;C:\WINDOWS;C:\WINDOWS\System32\Wbem;C:\WINDOWS\System32\WindowsPowerShell\v1.0\;C:\WINDOWS\System32\OpenSSH\;C:\Users\Administrator\AppData\Local\Microsoft\WindowsApps;C:\Users\Administrator\AppData\Local\Programs\Microsoft VS Code\bin;C:\adb;C:\WINDOWS\system32;C:\WINDOWS;C:\WINDOWS\System32\Wbem;C:\WINDOWS\System32\WindowsPowerShell\v1.0\;C:\WINDOWS\System32\OpenSSH\;C:\Program Files\Microsoft VS Code\bin;C:\Program Files\Git\cmd;C:\Program Files\Java\apache-maven-3.9.0\bin;C:\Program Files\Java\jdk1.8.0_60\bin;C:\Program Files\Java\jre1.8.0_361\bin;C:\Program Files\nodejs\;C:\Users\Administrator\AppData\Local\Microsoft\WindowsApps;C:\Users\Administrator\AppData\Roaming\npm
USERNAME=Administrator
OS=Windows_NT
PROCESSOR_IDENTIFIER=Intel64 Family 6 Model 61 Stepping 4, GenuineIntel
TMP=C:\Users\ADMINI~1\AppData\Local\Temp
TEMP=C:\Users\ADMINI~1\AppData\Local\Temp




---------------  S Y S T E M  ---------------

OS:
 Windows 10 , 64 bit Build 19041 (10.0.19041.1)
OS uptime: 0 days 3:25 hours

CPU: total 4 (initial active 4) (2 cores per cpu, 2 threads per core) family 6 model 61 stepping 4 microcode 0x2d, cx8, cmov, fxsr, ht, mmx, 3dnowpref, sse, sse2, sse3, ssse3, sse4.1, sse4.2, popcnt, lzcnt, tsc, tscinvbit, avx, avx2, aes, erms, clmul, bmi1, bmi2, rtm, adx, fma, vzeroupper, clflush, rdtscp, f16c

Memory: 4k page, system-wide physical 8064M (1862M free)
TotalPageFile size 11264M (AvailPageFile size 3977M)
current process WorkingSet (physical memory assigned to process): 162M, peak: 162M
current process commit charge ("private bytes"): 239M, peak: 240M

vm_info: Java HotSpot(TM) 64-Bit Server VM (20.0.1+9-29) for windows-amd64 JRE (20.0.1+9-29), built on 2023-03-07T13:56:11Z by "mach5one" with MS VC++ 17.1 (VS2022)

END.
