#
# A fatal error has been detected by the Java Runtime Environment:
#
#  EXCEPTION_ACCESS_VIOLATION (0xc0000005) at pc=0x00007ffe5c9c8f33, pid=8256, tid=6240
#
# JRE version: Java(TM) SE Runtime Environment (20.0.1+9) (build 20.0.1+9-29)
# Java VM: Java HotSpot(TM) 64-Bit Server VM (20.0.1+9-29, mixed mode, sharing, tiered, compressed oops, compressed class ptrs, g1 gc, windows-amd64)
# Problematic frame:
# V  [jvm.dll+0x698f33]
#
# No core dump will be written. Minidumps are not enabled by default on client versions of Windows
#
# If you would like to submit a bug report, please visit:
#   https://bugreport.java.com/bugreport/crash.jsp
#

---------------  S U M M A R Y ------------

Command Line: -agentlib:jdwp=transport=dt_socket,server=n,address=49729 com.apm.API.AmusementParkManagerApplication

Host: Intel(R) Core(TM) i5-5300U CPU @ 2.30GHz, 4 cores, 7G,  Windows 10 , 64 bit Build 19041 (10.0.19041.1)
Time: Sun Jun 25 00:12:30 2023 Hora estándar de Argentina elapsed time: 7.795944 seconds (0d 0h 0m 7s)

---------------  T H R E A D  ---------------

Current thread (0x000001fbb44638f0):  JavaThread "C2 CompilerThread0" daemon [_thread_in_native, id=6240, stack(0x0000005150800000,0x0000005150900000)]


Current CompileTask:
C2:   7796 4017   !   4       jdk.internal.loader.BuiltinClassLoader::findClassOnClassPathOrNull (64 bytes)

Stack: [0x0000005150800000,0x0000005150900000],  sp=0x00000051508fb530,  free space=1005k
Native frames: (J=compiled Java code, j=interpreted, Vv=VM code, C=native code)
V  [jvm.dll+0x698f33]
V  [jvm.dll+0x6e5f77]
V  [jvm.dll+0x6e5d7c]
V  [jvm.dll+0x6e3a0b]
V  [jvm.dll+0x6e52b4]
V  [jvm.dll+0x1e6f06]
V  [jvm.dll+0x24b3ab]
V  [jvm.dll+0x24a651]
V  [jvm.dll+0x1ce491]
V  [jvm.dll+0x259e1b]
V  [jvm.dll+0x2584f0]
V  [jvm.dll+0x3f2895]
V  [jvm.dll+0x7f4b56]
V  [jvm.dll+0x6ba5cb]
C  [ucrtbase.dll+0x21542]
C  [KERNEL32.DLL+0x16fd4]
C  [ntdll.dll+0x4cf31]


siginfo: EXCEPTION_ACCESS_VIOLATION (0xc0000005), reading address 0x0000000000000410


Registers:
RAX=0x000001fbba0ab448, RBX=0x000001fbba0ab3e0, RCX=0x0000000000000400, RDX=0x00000051508fe280
RSP=0x00000051508fb530, RBP=0x000001fbbd966890, RSI=0x000001fb983cb190, RDI=0x0000000000000000
R8 =0x0000000000020000, R9 =0x000001fbba0ab448, R10=0x000001fbbadb6d68, R11=0x000001fbbadb6d70
R12=0x0000000000000068, R13=0x000001fb983cb190, R14=0x0000000000000000, R15=0x00000051508fe280
RIP=0x00007ffe5c9c8f33, EFLAGS=0x0000000000010206


Register to memory mapping:

RIP=0x00007ffe5c9c8f33 jvm.dll
RAX=0x000001fbba0ab448 points into unknown readable memory: 0x0000000000000400 | 00 04 00 00 00 00 00 00
RBX=0x000001fbba0ab3e0 points into unknown readable memory: 0x00007ffe5cc88ef8 | f8 8e c8 5c fe 7f 00 00
RCX=0x0000000000000400 is an unknown value
RDX=0x00000051508fe280 is pointing into the stack for thread: 0x000001fbb44638f0
RSP=0x00000051508fb530 is pointing into the stack for thread: 0x000001fbb44638f0
RBP=0x000001fbbd966890 points into unknown readable memory: 0x000001fbb4459db0 | b0 9d 45 b4 fb 01 00 00
RSI=0x000001fb983cb190 points into unknown readable memory: 0x000001fbb4464280 | 80 42 46 b4 fb 01 00 00
RDI=0x0 is NULL
R8 =0x0000000000020000 is an unknown value
R9 =0x000001fbba0ab448 points into unknown readable memory: 0x0000000000000400 | 00 04 00 00 00 00 00 00
R10=0x000001fbbadb6d68 points into unknown readable memory: 0x0000000000000000 | 00 00 00 00 00 00 00 00
R11=0x000001fbbadb6d70 points into unknown readable memory: 0x000001fbbc910d20 | 20 0d 91 bc fb 01 00 00
R12=0x0000000000000068 is an unknown value
R13=0x000001fb983cb190 points into unknown readable memory: 0x000001fbb4464280 | 80 42 46 b4 fb 01 00 00
R14=0x0 is NULL
R15=0x00000051508fe280 is pointing into the stack for thread: 0x000001fbb44638f0


Top of Stack: (sp=0x00000051508fb530)
0x00000051508fb530:   000001fbbd967e70 0000000000000001
0x00000051508fb540:   000001fbbd966890 00000051508fbd40
0x00000051508fb550:   000001fbbd967e70 00000051508fbd40
0x00000051508fb560:   0000000000000002 00007ffe5ca15f77
0x00000051508fb570:   0000000000000002 000001fbbc6118b0
0x00000051508fb580:   000001fbba0ab3e0 000001fbbb209688
0x00000051508fb590:   000001fbbd967e70 000001fbbd966890
0x00000051508fb5a0:   00000051508fbd40 0000000000000088
0x00000051508fb5b0:   000001fbbbb0abe0 000001fbbc910d20
0x00000051508fb5c0:   0000000000000011 000001fbba0ab3e0
0x00000051508fb5d0:   000001fbb8d85550 00007ffe5ca15d7c
0x00000051508fb5e0:   000001fbbb26a310 000001fbbb26a310
0x00000051508fb5f0:   000001fbba0ab3e0 000001fbbb209688
0x00000051508fb600:   000001fbbd967e70 000001fbbd966890
0x00000051508fb610:   00000051508fbd40 0000000000000002
0x00000051508fb620:   0000000000000000 000001fbbb26a310
0x00000051508fb630:   0000000000000291 00007ffe5ca13a0b
0x00000051508fb640:   0000000000001488 000001fbbd967e70
0x00000051508fb650:   000001fbbd966890 00000051508fbd40
0x00000051508fb660:   000001fbbb209688 000001fbbd967e70
0x00000051508fb670:   000001fbbd966890 000001fbbd966890
0x00000051508fb680:   0000000000000088 0000000000000000
0x00000051508fb690:   000001fbbd967e70 000001fbbd967e70
0x00000051508fb6a0:   000001fbbc910d20 000000000000001f
0x00000051508fb6b0:   000001fbbd966890 0000000000000000
0x00000051508fb6c0:   00000051508fbd40 000001fbbb209688
0x00000051508fb6d0:   0000000000000011 00007ffe5ca152b4
0x00000051508fb6e0:   0000000000000273 000001fbbc910d20
0x00000051508fb6f0:   0000000000000011 000001fbbb209688
0x00000051508fb700:   000001fbbd967e70 000001fbbd966890
0x00000051508fb710:   0000000000000201 00000000ffffffff
0x00000051508fb720:   000001fbbd966890 000001fbbaeea9c8 

Instructions: (pc=0x00007ffe5c9c8f33)
0x00007ffe5c9c8e33:   48 8b 8f d8 01 00 00 4d 8d 40 08 ff c2 4a 8b 44
0x00007ffe5c9c8e43:   01 f8 4a 89 44 01 f0 8b 87 d0 01 00 00 3b d0 7c
0x00007ffe5c9c8e53:   df ff c8 89 87 d0 01 00 00 8b 43 30 c1 e8 0f a8
0x00007ffe5c9c8e63:   01 74 0b 48 8b d3 48 8b cf e8 4f ca bb ff 8b 43
0x00007ffe5c9c8e73:   2c 83 e0 03 3c 03 75 21 48 8d 4b 48 e8 2c 50 07
0x00007ffe5c9c8e83:   00 8b 43 2c 83 e0 1f 3c 1f 75 0e 45 33 c0 48 8b
0x00007ffe5c9c8e93:   d3 48 8b cf e8 64 cd bb ff 48 8b 05 0d 7a 50 00
0x00007ffe5c9c8ea3:   48 8b d3 48 8b 48 28 48 8b 01 48 8b 5c 24 58 48
0x00007ffe5c9c8eb3:   8b 6c 24 60 48 8b 74 24 68 48 83 c4 20 41 5f 41
0x00007ffe5c9c8ec3:   5e 41 5d 41 5c 5f 48 ff a0 b8 00 00 00 48 89 5c
0x00007ffe5c9c8ed3:   24 08 48 89 74 24 10 48 89 7c 24 18 41 54 41 56
0x00007ffe5c9c8ee3:   41 57 48 83 ec 20 8b 41 18 45 33 f6 41 bc 68 00
0x00007ffe5c9c8ef3:   00 00 4c 8b fa 48 8b d9 41 8b fe 85 c0 74 71 8b
0x00007ffe5c9c8f03:   0d c0 af 55 00 65 48 8b 04 25 58 00 00 00 48 8d
0x00007ffe5c9c8f13:   34 c8 66 66 66 0f 1f 84 00 00 00 00 00 48 8b 43
0x00007ffe5c9c8f23:   08 8b cf 4c 8d 0c c8 48 8b 0c c8 48 85 c9 74 37
0x00007ffe5c9c8f33:   4c 8b 41 10 4d 85 c0 74 1d 8b 41 20 49 8d 14 c0
0x00007ffe5c9c8f43:   48 39 5a f8 48 8d 52 f8 75 f6 ff c8 89 41 20 49
0x00007ffe5c9c8f53:   8b 0c c0 48 89 0a 48 8b 06 4d 89 31 45 38 34 04
0x00007ffe5c9c8f63:   75 05 e8 36 cd 20 00 8b 43 18 ff c7 3b f8 72 ad
0x00007ffe5c9c8f73:   8b 7b 1c 48 8b f3 3b f8 76 67 8b 0d 45 af 55 00
0x00007ffe5c9c8f83:   65 48 8b 04 25 58 00 00 00 4c 8d 34 c8 48 8b 46
0x00007ffe5c9c8f93:   08 ff cf 48 8b 14 f8 48 85 d2 74 40 4c 8b 42 10
0x00007ffe5c9c8fa3:   4d 85 c0 74 1e 8b 4a 20 49 8d 04 c8 90 48 39 58
0x00007ffe5c9c8fb3:   f8 48 8d 40 f8 75 f6 ff c9 89 4a 20 49 8b 14 c8
0x00007ffe5c9c8fc3:   48 89 10 8b d7 48 8b cb e8 d0 f8 ff ff 49 8b 06
0x00007ffe5c9c8fd3:   41 80 3c 04 00 75 05 e8 c1 cc 20 00 3b 7b 18 77
0x00007ffe5c9c8fe3:   ac 8b 53 28 49 8b cf 48 8b 5c 24 40 48 8b 74 24
0x00007ffe5c9c8ff3:   48 48 8b 7c 24 50 48 83 c4 20 41 5f 41 5e 41 5c
0x00007ffe5c9c9003:   e9 a8 c6 bb ff cc cc cc cc cc cc cc cc 48 89 5c
0x00007ffe5c9c9013:   24 18 48 89 4c 24 08 55 56 57 41 54 41 55 41 56
0x00007ffe5c9c9023:   41 57 48 83 ec 20 44 8b 3d 90 b4 4a 00 49 8b e8 


Stack slot to memory mapping:
stack at sp + 0 slots: 0x000001fbbd967e70 points into unknown readable memory: 0x000001fbb4459db0 | b0 9d 45 b4 fb 01 00 00
stack at sp + 1 slots: 0x0000000000000001 is an unknown value
stack at sp + 2 slots: 0x000001fbbd966890 points into unknown readable memory: 0x000001fbb4459db0 | b0 9d 45 b4 fb 01 00 00
stack at sp + 3 slots: 0x00000051508fbd40 is pointing into the stack for thread: 0x000001fbb44638f0
stack at sp + 4 slots: 0x000001fbbd967e70 points into unknown readable memory: 0x000001fbb4459db0 | b0 9d 45 b4 fb 01 00 00
stack at sp + 5 slots: 0x00000051508fbd40 is pointing into the stack for thread: 0x000001fbb44638f0
stack at sp + 6 slots: 0x0000000000000002 is an unknown value
stack at sp + 7 slots: 0x00007ffe5ca15f77 jvm.dll


---------------  P R O C E S S  ---------------

Threads class SMR info:
_java_thread_list=0x000001fbbc5f3470, length=23, elements={
0x000001fb9834a9c0, 0x000001fbb445c460, 0x000001fbb445f310, 0x000001fbb44600b0,
0x000001fbb4461a00, 0x000001fbb4462340, 0x000001fbb4462c80, 0x000001fbb44638f0,
0x000001fbb8818530, 0x000001fbb88f6390, 0x000001fbb890fa30, 0x000001fbb8910730,
0x000001fbb8918e30, 0x000001fbb8925740, 0x000001fbb8a66810, 0x000001fbb93fade0,
0x000001fbb9174a40, 0x000001fbbc5d2050, 0x000001fbbc5d25a0, 0x000001fbbc5d1060,
0x000001fbbc5d15b0, 0x000001fbbc5d1b00, 0x000001fbb9ee0e80
}

Java Threads: ( => current thread )
  0x000001fb9834a9c0 JavaThread "main" [_thread_blocked, id=5772, stack(0x000000514fb00000,0x000000514fc00000)]
  0x000001fbb445c460 JavaThread "Reference Handler" daemon [_thread_blocked, id=5528, stack(0x0000005150200000,0x0000005150300000)]
  0x000001fbb445f310 JavaThread "Finalizer" daemon [_thread_blocked, id=9312, stack(0x0000005150300000,0x0000005150400000)]
  0x000001fbb44600b0 JavaThread "Signal Dispatcher" daemon [_thread_blocked, id=10056, stack(0x0000005150400000,0x0000005150500000)]
  0x000001fbb4461a00 JavaThread "Attach Listener" daemon [_thread_blocked, id=11232, stack(0x0000005150500000,0x0000005150600000)]
  0x000001fbb4462340 JavaThread "Service Thread" daemon [_thread_blocked, id=2396, stack(0x0000005150600000,0x0000005150700000)]
  0x000001fbb4462c80 JavaThread "Monitor Deflation Thread" daemon [_thread_blocked, id=4012, stack(0x0000005150700000,0x0000005150800000)]
=>0x000001fbb44638f0 JavaThread "C2 CompilerThread0" daemon [_thread_in_native, id=6240, stack(0x0000005150800000,0x0000005150900000)]
  0x000001fbb8818530 JavaThread "C1 CompilerThread0" daemon [_thread_blocked, id=9508, stack(0x0000005150900000,0x0000005150a00000)]
  0x000001fbb88f6390 JavaThread "JDWP Transport Listener: dt_socket" daemon [_thread_blocked, id=1240, stack(0x0000005150a00000,0x0000005150b00000)]
  0x000001fbb890fa30 JavaThread "JDWP Event Helper Thread" daemon [_thread_blocked, id=8844, stack(0x0000005150b00000,0x0000005150c00000)]
  0x000001fbb8910730 JavaThread "JDWP Command Reader" daemon [_thread_in_native, id=1472, stack(0x0000005150c00000,0x0000005150d00000)]
  0x000001fbb8918e30 JavaThread "Notification Thread" daemon [_thread_blocked, id=8884, stack(0x0000005150d00000,0x0000005150e00000)]
  0x000001fbb8925740 JavaThread "Common-Cleaner" daemon [_thread_blocked, id=7592, stack(0x0000005150f00000,0x0000005151000000)]
  0x000001fbb8a66810 JavaThread "C2 CompilerThread1" daemon [_thread_in_native, id=7836, stack(0x0000005151000000,0x0000005151100000)]
  0x000001fbb93fade0 JavaThread "Thread-0" [_thread_blocked, id=4564, stack(0x0000005151400000,0x0000005151500000)]
  0x000001fbb9174a40 JavaThread "restartedMain" [_thread_in_vm, id=9244, stack(0x0000005151500000,0x0000005151600000)]
  0x000001fbbc5d2050 JavaThread "Catalina-utility-1" [_thread_blocked, id=5368, stack(0x0000005151600000,0x0000005151700000)]
  0x000001fbbc5d25a0 JavaThread "Catalina-utility-2" [_thread_blocked, id=8248, stack(0x0000005151700000,0x0000005151800000)]
  0x000001fbbc5d1060 JavaThread "container-0" [_thread_blocked, id=10428, stack(0x0000005151800000,0x0000005151900000)]
  0x000001fbbc5d15b0 JavaThread "mysql-cj-abandoned-connection-cleanup" daemon [_thread_blocked, id=5836, stack(0x0000005151900000,0x0000005151a00000)]
  0x000001fbbc5d1b00 JavaThread "HikariPool-1 housekeeper" daemon [_thread_blocked, id=7452, stack(0x0000005151b00000,0x0000005151c00000)]
  0x000001fbb9ee0e80 JavaThread "HikariPool-1 connection adder" daemon [_thread_in_native, id=9396, stack(0x0000005151c00000,0x0000005151d00000)]

Other Threads:
  0x000001fbb443bbf0 VMThread "VM Thread" [stack: 0x0000005150100000,0x0000005150200000] [id=2136]
  0x000001fbb891a4d0 WatcherThread "VM Periodic Task Thread" [stack: 0x0000005150e00000,0x0000005150f00000] [id=2772]
  0x000001fb983a9a70 WorkerThread "GC Thread#0" [stack: 0x000000514fc00000,0x000000514fd00000] [id=2008]
  0x000001fbb8f5ede0 WorkerThread "GC Thread#1" [stack: 0x0000005151100000,0x0000005151200000] [id=6268]
  0x000001fbb93e2550 WorkerThread "GC Thread#2" [stack: 0x0000005151200000,0x0000005151300000] [id=3160]
  0x000001fbb8f6c170 WorkerThread "GC Thread#3" [stack: 0x0000005151300000,0x0000005151400000] [id=8748]
  0x000001fb983ba5c0 ConcurrentGCThread "G1 Main Marker" [stack: 0x000000514fd00000,0x000000514fe00000] [id=5416]
  0x000001fb983baff0 WorkerThread "G1 Conc#0" [stack: 0x000000514fe00000,0x000000514ff00000] [id=2888]
  0x000001fb98409a10 ConcurrentGCThread "G1 Refine#0" [stack: 0x000000514ff00000,0x0000005150000000] [id=3928]
  0x000001fbb42f3a20 ConcurrentGCThread "G1 Service" [stack: 0x0000005150000000,0x0000005150100000] [id=2748]

Threads with active compile tasks:
C2 CompilerThread0     7927 4017   !   4       jdk.internal.loader.BuiltinClassLoader::findClassOnClassPathOrNull (64 bytes)
C1 CompilerThread0     7927 4443       2       sun.security.jca.ProviderList::getService (118 bytes)
C2 CompilerThread1     7928 4191       4       sun.security.ec.ECOperations::setDouble (463 bytes)

VM state: not at safepoint (normal execution)

VM Mutex/Monitor currently owned by a thread: None

Heap address: 0x0000000081e00000, size: 2018 MB, Compressed Oops mode: 32-bit

CDS archive(s) mapped at: [0x0000000800000000-0x0000000800c60000-0x0000000800c60000), size 12976128, SharedBaseAddress: 0x0000000800000000, ArchiveRelocationMode: 0.
Compressed class space mapped at: 0x0000000801000000-0x0000000841000000, reserved size: 1073741824
Narrow klass base: 0x0000000800000000, Narrow klass shift: 0, Narrow klass range: 0x100000000

GC Precious Log:
 CardTable entry size: 512
 Card Set container configuration: InlinePtr #cards 5 size 8 Array Of Cards #cards 12 size 40 Howl #buckets 4 coarsen threshold 1843 Howl Bitmap #cards 512 size 80 coarsen threshold 460 Card regions per heap region 1 cards per card region 2048
 CPUs: 4 total, 4 available
 Memory: 8064M
 Large Page Support: Disabled
 NUMA Support: Disabled
 Compressed Oops: Enabled (32-bit)
 Heap Region Size: 1M
 Heap Min Capacity: 8M
 Heap Initial Capacity: 128M
 Heap Max Capacity: 2018M
 Pre-touch: Disabled
 Parallel Workers: 4
 Concurrent Workers: 1
 Concurrent Refinement Workers: 4
 Periodic GC: Disabled

Heap:
 garbage-first heap   total 45056K, used 32734K [0x0000000081e00000, 0x0000000100000000)
  region size 1024K, 18 young (18432K), 2 survivors (2048K)
 Metaspace       used 43610K, committed 44032K, reserved 1114112K
  class space    used 5472K, committed 5632K, reserved 1048576K

Heap Regions: E=young(eden), S=young(survivor), O=old, HS=humongous(starts), HC=humongous(continues), CS=collection set, F=free, OA=open archive, CA=closed archive, TAMS=top-at-mark-start, PB=parsable bottom
|   0|0x0000000081e00000, 0x0000000081f00000, 0x0000000081f00000|100%|HS|  |TAMS 0x0000000081e00000| PB 0x0000000081e00000| Complete 
|   1|0x0000000081f00000, 0x0000000082000000, 0x0000000082000000|100%| O|  |TAMS 0x0000000081f00000| PB 0x0000000081f00000| Untracked 
|   2|0x0000000082000000, 0x0000000082100000, 0x0000000082100000|100%| O|  |TAMS 0x0000000082000000| PB 0x0000000082000000| Untracked 
|   3|0x0000000082100000, 0x0000000082200000, 0x0000000082200000|100%| O|  |TAMS 0x0000000082100000| PB 0x0000000082100000| Untracked 
|   4|0x0000000082200000, 0x0000000082300000, 0x0000000082300000|100%| O|  |TAMS 0x0000000082200000| PB 0x0000000082200000| Untracked 
|   5|0x0000000082300000, 0x0000000082400000, 0x0000000082400000|100%| O|  |TAMS 0x0000000082300000| PB 0x0000000082300000| Untracked 
|   6|0x0000000082400000, 0x0000000082500000, 0x0000000082500000|100%| O|  |TAMS 0x0000000082400000| PB 0x0000000082400000| Untracked 
|   7|0x0000000082500000, 0x0000000082600000, 0x0000000082600000|100%| O|  |TAMS 0x0000000082500000| PB 0x0000000082500000| Untracked 
|   8|0x0000000082600000, 0x0000000082700000, 0x0000000082700000|100%| O|  |TAMS 0x0000000082600000| PB 0x0000000082600000| Untracked 
|   9|0x0000000082700000, 0x0000000082800000, 0x0000000082800000|100%| O|  |TAMS 0x0000000082700000| PB 0x0000000082700000| Untracked 
|  10|0x0000000082800000, 0x0000000082900000, 0x0000000082900000|100%| O|  |TAMS 0x0000000082800000| PB 0x0000000082800000| Untracked 
|  11|0x0000000082900000, 0x0000000082a00000, 0x0000000082a00000|100%| O|  |TAMS 0x0000000082900000| PB 0x0000000082900000| Untracked 
|  12|0x0000000082a00000, 0x0000000082b00000, 0x0000000082b00000|100%| O|  |TAMS 0x0000000082a00000| PB 0x0000000082a00000| Untracked 
|  13|0x0000000082b00000, 0x0000000082c00000, 0x0000000082c00000|100%| O|  |TAMS 0x0000000082b00000| PB 0x0000000082b00000| Untracked 
|  14|0x0000000082c00000, 0x0000000082d00000, 0x0000000082d00000|100%| O|  |TAMS 0x0000000082c00000| PB 0x0000000082c00000| Untracked 
|  15|0x0000000082d00000, 0x0000000082d29a00, 0x0000000082e00000| 16%| O|  |TAMS 0x0000000082d00000| PB 0x0000000082d00000| Untracked 
|  16|0x0000000082e00000, 0x0000000082e00000, 0x0000000082f00000|  0%| F|  |TAMS 0x0000000082e00000| PB 0x0000000082e00000| Untracked 
|  17|0x0000000082f00000, 0x0000000082f00000, 0x0000000083000000|  0%| F|  |TAMS 0x0000000082f00000| PB 0x0000000082f00000| Untracked 
|  18|0x0000000083000000, 0x0000000083100000, 0x0000000083100000|100%| O|  |TAMS 0x0000000083000000| PB 0x0000000083000000| Complete 
|  19|0x0000000083100000, 0x0000000083100000, 0x0000000083200000|  0%| F|  |TAMS 0x0000000083100000| PB 0x0000000083100000| Untracked 
|  20|0x0000000083200000, 0x0000000083200000, 0x0000000083300000|  0%| F|  |TAMS 0x0000000083200000| PB 0x0000000083200000| Untracked 
|  21|0x0000000083300000, 0x0000000083300000, 0x0000000083400000|  0%| F|  |TAMS 0x0000000083300000| PB 0x0000000083300000| Untracked 
|  22|0x0000000083400000, 0x0000000083400000, 0x0000000083500000|  0%| F|  |TAMS 0x0000000083400000| PB 0x0000000083400000| Untracked 
|  23|0x0000000083500000, 0x0000000083500000, 0x0000000083600000|  0%| F|  |TAMS 0x0000000083500000| PB 0x0000000083500000| Untracked 
|  24|0x0000000083600000, 0x0000000083600000, 0x0000000083700000|  0%| F|  |TAMS 0x0000000083600000| PB 0x0000000083600000| Untracked 
|  25|0x0000000083700000, 0x0000000083700000, 0x0000000083800000|  0%| F|  |TAMS 0x0000000083700000| PB 0x0000000083700000| Untracked 
|  26|0x0000000083800000, 0x00000000838bba60, 0x0000000083900000| 73%| E|  |TAMS 0x0000000083800000| PB 0x0000000083800000| Complete 
|  27|0x0000000083900000, 0x0000000083a00000, 0x0000000083a00000|100%| E|CS|TAMS 0x0000000083900000| PB 0x0000000083900000| Complete 
|  28|0x0000000083a00000, 0x0000000083b00000, 0x0000000083b00000|100%| E|CS|TAMS 0x0000000083a00000| PB 0x0000000083a00000| Complete 
|  29|0x0000000083b00000, 0x0000000083c00000, 0x0000000083c00000|100%| E|CS|TAMS 0x0000000083b00000| PB 0x0000000083b00000| Complete 
|  30|0x0000000083c00000, 0x0000000083d00000, 0x0000000083d00000|100%| E|  |TAMS 0x0000000083c00000| PB 0x0000000083c00000| Complete 
|  31|0x0000000083d00000, 0x0000000083e00000, 0x0000000083e00000|100%| E|CS|TAMS 0x0000000083d00000| PB 0x0000000083d00000| Complete 
|  32|0x0000000083e00000, 0x0000000083f00000, 0x0000000083f00000|100%| E|CS|TAMS 0x0000000083e00000| PB 0x0000000083e00000| Complete 
|  33|0x0000000083f00000, 0x0000000084000000, 0x0000000084000000|100%| E|CS|TAMS 0x0000000083f00000| PB 0x0000000083f00000| Complete 
|  34|0x0000000084000000, 0x0000000084100000, 0x0000000084100000|100%| E|CS|TAMS 0x0000000084000000| PB 0x0000000084000000| Complete 
|  35|0x0000000084100000, 0x0000000084200000, 0x0000000084200000|100%| E|CS|TAMS 0x0000000084100000| PB 0x0000000084100000| Complete 
|  36|0x0000000084200000, 0x0000000084300000, 0x0000000084300000|100%| E|CS|TAMS 0x0000000084200000| PB 0x0000000084200000| Complete 
|  37|0x0000000084300000, 0x0000000084400000, 0x0000000084400000|100%| E|CS|TAMS 0x0000000084300000| PB 0x0000000084300000| Complete 
|  71|0x0000000086500000, 0x0000000086600000, 0x0000000086600000|100%| E|CS|TAMS 0x0000000086500000| PB 0x0000000086500000| Complete 
|  72|0x0000000086600000, 0x0000000086700000, 0x0000000086700000|100%| E|CS|TAMS 0x0000000086600000| PB 0x0000000086600000| Complete 
|  73|0x0000000086700000, 0x0000000086800000, 0x0000000086800000|100%| E|CS|TAMS 0x0000000086700000| PB 0x0000000086700000| Complete 
|  74|0x0000000086800000, 0x00000000868ce1d8, 0x0000000086900000| 80%| S|CS|TAMS 0x0000000086800000| PB 0x0000000086800000| Complete 
|  75|0x0000000086900000, 0x0000000086a00000, 0x0000000086a00000|100%| S|CS|TAMS 0x0000000086900000| PB 0x0000000086900000| Complete 
|  76|0x0000000086a00000, 0x0000000086b00000, 0x0000000086b00000|100%| E|CS|TAMS 0x0000000086a00000| PB 0x0000000086a00000| Complete 

Card table byte_map: [0x000001fbaf800000,0x000001fbafc00000] _byte_map_base: 0x000001fbaf3f1000

Marking Bits: (CMBitMap*) 0x000001fb983aa0a0
 Bits: [0x000001fbb0000000, 0x000001fbb1f88000)

Polling page: 0x000001fb960d0000

Metaspace:

Usage:
  Non-class:     37.25 MB used.
      Class:      5.34 MB used.
       Both:     42.59 MB used.

Virtual space:
  Non-class space:       64.00 MB reserved,      37.50 MB ( 59%) committed,  1 nodes.
      Class space:        1.00 GB reserved,       5.50 MB ( <1%) committed,  1 nodes.
             Both:        1.06 GB reserved,      43.00 MB (  4%) committed. 

Chunk freelists:
   Non-Class:  2.48 MB
       Class:  2.47 MB
        Both:  4.96 MB

MaxMetaspaceSize: unlimited
CompressedClassSpaceSize: 1.00 GB
Initial GC threshold: 21.00 MB
Current GC threshold: 59.31 MB
CDS: on
MetaspaceReclaimPolicy: balanced
 - commit_granule_bytes: 65536.
 - commit_granule_words: 8192.
 - virtual_space_node_default_size: 8388608.
 - enlarge_chunks_in_place: 1.
 - new_chunks_are_fully_committed: 0.
 - uncommit_free_chunks: 1.
 - use_allocation_guard: 0.


Internal statistics:

num_allocs_failed_limit: 9.
num_arena_births: 402.
num_arena_deaths: 0.
num_vsnodes_births: 2.
num_vsnodes_deaths: 0.
num_space_committed: 688.
num_space_uncommitted: 0.
num_chunks_returned_to_freelist: 9.
num_chunks_taken_from_freelist: 1714.
num_chunk_merges: 9.
num_chunk_splits: 1258.
num_chunks_enlarged: 1022.
num_inconsistent_stats: 0.

CodeHeap 'non-profiled nmethods': size=120000Kb used=2076Kb max_used=2121Kb free=117924Kb
 bounds [0x000001fba7ed0000, 0x000001fba8140000, 0x000001fbaf400000]
CodeHeap 'profiled nmethods': size=120000Kb used=8328Kb max_used=8826Kb free=111671Kb
 bounds [0x000001fba0400000, 0x000001fba0ca0000, 0x000001fba7930000]
CodeHeap 'non-nmethods': size=5760Kb used=1688Kb max_used=1688Kb free=4071Kb
 bounds [0x000001fba7930000, 0x000001fba7ba0000, 0x000001fba7ed0000]
 total_blobs=4607 nmethods=3988 adapters=529
 compilation: enabled
              stopped_count=0, restarted_count=0
 full_count=0

Compilation events (20 events):
Event: 7.781 Thread 0x000001fbb8818530 4345       2       com.mysql.cj.conf.StringProperty::<init> (6 bytes)
Event: 7.781 Thread 0x000001fbb8818530 nmethod 4345 0x000001fba0474790 code [0x000001fba0474920, 0x000001fba0474bc0]
Event: 7.781 Thread 0x000001fbb8818530 4346       2       com.mysql.cj.conf.DefaultPropertySet::getBooleanProperty (6 bytes)
Event: 7.782 Thread 0x000001fbb8818530 nmethod 4346 0x000001fba0474410 code [0x000001fba04745a0, 0x000001fba04746d8]
Event: 7.783 Thread 0x000001fbb8818530 4347       1       java.util.stream.FindOps$FindOp::getOpFlags (5 bytes)
Event: 7.783 Thread 0x000001fbb8818530 nmethod 4347 0x000001fba7fad210 code [0x000001fba7fad380, 0x000001fba7fad448]
Event: 7.783 Thread 0x000001fbb8818530 4348       2       java.util.Optional::isPresent (13 bytes)
Event: 7.783 Thread 0x000001fbb8818530 nmethod 4348 0x000001fba0474090 code [0x000001fba0474220, 0x000001fba0474340]
Event: 7.784 Thread 0x000001fbb8818530 4349       2       java.util.EnumMap::get (29 bytes)
Event: 7.784 Thread 0x000001fbb8818530 nmethod 4349 0x000001fba0473a10 code [0x000001fba0473bc0, 0x000001fba0473dc8]
Event: 7.784 Thread 0x000001fbb8818530 4350       2       java.util.EnumMap::isValidKey (36 bytes)
Event: 7.784 Thread 0x000001fbb8818530 nmethod 4350 0x000001fba09cbd90 code [0x000001fba09cbf20, 0x000001fba09cc0e0]
Event: 7.784 Thread 0x000001fbb8818530 4351       2       java.security.MessageDigest::update (11 bytes)
Event: 7.784 Thread 0x000001fbb8818530 nmethod 4351 0x000001fba09cba10 code [0x000001fba09cbba0, 0x000001fba09cbce8]
Event: 7.784 Thread 0x000001fbb8818530 4354       3       java.lang.StringConcatHelper::simpleConcat (94 bytes)
Event: 7.786 Thread 0x000001fbb8818530 nmethod 4354 0x000001fba0401f10 code [0x000001fba0402240, 0x000001fba0403570]
Event: 7.786 Thread 0x000001fbb8818530 4353       2       sun.security.ssl.SSLConfiguration::isAvailable (78 bytes)
Event: 7.787 Thread 0x000001fbb8818530 nmethod 4353 0x000001fba09cb210 code [0x000001fba09cb400, 0x000001fba09cb7f0]
Event: 7.787 Thread 0x000001fbb8818530 4352       2       sun.security.util.DisabledAlgorithmConstraints$Constraints::getConstraints (20 bytes)
Event: 7.787 Thread 0x000001fbb8818530 nmethod 4352 0x000001fba09cad10 code [0x000001fba09caec0, 0x000001fba09cb100]

GC Heap History (16 events):
Event: 1.280 GC heap before
{Heap before GC invocations=0 (full 0):
 garbage-first heap   total 131072K, used 13312K [0x0000000081e00000, 0x0000000100000000)
  region size 1024K, 13 young (13312K), 0 survivors (0K)
 Metaspace       used 3208K, committed 3328K, reserved 1114112K
  class space    used 314K, committed 384K, reserved 1048576K
}
Event: 1.286 GC heap after
{Heap after GC invocations=1 (full 0):
 garbage-first heap   total 131072K, used 6799K [0x0000000081e00000, 0x0000000100000000)
  region size 1024K, 2 young (2048K), 2 survivors (2048K)
 Metaspace       used 3208K, committed 3328K, reserved 1114112K
  class space    used 314K, committed 384K, reserved 1048576K
}
Event: 1.716 GC heap before
{Heap before GC invocations=1 (full 0):
 garbage-first heap   total 131072K, used 18063K [0x0000000081e00000, 0x0000000100000000)
  region size 1024K, 13 young (13312K), 2 survivors (2048K)
 Metaspace       used 6064K, committed 6208K, reserved 1114112K
  class space    used 670K, committed 768K, reserved 1048576K
}
Event: 1.720 GC heap after
{Heap after GC invocations=2 (full 0):
 garbage-first heap   total 131072K, used 7538K [0x0000000081e00000, 0x0000000100000000)
  region size 1024K, 1 young (1024K), 1 survivors (1024K)
 Metaspace       used 6064K, committed 6208K, reserved 1114112K
  class space    used 670K, committed 768K, reserved 1048576K
}
Event: 2.509 GC heap before
{Heap before GC invocations=2 (full 0):
 garbage-first heap   total 131072K, used 35186K [0x0000000081e00000, 0x0000000100000000)
  region size 1024K, 29 young (29696K), 1 survivors (1024K)
 Metaspace       used 13739K, committed 13952K, reserved 1114112K
  class space    used 1634K, committed 1728K, reserved 1048576K
}
Event: 2.513 GC heap after
{Heap after GC invocations=3 (full 0):
 garbage-first heap   total 131072K, used 9193K [0x0000000081e00000, 0x0000000100000000)
  region size 1024K, 3 young (3072K), 3 survivors (3072K)
 Metaspace       used 13739K, committed 13952K, reserved 1114112K
  class space    used 1634K, committed 1728K, reserved 1048576K
}
Event: 4.394 GC heap before
{Heap before GC invocations=3 (full 0):
 garbage-first heap   total 131072K, used 56297K [0x0000000081e00000, 0x0000000100000000)
  region size 1024K, 51 young (52224K), 3 survivors (3072K)
 Metaspace       used 21216K, committed 21504K, reserved 1114112K
  class space    used 2567K, committed 2688K, reserved 1048576K
}
Event: 4.407 GC heap after
{Heap after GC invocations=4 (full 0):
 garbage-first heap   total 131072K, used 12864K [0x0000000081e00000, 0x0000000100000000)
  region size 1024K, 6 young (6144K), 6 survivors (6144K)
 Metaspace       used 21216K, committed 21504K, reserved 1114112K
  class space    used 2567K, committed 2688K, reserved 1048576K
}
Event: 5.467 GC heap before
{Heap before GC invocations=5 (full 0):
 garbage-first heap   total 45056K, used 33344K [0x0000000081e00000, 0x0000000100000000)
  region size 1024K, 26 young (26624K), 6 survivors (6144K)
 Metaspace       used 25947K, committed 26368K, reserved 1114112K
  class space    used 3199K, committed 3392K, reserved 1048576K
}
Event: 5.481 GC heap after
{Heap after GC invocations=6 (full 0):
 garbage-first heap   total 45056K, used 15564K [0x0000000081e00000, 0x0000000100000000)
  region size 1024K, 3 young (3072K), 3 survivors (3072K)
 Metaspace       used 25947K, committed 26368K, reserved 1114112K
  class space    used 3199K, committed 3392K, reserved 1048576K
}
Event: 6.118 GC heap before
{Heap before GC invocations=6 (full 0):
 garbage-first heap   total 45056K, used 32972K [0x0000000081e00000, 0x0000000100000000)
  region size 1024K, 21 young (21504K), 3 survivors (3072K)
 Metaspace       used 28278K, committed 28608K, reserved 1114112K
  class space    used 3471K, committed 3584K, reserved 1048576K
}
Event: 6.126 GC heap after
{Heap after GC invocations=7 (full 0):
 garbage-first heap   total 45056K, used 16695K [0x0000000081e00000, 0x0000000100000000)
  region size 1024K, 2 young (2048K), 2 survivors (2048K)
 Metaspace       used 28278K, committed 28608K, reserved 1114112K
  class space    used 3471K, committed 3584K, reserved 1048576K
}
Event: 6.876 GC heap before
{Heap before GC invocations=7 (full 0):
 garbage-first heap   total 45056K, used 35127K [0x0000000081e00000, 0x0000000100000000)
  region size 1024K, 21 young (21504K), 2 survivors (2048K)
 Metaspace       used 35503K, committed 35840K, reserved 1114112K
  class space    used 4529K, committed 4672K, reserved 1048576K
}
Event: 6.882 GC heap after
{Heap after GC invocations=8 (full 0):
 garbage-first heap   total 45056K, used 18129K [0x0000000081e00000, 0x0000000100000000)
  region size 1024K, 3 young (3072K), 3 survivors (3072K)
 Metaspace       used 35503K, committed 35840K, reserved 1114112K
  class space    used 4529K, committed 4672K, reserved 1048576K
}
Event: 6.895 GC heap before
{Heap before GC invocations=8 (full 0):
 garbage-first heap   total 45056K, used 18129K [0x0000000081e00000, 0x0000000100000000)
  region size 1024K, 4 young (4096K), 3 survivors (3072K)
 Metaspace       used 35660K, committed 35968K, reserved 1114112K
  class space    used 4542K, committed 4672K, reserved 1048576K
}
Event: 6.901 GC heap after
{Heap after GC invocations=9 (full 0):
 garbage-first heap   total 45056K, used 18398K [0x0000000081e00000, 0x0000000100000000)
  region size 1024K, 2 young (2048K), 2 survivors (2048K)
 Metaspace       used 35660K, committed 35968K, reserved 1114112K
  class space    used 4542K, committed 4672K, reserved 1048576K
}

Dll operation events (11 events):
Event: 0.013 Loaded shared library C:\Program Files\Java\jdk-20\bin\java.dll
Event: 0.030 Loaded shared library C:\Program Files\Java\jdk-20\bin\jsvml.dll
Event: 0.740 Loaded shared library C:\Program Files\Java\jdk-20\bin\net.dll
Event: 0.741 Loaded shared library C:\Program Files\Java\jdk-20\bin\nio.dll
Event: 0.747 Loaded shared library C:\Program Files\Java\jdk-20\bin\zip.dll
Event: 0.893 Loaded shared library C:\Program Files\Java\jdk-20\bin\verify.dll
Event: 0.901 Loaded shared library C:\Program Files\Java\jdk-20\bin\jimage.dll
Event: 1.402 Loaded shared library C:\Program Files\Java\jdk-20\bin\management.dll
Event: 1.406 Loaded shared library C:\Program Files\Java\jdk-20\bin\management_ext.dll
Event: 5.445 Loaded shared library C:\Program Files\Java\jdk-20\bin\sunmscapi.dll
Event: 6.979 Loaded shared library C:\Program Files\Java\jdk-20\bin\extnet.dll

Deoptimization events (20 events):
Event: 7.672 Thread 0x000001fbb9174a40 DEOPT PACKING pc=0x000001fba800e0b0 sp=0x00000051515fccd0
Event: 7.672 Thread 0x000001fbb9174a40 DEOPT UNPACKING pc=0x000001fba799a4c2 sp=0x00000051515fc0e0 mode 1
Event: 7.703 Thread 0x000001fbb9ee0e80 Uncommon trap: trap_request=0xffffff66 fr.pc=0x000001fba7f53a7c relative=0x000000000000033c
Event: 7.703 Thread 0x000001fbb9ee0e80 Uncommon trap: reason=speculate_class_check action=maybe_recompile pc=0x000001fba7f53a7c method=sun.security.util.math.intpoly.IntegerPolynomial.multByInt([JJ)V @ 26 c2
Event: 7.703 Thread 0x000001fbb9ee0e80 DEOPT PACKING pc=0x000001fba7f53a7c sp=0x0000005151cfdd80
Event: 7.703 Thread 0x000001fbb9ee0e80 DEOPT UNPACKING pc=0x000001fba7999d22 sp=0x0000005151cfdcf0 mode 2
Event: 7.703 Thread 0x000001fbb9ee0e80 Uncommon trap: trap_request=0xffffff66 fr.pc=0x000001fba7f53a7c relative=0x000000000000033c
Event: 7.703 Thread 0x000001fbb9ee0e80 Uncommon trap: reason=speculate_class_check action=maybe_recompile pc=0x000001fba7f53a7c method=sun.security.util.math.intpoly.IntegerPolynomial.multByInt([JJ)V @ 26 c2
Event: 7.703 Thread 0x000001fbb9ee0e80 DEOPT PACKING pc=0x000001fba7f53a7c sp=0x0000005151cfdd80
Event: 7.703 Thread 0x000001fbb9ee0e80 DEOPT UNPACKING pc=0x000001fba7999d22 sp=0x0000005151cfdcf0 mode 2
Event: 7.703 Thread 0x000001fbb9ee0e80 Uncommon trap: trap_request=0xffffff66 fr.pc=0x000001fba7f53a7c relative=0x000000000000033c
Event: 7.703 Thread 0x000001fbb9ee0e80 Uncommon trap: reason=speculate_class_check action=maybe_recompile pc=0x000001fba7f53a7c method=sun.security.util.math.intpoly.IntegerPolynomial.multByInt([JJ)V @ 26 c2
Event: 7.703 Thread 0x000001fbb9ee0e80 DEOPT PACKING pc=0x000001fba7f53a7c sp=0x0000005151cfdd80
Event: 7.703 Thread 0x000001fbb9ee0e80 DEOPT UNPACKING pc=0x000001fba7999d22 sp=0x0000005151cfdcf0 mode 2
Event: 7.703 Thread 0x000001fbb9ee0e80 Uncommon trap: trap_request=0xffffff66 fr.pc=0x000001fba7f53a7c relative=0x000000000000033c
Event: 7.703 Thread 0x000001fbb9ee0e80 Uncommon trap: reason=speculate_class_check action=maybe_recompile pc=0x000001fba7f53a7c method=sun.security.util.math.intpoly.IntegerPolynomial.multByInt([JJ)V @ 26 c2
Event: 7.703 Thread 0x000001fbb9ee0e80 DEOPT PACKING pc=0x000001fba7f53a7c sp=0x0000005151cfdd80
Event: 7.703 Thread 0x000001fbb9ee0e80 DEOPT UNPACKING pc=0x000001fba7999d22 sp=0x0000005151cfdcf0 mode 2
Event: 7.721 Thread 0x000001fbb9174a40 DEOPT PACKING pc=0x000001fba09efcb1 sp=0x00000051515f7c40
Event: 7.721 Thread 0x000001fbb9174a40 DEOPT UNPACKING pc=0x000001fba799a4c2 sp=0x00000051515f7158 mode 0

Classes loaded (20 events):
Event: 7.521 Loading class javax/security/auth/callback/UnsupportedCallbackException
Event: 7.521 Loading class javax/security/auth/callback/UnsupportedCallbackException done
Event: 7.522 Loading class javax/security/auth/login/Configuration
Event: 7.522 Loading class javax/security/auth/login/Configuration done
Event: 7.522 Loading class javax/security/auth/callback/Callback
Event: 7.523 Loading class javax/security/auth/callback/Callback done
Event: 7.532 Loading class sun/security/ssl/PostHandshakeContext
Event: 7.532 Loading class sun/security/ssl/PostHandshakeContext done
Event: 7.533 Loading class sun/security/ssl/NewSessionTicket$T13NewSessionTicketMessage
Event: 7.533 Loading class sun/security/ssl/NewSessionTicket$NewSessionTicketMessage
Event: 7.533 Loading class sun/security/ssl/NewSessionTicket$NewSessionTicketMessage done
Event: 7.533 Loading class sun/security/ssl/NewSessionTicket$T13NewSessionTicketMessage done
Event: 7.582 Loading class java/util/concurrent/ThreadPoolExecutor$DiscardOldestPolicy
Event: 7.582 Loading class java/util/concurrent/ThreadPoolExecutor$DiscardOldestPolicy done
Event: 7.582 Loading class java/util/concurrent/ThreadPoolExecutor$CallerRunsPolicy
Event: 7.582 Loading class java/util/concurrent/ThreadPoolExecutor$CallerRunsPolicy done
Event: 7.676 Loading class java/io/CharArrayWriter
Event: 7.676 Loading class java/io/CharArrayWriter done
Event: 7.677 Loading class java/lang/StringIndexOutOfBoundsException
Event: 7.677 Loading class java/lang/StringIndexOutOfBoundsException done

Classes unloaded (0 events):
No events

Classes redefined (0 events):
No events

Internal exceptions (20 events):
Event: 4.787 Thread 0x000001fbb9174a40 Exception <a 'java/lang/NoSuchMethodError'{0x0000000083d1f698}: 'void java.lang.invoke.DelegatingMethodHandle$Holder.delegate(java.lang.Object, java.lang.Object, int, java.lang.Object)'> (0x0000000083d1f698) 
thrown [s\open\src\hotspot\share\interpreter\linkResolver.cpp, line 773]
Event: 4.821 Thread 0x000001fbb9174a40 Exception <a 'java/lang/NoSuchMethodError'{0x0000000083d9fc98}: 'void java.lang.invoke.DirectMethodHandle$Holder.invokeStatic(java.lang.Object, java.lang.Object, int)'> (0x0000000083d9fc98) 
thrown [s\open\src\hotspot\share\interpreter\linkResolver.cpp, line 773]
Event: 4.886 Thread 0x000001fbb9174a40 Exception <a 'java/lang/NoSuchMethodError'{0x0000000083b14600}: 'void java.lang.invoke.DirectMethodHandle$Holder.invokeInterface(java.lang.Object, java.lang.Object, int)'> (0x0000000083b14600) 
thrown [s\open\src\hotspot\share\interpreter\linkResolver.cpp, line 773]
Event: 4.889 Thread 0x000001fbb9174a40 Exception <a 'java/lang/NoSuchMethodError'{0x0000000083b2dc08}: 'int java.lang.invoke.DirectMethodHandle$Holder.invokeVirtual(java.lang.Object, java.lang.Object)'> (0x0000000083b2dc08) 
thrown [s\open\src\hotspot\share\interpreter\linkResolver.cpp, line 773]
Event: 4.898 Thread 0x000001fbb9174a40 Exception <a 'java/lang/IncompatibleClassChangeError'{0x0000000083b668f0}: Found class java.lang.Object, but interface was expected> (0x0000000083b668f0) 
thrown [s\open\src\hotspot\share\interpreter\linkResolver.cpp, line 840]
Event: 4.899 Thread 0x000001fbb9174a40 Exception <a 'java/lang/NoSuchMethodError'{0x0000000083b6b9a8}: 'void java.lang.invoke.DirectMethodHandle$Holder.invokeStatic(java.lang.Object, int, java.lang.Object)'> (0x0000000083b6b9a8) 
thrown [s\open\src\hotspot\share\interpreter\linkResolver.cpp, line 773]
Event: 4.909 Thread 0x000001fbb9174a40 Exception <a 'java/lang/NoSuchMethodError'{0x0000000083bcc440}: 'int java.lang.invoke.DirectMethodHandle$Holder.invokeSpecial(java.lang.Object, java.lang.Object, int)'> (0x0000000083bcc440) 
thrown [s\open\src\hotspot\share\interpreter\linkResolver.cpp, line 773]
Event: 5.088 Thread 0x000001fbb9174a40 Exception <a 'java/lang/NoSuchMethodError'{0x00000000837f4fb0}: 'java.lang.Object java.lang.invoke.DirectMethodHandle$Holder.invokeStaticInit(java.lang.Object, int, int, int, int)'> (0x00000000837f4fb0) 
thrown [s\open\src\hotspot\share\interpreter\linkResolver.cpp, line 773]
Event: 5.198 Thread 0x000001fbb9174a40 Exception <a 'java/lang/NoSuchMethodError'{0x00000000836c3600}: 'java.lang.Object java.lang.invoke.DirectMethodHandle$Holder.invokeStaticInit(java.lang.Object, java.lang.Object, int, int, int, int)'> (0x00000000836c3600) 
thrown [s\open\src\hotspot\share\interpreter\linkResolver.cpp, line 773]
Event: 5.306 Thread 0x000001fbb9174a40 Exception <a 'java/lang/NoSuchMethodError'{0x0000000083361518}: 'int java.lang.invoke.DirectMethodHandle$Holder.invokeVirtual(java.lang.Object, java.lang.Object, java.lang.Object, java.lang.Object)'> (0x0000000083361518) 
thrown [s\open\src\hotspot\share\interpreter\linkResolver.cpp, line 773]
Event: 5.306 Thread 0x000001fbb9174a40 Exception <a 'java/lang/NoSuchMethodError'{0x0000000083364f50}: 'int java.lang.invoke.DelegatingMethodHandle$Holder.reinvoke_L(java.lang.Object, java.lang.Object, java.lang.Object, java.lang.Object)'> (0x0000000083364f50) 
thrown [s\open\src\hotspot\share\interpreter\linkResolver.cpp, line 773]
Event: 5.688 Thread 0x000001fbb9174a40 Exception <a 'java/io/FileNotFoundException'{0x00000000842282f8}> (0x00000000842282f8) 
thrown [s\open\src\hotspot\share\prims\jni.cpp, line 519]
Event: 5.732 Thread 0x000001fbb9174a40 Exception <a 'java/lang/NoSuchMethodError'{0x0000000084157d48}: 'int java.lang.invoke.DirectMethodHandle$Holder.invokeInterface(java.lang.Object, java.lang.Object, java.lang.Object, java.lang.Object)'> (0x0000000084157d48) 
thrown [s\open\src\hotspot\share\interpreter\linkResolver.cpp, line 773]
Event: 5.840 Thread 0x000001fbb9174a40 Exception <a 'java/lang/NoSuchMethodError'{0x0000000083f21f90}: 'long java.lang.invoke.DirectMethodHandle$Holder.invokeVirtual(java.lang.Object, java.lang.Object)'> (0x0000000083f21f90) 
thrown [s\open\src\hotspot\share\interpreter\linkResolver.cpp, line 773]
Event: 5.851 Thread 0x000001fbb9174a40 Exception <a 'java/io/FileNotFoundException'{0x0000000083f49ee0}> (0x0000000083f49ee0) 
thrown [s\open\src\hotspot\share\prims\jni.cpp, line 519]
Event: 6.022 Thread 0x000001fbb9174a40 Exception <a 'java/lang/NoSuchMethodError'{0x0000000083913660}: 'java.lang.Object java.lang.invoke.DirectMethodHandle$Holder.newInvokeSpecial(java.lang.Object, java.lang.Object, java.lang.Object, java.lang.Object, java.lang.Object, java.lang.Object, java.lang.Object, java.lang.Object, java.lang.Object, java.lang.Object, java.lang.Object)'> (0x0000000083913660) 
thrown [s\open\src\hotspot\share\interpreter\linkResolver.cpp, line 773]
Event: 6.828 Thread 0x000001fbb9174a40 Implicit null exception at 0x000001fba8072c72 to 0x000001fba80732c4
Event: 7.116 Thread 0x000001fbb9174a40 Exception <a 'sun/nio/fs/WindowsException'{0x0000000084259928}> (0x0000000084259928) 
thrown [s\open\src\hotspot\share\prims\jni.cpp, line 519]
Event: 7.431 Thread 0x000001fbb9174a40 Exception <a 'java/lang/NoSuchMethodError'{0x000000008405ce38}: 'void java.lang.invoke.DirectMethodHandle$Holder.invokeVirtual(java.lang.Object, java.lang.Object)'> (0x000000008405ce38) 
thrown [s\open\src\hotspot\share\interpreter\linkResolver.cpp, line 773]
Event: 7.680 Thread 0x000001fbb9174a40 Exception <a 'java/lang/NoSuchMethodError'{0x0000000083d37a80}: 'java.lang.Object java.lang.invoke.DirectMethodHandle$Holder.invokeStaticInit(java.lang.Object, java.lang.Object, java.lang.Object, java.lang.Object)'> (0x0000000083d37a80) 
thrown [s\open\src\hotspot\share\interpreter\linkResolver.cpp, line 773]

VM Operations (20 events):
Event: 6.876 Executing VM operation: G1CollectForAllocation
Event: 6.882 Executing VM operation: G1CollectForAllocation done
Event: 6.895 Executing VM operation: CollectForMetadataAllocation
Event: 6.901 Executing VM operation: CollectForMetadataAllocation done
Event: 6.910 Executing VM operation: CollectForMetadataAllocation
Event: 6.910 Executing VM operation: CollectForMetadataAllocation done
Event: 6.934 Executing VM operation: G1PauseRemark
Event: 6.938 Executing VM operation: G1PauseRemark done
Event: 6.950 Executing VM operation: G1PauseCleanup
Event: 6.950 Executing VM operation: G1PauseCleanup done
Event: 7.052 Executing VM operation: HandshakeAllThreads
Event: 7.052 Executing VM operation: HandshakeAllThreads done
Event: 7.118 Executing VM operation: HandshakeAllThreads
Event: 7.119 Executing VM operation: HandshakeAllThreads done
Event: 7.126 Executing VM operation: HandshakeAllThreads
Event: 7.126 Executing VM operation: HandshakeAllThreads done
Event: 7.235 Executing VM operation: HandshakeAllThreads
Event: 7.235 Executing VM operation: HandshakeAllThreads done
Event: 7.464 Executing VM operation: HandshakeAllThreads
Event: 7.464 Executing VM operation: HandshakeAllThreads done

Events (20 events):
Event: 6.938 Thread 0x000001fbb443bbf0 flushing nmethod 0x000001fba7ef2490
Event: 6.938 Thread 0x000001fbb443bbf0 flushing nmethod 0x000001fba7efef90
Event: 6.938 Thread 0x000001fbb443bbf0 flushing nmethod 0x000001fba7eee710
Event: 6.938 Thread 0x000001fbb443bbf0 flushing nmethod 0x000001fba7eed890
Event: 6.938 Thread 0x000001fbb443bbf0 flushing nmethod 0x000001fba7efd810
Event: 6.938 Thread 0x000001fbb443bbf0 flushing nmethod 0x000001fba7ef9310
Event: 6.938 Thread 0x000001fbb443bbf0 flushing nmethod 0x000001fba7ef7a10
Event: 6.938 Thread 0x000001fbb443bbf0 flushing nmethod 0x000001fba7eec390
Event: 6.938 Thread 0x000001fbb443bbf0 flushing nmethod 0x000001fba7eec010
Event: 6.938 Thread 0x000001fbb443bbf0 flushing nmethod 0x000001fba7eebc90
Event: 6.938 Thread 0x000001fbb443bbf0 flushing nmethod 0x000001fba7eeb990
Event: 6.938 Thread 0x000001fbb443bbf0 flushing nmethod 0x000001fba7ee5490
Event: 6.938 Thread 0x000001fbb443bbf0 flushing nmethod 0x000001fba7edb210
Event: 6.938 Thread 0x000001fbb443bbf0 flushing nmethod 0x000001fba7ee0490
Event: 6.938 Thread 0x000001fbb443bbf0 flushing nmethod 0x000001fba7eda590
Event: 6.938 Thread 0x000001fbb443bbf0 flushing nmethod 0x000001fba7ed9b10
Event: 6.938 Thread 0x000001fbb443bbf0 flushing nmethod 0x000001fba7ed0d10
Event: 6.938 Thread 0x000001fbb443bbf0 flushing nmethod 0x000001fba7ed7510
Event: 7.580 Thread 0x000001fbbc5d1b00 Thread added: 0x000001fbbc5d1b00
Event: 7.688 Thread 0x000001fbb9ee0e80 Thread added: 0x000001fbb9ee0e80


Dynamic libraries:
0x00007ff6f3fb0000 - 0x00007ff6f3fc0000 	C:\Program Files\Java\jdk-20\bin\java.exe
0x00007ffe8a5b0000 - 0x00007ffe8a7a4000 	C:\WINDOWS\SYSTEM32\ntdll.dll
0x00007ffe89a10000 - 0x00007ffe89acd000 	C:\WINDOWS\System32\KERNEL32.DLL
0x00007ffe87e80000 - 0x00007ffe88147000 	C:\WINDOWS\System32\KERNELBASE.dll
0x00007ffe881b0000 - 0x00007ffe882b0000 	C:\WINDOWS\System32\ucrtbase.dll
0x00007ffe77b40000 - 0x00007ffe77b59000 	C:\Program Files\Java\jdk-20\bin\jli.dll
0x00007ffe8a040000 - 0x00007ffe8a0ea000 	C:\WINDOWS\System32\ADVAPI32.dll
0x00007ffe89b30000 - 0x00007ffe89bce000 	C:\WINDOWS\System32\msvcrt.dll
0x00007ffe890b0000 - 0x00007ffe8914b000 	C:\WINDOWS\System32\sechost.dll
0x00007ffe89820000 - 0x00007ffe89943000 	C:\WINDOWS\System32\RPCRT4.dll
0x00007ffe8a0f0000 - 0x00007ffe8a290000 	C:\WINDOWS\System32\USER32.dll
0x00007ffe88350000 - 0x00007ffe88372000 	C:\WINDOWS\System32\win32u.dll
0x00007ffe89970000 - 0x00007ffe8999a000 	C:\WINDOWS\System32\GDI32.dll
0x00007ffe87d70000 - 0x00007ffe87e7a000 	C:\WINDOWS\System32\gdi32full.dll
0x00007ffe882b0000 - 0x00007ffe8834d000 	C:\WINDOWS\System32\msvcp_win.dll
0x00007ffe820c0000 - 0x00007ffe820db000 	C:\Program Files\Java\jdk-20\bin\VCRUNTIME140.dll
0x00007ffe77410000 - 0x00007ffe776aa000 	C:\WINDOWS\WinSxS\amd64_microsoft.windows.common-controls_6595b64144ccf1df_6.0.19041.1_none_b555e41d4684ddec\COMCTL32.dll
0x00007ffe7f0d0000 - 0x00007ffe7f0da000 	C:\WINDOWS\SYSTEM32\VERSION.dll
0x00007ffe8a290000 - 0x00007ffe8a2c0000 	C:\WINDOWS\System32\IMM32.DLL
0x00007ffe81f90000 - 0x00007ffe81f9c000 	C:\Program Files\Java\jdk-20\bin\vcruntime140_1.dll
0x00007ffe68020000 - 0x00007ffe680ae000 	C:\Program Files\Java\jdk-20\bin\msvcp140.dll
0x00007ffe5c330000 - 0x00007ffe5cfc7000 	C:\Program Files\Java\jdk-20\bin\server\jvm.dll
0x00007ffe75f20000 - 0x00007ffe75f29000 	C:\WINDOWS\SYSTEM32\WSOCK32.dll
0x00007ffe899a0000 - 0x00007ffe89a0b000 	C:\WINDOWS\System32\WS2_32.dll
0x00007ffe77b60000 - 0x00007ffe77b87000 	C:\WINDOWS\SYSTEM32\WINMM.dll
0x00007ffe86900000 - 0x00007ffe86913000 	C:\WINDOWS\SYSTEM32\kernel.appcore.dll
0x00007ffe7ede0000 - 0x00007ffe7edea000 	C:\Program Files\Java\jdk-20\bin\jimage.dll
0x00007ffe86310000 - 0x00007ffe864f4000 	C:\WINDOWS\SYSTEM32\DBGHELP.DLL
0x00007ffe72b20000 - 0x00007ffe72b4c000 	C:\WINDOWS\SYSTEM32\dbgcore.DLL
0x00007ffe88380000 - 0x00007ffe883ff000 	C:\WINDOWS\System32\bcryptPrimitives.dll
0x00007ffe77b00000 - 0x00007ffe77b3c000 	C:\Program Files\Java\jdk-20\bin\jdwp.dll
0x00007ffe80280000 - 0x00007ffe802a6000 	C:\Program Files\Java\jdk-20\bin\java.dll
0x00007ffe77330000 - 0x00007ffe77407000 	C:\Program Files\Java\jdk-20\bin\jsvml.dll
0x00007ffe88970000 - 0x00007ffe890a1000 	C:\WINDOWS\System32\SHELL32.dll
0x00007ffe85ab0000 - 0x00007ffe8623a000 	C:\WINDOWS\SYSTEM32\windows.storage.dll
0x00007ffe89390000 - 0x00007ffe896e4000 	C:\WINDOWS\System32\combase.dll
0x00007ffe87770000 - 0x00007ffe8779b000 	C:\WINDOWS\SYSTEM32\Wldp.dll
0x00007ffe89770000 - 0x00007ffe8981e000 	C:\WINDOWS\System32\SHCORE.dll
0x00007ffe89ad0000 - 0x00007ffe89b25000 	C:\WINDOWS\System32\shlwapi.dll
0x00007ffe87c30000 - 0x00007ffe87c4f000 	C:\WINDOWS\SYSTEM32\profapi.dll
0x00007ffe77a70000 - 0x00007ffe77a7c000 	C:\Program Files\Java\jdk-20\bin\dt_socket.dll
0x00007ffe87190000 - 0x00007ffe871cb000 	C:\WINDOWS\SYSTEM32\IPHLPAPI.DLL
0x00007ffe874f0000 - 0x00007ffe8755a000 	C:\WINDOWS\system32\mswsock.dll
0x00007ffe77310000 - 0x00007ffe77323000 	C:\Program Files\Java\jdk-20\bin\net.dll
0x00007ffe81210000 - 0x00007ffe81312000 	C:\WINDOWS\SYSTEM32\WINHTTP.dll
0x00007ffe772f0000 - 0x00007ffe77306000 	C:\Program Files\Java\jdk-20\bin\nio.dll
0x00007ffe772d0000 - 0x00007ffe772e8000 	C:\Program Files\Java\jdk-20\bin\zip.dll
0x00007ffe778e0000 - 0x00007ffe778f0000 	C:\Program Files\Java\jdk-20\bin\verify.dll
0x00007ffe772b0000 - 0x00007ffe772ba000 	C:\Program Files\Java\jdk-20\bin\management.dll
0x00007ffe77010000 - 0x00007ffe7701b000 	C:\Program Files\Java\jdk-20\bin\management_ext.dll
0x00007ffe887c0000 - 0x00007ffe887c8000 	C:\WINDOWS\System32\PSAPI.DLL
0x00007ffe70600000 - 0x00007ffe70617000 	C:\WINDOWS\system32\napinsp.dll
0x00007ffe70590000 - 0x00007ffe705ab000 	C:\WINDOWS\system32\pnrpnsp.dll
0x00007ffe81f70000 - 0x00007ffe81f85000 	C:\WINDOWS\system32\wshbth.dll
0x00007ffe82be0000 - 0x00007ffe82bfd000 	C:\WINDOWS\system32\NLAapi.dll
0x00007ffe871e0000 - 0x00007ffe872aa000 	C:\WINDOWS\SYSTEM32\DNSAPI.dll
0x00007ffe892f0000 - 0x00007ffe892f9000 	C:\WINDOWS\System32\NSI.dll
0x00007ffe705e0000 - 0x00007ffe705f2000 	C:\WINDOWS\System32\winrnr.dll
0x00007ffe7ffd0000 - 0x00007ffe7ffda000 	C:\Windows\System32\rasadhlp.dll
0x00007ffe76840000 - 0x00007ffe768bf000 	C:\WINDOWS\System32\fwpuclnt.dll
0x00007ffe87d40000 - 0x00007ffe87d67000 	C:\WINDOWS\System32\bcrypt.dll
0x00007ffe876c0000 - 0x00007ffe876d8000 	C:\WINDOWS\SYSTEM32\CRYPTSP.dll
0x00007ffe86e10000 - 0x00007ffe86e44000 	C:\WINDOWS\system32\rsaenh.dll
0x00007ffe87bf0000 - 0x00007ffe87c1e000 	C:\WINDOWS\SYSTEM32\USERENV.dll
0x00007ffe876e0000 - 0x00007ffe876ec000 	C:\WINDOWS\SYSTEM32\CRYPTBASE.dll
0x00007ffe7dfe0000 - 0x00007ffe7dff7000 	C:\WINDOWS\SYSTEM32\dhcpcsvc6.DLL
0x00007ffe7f4f0000 - 0x00007ffe7f50d000 	C:\WINDOWS\SYSTEM32\dhcpcsvc.DLL
0x00007ffe77a60000 - 0x00007ffe77a6e000 	C:\Program Files\Java\jdk-20\bin\sunmscapi.dll
0x00007ffe88400000 - 0x00007ffe8855c000 	C:\WINDOWS\System32\CRYPT32.dll
0x00007ffe877e0000 - 0x00007ffe87807000 	C:\WINDOWS\SYSTEM32\ncrypt.dll
0x00007ffe877a0000 - 0x00007ffe877db000 	C:\WINDOWS\SYSTEM32\NTASN1.dll
0x00007ffe772c0000 - 0x00007ffe772c7000 	C:\Program Files\Java\jdk-20\bin\extnet.dll

dbghelp: loaded successfully - version: 4.0.5 - missing functions: none
symbol engine: initialized successfully - sym options: 0x614 - pdb path: .;C:\Program Files\Java\jdk-20\bin;C:\WINDOWS\SYSTEM32;C:\WINDOWS\WinSxS\amd64_microsoft.windows.common-controls_6595b64144ccf1df_6.0.19041.1_none_b555e41d4684ddec;C:\Program Files\Java\jdk-20\bin\server

VM Arguments:
jvm_args: -agentlib:jdwp=transport=dt_socket,server=n,address=49729 
java_command: com.apm.API.AmusementParkManagerApplication
java_class_path (initial): C:\Repos\API\target\classes;C:\Users\Administrator\.m2\repository\org\springframework\boot\spring-boot-starter-data-jpa\2.7.11\spring-boot-starter-data-jpa-2.7.11.jar;C:\Users\Administrator\.m2\repository\org\springframework\boot\spring-boot-starter-aop\2.7.11\spring-boot-starter-aop-2.7.11.jar;C:\Users\Administrator\.m2\repository\org\springframework\spring-aop\5.3.27\spring-aop-5.3.27.jar;C:\Users\Administrator\.m2\repository\org\aspectj\aspectjweaver\1.9.7\aspectjweaver-1.9.7.jar;C:\Users\Administrator\.m2\repository\org\springframework\boot\spring-boot-starter-jdbc\2.7.11\spring-boot-starter-jdbc-2.7.11.jar;C:\Users\Administrator\.m2\repository\com\zaxxer\HikariCP\4.0.3\HikariCP-4.0.3.jar;C:\Users\Administrator\.m2\repository\org\springframework\spring-jdbc\5.3.27\spring-jdbc-5.3.27.jar;C:\Users\Administrator\.m2\repository\jakarta\transaction\jakarta.transaction-api\1.3.3\jakarta.transaction-api-1.3.3.jar;C:\Users\Administrator\.m2\repository\jakarta\persistence\jakarta.persistence-api\2.2.3\jakarta.persistence-api-2.2.3.jar;C:\Users\Administrator\.m2\repository\org\hibernate\hibernate-core\5.6.15.Final\hibernate-core-5.6.15.Final.jar;C:\Users\Administrator\.m2\repository\org\jboss\logging\jboss-logging\3.4.3.Final\jboss-logging-3.4.3.Final.jar;C:\Users\Administrator\.m2\repository\net\bytebuddy\byte-buddy\1.12.23\byte-buddy-1.12.23.jar;C:\Users\Administrator\.m2\repository\antlr\antlr\2.7.7\antlr-2.7.7.jar;C:\Users\Administrator\.m2\repository\org\jboss\jandex\2.4.2.Final\jandex-2.4.2.Final.jar;C:\Users\Administrator\.m2\repository\com\fasterxml\classmate\1.5.1\classmate-1.5.1.jar;C:\Users\Administrator\.m2\repository\org\hibernate\common\hibernate-commons-annotations\5.1.2.Final\hibernate-commons-annotations-5.1.2.Final.jar;C:\Users\Administrator\.m2\repository\org\glassfish\jaxb\jaxb-runtime\2.3.8\jaxb-runtime-2.3.8.jar;C:\Users\Administrator\.m2\repository\org\glassfish\jaxb\txw2\2.3.8\txw2-2.3.8.jar;C:\Users\Administrator\.m2\repository\com\sun\istack\istack-commons-runtime\3.0.12\istack-commons-runtime-3.0.12.jar;C:\Users\Administrator\.m2\repository\com\sun\activation\jakarta.activation\1.2.2\jakarta.activation-1.2.2.jar;C:\Users\Administrator\.m2\repository\org\springframework\data\spring-data-jpa\2.7.11\spring-data-jpa-2.7.11.jar;C:\Users\Administrator\.m2\repository\org\springframework\data\spring-data-commons\2.7.11\spring-data-commons-2.7.11.jar;C:\Users\Administrator\.m2\repository\org\springframework\spring-orm\5.3.27\spring-orm-5.3.27.jar;C:\Users\Administrator\.m2\repository\org\springframework\spring-context\5.3.27\spring-context-5.3.27.jar;C:\Users\Administrator\.m2\repository\org\springframework\spring-tx\5.3.27\spring-tx-5.3.27.jar;C:\Users\Administrator\.m2\repository\org\springframework\spring-beans\5.3.27\spring-beans-5.3.27.jar;C:\Users\Administrator\.m2\repository\org\slf4j\slf4j-api\1.7.36\slf4j-api-1.7.36.jar;C:\Users\Administrator\.m2\repository\org\springframework\spring-aspects\5.3.27\spring-aspects-5.3.27.jar;C:\Users\Administrator\.m2\repository\org\springframework\boot\spring-boot-starter-web\2.7.11\spring-boot-starter-web-2.7.11.jar;C:\Users\Administrator\.m2\repository\org\springframework\boot\spring-boot-starter\2.7.11\spring-boot-starter-2.7.11.jar;C:\Users\Administrator\.m2\repository\org\springframework\boot\spring-boot-starter-logging\2.7.11\spring-boot-starter-logging-2.7.11.jar;C:\Users\Administrator\.m2\repository\ch\qos\logback\logback-classic\1.2.12\logback-classic-1.2.12.jar;C:\Users\Administrator\.m2\repository\ch\qos\logback\logback-core\1.2.12\logback-core-1.2.12.jar;C:\Users\Administrator\.m2\repository\org\apache\logging\log4j\log4j-to-slf4j\2.17.2\log4j-to-slf4j-2.17.2.jar;C:\Users\Administrator\.m2\repository\org\apache\logging\log4j\log4j-api\2.17.2\log4j-api-2.17.2.jar;C:\Users\Administrator\.m2\repository\org\slf4j\jul-to-slf4j\1.7.36\jul-to-slf4j-1.7.36.jar;C:\Users\Administrator\.m2\repository\jakarta\annotation\jakarta.annotation-api\1.3.5\jakarta.annotation-api-1.3.5.jar;C:\Users\Administrator\.m2\repository\org\yaml\snakeyaml\1.30\snakeyaml-1.30.jar;C:\Users\Administrator\.m2\repository\org\springframework\boot\spring-boot-starter-json\2.7.11\spring-boot-starter-json-2.7.11.jar;C:\Users\Administrator\.m2\repository\com\fasterxml\jackson\core\jackson-databind\2.13.5\jackson-databind-2.13.5.jar;C:\Users\Administrator\.m2\repository\com\fasterxml\jackson\core\jackson-annotations\2.13.5\jackson-annotations-2.13.5.jar;C:\Users\Administrator\.m2\repository\com\fasterxml\jackson\core\jackson-core\2.13.5\jackson-core-2.13.5.jar;C:\Users\Administrator\.m2\repository\com\fasterxml\jackson\datatype\jackson-datatype-jdk8\2.13.5\jackson-datatype-jdk8-2.13.5.jar;C:\Users\Administrator\.m2\repository\com\fasterxml\jackson\datatype\jackson-datatype-jsr310\2.13.5\jackson-datatype-jsr310-2.13.5.jar;C:\Users\Administrator\.m2\repository\com\fasterxml\jackson\module\jackson-module-parameter-names\2.13.5\jackson-module-parameter-names-2.13.5.jar;C:\Users\Administrator\.m2\repository\org\springframework\boot\spring-boot-starter-tomcat\2.7.11\spring-boot-starter-tomcat-2.7.11.jar;C:\Users\Administrator\.m2\repository\org\apache\tomcat\embed\tomcat-embed-core\9.0.74\tomcat-embed-core-9.0.74.jar;C:\Users\Administrator\.m2\repository\org\apache\tomcat\embed\tomcat-embed-el\9.0.74\tomcat-embed-el-9.0.74.jar;C:\Users\Administrator\.m2\repository\org\apache\tomcat\embed\tomcat-embed-websocket\9.0.74\tomcat-embed-websocket-9.0.74.jar;C:\Users\Administrator\.m2\repository\org\springframework\spring-web\5.3.27\spring-web-5.3.27.jar;C:\Users\Administrator\.m2\repository\org\springframework\spring-webmvc\5.3.27\spring-webmvc-5.3.27.jar;C:\Users\Administrator\.m2\repository\org\springframework\spring-expression\5.3.27\spring-expression-5.3.27.jar;C:\Users\Administrator\.m2\repository\org\springframework\boot\spring-boot-devtools\2.7.11\spring-boot-devtools-2.7.11.jar;C:\Users\Administrator\.m2\repository\org\springframework\boot\spring-boot\2.7.11\spring-boot-2.7.11.jar;C:\Users\Administrator\.m2\repository\org\springframework\boot\spring-boot-autoconfigure\2.7.11\spring-boot-autoconfigure-2.7.11.jar;C:\Users\Administrator\.m2\repository\org\projectlombok\lombok\1.18.26\lombok-1.18.26.jar;C:\Users\Administrator\.m2\repository\jakarta\xml\bind\jakarta.xml.bind-api\2.3.3\jakarta.xml.bind-api-2.3.3.jar;C:\Users\Administrator\.m2\repository\jakarta\activation\jakarta.activation-api\1.2.2\jakarta.activation-api-1.2.2.jar;C:\Users\Administrator\.m2\repository\org\springframework\spring-core\5.3.27\spring-core-5.3.27.jar;C:\Users\Administrator\.m2\repository\org\springframework\spring-jcl\5.3.27\spring-jcl-5.3.27.jar;C:\Users\Administrator\.m2\repository\com\mysql\mysql-connector-j\8.0.33\mysql-connector-j-8.0.33.jar;C:\Users\Administrator\.m2\repository\org\eclipse\persistence\org.eclipse.persistence.core\2.7.10\org.eclipse.persistence.core-2.7.10.jar;C:\Users\Administrator\.m2\repository\org\eclipse\persistence\org.eclipse.persistence.asm\9.2.0\org.eclipse.persistence.asm-9.2.0.jar;C:\Users\Administrator\.m2\repository\org\eclipse\persistence\org.eclipse.persistence.antlr\2.7.10\org.eclipse.persistence.antlr-2.7.10.jar;C:\Users\Administrator\.m2\repository\org\eclipse\persistence\org.eclipse.persistence.jpa\2.7.10\org.eclipse.persistence.jpa-2.7.10.jar;C:\Users\Administrator\.m2\repository\org\eclipse\persistence\org.eclipse.persistence.jpa.jpql\2.7.10\org.eclipse.persistence.jpa.jpql-2.7.10.jar;C:\Users\Administrator\.m2\repository\org\eclipse\persistence\org.eclipse.persistence.moxy\2.7.10\org.eclipse.persistence.moxy-2.7.10.jar;C:\Users\Administrator\.m2\repository\org\eclipse\persistence\jakarta.persistence\2.2.3\jakarta.persistence-2.2.3.jar
Launcher Type: SUN_STANDARD

[Global flags]
     intx CICompilerCount                          = 3                                         {product} {ergonomic}
     uint ConcGCThreads                            = 1                                         {product} {ergonomic}
     uint G1ConcRefinementThreads                  = 4                                         {product} {ergonomic}
   size_t G1HeapRegionSize                         = 1048576                                   {product} {ergonomic}
    uintx GCDrainStackTargetSize                   = 64                                        {product} {ergonomic}
   size_t InitialHeapSize                          = 134217728                                 {product} {ergonomic}
   size_t MarkStackSize                            = 4194304                                   {product} {ergonomic}
   size_t MaxHeapSize                              = 2116026368                                {product} {ergonomic}
   size_t MaxNewSize                               = 1268776960                                {product} {ergonomic}
   size_t MinHeapDeltaBytes                        = 1048576                                   {product} {ergonomic}
   size_t MinHeapSize                              = 8388608                                   {product} {ergonomic}
    uintx NonNMethodCodeHeapSize                   = 5832780                                {pd product} {ergonomic}
    uintx NonProfiledCodeHeapSize                  = 122912730                              {pd product} {ergonomic}
    uintx ProfiledCodeHeapSize                     = 122912730                              {pd product} {ergonomic}
    uintx ReservedCodeCacheSize                    = 251658240                              {pd product} {ergonomic}
     bool SegmentedCodeCache                       = true                                      {product} {ergonomic}
   size_t SoftMaxHeapSize                          = 2116026368                             {manageable} {ergonomic}
     bool UseCompressedClassPointers               = true                           {product lp64_product} {ergonomic}
     bool UseCompressedOops                        = true                           {product lp64_product} {ergonomic}
     bool UseG1GC                                  = true                                      {product} {ergonomic}
     bool UseLargePagesIndividualAllocation        = false                                  {pd product} {ergonomic}

Logging:
Log output configuration:
 #0: stdout all=warning uptime,level,tags foldmultilines=false
 #1: stderr all=off uptime,level,tags foldmultilines=false

Environment Variables:
JAVA_HOME=C:\Program Files\Java\jdk-20
PATH=C:\Program Files\Common Files\Oracle\Java\javapath;C:\WINDOWS\system32;C:\WINDOWS;C:\WINDOWS\System32\Wbem;C:\WINDOWS\System32\WindowsPowerShell\v1.0\;C:\WINDOWS\System32\OpenSSH\;C:\Users\Administrator\AppData\Local\Microsoft\WindowsApps;C:\Users\Administrator\AppData\Local\Programs\Microsoft VS Code\bin;C:\adb;C:\WINDOWS\system32;C:\WINDOWS;C:\WINDOWS\System32\Wbem;C:\WINDOWS\System32\WindowsPowerShell\v1.0\;C:\WINDOWS\System32\OpenSSH\;C:\Program Files\Microsoft VS Code\bin;C:\Program Files\Git\cmd;C:\Program Files\Java\apache-maven-3.9.0\bin;C:\Program Files\Java\jdk1.8.0_60\bin;C:\Program Files\Java\jre1.8.0_361\bin;C:\Program Files\nodejs\;C:\Users\Administrator\AppData\Local\Microsoft\WindowsApps;C:\Users\Administrator\AppData\Roaming\npm
USERNAME=Administrator
OS=Windows_NT
PROCESSOR_IDENTIFIER=Intel64 Family 6 Model 61 Stepping 4, GenuineIntel
TMP=C:\Users\ADMINI~1\AppData\Local\Temp
TEMP=C:\Users\ADMINI~1\AppData\Local\Temp




---------------  S Y S T E M  ---------------

OS:
 Windows 10 , 64 bit Build 19041 (10.0.19041.1)
OS uptime: 0 days 3:41 hours

CPU: total 4 (initial active 4) (2 cores per cpu, 2 threads per core) family 6 model 61 stepping 4 microcode 0x2d, cx8, cmov, fxsr, ht, mmx, 3dnowpref, sse, sse2, sse3, ssse3, sse4.1, sse4.2, popcnt, lzcnt, tsc, tscinvbit, avx, avx2, aes, erms, clmul, bmi1, bmi2, rtm, adx, fma, vzeroupper, clflush, rdtscp, f16c

Memory: 4k page, system-wide physical 8064M (1699M free)
TotalPageFile size 11264M (AvailPageFile size 3735M)
current process WorkingSet (physical memory assigned to process): 216M, peak: 218M
current process commit charge ("private bytes"): 247M, peak: 268M

vm_info: Java HotSpot(TM) 64-Bit Server VM (20.0.1+9-29) for windows-amd64 JRE (20.0.1+9-29), built on 2023-03-07T13:56:11Z by "mach5one" with MS VC++ 17.1 (VS2022)

END.
