#
# A fatal error has been detected by the Java Runtime Environment:
#
#  EXCEPTION_ACCESS_VIOLATION (0xc0000005) at pc=0x00007ffe5ca11465, pid=9184, tid=8824
#
# JRE version: Java(TM) SE Runtime Environment (20.0.1+9) (build 20.0.1+9-29)
# Java VM: Java HotSpot(TM) 64-Bit Server VM (20.0.1+9-29, mixed mode, sharing, tiered, compressed oops, compressed class ptrs, g1 gc, windows-amd64)
# Problematic frame:
# V  [jvm.dll+0x6e1465]
#
# No core dump will be written. Minidumps are not enabled by default on client versions of Windows
#
# If you would like to submit a bug report, please visit:
#   https://bugreport.java.com/bugreport/crash.jsp
#

---------------  S U M M A R Y ------------

Command Line: com.apm.API.AmusementParkManagerApplication

Host: Intel(R) Core(TM) i5-5300U CPU @ 2.30GHz, 4 cores, 7G,  Windows 10 , 64 bit Build 19041 (10.0.19041.1)
Time: Sun Jun 25 00:07:50 2023 Hora estándar de Argentina elapsed time: 6.866136 seconds (0d 0h 0m 6s)

---------------  T H R E A D  ---------------

Current thread (0x0000027600550830):  JavaThread "C2 CompilerThread1" daemon [_thread_in_native, id=8824, stack(0x000000c0f9300000,0x000000c0f9400000)]


Current CompileTask:
C2:   6866 4054   !   4       jdk.internal.loader.BuiltinClassLoader::findClassOnClassPathOrNull (64 bytes)

Stack: [0x000000c0f9300000,0x000000c0f9400000],  sp=0x000000c0f93fb8e0,  free space=1006k
Native frames: (J=compiled Java code, j=interpreted, Vv=VM code, C=native code)
V  [jvm.dll+0x6e1465]
V  [jvm.dll+0x6e218b]
V  [jvm.dll+0x6dff0a]
V  [jvm.dll+0x24ce1f]
V  [jvm.dll+0x24a549]
V  [jvm.dll+0x1ce491]
V  [jvm.dll+0x259e1b]
V  [jvm.dll+0x2584f0]
V  [jvm.dll+0x3f2895]
V  [jvm.dll+0x7f4b56]
V  [jvm.dll+0x6ba5cb]
C  [ucrtbase.dll+0x21542]
C  [KERNEL32.DLL+0x16fd4]
C  [ntdll.dll+0x4cf31]


siginfo: EXCEPTION_ACCESS_VIOLATION (0xc0000005), reading address 0x0000000000000428


Registers:
RAX=0x0000000000000400, RBX=0x000000c0f93fd010, RCX=0x0000000000000004, RDX=0x000000000000009f
RSP=0x000000c0f93fb8e0, RBP=0x000000c0f93fb959, RSI=0x0000000000000001, RDI=0x000000c0f93fb940
R8 =0x000000000003e4e8, R9 =0x0000027600e12f60, R10=0x0000000000000363, R11=0x00000276018c6210
R12=0x000000c0f93fd010, R13=0x0000000000000000, R14=0x0000000000000002, R15=0x0000000000000000
RIP=0x00007ffe5ca11465, EFLAGS=0x0000000000010287


Register to memory mapping:

RIP=0x00007ffe5ca11465 jvm.dll
RAX=0x0000000000000400 is an unknown value
RBX=0x000000c0f93fd010 is pointing into the stack for thread: 0x0000027600550830
RCX=0x0000000000000004 is an unknown value
RDX=0x000000000000009f is an unknown value
RSP=0x000000c0f93fb8e0 is pointing into the stack for thread: 0x0000027600550830
RBP=0x000000c0f93fb959 is pointing into the stack for thread: 0x0000027600550830
RSI=0x0000000000000001 is an unknown value
RDI=0x000000c0f93fb940 is pointing into the stack for thread: 0x0000027600550830
R8 =0x000000000003e4e8 is an unknown value
R9 =0x0000027600e12f60 points into unknown readable memory: 0x0000000000000000 | 00 00 00 00 00 00 00 00
R10=0x0000000000000363 is an unknown value
R11=0x00000276018c6210 points into unknown readable memory: 0x00007ffe5cbfbad8 | d8 ba bf 5c fe 7f 00 00
R12=0x000000c0f93fd010 is pointing into the stack for thread: 0x0000027600550830
R13=0x0 is NULL
R14=0x0000000000000002 is an unknown value
R15=0x0 is NULL


Top of Stack: (sp=0x000000c0f93fb8e0)
0x000000c0f93fb8e0:   000002767e487a88 00007ffe5ca1218b
0x000000c0f93fb8f0:   0000000000000000 000000c0f93fb959
0x000000c0f93fb900:   000002767e487a88 0000000000000001
0x000000c0f93fb910:   0000000000000008 0000000000000000
0x000000c0f93fb920:   00000276002953f0 0000027600004000
0x000000c0f93fb930:   0000027601a0e020 00007ffe00002477
0x000000c0f93fb940:   0000027600000200 0000027600cd4e70
0x000000c0f93fb950:   0000027600000200 00000276002953f0
0x000000c0f93fb960:   000000c000000000 0000027601682948
0x000000c0f93fb970:   000000c000000200 0000000000000000
0x000000c0f93fb980:   00007ffe5cc98c48 000002767efdd2a8
0x000000c0f93fb990:   000000c0f93fe8e0 00007ffe5cc98c80
0x000000c0f93fb9a0:   000000c0f93fd010 000002767efdd2e8
0x000000c0f93fb9b0:   000000c0f93fbaf0 00007ffe5ca0ff0a
0x000000c0f93fb9c0:   000000c0f93fd010 000002767e487a00
0x000000c0f93fb9d0:   00000276018c7910 000000c0f93fd030
0x000000c0f93fb9e0:   000000c0f93fe760 00007ffe5c57ce1f
0x000000c0f93fb9f0:   000000c0f93fe760 000000c0f93fe8e0
0x000000c0f93fba00:   000000c0f93fbaf0 000000c0f93fe8e0
0x000000c0f93fba10:   0000027600000000 00007ffe5c9c7b4d
0x000000c0f93fba20:   000000c0f93f0000 0000000000000000
0x000000c0f93fba30:   000002767e420450 0000027600000000
0x000000c0f93fba40:   0000027600000100 00007ffe5cc98c48
0x000000c0f93fba50:   0000000000000000 000000c0f93fe760
0x000000c0f93fba60:   0000000000000000 00007ffe5cc98c48
0x000000c0f93fba70:   0000027601727c00 0000000000000004
0x000000c0f93fba80:   000002767e7686e0 00007ffe5c619ce9
0x000000c0f93fba90:   0000027600000000 0000000000000000
0x000000c0f93fbaa0:   000000c0f93fbbb0 000002767e60a700
0x000000c0f93fbab0:   0000000000000000 00007ffe5cc98c80
0x000000c0f93fbac0:   0000000000000000 0000000000000000
0x000000c0f93fbad0:   0000000000000000 00007ffe5cc98c80 

Instructions: (pc=0x00007ffe5ca11465)
0x00007ffe5ca11365:   49 8b 41 20 48 2b c1 48 83 f8 08 72 0a 48 8d 41
0x00007ffe5ca11375:   08 49 89 41 18 eb 12 45 33 c0 49 8b c9 41 8d 50
0x00007ffe5ca11385:   08 e8 65 1a 9e ff 48 8b c8 48 89 4b 50 4c 89 21
0x00007ffe5ca11395:   8b 6b 48 8d 56 01 85 d2 74 04 85 d6 74 0c 0f bd
0x00007ffe5ca113a5:   ca ba 01 00 00 00 ff c1 d3 e2 48 8b 4b 40 48 8d
0x00007ffe5ca113b5:   3c ed 00 00 00 00 44 8b ca 4c 8b c7 89 53 48 48
0x00007ffe5ca113c5:   8b 53 50 49 c1 e1 03 44 89 64 24 20 e8 ba 17 9e
0x00007ffe5ca113d5:   ff 44 8b 43 48 33 d2 44 2b c5 48 89 43 50 49 c1
0x00007ffe5ca113e5:   e0 03 48 8d 0c 07 e8 c2 5b 1c 00 48 8b 43 50 4d
0x00007ffe5ca113f5:   89 3c 06 ff c6 3b 73 48 0f 82 1d ff ff ff 4c 8b
0x00007ffe5ca11405:   7c 24 68 4c 8b 74 24 60 48 8b 7c 24 58 48 8b 6c
0x00007ffe5ca11415:   24 50 48 83 c4 30 41 5c 5e 5b c3 48 89 5c 24 08
0x00007ffe5ca11425:   57 8b 81 90 09 00 00 48 8b fa 4c 8b 99 a8 09 00
0x00007ffe5ca11435:   00 48 8b d9 85 c0 74 53 45 33 c0 44 8b d0 0f 1f
0x00007ffe5ca11445:   40 00 66 0f 1f 84 00 00 00 00 00 4c 8b 8b a0 09
0x00007ffe5ca11455:   00 00 4b 8b 04 01 48 85 c0 74 26 49 3b c3 74 21
0x00007ffe5ca11465:   8b 48 28 8b c1 c1 e8 05 3b 07 73 11 8b d0 83 e1
0x00007ffe5ca11475:   1f 48 8b 47 08 8b 04 90 0f a3 c8 72 04 4f 89 1c
0x00007ffe5ca11485:   01 49 83 c0 08 49 83 ea 01 75 c0 48 8d 4b 58 33
0x00007ffe5ca11495:   d2 41 b8 30 09 00 00 48 8b 5c 24 10 5f e9 0b 5b
0x00007ffe5ca114a5:   1c 00 cc cc cc cc cc cc cc cc cc 40 53 41 54 41
0x00007ffe5ca114b5:   55 48 83 ec 40 4c 8b e9 48 8b da 48 8b 49 10 48
0x00007ffe5ca114c5:   89 4c 24 70 45 8b 65 20 49 ff cc 4e 8d 24 e1 4c
0x00007ffe5ca114d5:   89 64 24 60 4c 3b e1 0f 82 ea 01 00 00 44 8b 05
0x00007ffe5ca114e5:   df 29 51 00 65 48 8b 04 25 58 00 00 00 48 89 6c
0x00007ffe5ca114f5:   24 68 48 89 74 24 38 48 89 7c 24 30 4c 89 74 24
0x00007ffe5ca11505:   28 4c 89 7c 24 20 4e 8d 3c c0 90 49 8b 3c 24 45
0x00007ffe5ca11515:   33 f6 33 ed 44 8b 47 1c 45 85 c0 0f 84 75 01 00
0x00007ffe5ca11525:   00 41 bc 68 00 00 00 0f 1f 40 00 4c 8b 57 08 48
0x00007ffe5ca11535:   8d 34 ed 00 00 00 00 4e 8b 0c 16 4e 8d 1c 16 4d
0x00007ffe5ca11545:   3b cd 0f 85 35 01 00 00 8b 47 18 3b e8 73 78 4d
0x00007ffe5ca11555:   85 c9 74 2e 49 8b 49 10 48 85 c9 74 25 41 8b 41 


Stack slot to memory mapping:
stack at sp + 0 slots: 0x000002767e487a88 points into unknown readable memory: 0x00007ffe5cc86610 | 10 66 c8 5c fe 7f 00 00
stack at sp + 1 slots: 0x00007ffe5ca1218b jvm.dll
stack at sp + 2 slots: 0x0 is NULL
stack at sp + 3 slots: 0x000000c0f93fb959 is pointing into the stack for thread: 0x0000027600550830
stack at sp + 4 slots: 0x000002767e487a88 points into unknown readable memory: 0x00007ffe5cc86610 | 10 66 c8 5c fe 7f 00 00
stack at sp + 5 slots: 0x0000000000000001 is an unknown value
stack at sp + 6 slots: 0x0000000000000008 is an unknown value
stack at sp + 7 slots: 0x0 is NULL


---------------  P R O C E S S  ---------------

Threads class SMR info:
_java_thread_list=0x00000276018b3430, length=18, elements={
0x000002765e037060, 0x000002767a14a0f0, 0x000002767a14ed00, 0x000002767a151ad0,
0x000002767a153420, 0x000002767a154500, 0x000002767a15a610, 0x000002767a15d4a0,
0x000002767a15ebd0, 0x000002767e5167c0, 0x000002767e525150, 0x000002767ecdc040,
0x000002767ecdc590, 0x0000027600550830, 0x00000276009b3060, 0x00000276009b1b20,
0x00000276009b3b00, 0x00000276009b2070
}

Java Threads: ( => current thread )
  0x000002765e037060 JavaThread "main" [_thread_blocked, id=8976, stack(0x000000c0f7b00000,0x000000c0f7c00000)]
  0x000002767a14a0f0 JavaThread "Reference Handler" daemon [_thread_blocked, id=2536, stack(0x000000c0f8200000,0x000000c0f8300000)]
  0x000002767a14ed00 JavaThread "Finalizer" daemon [_thread_blocked, id=7252, stack(0x000000c0f8300000,0x000000c0f8400000)]
  0x000002767a151ad0 JavaThread "Signal Dispatcher" daemon [_thread_blocked, id=8832, stack(0x000000c0f8400000,0x000000c0f8500000)]
  0x000002767a153420 JavaThread "Attach Listener" daemon [_thread_blocked, id=5564, stack(0x000000c0f8500000,0x000000c0f8600000)]
  0x000002767a154500 JavaThread "Service Thread" daemon [_thread_blocked, id=11000, stack(0x000000c0f8600000,0x000000c0f8700000)]
  0x000002767a15a610 JavaThread "Monitor Deflation Thread" daemon [_thread_blocked, id=4600, stack(0x000000c0f8700000,0x000000c0f8800000)]
  0x000002767a15d4a0 JavaThread "C2 CompilerThread0" daemon [_thread_blocked, id=9320, stack(0x000000c0f8800000,0x000000c0f8900000)]
  0x000002767a15ebd0 JavaThread "C1 CompilerThread0" daemon [_thread_blocked, id=8324, stack(0x000000c0f8900000,0x000000c0f8a00000)]
  0x000002767e5167c0 JavaThread "Notification Thread" daemon [_thread_blocked, id=8836, stack(0x000000c0f8a00000,0x000000c0f8b00000)]
  0x000002767e525150 JavaThread "Common-Cleaner" daemon [_thread_blocked, id=9884, stack(0x000000c0f8c00000,0x000000c0f8d00000)]
  0x000002767ecdc040 JavaThread "Thread-0" [_thread_blocked, id=2028, stack(0x000000c0f9100000,0x000000c0f9200000)]
  0x000002767ecdc590 JavaThread "restartedMain" [_thread_in_Java, id=7268, stack(0x000000c0f9200000,0x000000c0f9300000)]
=>0x0000027600550830 JavaThread "C2 CompilerThread1" daemon [_thread_in_native, id=8824, stack(0x000000c0f9300000,0x000000c0f9400000)]
  0x00000276009b3060 JavaThread "Catalina-utility-1" [_thread_blocked, id=2848, stack(0x000000c0f9400000,0x000000c0f9500000)]
  0x00000276009b1b20 JavaThread "Catalina-utility-2" [_thread_blocked, id=4336, stack(0x000000c0f9500000,0x000000c0f9600000)]
  0x00000276009b3b00 JavaThread "container-0" [_thread_blocked, id=8484, stack(0x000000c0f9600000,0x000000c0f9700000)]
  0x00000276009b2070 JavaThread "mysql-cj-abandoned-connection-cleanup" daemon [_thread_blocked, id=10552, stack(0x000000c0f9700000,0x000000c0f9800000)]

Other Threads:
  0x000002767a12efc0 VMThread "VM Thread" [stack: 0x000000c0f8100000,0x000000c0f8200000] [id=4768]
  0x000002767e51a0f0 WatcherThread "VM Periodic Task Thread" [stack: 0x000000c0f8b00000,0x000000c0f8c00000] [id=8356]
  0x000002765e099130 WorkerThread "GC Thread#0" [stack: 0x000000c0f7c00000,0x000000c0f7d00000] [id=8556]
  0x000002767eb46750 WorkerThread "GC Thread#1" [stack: 0x000000c0f8e00000,0x000000c0f8f00000] [id=10880]
  0x000002767eb46a20 WorkerThread "GC Thread#2" [stack: 0x000000c0f8f00000,0x000000c0f9000000] [id=7216]
  0x000002767eb91e20 WorkerThread "GC Thread#3" [stack: 0x000000c0f9000000,0x000000c0f9100000] [id=1348]
  0x000002765e0a9c80 ConcurrentGCThread "G1 Main Marker" [stack: 0x000000c0f7d00000,0x000000c0f7e00000] [id=6736]
  0x000002765e0aa850 WorkerThread "G1 Conc#0" [stack: 0x000000c0f7e00000,0x000000c0f7f00000] [id=11208]
  0x0000027679fe30d0 ConcurrentGCThread "G1 Refine#0" [stack: 0x000000c0f7f00000,0x000000c0f8000000] [id=10496]
  0x0000027679fe3a70 ConcurrentGCThread "G1 Service" [stack: 0x000000c0f8000000,0x000000c0f8100000] [id=3348]

Threads with active compile tasks:
C1 CompilerThread0     6960 4165       3       sun.security.util.math.intpoly.IntegerPolynomialP256::carryReduce (895 bytes)
C2 CompilerThread1     6960 4054   !   4       jdk.internal.loader.BuiltinClassLoader::findClassOnClassPathOrNull (64 bytes)

VM state: not at safepoint (normal execution)

VM Mutex/Monitor currently owned by a thread: None

Heap address: 0x0000000081e00000, size: 2018 MB, Compressed Oops mode: 32-bit

CDS archive(s) mapped at: [0x0000000800000000-0x0000000800c60000-0x0000000800c60000), size 12976128, SharedBaseAddress: 0x0000000800000000, ArchiveRelocationMode: 0.
Compressed class space mapped at: 0x0000000801000000-0x0000000841000000, reserved size: 1073741824
Narrow klass base: 0x0000000800000000, Narrow klass shift: 0, Narrow klass range: 0x100000000

GC Precious Log:
 CardTable entry size: 512
 Card Set container configuration: InlinePtr #cards 5 size 8 Array Of Cards #cards 12 size 40 Howl #buckets 4 coarsen threshold 1843 Howl Bitmap #cards 512 size 80 coarsen threshold 460 Card regions per heap region 1 cards per card region 2048
 CPUs: 4 total, 4 available
 Memory: 8064M
 Large Page Support: Disabled
 NUMA Support: Disabled
 Compressed Oops: Enabled (32-bit)
 Heap Region Size: 1M
 Heap Min Capacity: 8M
 Heap Initial Capacity: 128M
 Heap Max Capacity: 2018M
 Pre-touch: Disabled
 Parallel Workers: 4
 Concurrent Workers: 1
 Concurrent Refinement Workers: 4
 Periodic GC: Disabled

Heap:
 garbage-first heap   total 58368K, used 24286K [0x0000000081e00000, 0x0000000100000000)
  region size 1024K, 10 young (10240K), 3 survivors (3072K)
 Metaspace       used 40389K, committed 40768K, reserved 1114112K
  class space    used 5122K, committed 5312K, reserved 1048576K

Heap Regions: E=young(eden), S=young(survivor), O=old, HS=humongous(starts), HC=humongous(continues), CS=collection set, F=free, OA=open archive, CA=closed archive, TAMS=top-at-mark-start, PB=parsable bottom
|   0|0x0000000081e00000, 0x0000000081f00000, 0x0000000081f00000|100%|HS|  |TAMS 0x0000000081e00000| PB 0x0000000081e00000| Complete 
|   1|0x0000000081f00000, 0x0000000082000000, 0x0000000082000000|100%| O|  |TAMS 0x0000000081f00000| PB 0x0000000081f00000| Untracked 
|   2|0x0000000082000000, 0x0000000082100000, 0x0000000082100000|100%| O|  |TAMS 0x0000000082000000| PB 0x0000000082000000| Untracked 
|   3|0x0000000082100000, 0x0000000082200000, 0x0000000082200000|100%| O|  |TAMS 0x0000000082100000| PB 0x0000000082100000| Untracked 
|   4|0x0000000082200000, 0x0000000082300000, 0x0000000082300000|100%| O|  |TAMS 0x0000000082200000| PB 0x0000000082200000| Untracked 
|   5|0x0000000082300000, 0x0000000082400000, 0x0000000082400000|100%| O|  |TAMS 0x0000000082300000| PB 0x0000000082300000| Untracked 
|   6|0x0000000082400000, 0x0000000082400000, 0x0000000082500000|  0%| F|  |TAMS 0x0000000082400000| PB 0x0000000082400000| Untracked 
|   7|0x0000000082500000, 0x0000000082600000, 0x0000000082600000|100%| O|  |TAMS 0x0000000082500000| PB 0x0000000082500000| Untracked 
|   8|0x0000000082600000, 0x0000000082700000, 0x0000000082700000|100%| O|  |TAMS 0x0000000082600000| PB 0x0000000082600000| Untracked 
|   9|0x0000000082700000, 0x0000000082800000, 0x0000000082800000|100%| O|  |TAMS 0x0000000082700000| PB 0x0000000082700000| Untracked 
|  10|0x0000000082800000, 0x0000000082900000, 0x0000000082900000|100%| O|  |TAMS 0x0000000082800000| PB 0x0000000082800000| Untracked 
|  11|0x0000000082900000, 0x0000000082a00000, 0x0000000082a00000|100%| O|  |TAMS 0x0000000082900000| PB 0x0000000082900000| Untracked 
|  12|0x0000000082a00000, 0x0000000082b00000, 0x0000000082b00000|100%| O|  |TAMS 0x0000000082a00000| PB 0x0000000082a00000| Untracked 
|  13|0x0000000082b00000, 0x0000000082c00000, 0x0000000082c00000|100%| O|  |TAMS 0x0000000082b00000| PB 0x0000000082b00000| Untracked 
|  14|0x0000000082c00000, 0x0000000082d00000, 0x0000000082d00000|100%| O|  |TAMS 0x0000000082c00000| PB 0x0000000082c00000| Untracked 
|  15|0x0000000082d00000, 0x0000000082e00000, 0x0000000082e00000|100%| O|  |TAMS 0x0000000082d00000| PB 0x0000000082d00000| Complete 
|  16|0x0000000082e00000, 0x0000000082e00000, 0x0000000082f00000|  0%| F|  |TAMS 0x0000000082e00000| PB 0x0000000082e00000| Untracked 
|  17|0x0000000082f00000, 0x0000000082f00000, 0x0000000083000000|  0%| F|  |TAMS 0x0000000082f00000| PB 0x0000000082f00000| Untracked 
|  18|0x0000000083000000, 0x0000000083000000, 0x0000000083100000|  0%| F|  |TAMS 0x0000000083000000| PB 0x0000000083000000| Untracked 
|  19|0x0000000083100000, 0x0000000083100000, 0x0000000083200000|  0%| F|  |TAMS 0x0000000083100000| PB 0x0000000083100000| Untracked 
|  20|0x0000000083200000, 0x0000000083200000, 0x0000000083300000|  0%| F|  |TAMS 0x0000000083200000| PB 0x0000000083200000| Untracked 
|  21|0x0000000083300000, 0x0000000083300000, 0x0000000083400000|  0%| F|  |TAMS 0x0000000083300000| PB 0x0000000083300000| Untracked 
|  22|0x0000000083400000, 0x0000000083400000, 0x0000000083500000|  0%| F|  |TAMS 0x0000000083400000| PB 0x0000000083400000| Untracked 
|  23|0x0000000083500000, 0x0000000083500000, 0x0000000083600000|  0%| F|  |TAMS 0x0000000083500000| PB 0x0000000083500000| Untracked 
|  24|0x0000000083600000, 0x0000000083600000, 0x0000000083700000|  0%| F|  |TAMS 0x0000000083600000| PB 0x0000000083600000| Untracked 
|  25|0x0000000083700000, 0x0000000083700000, 0x0000000083800000|  0%| F|  |TAMS 0x0000000083700000| PB 0x0000000083700000| Untracked 
|  26|0x0000000083800000, 0x0000000083800000, 0x0000000083900000|  0%| F|  |TAMS 0x0000000083800000| PB 0x0000000083800000| Untracked 
|  27|0x0000000083900000, 0x0000000083900000, 0x0000000083a00000|  0%| F|  |TAMS 0x0000000083900000| PB 0x0000000083900000| Untracked 
|  28|0x0000000083a00000, 0x0000000083a00000, 0x0000000083b00000|  0%| F|  |TAMS 0x0000000083a00000| PB 0x0000000083a00000| Untracked 
|  29|0x0000000083b00000, 0x0000000083bb7a80, 0x0000000083c00000| 71%| S|CS|TAMS 0x0000000083b00000| PB 0x0000000083b00000| Complete 
|  30|0x0000000083c00000, 0x0000000083d00000, 0x0000000083d00000|100%| S|CS|TAMS 0x0000000083c00000| PB 0x0000000083c00000| Complete 
|  31|0x0000000083d00000, 0x0000000083e00000, 0x0000000083e00000|100%| S|CS|TAMS 0x0000000083d00000| PB 0x0000000083d00000| Complete 
|  32|0x0000000083e00000, 0x0000000083e00000, 0x0000000083f00000|  0%| F|  |TAMS 0x0000000083e00000| PB 0x0000000083e00000| Untracked 
|  33|0x0000000083f00000, 0x0000000083f00000, 0x0000000084000000|  0%| F|  |TAMS 0x0000000083f00000| PB 0x0000000083f00000| Untracked 
|  34|0x0000000084000000, 0x0000000084000000, 0x0000000084100000|  0%| F|  |TAMS 0x0000000084000000| PB 0x0000000084000000| Untracked 
|  35|0x0000000084100000, 0x0000000084100000, 0x0000000084200000|  0%| F|  |TAMS 0x0000000084100000| PB 0x0000000084100000| Untracked 
|  36|0x0000000084200000, 0x0000000084200000, 0x0000000084300000|  0%| F|  |TAMS 0x0000000084200000| PB 0x0000000084200000| Untracked 
|  37|0x0000000084300000, 0x0000000084300000, 0x0000000084400000|  0%| F|  |TAMS 0x0000000084300000| PB 0x0000000084300000| Untracked 
|  38|0x0000000084400000, 0x0000000084400000, 0x0000000084500000|  0%| F|  |TAMS 0x0000000084400000| PB 0x0000000084400000| Untracked 
|  39|0x0000000084500000, 0x0000000084500000, 0x0000000084600000|  0%| F|  |TAMS 0x0000000084500000| PB 0x0000000084500000| Untracked 
|  40|0x0000000084600000, 0x0000000084600000, 0x0000000084700000|  0%| F|  |TAMS 0x0000000084600000| PB 0x0000000084600000| Untracked 
|  41|0x0000000084700000, 0x0000000084700000, 0x0000000084800000|  0%| F|  |TAMS 0x0000000084700000| PB 0x0000000084700000| Untracked 
|  42|0x0000000084800000, 0x0000000084800000, 0x0000000084900000|  0%| F|  |TAMS 0x0000000084800000| PB 0x0000000084800000| Untracked 
|  43|0x0000000084900000, 0x0000000084900000, 0x0000000084a00000|  0%| F|  |TAMS 0x0000000084900000| PB 0x0000000084900000| Untracked 
|  44|0x0000000084a00000, 0x0000000084a00000, 0x0000000084b00000|  0%| F|  |TAMS 0x0000000084a00000| PB 0x0000000084a00000| Untracked 
|  45|0x0000000084b00000, 0x0000000084b00000, 0x0000000084c00000|  0%| F|  |TAMS 0x0000000084b00000| PB 0x0000000084b00000| Untracked 
|  46|0x0000000084c00000, 0x0000000084c00000, 0x0000000084d00000|  0%| F|  |TAMS 0x0000000084c00000| PB 0x0000000084c00000| Untracked 
|  47|0x0000000084d00000, 0x0000000084d00000, 0x0000000084e00000|  0%| F|  |TAMS 0x0000000084d00000| PB 0x0000000084d00000| Untracked 
|  48|0x0000000084e00000, 0x0000000084e00000, 0x0000000084f00000|  0%| F|  |TAMS 0x0000000084e00000| PB 0x0000000084e00000| Untracked 
|  49|0x0000000084f00000, 0x0000000084f00000, 0x0000000085000000|  0%| F|  |TAMS 0x0000000084f00000| PB 0x0000000084f00000| Untracked 
|  70|0x0000000086400000, 0x0000000086458b88, 0x0000000086500000| 34%| E|  |TAMS 0x0000000086400000| PB 0x0000000086400000| Complete 
|  71|0x0000000086500000, 0x0000000086600000, 0x0000000086600000|100%| E|CS|TAMS 0x0000000086500000| PB 0x0000000086500000| Complete 
|  72|0x0000000086600000, 0x0000000086700000, 0x0000000086700000|100%| E|CS|TAMS 0x0000000086600000| PB 0x0000000086600000| Complete 
|  73|0x0000000086700000, 0x0000000086800000, 0x0000000086800000|100%| E|CS|TAMS 0x0000000086700000| PB 0x0000000086700000| Complete 
|  74|0x0000000086800000, 0x0000000086900000, 0x0000000086900000|100%| E|CS|TAMS 0x0000000086800000| PB 0x0000000086800000| Complete 
|  75|0x0000000086900000, 0x0000000086a00000, 0x0000000086a00000|100%| E|CS|TAMS 0x0000000086900000| PB 0x0000000086900000| Complete 
| 127|0x0000000089d00000, 0x0000000089e00000, 0x0000000089e00000|100%| E|CS|TAMS 0x0000000089d00000| PB 0x0000000089d00000| Complete 

Card table byte_map: [0x00000276754f0000,0x00000276758f0000] _byte_map_base: 0x00000276750e1000

Marking Bits: (CMBitMap*) 0x000002765e099760
 Bits: [0x0000027675cf0000, 0x0000027677c78000)

Polling page: 0x000002765be40000

Metaspace:

Usage:
  Non-class:     34.45 MB used.
      Class:      5.00 MB used.
       Both:     39.45 MB used.

Virtual space:
  Non-class space:       64.00 MB reserved,      34.62 MB ( 54%) committed,  1 nodes.
      Class space:        1.00 GB reserved,       5.19 MB ( <1%) committed,  1 nodes.
             Both:        1.06 GB reserved,      39.81 MB (  4%) committed. 

Chunk freelists:
   Non-Class:  960.00 KB
       Class:  2.73 MB
        Both:  3.67 MB

MaxMetaspaceSize: unlimited
CompressedClassSpaceSize: 1.00 GB
Initial GC threshold: 21.00 MB
Current GC threshold: 59.19 MB
CDS: on
MetaspaceReclaimPolicy: balanced
 - commit_granule_bytes: 65536.
 - commit_granule_words: 8192.
 - virtual_space_node_default_size: 8388608.
 - enlarge_chunks_in_place: 1.
 - new_chunks_are_fully_committed: 0.
 - uncommit_free_chunks: 1.
 - use_allocation_guard: 0.


Internal statistics:

num_allocs_failed_limit: 6.
num_arena_births: 400.
num_arena_deaths: 0.
num_vsnodes_births: 2.
num_vsnodes_deaths: 0.
num_space_committed: 637.
num_space_uncommitted: 0.
num_chunks_returned_to_freelist: 6.
num_chunks_taken_from_freelist: 1639.
num_chunk_merges: 6.
num_chunk_splits: 1169.
num_chunks_enlarged: 958.
num_inconsistent_stats: 0.

CodeHeap 'non-profiled nmethods': size=120000Kb used=1959Kb max_used=2080Kb free=118040Kb
 bounds [0x000002766dbc0000, 0x000002766de30000, 0x00000276750f0000]
CodeHeap 'profiled nmethods': size=120000Kb used=7503Kb max_used=8587Kb free=112496Kb
 bounds [0x00000276660f0000, 0x0000027666960000, 0x000002766d620000]
CodeHeap 'non-nmethods': size=5760Kb used=1596Kb max_used=1599Kb free=4163Kb
 bounds [0x000002766d620000, 0x000002766d890000, 0x000002766dbc0000]
 total_blobs=4324 nmethods=3728 adapters=505
 compilation: enabled
              stopped_count=0, restarted_count=0
 full_count=0

Compilation events (20 events):
Event: 6.835 Thread 0x000002767a15ebd0 4088       3       jdk.internal.jimage.ImageLocation::getAttribute (44 bytes)
Event: 6.835 Thread 0x000002767a15ebd0 nmethod 4088 0x00000276662c2190 code [0x00000276662c23a0, 0x00000276662c29c0]
Event: 6.843 Thread 0x000002767a15ebd0 4089       3       java.util.TreeMap::getEntryUsingComparator (74 bytes)
Event: 6.844 Thread 0x000002767a15ebd0 nmethod 4089 0x000002766649d490 code [0x000002766649d640, 0x000002766649d9f8]
Event: 6.844 Thread 0x000002767a15ebd0 4091       3       java.util.regex.Pattern$NotBehind::match (137 bytes)
Event: 6.844 Thread 0x000002767a15ebd0 nmethod 4091 0x0000027666120090 code [0x0000027666120260, 0x0000027666120860]
Event: 6.844 Thread 0x000002767a15ebd0 4090       3       java.util.TreeSet::contains (11 bytes)
Event: 6.844 Thread 0x000002767a15ebd0 nmethod 4090 0x00000276662b2a10 code [0x00000276662b2ba0, 0x00000276662b2d70]
Event: 6.845 Thread 0x000002767a15ebd0 4092       3       java.util.regex.Pattern::split (288 bytes)
Event: 6.848 Thread 0x000002767a15ebd0 nmethod 4092 0x000002766613ea90 code [0x000002766613efc0, 0x0000027666142870]
Event: 6.849 Thread 0x000002767a15ebd0 4097       3       java.util.Arrays$ArrayList::indexOf (62 bytes)
Event: 6.849 Thread 0x000002767a15ebd0 nmethod 4097 0x000002766646b910 code [0x000002766646bae0, 0x000002766646bf70]
Event: 6.849 Thread 0x000002767a15ebd0 4096       3       java.util.Arrays$ArrayList::contains (14 bytes)
Event: 6.849 Thread 0x000002767a15ebd0 nmethod 4096 0x0000027666381f90 code [0x0000027666382120, 0x00000276663822b8]
Event: 6.849 Thread 0x000002767a15ebd0 4095       1       sun.security.ssl.SSLCipher::isAvailable (5 bytes)
Event: 6.849 Thread 0x000002767a15ebd0 nmethod 4095 0x000002766dbc1010 code [0x000002766dbc1180, 0x000002766dbc1250]
Event: 6.849 Thread 0x000002767a15ebd0 4098       3       sun.security.ssl.CipherSuite::supports (11 bytes)
Event: 6.850 Thread 0x000002767a15ebd0 nmethod 4098 0x0000027666490290 code [0x0000027666490420, 0x00000276664905f0]
Event: 6.850 Thread 0x000002767a15ebd0 4094   !   3       java.util.ImmutableCollections$ListItr::next (34 bytes)
Event: 6.850 Thread 0x000002767a15ebd0 nmethod 4094 0x0000027666120f10 code [0x00000276661210c0, 0x00000276661213a0]

GC Heap History (14 events):
Event: 0.599 GC heap before
{Heap before GC invocations=0 (full 0):
 garbage-first heap   total 131072K, used 14336K [0x0000000081e00000, 0x0000000100000000)
  region size 1024K, 13 young (13312K), 0 survivors (0K)
 Metaspace       used 3254K, committed 3392K, reserved 1114112K
  class space    used 319K, committed 384K, reserved 1048576K
}
Event: 0.606 GC heap after
{Heap after GC invocations=1 (full 0):
 garbage-first heap   total 131072K, used 6846K [0x0000000081e00000, 0x0000000100000000)
  region size 1024K, 2 young (2048K), 2 survivors (2048K)
 Metaspace       used 3254K, committed 3392K, reserved 1114112K
  class space    used 319K, committed 384K, reserved 1048576K
}
Event: 0.955 GC heap before
{Heap before GC invocations=1 (full 0):
 garbage-first heap   total 131072K, used 17086K [0x0000000081e00000, 0x0000000100000000)
  region size 1024K, 13 young (13312K), 2 survivors (2048K)
 Metaspace       used 6048K, committed 6208K, reserved 1114112K
  class space    used 675K, committed 768K, reserved 1048576K
}
Event: 0.959 GC heap after
{Heap after GC invocations=2 (full 0):
 garbage-first heap   total 131072K, used 7773K [0x0000000081e00000, 0x0000000100000000)
  region size 1024K, 1 young (1024K), 1 survivors (1024K)
 Metaspace       used 6048K, committed 6208K, reserved 1114112K
  class space    used 675K, committed 768K, reserved 1048576K
}
Event: 1.927 GC heap before
{Heap before GC invocations=2 (full 0):
 garbage-first heap   total 131072K, used 34397K [0x0000000081e00000, 0x0000000100000000)
  region size 1024K, 28 young (28672K), 1 survivors (1024K)
 Metaspace       used 13374K, committed 13632K, reserved 1114112K
  class space    used 1594K, committed 1728K, reserved 1048576K
}
Event: 1.932 GC heap after
{Heap after GC invocations=3 (full 0):
 garbage-first heap   total 131072K, used 9392K [0x0000000081e00000, 0x0000000100000000)
  region size 1024K, 3 young (3072K), 3 survivors (3072K)
 Metaspace       used 13374K, committed 13632K, reserved 1114112K
  class space    used 1594K, committed 1728K, reserved 1048576K
}
Event: 3.919 GC heap before
{Heap before GC invocations=3 (full 0):
 garbage-first heap   total 131072K, used 58544K [0x0000000081e00000, 0x0000000100000000)
  region size 1024K, 52 young (53248K), 3 survivors (3072K)
 Metaspace       used 21261K, committed 21504K, reserved 1114112K
  class space    used 2603K, committed 2688K, reserved 1048576K
}
Event: 3.929 GC heap after
{Heap after GC invocations=4 (full 0):
 garbage-first heap   total 131072K, used 13028K [0x0000000081e00000, 0x0000000100000000)
  region size 1024K, 6 young (6144K), 6 survivors (6144K)
 Metaspace       used 21261K, committed 21504K, reserved 1114112K
  class space    used 2603K, committed 2688K, reserved 1048576K
}
Event: 5.105 GC heap before
{Heap before GC invocations=5 (full 0):
 garbage-first heap   total 48128K, used 35556K [0x0000000081e00000, 0x0000000100000000)
  region size 1024K, 28 young (28672K), 6 survivors (6144K)
 Metaspace       used 25964K, committed 26368K, reserved 1114112K
  class space    used 3225K, committed 3392K, reserved 1048576K
}
Event: 5.119 GC heap after
{Heap after GC invocations=6 (full 0):
 garbage-first heap   total 48128K, used 15740K [0x0000000081e00000, 0x0000000100000000)
  region size 1024K, 3 young (3072K), 3 survivors (3072K)
 Metaspace       used 25964K, committed 26368K, reserved 1114112K
  class space    used 3225K, committed 3392K, reserved 1048576K
}
Event: 5.927 GC heap before
{Heap before GC invocations=6 (full 0):
 garbage-first heap   total 48128K, used 36220K [0x0000000081e00000, 0x0000000100000000)
  region size 1024K, 24 young (24576K), 3 survivors (3072K)
 Metaspace       used 30899K, committed 31232K, reserved 1114112K
  class space    used 3805K, committed 3968K, reserved 1048576K
}
Event: 5.936 GC heap after
{Heap after GC invocations=7 (full 0):
 garbage-first heap   total 48128K, used 17244K [0x0000000081e00000, 0x0000000100000000)
  region size 1024K, 2 young (2048K), 2 survivors (2048K)
 Metaspace       used 30899K, committed 31232K, reserved 1114112K
  class space    used 3805K, committed 3968K, reserved 1048576K
}
Event: 6.545 GC heap before
{Heap before GC invocations=7 (full 0):
 garbage-first heap   total 48128K, used 31580K [0x0000000081e00000, 0x0000000100000000)
  region size 1024K, 17 young (17408K), 2 survivors (2048K)
 Metaspace       used 35704K, committed 36096K, reserved 1114112K
  class space    used 4569K, committed 4736K, reserved 1048576K
}
Event: 6.549 GC heap after
{Heap after GC invocations=8 (full 0):
 garbage-first heap   total 58368K, used 18142K [0x0000000081e00000, 0x0000000100000000)
  region size 1024K, 3 young (3072K), 3 survivors (3072K)
 Metaspace       used 35704K, committed 36096K, reserved 1114112K
  class space    used 4569K, committed 4736K, reserved 1048576K
}

Dll operation events (11 events):
Event: 0.012 Loaded shared library C:\Program Files\Java\jdk-20\bin\java.dll
Event: 0.031 Loaded shared library C:\Program Files\Java\jdk-20\bin\jsvml.dll
Event: 0.142 Loaded shared library C:\Program Files\Java\jdk-20\bin\net.dll
Event: 0.144 Loaded shared library C:\Program Files\Java\jdk-20\bin\nio.dll
Event: 0.147 Loaded shared library C:\Program Files\Java\jdk-20\bin\zip.dll
Event: 0.255 Loaded shared library C:\Program Files\Java\jdk-20\bin\verify.dll
Event: 0.260 Loaded shared library C:\Program Files\Java\jdk-20\bin\jimage.dll
Event: 0.693 Loaded shared library C:\Program Files\Java\jdk-20\bin\management.dll
Event: 0.695 Loaded shared library C:\Program Files\Java\jdk-20\bin\management_ext.dll
Event: 5.025 Loaded shared library C:\Program Files\Java\jdk-20\bin\sunmscapi.dll
Event: 6.638 Loaded shared library C:\Program Files\Java\jdk-20\bin\extnet.dll

Deoptimization events (20 events):
Event: 6.496 Thread 0x000002767ecdc590 DEOPT PACKING pc=0x000002766dc07a58 sp=0x000000c0f92fcfa0
Event: 6.496 Thread 0x000002767ecdc590 DEOPT UNPACKING pc=0x000002766d689d22 sp=0x000000c0f92fcf30 mode 2
Event: 6.506 Thread 0x000002767ecdc590 Uncommon trap: trap_request=0xffffff45 fr.pc=0x000002766dd521d8 relative=0x0000000000000778
Event: 6.506 Thread 0x000002767ecdc590 Uncommon trap: reason=unstable_if action=reinterpret pc=0x000002766dd521d8 method=java.util.Properties.load0(Ljava/util/Properties$LineReader;)V @ 160 c2
Event: 6.506 Thread 0x000002767ecdc590 DEOPT PACKING pc=0x000002766dd521d8 sp=0x000000c0f92fab70
Event: 6.506 Thread 0x000002767ecdc590 DEOPT UNPACKING pc=0x000002766d689d22 sp=0x000000c0f92fab18 mode 2
Event: 6.643 Thread 0x000002767ecdc590 Uncommon trap: trap_request=0xffffff45 fr.pc=0x000002766dd0d720 relative=0x0000000000000180
Event: 6.643 Thread 0x000002767ecdc590 Uncommon trap: reason=unstable_if action=reinterpret pc=0x000002766dd0d720 method=sun.net.www.ParseUtil.encodePath(Ljava/lang/String;Z)Ljava/lang/String; @ 1 c2
Event: 6.644 Thread 0x000002767ecdc590 DEOPT PACKING pc=0x000002766dd0d720 sp=0x000000c0f92fd1d0
Event: 6.644 Thread 0x000002767ecdc590 DEOPT UNPACKING pc=0x000002766d689d22 sp=0x000000c0f92fd188 mode 2
Event: 6.758 Thread 0x000002767ecdc590 Uncommon trap: trap_request=0xffffff45 fr.pc=0x000002766dd639c8 relative=0x0000000000000ae8
Event: 6.758 Thread 0x000002767ecdc590 Uncommon trap: reason=unstable_if action=reinterpret pc=0x000002766dd639c8 method=java.lang.String.<init>(Ljava/nio/charset/Charset;[BII)V @ 34 c2
Event: 6.758 Thread 0x000002767ecdc590 DEOPT PACKING pc=0x000002766dd639c8 sp=0x000000c0f92fd0d0
Event: 6.758 Thread 0x000002767ecdc590 DEOPT UNPACKING pc=0x000002766d689d22 sp=0x000000c0f92fd0b8 mode 2
Event: 6.766 Thread 0x000002767ecdc590 DEOPT PACKING pc=0x00000276661cc94a sp=0x000000c0f92fc620
Event: 6.766 Thread 0x000002767ecdc590 DEOPT UNPACKING pc=0x000002766d68a4c2 sp=0x000000c0f92fbac0 mode 0
Event: 6.801 Thread 0x000002767ecdc590 Uncommon trap: trap_request=0xffffff45 fr.pc=0x000002766dcd1c88 relative=0x00000000000009c8
Event: 6.801 Thread 0x000002767ecdc590 Uncommon trap: reason=unstable_if action=reinterpret pc=0x000002766dcd1c88 method=sun.net.util.IPAddressUtil.scan(Ljava/lang/String;JJ[C)I @ 14 c2
Event: 6.801 Thread 0x000002767ecdc590 DEOPT PACKING pc=0x000002766dcd1c88 sp=0x000000c0f92f93c0
Event: 6.801 Thread 0x000002767ecdc590 DEOPT UNPACKING pc=0x000002766d689d22 sp=0x000000c0f92f91c8 mode 2

Classes loaded (20 events):
Event: 6.851 Loading class javax/net/ssl/KeyManager done
Event: 6.851 Loading class javax/net/ssl/X509KeyManager done
Event: 6.851 Loading class javax/net/ssl/X509ExtendedKeyManager done
Event: 6.851 Loading class sun/security/ssl/DummyX509KeyManager done
Event: 6.851 Loading class javax/net/ssl/X509ExtendedTrustManager
Event: 6.851 Loading class javax/net/ssl/X509ExtendedTrustManager done
Event: 6.851 Loading class sun/security/ssl/AbstractTrustManagerWrapper
Event: 6.851 Loading class sun/security/ssl/AbstractTrustManagerWrapper done
Event: 6.853 Loading class sun/security/ssl/SSLSocketFactoryImpl
Event: 6.853 Loading class javax/net/ssl/SSLSocketFactory
Event: 6.853 Loading class javax/net/SocketFactory
Event: 6.853 Loading class javax/net/SocketFactory done
Event: 6.853 Loading class javax/net/ssl/SSLSocketFactory done
Event: 6.853 Loading class sun/security/ssl/SSLSocketFactoryImpl done
Event: 6.853 Loading class sun/security/ssl/SSLSocketImpl
Event: 6.854 Loading class sun/security/ssl/SSLTransport
Event: 6.854 Loading class sun/security/ssl/SSLTransport done
Event: 6.854 Loading class sun/security/ssl/BaseSSLSocketImpl
Event: 6.855 Loading class sun/security/ssl/BaseSSLSocketImpl done
Event: 6.855 Loading class sun/security/ssl/SSLSocketImpl done

Classes unloaded (0 events):
No events

Classes redefined (0 events):
No events

Internal exceptions (20 events):
Event: 4.119 Thread 0x000002767ecdc590 Exception <a 'java/lang/NoSuchMethodError'{0x0000000084397dc8}: 'int java.lang.invoke.DirectMethodHandle$Holder.invokeSpecial(java.lang.Object, java.lang.Object, java.lang.Object, java.lang.Object, java.lang.Object)'> (0x0000000084397dc8) 
thrown [s\open\src\hotspot\share\interpreter\linkResolver.cpp, line 773]
Event: 4.198 Thread 0x000002767ecdc590 Exception <a 'java/lang/NoSuchMethodError'{0x00000000841cc910}: 'java.lang.reflect.Field[] java.lang.Class.getDeclaredFields(java.lang.Class)'> (0x00000000841cc910) 
thrown [s\open\src\hotspot\share\interpreter\linkResolver.cpp, line 773]
Event: 4.199 Thread 0x000002767ecdc590 Exception <a 'java/lang/NoSuchMethodError'{0x00000000841d1510}: 'java.lang.Object java.lang.invoke.DirectMethodHandle$Holder.invokeStatic(java.lang.Object, java.lang.Object, int)'> (0x00000000841d1510) 
thrown [s\open\src\hotspot\share\interpreter\linkResolver.cpp, line 773]
Event: 4.202 Thread 0x000002767ecdc590 Exception <a 'java/lang/NoSuchMethodError'{0x00000000841dc848}: 'void java.lang.invoke.DelegatingMethodHandle$Holder.delegate(java.lang.Object, java.lang.Object, int, java.lang.Object)'> (0x00000000841dc848) 
thrown [s\open\src\hotspot\share\interpreter\linkResolver.cpp, line 773]
Event: 4.239 Thread 0x000002767ecdc590 Exception <a 'java/lang/NoSuchMethodError'{0x000000008405c4d0}: 'void java.lang.invoke.DirectMethodHandle$Holder.invokeStatic(java.lang.Object, java.lang.Object, int)'> (0x000000008405c4d0) 
thrown [s\open\src\hotspot\share\interpreter\linkResolver.cpp, line 773]
Event: 4.317 Thread 0x000002767ecdc590 Exception <a 'java/lang/NoSuchMethodError'{0x0000000083fd7a68}: 'void java.lang.invoke.DirectMethodHandle$Holder.invokeInterface(java.lang.Object, java.lang.Object, int)'> (0x0000000083fd7a68) 
thrown [s\open\src\hotspot\share\interpreter\linkResolver.cpp, line 773]
Event: 4.322 Thread 0x000002767ecdc590 Exception <a 'java/lang/NoSuchMethodError'{0x0000000083ff1070}: 'int java.lang.invoke.DirectMethodHandle$Holder.invokeVirtual(java.lang.Object, java.lang.Object)'> (0x0000000083ff1070) 
thrown [s\open\src\hotspot\share\interpreter\linkResolver.cpp, line 773]
Event: 4.331 Thread 0x000002767ecdc590 Exception <a 'java/lang/IncompatibleClassChangeError'{0x0000000083e2a2e0}: Found class java.lang.Object, but interface was expected> (0x0000000083e2a2e0) 
thrown [s\open\src\hotspot\share\interpreter\linkResolver.cpp, line 840]
Event: 4.331 Thread 0x000002767ecdc590 Exception <a 'java/lang/NoSuchMethodError'{0x0000000083e2f668}: 'void java.lang.invoke.DirectMethodHandle$Holder.invokeStatic(java.lang.Object, int, java.lang.Object)'> (0x0000000083e2f668) 
thrown [s\open\src\hotspot\share\interpreter\linkResolver.cpp, line 773]
Event: 4.343 Thread 0x000002767ecdc590 Exception <a 'java/lang/NoSuchMethodError'{0x0000000083e5e788}: 'int java.lang.invoke.DirectMethodHandle$Holder.invokeSpecial(java.lang.Object, java.lang.Object, int)'> (0x0000000083e5e788) 
thrown [s\open\src\hotspot\share\interpreter\linkResolver.cpp, line 773]
Event: 4.605 Thread 0x000002767ecdc590 Exception <a 'java/lang/NoSuchMethodError'{0x0000000083a86078}: 'java.lang.Object java.lang.invoke.DirectMethodHandle$Holder.invokeStaticInit(java.lang.Object, int, int, int, int)'> (0x0000000083a86078) 
thrown [s\open\src\hotspot\share\interpreter\linkResolver.cpp, line 773]
Event: 4.867 Thread 0x000002767ecdc590 Exception <a 'java/lang/NoSuchMethodError'{0x00000000839548f0}: 'java.lang.Object java.lang.invoke.DirectMethodHandle$Holder.invokeStaticInit(java.lang.Object, java.lang.Object, int, int, int, int)'> (0x00000000839548f0) 
thrown [s\open\src\hotspot\share\interpreter\linkResolver.cpp, line 773]
Event: 4.955 Thread 0x000002767ecdc590 Exception <a 'java/lang/NoSuchMethodError'{0x00000000837f28c8}: 'int java.lang.invoke.DirectMethodHandle$Holder.invokeVirtual(java.lang.Object, java.lang.Object, java.lang.Object, java.lang.Object)'> (0x00000000837f28c8) 
thrown [s\open\src\hotspot\share\interpreter\linkResolver.cpp, line 773]
Event: 4.956 Thread 0x000002767ecdc590 Exception <a 'java/lang/NoSuchMethodError'{0x00000000837f6300}: 'int java.lang.invoke.DelegatingMethodHandle$Holder.reinvoke_L(java.lang.Object, java.lang.Object, java.lang.Object, java.lang.Object)'> (0x00000000837f6300) 
thrown [s\open\src\hotspot\share\interpreter\linkResolver.cpp, line 773]
Event: 5.266 Thread 0x000002767ecdc590 Exception <a 'java/io/FileNotFoundException'{0x0000000086692280}> (0x0000000086692280) 
thrown [s\open\src\hotspot\share\prims\jni.cpp, line 519]
Event: 5.323 Thread 0x000002767ecdc590 Exception <a 'java/lang/NoSuchMethodError'{0x00000000865c18e8}: 'int java.lang.invoke.DirectMethodHandle$Holder.invokeInterface(java.lang.Object, java.lang.Object, java.lang.Object, java.lang.Object)'> (0x00000000865c18e8) 
thrown [s\open\src\hotspot\share\interpreter\linkResolver.cpp, line 773]
Event: 5.464 Thread 0x000002767ecdc590 Exception <a 'java/lang/NoSuchMethodError'{0x000000008458c2f0}: 'long java.lang.invoke.DirectMethodHandle$Holder.invokeVirtual(java.lang.Object, java.lang.Object)'> (0x000000008458c2f0) 
thrown [s\open\src\hotspot\share\interpreter\linkResolver.cpp, line 773]
Event: 5.471 Thread 0x000002767ecdc590 Exception <a 'java/io/FileNotFoundException'{0x00000000845b4240}> (0x00000000845b4240) 
thrown [s\open\src\hotspot\share\prims\jni.cpp, line 519]
Event: 5.597 Thread 0x000002767ecdc590 Exception <a 'java/lang/NoSuchMethodError'{0x0000000083f90358}: 'java.lang.Object java.lang.invoke.DirectMethodHandle$Holder.newInvokeSpecial(java.lang.Object, java.lang.Object, java.lang.Object, java.lang.Object, java.lang.Object, java.lang.Object, java.lang.Object, java.lang.Object, java.lang.Object, java.lang.Object, java.lang.Object)'> (0x0000000083f90358) 
thrown [s\open\src\hotspot\share\interpreter\linkResolver.cpp, line 773]
Event: 6.791 Thread 0x000002767ecdc590 Exception <a 'sun/nio/fs/WindowsException'{0x00000000866d2600}> (0x00000000866d2600) 
thrown [s\open\src\hotspot\share\prims\jni.cpp, line 519]

VM Operations (20 events):
Event: 5.475 Executing VM operation: HandshakeAllThreads
Event: 5.475 Executing VM operation: HandshakeAllThreads done
Event: 5.522 Executing VM operation: HandshakeAllThreads
Event: 5.522 Executing VM operation: HandshakeAllThreads done
Event: 5.714 Executing VM operation: ICBufferFull
Event: 5.714 Executing VM operation: ICBufferFull done
Event: 5.927 Executing VM operation: G1CollectForAllocation
Event: 5.936 Executing VM operation: G1CollectForAllocation done
Event: 6.544 Executing VM operation: CollectForMetadataAllocation
Event: 6.549 Executing VM operation: CollectForMetadataAllocation done
Event: 6.590 Executing VM operation: G1PauseRemark
Event: 6.596 Executing VM operation: G1PauseRemark done
Event: 6.612 Executing VM operation: G1PauseCleanup
Event: 6.612 Executing VM operation: G1PauseCleanup done
Event: 6.728 Executing VM operation: HandshakeAllThreads
Event: 6.728 Executing VM operation: HandshakeAllThreads done
Event: 6.793 Executing VM operation: HandshakeAllThreads
Event: 6.793 Executing VM operation: HandshakeAllThreads done
Event: 6.800 Executing VM operation: HandshakeAllThreads
Event: 6.801 Executing VM operation: HandshakeAllThreads done

Events (20 events):
Event: 6.596 Thread 0x000002767a12efc0 flushing nmethod 0x000002766dbf2090
Event: 6.596 Thread 0x000002767a12efc0 flushing nmethod 0x000002766dc08210
Event: 6.596 Thread 0x000002767a12efc0 flushing nmethod 0x000002766dc06910
Event: 6.596 Thread 0x000002767a12efc0 flushing nmethod 0x000002766dc02a10
Event: 6.596 Thread 0x000002767a12efc0 flushing nmethod 0x000002766dbe0d90
Event: 6.596 Thread 0x000002767a12efc0 flushing nmethod 0x000002766dbe0910
Event: 6.596 Thread 0x000002767a12efc0 flushing nmethod 0x000002766dbeba90
Event: 6.596 Thread 0x000002767a12efc0 flushing nmethod 0x000002766dbe7b10
Event: 6.596 Thread 0x000002767a12efc0 flushing nmethod 0x000002766dbdd190
Event: 6.596 Thread 0x000002767a12efc0 flushing nmethod 0x000002766dbdc790
Event: 6.596 Thread 0x000002767a12efc0 flushing nmethod 0x000002766dbe5c90
Event: 6.596 Thread 0x000002767a12efc0 flushing nmethod 0x000002766dbda910
Event: 6.596 Thread 0x000002767a12efc0 flushing nmethod 0x000002766dbda590
Event: 6.596 Thread 0x000002767a12efc0 flushing nmethod 0x000002766dbda290
Event: 6.596 Thread 0x000002767a12efc0 flushing nmethod 0x000002766dbdac90
Event: 6.596 Thread 0x000002767a12efc0 flushing nmethod 0x000002766dbd4110
Event: 6.596 Thread 0x000002767a12efc0 flushing nmethod 0x000002766dbca090
Event: 6.596 Thread 0x000002767a12efc0 flushing nmethod 0x000002766dbc9490
Event: 6.596 Thread 0x000002767a12efc0 flushing nmethod 0x000002766dbc8790
Event: 6.596 Thread 0x000002767a12efc0 flushing nmethod 0x000002766dbc1010


Dynamic libraries:
0x00007ff6f3fb0000 - 0x00007ff6f3fc0000 	C:\Program Files\Java\jdk-20\bin\java.exe
0x00007ffe8a5b0000 - 0x00007ffe8a7a4000 	C:\WINDOWS\SYSTEM32\ntdll.dll
0x00007ffe89a10000 - 0x00007ffe89acd000 	C:\WINDOWS\System32\KERNEL32.DLL
0x00007ffe87e80000 - 0x00007ffe88147000 	C:\WINDOWS\System32\KERNELBASE.dll
0x00007ffe881b0000 - 0x00007ffe882b0000 	C:\WINDOWS\System32\ucrtbase.dll
0x00007ffe77b00000 - 0x00007ffe77b19000 	C:\Program Files\Java\jdk-20\bin\jli.dll
0x00007ffe8a040000 - 0x00007ffe8a0ea000 	C:\WINDOWS\System32\ADVAPI32.dll
0x00007ffe89b30000 - 0x00007ffe89bce000 	C:\WINDOWS\System32\msvcrt.dll
0x00007ffe890b0000 - 0x00007ffe8914b000 	C:\WINDOWS\System32\sechost.dll
0x00007ffe89820000 - 0x00007ffe89943000 	C:\WINDOWS\System32\RPCRT4.dll
0x00007ffe8a0f0000 - 0x00007ffe8a290000 	C:\WINDOWS\System32\USER32.dll
0x00007ffe88350000 - 0x00007ffe88372000 	C:\WINDOWS\System32\win32u.dll
0x00007ffe89970000 - 0x00007ffe8999a000 	C:\WINDOWS\System32\GDI32.dll
0x00007ffe87d70000 - 0x00007ffe87e7a000 	C:\WINDOWS\System32\gdi32full.dll
0x00007ffe882b0000 - 0x00007ffe8834d000 	C:\WINDOWS\System32\msvcp_win.dll
0x00007ffe820c0000 - 0x00007ffe820db000 	C:\Program Files\Java\jdk-20\bin\VCRUNTIME140.dll
0x00007ffe77410000 - 0x00007ffe776aa000 	C:\WINDOWS\WinSxS\amd64_microsoft.windows.common-controls_6595b64144ccf1df_6.0.19041.1_none_b555e41d4684ddec\COMCTL32.dll
0x00007ffe7f0d0000 - 0x00007ffe7f0da000 	C:\WINDOWS\SYSTEM32\VERSION.dll
0x00007ffe8a290000 - 0x00007ffe8a2c0000 	C:\WINDOWS\System32\IMM32.DLL
0x00007ffe81f90000 - 0x00007ffe81f9c000 	C:\Program Files\Java\jdk-20\bin\vcruntime140_1.dll
0x00007ffe68020000 - 0x00007ffe680ae000 	C:\Program Files\Java\jdk-20\bin\msvcp140.dll
0x00007ffe5c330000 - 0x00007ffe5cfc7000 	C:\Program Files\Java\jdk-20\bin\server\jvm.dll
0x00007ffe75f20000 - 0x00007ffe75f29000 	C:\WINDOWS\SYSTEM32\WSOCK32.dll
0x00007ffe899a0000 - 0x00007ffe89a0b000 	C:\WINDOWS\System32\WS2_32.dll
0x00007ffe77b60000 - 0x00007ffe77b87000 	C:\WINDOWS\SYSTEM32\WINMM.dll
0x00007ffe86900000 - 0x00007ffe86913000 	C:\WINDOWS\SYSTEM32\kernel.appcore.dll
0x00007ffe7ede0000 - 0x00007ffe7edea000 	C:\Program Files\Java\jdk-20\bin\jimage.dll
0x00007ffe86310000 - 0x00007ffe864f4000 	C:\WINDOWS\SYSTEM32\DBGHELP.DLL
0x00007ffe72b20000 - 0x00007ffe72b4c000 	C:\WINDOWS\SYSTEM32\dbgcore.DLL
0x00007ffe88380000 - 0x00007ffe883ff000 	C:\WINDOWS\System32\bcryptPrimitives.dll
0x00007ffe80280000 - 0x00007ffe802a6000 	C:\Program Files\Java\jdk-20\bin\java.dll
0x00007ffe77330000 - 0x00007ffe77407000 	C:\Program Files\Java\jdk-20\bin\jsvml.dll
0x00007ffe88970000 - 0x00007ffe890a1000 	C:\WINDOWS\System32\SHELL32.dll
0x00007ffe85ab0000 - 0x00007ffe8623a000 	C:\WINDOWS\SYSTEM32\windows.storage.dll
0x00007ffe89390000 - 0x00007ffe896e4000 	C:\WINDOWS\System32\combase.dll
0x00007ffe87770000 - 0x00007ffe8779b000 	C:\WINDOWS\SYSTEM32\Wldp.dll
0x00007ffe89770000 - 0x00007ffe8981e000 	C:\WINDOWS\System32\SHCORE.dll
0x00007ffe89ad0000 - 0x00007ffe89b25000 	C:\WINDOWS\System32\shlwapi.dll
0x00007ffe87c30000 - 0x00007ffe87c4f000 	C:\WINDOWS\SYSTEM32\profapi.dll
0x00007ffe77310000 - 0x00007ffe77323000 	C:\Program Files\Java\jdk-20\bin\net.dll
0x00007ffe81210000 - 0x00007ffe81312000 	C:\WINDOWS\SYSTEM32\WINHTTP.dll
0x00007ffe874f0000 - 0x00007ffe8755a000 	C:\WINDOWS\system32\mswsock.dll
0x00007ffe772f0000 - 0x00007ffe77306000 	C:\Program Files\Java\jdk-20\bin\nio.dll
0x00007ffe772d0000 - 0x00007ffe772e8000 	C:\Program Files\Java\jdk-20\bin\zip.dll
0x00007ffe778e0000 - 0x00007ffe778f0000 	C:\Program Files\Java\jdk-20\bin\verify.dll
0x00007ffe772b0000 - 0x00007ffe772ba000 	C:\Program Files\Java\jdk-20\bin\management.dll
0x00007ffe77010000 - 0x00007ffe7701b000 	C:\Program Files\Java\jdk-20\bin\management_ext.dll
0x00007ffe887c0000 - 0x00007ffe887c8000 	C:\WINDOWS\System32\PSAPI.DLL
0x00007ffe70600000 - 0x00007ffe70617000 	C:\WINDOWS\system32\napinsp.dll
0x00007ffe70590000 - 0x00007ffe705ab000 	C:\WINDOWS\system32\pnrpnsp.dll
0x00007ffe81f70000 - 0x00007ffe81f85000 	C:\WINDOWS\system32\wshbth.dll
0x00007ffe82be0000 - 0x00007ffe82bfd000 	C:\WINDOWS\system32\NLAapi.dll
0x00007ffe87190000 - 0x00007ffe871cb000 	C:\WINDOWS\SYSTEM32\IPHLPAPI.DLL
0x00007ffe871e0000 - 0x00007ffe872aa000 	C:\WINDOWS\SYSTEM32\DNSAPI.dll
0x00007ffe892f0000 - 0x00007ffe892f9000 	C:\WINDOWS\System32\NSI.dll
0x00007ffe705e0000 - 0x00007ffe705f2000 	C:\WINDOWS\System32\winrnr.dll
0x00007ffe7ffd0000 - 0x00007ffe7ffda000 	C:\Windows\System32\rasadhlp.dll
0x00007ffe76840000 - 0x00007ffe768bf000 	C:\WINDOWS\System32\fwpuclnt.dll
0x00007ffe87d40000 - 0x00007ffe87d67000 	C:\WINDOWS\System32\bcrypt.dll
0x00007ffe876c0000 - 0x00007ffe876d8000 	C:\WINDOWS\SYSTEM32\CRYPTSP.dll
0x00007ffe86e10000 - 0x00007ffe86e44000 	C:\WINDOWS\system32\rsaenh.dll
0x00007ffe87bf0000 - 0x00007ffe87c1e000 	C:\WINDOWS\SYSTEM32\USERENV.dll
0x00007ffe876e0000 - 0x00007ffe876ec000 	C:\WINDOWS\SYSTEM32\CRYPTBASE.dll
0x00007ffe7dfe0000 - 0x00007ffe7dff7000 	C:\WINDOWS\SYSTEM32\dhcpcsvc6.DLL
0x00007ffe7f4f0000 - 0x00007ffe7f50d000 	C:\WINDOWS\SYSTEM32\dhcpcsvc.DLL
0x00007ffe77af0000 - 0x00007ffe77afe000 	C:\Program Files\Java\jdk-20\bin\sunmscapi.dll
0x00007ffe88400000 - 0x00007ffe8855c000 	C:\WINDOWS\System32\CRYPT32.dll
0x00007ffe877e0000 - 0x00007ffe87807000 	C:\WINDOWS\SYSTEM32\ncrypt.dll
0x00007ffe877a0000 - 0x00007ffe877db000 	C:\WINDOWS\SYSTEM32\NTASN1.dll
0x00007ffe772c0000 - 0x00007ffe772c7000 	C:\Program Files\Java\jdk-20\bin\extnet.dll

dbghelp: loaded successfully - version: 4.0.5 - missing functions: none
symbol engine: initialized successfully - sym options: 0x614 - pdb path: .;C:\Program Files\Java\jdk-20\bin;C:\WINDOWS\SYSTEM32;C:\WINDOWS\WinSxS\amd64_microsoft.windows.common-controls_6595b64144ccf1df_6.0.19041.1_none_b555e41d4684ddec;C:\Program Files\Java\jdk-20\bin\server

VM Arguments:
java_command: com.apm.API.AmusementParkManagerApplication
java_class_path (initial): C:\Repos\API\target\classes;C:\Users\Administrator\.m2\repository\org\springframework\boot\spring-boot-starter-data-jpa\2.7.11\spring-boot-starter-data-jpa-2.7.11.jar;C:\Users\Administrator\.m2\repository\org\springframework\boot\spring-boot-starter-aop\2.7.11\spring-boot-starter-aop-2.7.11.jar;C:\Users\Administrator\.m2\repository\org\springframework\spring-aop\5.3.27\spring-aop-5.3.27.jar;C:\Users\Administrator\.m2\repository\org\aspectj\aspectjweaver\1.9.7\aspectjweaver-1.9.7.jar;C:\Users\Administrator\.m2\repository\org\springframework\boot\spring-boot-starter-jdbc\2.7.11\spring-boot-starter-jdbc-2.7.11.jar;C:\Users\Administrator\.m2\repository\com\zaxxer\HikariCP\4.0.3\HikariCP-4.0.3.jar;C:\Users\Administrator\.m2\repository\org\springframework\spring-jdbc\5.3.27\spring-jdbc-5.3.27.jar;C:\Users\Administrator\.m2\repository\jakarta\transaction\jakarta.transaction-api\1.3.3\jakarta.transaction-api-1.3.3.jar;C:\Users\Administrator\.m2\repository\jakarta\persistence\jakarta.persistence-api\2.2.3\jakarta.persistence-api-2.2.3.jar;C:\Users\Administrator\.m2\repository\org\hibernate\hibernate-core\5.6.15.Final\hibernate-core-5.6.15.Final.jar;C:\Users\Administrator\.m2\repository\org\jboss\logging\jboss-logging\3.4.3.Final\jboss-logging-3.4.3.Final.jar;C:\Users\Administrator\.m2\repository\net\bytebuddy\byte-buddy\1.12.23\byte-buddy-1.12.23.jar;C:\Users\Administrator\.m2\repository\antlr\antlr\2.7.7\antlr-2.7.7.jar;C:\Users\Administrator\.m2\repository\org\jboss\jandex\2.4.2.Final\jandex-2.4.2.Final.jar;C:\Users\Administrator\.m2\repository\com\fasterxml\classmate\1.5.1\classmate-1.5.1.jar;C:\Users\Administrator\.m2\repository\org\hibernate\common\hibernate-commons-annotations\5.1.2.Final\hibernate-commons-annotations-5.1.2.Final.jar;C:\Users\Administrator\.m2\repository\org\glassfish\jaxb\jaxb-runtime\2.3.8\jaxb-runtime-2.3.8.jar;C:\Users\Administrator\.m2\repository\org\glassfish\jaxb\txw2\2.3.8\txw2-2.3.8.jar;C:\Users\Administrator\.m2\repository\com\sun\istack\istack-commons-runtime\3.0.12\istack-commons-runtime-3.0.12.jar;C:\Users\Administrator\.m2\repository\com\sun\activation\jakarta.activation\1.2.2\jakarta.activation-1.2.2.jar;C:\Users\Administrator\.m2\repository\org\springframework\data\spring-data-jpa\2.7.11\spring-data-jpa-2.7.11.jar;C:\Users\Administrator\.m2\repository\org\springframework\data\spring-data-commons\2.7.11\spring-data-commons-2.7.11.jar;C:\Users\Administrator\.m2\repository\org\springframework\spring-orm\5.3.27\spring-orm-5.3.27.jar;C:\Users\Administrator\.m2\repository\org\springframework\spring-context\5.3.27\spring-context-5.3.27.jar;C:\Users\Administrator\.m2\repository\org\springframework\spring-tx\5.3.27\spring-tx-5.3.27.jar;C:\Users\Administrator\.m2\repository\org\springframework\spring-beans\5.3.27\spring-beans-5.3.27.jar;C:\Users\Administrator\.m2\repository\org\slf4j\slf4j-api\1.7.36\slf4j-api-1.7.36.jar;C:\Users\Administrator\.m2\repository\org\springframework\spring-aspects\5.3.27\spring-aspects-5.3.27.jar;C:\Users\Administrator\.m2\repository\org\springframework\boot\spring-boot-starter-web\2.7.11\spring-boot-starter-web-2.7.11.jar;C:\Users\Administrator\.m2\repository\org\springframework\boot\spring-boot-starter\2.7.11\spring-boot-starter-2.7.11.jar;C:\Users\Administrator\.m2\repository\org\springframework\boot\spring-boot-starter-logging\2.7.11\spring-boot-starter-logging-2.7.11.jar;C:\Users\Administrator\.m2\repository\ch\qos\logback\logback-classic\1.2.12\logback-classic-1.2.12.jar;C:\Users\Administrator\.m2\repository\ch\qos\logback\logback-core\1.2.12\logback-core-1.2.12.jar;C:\Users\Administrator\.m2\repository\org\apache\logging\log4j\log4j-to-slf4j\2.17.2\log4j-to-slf4j-2.17.2.jar;C:\Users\Administrator\.m2\repository\org\apache\logging\log4j\log4j-api\2.17.2\log4j-api-2.17.2.jar;C:\Users\Administrator\.m2\repository\org\slf4j\jul-to-slf4j\1.7.36\jul-to-slf4j-1.7.36.jar;C:\Users\Administrator\.m2\repository\jakarta\annotation\jakarta.annotation-api\1.3.5\jakarta.annotation-api-1.3.5.jar;C:\Users\Administrator\.m2\repository\org\yaml\snakeyaml\1.30\snakeyaml-1.30.jar;C:\Users\Administrator\.m2\repository\org\springframework\boot\spring-boot-starter-json\2.7.11\spring-boot-starter-json-2.7.11.jar;C:\Users\Administrator\.m2\repository\com\fasterxml\jackson\core\jackson-databind\2.13.5\jackson-databind-2.13.5.jar;C:\Users\Administrator\.m2\repository\com\fasterxml\jackson\core\jackson-annotations\2.13.5\jackson-annotations-2.13.5.jar;C:\Users\Administrator\.m2\repository\com\fasterxml\jackson\core\jackson-core\2.13.5\jackson-core-2.13.5.jar;C:\Users\Administrator\.m2\repository\com\fasterxml\jackson\datatype\jackson-datatype-jdk8\2.13.5\jackson-datatype-jdk8-2.13.5.jar;C:\Users\Administrator\.m2\repository\com\fasterxml\jackson\datatype\jackson-datatype-jsr310\2.13.5\jackson-datatype-jsr310-2.13.5.jar;C:\Users\Administrator\.m2\repository\com\fasterxml\jackson\module\jackson-module-parameter-names\2.13.5\jackson-module-parameter-names-2.13.5.jar;C:\Users\Administrator\.m2\repository\org\springframework\boot\spring-boot-starter-tomcat\2.7.11\spring-boot-starter-tomcat-2.7.11.jar;C:\Users\Administrator\.m2\repository\org\apache\tomcat\embed\tomcat-embed-core\9.0.74\tomcat-embed-core-9.0.74.jar;C:\Users\Administrator\.m2\repository\org\apache\tomcat\embed\tomcat-embed-el\9.0.74\tomcat-embed-el-9.0.74.jar;C:\Users\Administrator\.m2\repository\org\apache\tomcat\embed\tomcat-embed-websocket\9.0.74\tomcat-embed-websocket-9.0.74.jar;C:\Users\Administrator\.m2\repository\org\springframework\spring-web\5.3.27\spring-web-5.3.27.jar;C:\Users\Administrator\.m2\repository\org\springframework\spring-webmvc\5.3.27\spring-webmvc-5.3.27.jar;C:\Users\Administrator\.m2\repository\org\springframework\spring-expression\5.3.27\spring-expression-5.3.27.jar;C:\Users\Administrator\.m2\repository\org\springframework\boot\spring-boot-devtools\2.7.11\spring-boot-devtools-2.7.11.jar;C:\Users\Administrator\.m2\repository\org\springframework\boot\spring-boot\2.7.11\spring-boot-2.7.11.jar;C:\Users\Administrator\.m2\repository\org\springframework\boot\spring-boot-autoconfigure\2.7.11\spring-boot-autoconfigure-2.7.11.jar;C:\Users\Administrator\.m2\repository\org\projectlombok\lombok\1.18.26\lombok-1.18.26.jar;C:\Users\Administrator\.m2\repository\jakarta\xml\bind\jakarta.xml.bind-api\2.3.3\jakarta.xml.bind-api-2.3.3.jar;C:\Users\Administrator\.m2\repository\jakarta\activation\jakarta.activation-api\1.2.2\jakarta.activation-api-1.2.2.jar;C:\Users\Administrator\.m2\repository\org\springframework\spring-core\5.3.27\spring-core-5.3.27.jar;C:\Users\Administrator\.m2\repository\org\springframework\spring-jcl\5.3.27\spring-jcl-5.3.27.jar;C:\Users\Administrator\.m2\repository\com\mysql\mysql-connector-j\8.0.33\mysql-connector-j-8.0.33.jar;C:\Users\Administrator\.m2\repository\org\eclipse\persistence\org.eclipse.persistence.core\2.7.10\org.eclipse.persistence.core-2.7.10.jar;C:\Users\Administrator\.m2\repository\org\eclipse\persistence\org.eclipse.persistence.asm\9.2.0\org.eclipse.persistence.asm-9.2.0.jar;C:\Users\Administrator\.m2\repository\org\eclipse\persistence\org.eclipse.persistence.antlr\2.7.10\org.eclipse.persistence.antlr-2.7.10.jar;C:\Users\Administrator\.m2\repository\org\eclipse\persistence\org.eclipse.persistence.jpa\2.7.10\org.eclipse.persistence.jpa-2.7.10.jar;C:\Users\Administrator\.m2\repository\org\eclipse\persistence\org.eclipse.persistence.jpa.jpql\2.7.10\org.eclipse.persistence.jpa.jpql-2.7.10.jar;C:\Users\Administrator\.m2\repository\org\eclipse\persistence\org.eclipse.persistence.moxy\2.7.10\org.eclipse.persistence.moxy-2.7.10.jar;C:\Users\Administrator\.m2\repository\org\eclipse\persistence\jakarta.persistence\2.2.3\jakarta.persistence-2.2.3.jar
Launcher Type: SUN_STANDARD

[Global flags]
     intx CICompilerCount                          = 3                                         {product} {ergonomic}
     uint ConcGCThreads                            = 1                                         {product} {ergonomic}
     uint G1ConcRefinementThreads                  = 4                                         {product} {ergonomic}
   size_t G1HeapRegionSize                         = 1048576                                   {product} {ergonomic}
    uintx GCDrainStackTargetSize                   = 64                                        {product} {ergonomic}
   size_t InitialHeapSize                          = 134217728                                 {product} {ergonomic}
   size_t MarkStackSize                            = 4194304                                   {product} {ergonomic}
   size_t MaxHeapSize                              = 2116026368                                {product} {ergonomic}
   size_t MaxNewSize                               = 1268776960                                {product} {ergonomic}
   size_t MinHeapDeltaBytes                        = 1048576                                   {product} {ergonomic}
   size_t MinHeapSize                              = 8388608                                   {product} {ergonomic}
    uintx NonNMethodCodeHeapSize                   = 5832780                                {pd product} {ergonomic}
    uintx NonProfiledCodeHeapSize                  = 122912730                              {pd product} {ergonomic}
    uintx ProfiledCodeHeapSize                     = 122912730                              {pd product} {ergonomic}
    uintx ReservedCodeCacheSize                    = 251658240                              {pd product} {ergonomic}
     bool SegmentedCodeCache                       = true                                      {product} {ergonomic}
   size_t SoftMaxHeapSize                          = 2116026368                             {manageable} {ergonomic}
     bool UseCompressedClassPointers               = true                           {product lp64_product} {ergonomic}
     bool UseCompressedOops                        = true                           {product lp64_product} {ergonomic}
     bool UseG1GC                                  = true                                      {product} {ergonomic}
     bool UseLargePagesIndividualAllocation        = false                                  {pd product} {ergonomic}

Logging:
Log output configuration:
 #0: stdout all=warning uptime,level,tags foldmultilines=false
 #1: stderr all=off uptime,level,tags foldmultilines=false

Environment Variables:
JAVA_HOME=C:\Program Files\Java\jdk-20
PATH=C:\Program Files\Common Files\Oracle\Java\javapath;C:\WINDOWS\system32;C:\WINDOWS;C:\WINDOWS\System32\Wbem;C:\WINDOWS\System32\WindowsPowerShell\v1.0\;C:\WINDOWS\System32\OpenSSH\;C:\Users\Administrator\AppData\Local\Microsoft\WindowsApps;C:\Users\Administrator\AppData\Local\Programs\Microsoft VS Code\bin;C:\adb;C:\WINDOWS\system32;C:\WINDOWS;C:\WINDOWS\System32\Wbem;C:\WINDOWS\System32\WindowsPowerShell\v1.0\;C:\WINDOWS\System32\OpenSSH\;C:\Program Files\Microsoft VS Code\bin;C:\Program Files\Git\cmd;C:\Program Files\Java\apache-maven-3.9.0\bin;C:\Program Files\Java\jdk1.8.0_60\bin;C:\Program Files\Java\jre1.8.0_361\bin;C:\Program Files\nodejs\;C:\Users\Administrator\AppData\Local\Microsoft\WindowsApps;C:\Users\Administrator\AppData\Roaming\npm
USERNAME=Administrator
OS=Windows_NT
PROCESSOR_IDENTIFIER=Intel64 Family 6 Model 61 Stepping 4, GenuineIntel
TMP=C:\Users\ADMINI~1\AppData\Local\Temp
TEMP=C:\Users\ADMINI~1\AppData\Local\Temp




---------------  S Y S T E M  ---------------

OS:
 Windows 10 , 64 bit Build 19041 (10.0.19041.1)
OS uptime: 0 days 3:36 hours

CPU: total 4 (initial active 4) (2 cores per cpu, 2 threads per core) family 6 model 61 stepping 4 microcode 0x2d, cx8, cmov, fxsr, ht, mmx, 3dnowpref, sse, sse2, sse3, ssse3, sse4.1, sse4.2, popcnt, lzcnt, tsc, tscinvbit, avx, avx2, aes, erms, clmul, bmi1, bmi2, rtm, adx, fma, vzeroupper, clflush, rdtscp, f16c

Memory: 4k page, system-wide physical 8064M (1619M free)
TotalPageFile size 11264M (AvailPageFile size 3644M)
current process WorkingSet (physical memory assigned to process): 173M, peak: 173M
current process commit charge ("private bytes"): 214M, peak: 268M

vm_info: Java HotSpot(TM) 64-Bit Server VM (20.0.1+9-29) for windows-amd64 JRE (20.0.1+9-29), built on 2023-03-07T13:56:11Z by "mach5one" with MS VC++ 17.1 (VS2022)

END.
