#
# A fatal error has been detected by the Java Runtime Environment:
#
#  EXCEPTION_ACCESS_VIOLATION (0xc0000005) at pc=0x00007ffe5c9cb0db, pid=6604, tid=7960
#
# JRE version: Java(TM) SE Runtime Environment (20.0.1+9) (build 20.0.1+9-29)
# Java VM: Java HotSpot(TM) 64-Bit Server VM (20.0.1+9-29, mixed mode, sharing, tiered, compressed oops, compressed class ptrs, g1 gc, windows-amd64)
# Problematic frame:
# V  [jvm.dll+0x69b0db]
#
# No core dump will be written. Minidumps are not enabled by default on client versions of Windows
#
# If you would like to submit a bug report, please visit:
#   https://bugreport.java.com/bugreport/crash.jsp
#

---------------  S U M M A R Y ------------

Command Line: -agentlib:jdwp=transport=dt_socket,server=n,address=49759 com.apm.API.AmusementParkManagerApplication

Host: Intel(R) Core(TM) i5-5300U CPU @ 2.30GHz, 4 cores, 7G,  Windows 10 , 64 bit Build 19041 (10.0.19041.1)
Time: Sun Jun 25 00:14:33 2023 Hora estándar de Argentina elapsed time: 5.055740 seconds (0d 0h 0m 5s)

---------------  T H R E A D  ---------------

Current thread (0x000001de1dab87b0):  JavaThread "C2 CompilerThread1" daemon [_thread_in_native, id=7960, stack(0x000000309c400000,0x000000309c500000)]


Current CompileTask:
C2:   5055 3056       4       java.lang.invoke.MethodType::makeImpl (109 bytes)

Stack: [0x000000309c400000,0x000000309c500000],  sp=0x000000309c4fa8f0,  free space=1002k
Native frames: (J=compiled Java code, j=interpreted, Vv=VM code, C=native code)
V  [jvm.dll+0x69b0db]
V  [jvm.dll+0x689458]
V  [jvm.dll+0x5e473a]
V  [jvm.dll+0x5e4354]
V  [jvm.dll+0x5e35d8]
V  [jvm.dll+0x2543b4]
V  [jvm.dll+0x24c842]
V  [jvm.dll+0x24a549]
V  [jvm.dll+0x1ce491]
V  [jvm.dll+0x259e1b]
V  [jvm.dll+0x2584f0]
V  [jvm.dll+0x3f2895]
V  [jvm.dll+0x7f4b56]
V  [jvm.dll+0x6ba5cb]
C  [ucrtbase.dll+0x21542]
C  [KERNEL32.DLL+0x16fd4]
C  [ntdll.dll+0x4cf31]


siginfo: EXCEPTION_ACCESS_VIOLATION (0xc0000005), reading address 0x0000000000000020


Registers:
RAX=0x0000000000000008, RBX=0x0000000000000000, RCX=0x0000000000000000, RDX=0x0000000000000000
RSP=0x000000309c4fa8f0, RBP=0x0000000000000000, RSI=0x0000000000000000, RDI=0x0000000000000000
R8 =0x000001de25561468, R9 =0x0000000000002000, R10=0x00007ffe820c0000, R11=0x00007ffe820c1b74
R12=0x0000000000000000, R13=0x000000309c4faa40, R14=0x000001de21d5b448, R15=0x000001de2555e478
RIP=0x00007ffe5c9cb0db, EFLAGS=0x0000000000010246


Register to memory mapping:

RIP=0x00007ffe5c9cb0db jvm.dll
RAX=0x0000000000000008 is an unknown value
RBX=0x0 is NULL
RCX=0x0 is NULL
RDX=0x0 is NULL
RSP=0x000000309c4fa8f0 is pointing into the stack for thread: 0x000001de1dab87b0
RBP=0x0 is NULL
RSI=0x0 is NULL
RDI=0x0 is NULL
R8 =0x000001de25561468 points into unknown readable memory: 0x000001de249830e0 | e0 30 98 24 de 01 00 00
R9 =0x0000000000002000 is an unknown value
R10=0x00007ffe820c0000 VCRUNTIME140.dll
R11=0x00007ffe820c1b74 VCRUNTIME140.dll
R12=0x0 is NULL
R13=0x000000309c4faa40 is pointing into the stack for thread: 0x000001de1dab87b0
R14=0x000001de21d5b448 points into unknown readable memory: 0x00007ffe5cc6d178 | 78 d1 c6 5c fe 7f 00 00
R15=0x000001de2555e478 points into unknown readable memory: 0x00007ffe5cc718a8 | a8 18 c7 5c fe 7f 00 00


Top of Stack: (sp=0x000000309c4fa8f0)
0x000000309c4fa8f0:   0000000000000000 0000000000000300
0x000000309c4fa900:   000001de2302fab8 00007ffe5c9c987c
0x000000309c4fa910:   0000000000000000 00007ffe5c9b9458
0x000000309c4fa920:   0000000000000000 000001de21d55690
0x000000309c4fa930:   0000000000000000 00000000000003d6
0x000000309c4fa940:   000000309c4fad80 00007ffe5c91473a
0x000000309c4fa950:   000001de2555e478 000001de21d55690
0x000000309c4fa960:   000001de2555e478 000001de25016378
0x000000309c4fa970:   000001de21d5b448 000000309c4faa40
0x000000309c4fa980:   000000309c4faa60 00000000000003d6
0x000000309c4fa990:   0000000000000001 000000309c4faa80
0x000000309c4fa9a0:   000001de21d5b4b8 00007ffe5c914354
0x000000309c4fa9b0:   0000000000000009 000001de2555e478
0x000000309c4fa9c0:   000000309c4fab10 0000000000000001
0x000000309c4fa9d0:   000001de7f9c6cf0 0000000000000000
0x000000309c4fa9e0:   000001de21e8ae68 000000309c4fab10
0x000000309c4fa9f0:   000001de23504000 0000000000000000
0x000000309c4faa00:   000000309c4fad80 00007ffe5c9135d8
0x000000309c4faa10:   000000309c4fad80 0000000000000001
0x000000309c4faa20:   000001de00000001 000000309c4faa80
0x000000309c4faa30:   00000000000003ff 0000000000000000
0x000000309c4faa40:   000001de21e329e0 00007ffe00000400
0x000000309c4faa50:   000001de22328ac0 000001de000003d7
0x000000309c4faa60:   0000000000000100 000001de24c404b0
0x000000309c4faa70:   0000000000000100 000001de21e329e0
0x000000309c4faa80:   000001de24a273b0 000001de24a33d50
0x000000309c4faa90:   000001de24a27370 000001de21e329e0
0x000000309c4faaa0:   000001de21e329e0 000001de00000004
0x000000309c4faab0:   000001de24981410 000001de00000000
0x000000309c4faac0:   0000000000018360 00007ffe5ca34cbb
0x000000309c4faad0:   0000000000000008 0000000800040288
0x000000309c4faae0:   00000008000404d8 000001de21dd7578 

Instructions: (pc=0x00007ffe5c9cb0db)
0x00007ffe5c9cafdb:   02 00 00 75 15 33 c0 48 89 43 20 48 89 43 10 48
0x00007ffe5c9cafeb:   8b 5c 24 30 48 83 c4 20 5f c3 48 83 7b 10 00 75
0x00007ffe5c9caffb:   08 48 c7 43 10 ff ff ff ff 48 8b 5c 24 30 48 83
0x00007ffe5c9cb00b:   c4 20 5f c3 cc 8b 41 2c 83 e0 1f 3c 14 75 2d 66
0x00007ffe5c9cb01b:   0f 1f 44 00 00 83 79 18 02 75 21 8b 41 2c 83 e0
0x00007ffe5c9cb02b:   1f 3c 14 75 17 84 d2 74 06 83 79 40 00 75 0d 48
0x00007ffe5c9cb03b:   8b 41 08 48 8b 48 08 48 85 c9 75 d9 48 8b c1 c3
0x00007ffe5c9cb04b:   cc cc cc cc cc 48 89 5c 24 08 48 89 6c 24 10 48
0x00007ffe5c9cb05b:   89 74 24 18 57 48 83 ec 20 33 ed 33 db 48 8b f1
0x00007ffe5c9cb06b:   39 59 20 76 29 48 8b 46 10 48 8b 3c d8 48 8b cf
0x00007ffe5c9cb07b:   48 8b 07 ff 50 10 84 c0 74 0d 48 3b fe 74 08 48
0x00007ffe5c9cb08b:   85 ed 75 22 48 8b ef ff c3 3b 5e 20 72 d7 48 8b
0x00007ffe5c9cb09b:   c5 48 8b 5c 24 30 48 8b 6c 24 38 48 8b 74 24 40
0x00007ffe5c9cb0ab:   48 83 c4 20 5f c3 33 c0 eb e7 cc cc cc cc cc cc
0x00007ffe5c9cb0bb:   cc cc cc cc cc 48 89 5c 24 08 48 89 6c 24 10 48
0x00007ffe5c9cb0cb:   89 74 24 18 57 48 83 ec 20 33 ed 48 8b f1 8b dd
0x00007ffe5c9cb0db:   39 59 20 76 2b 48 8b 46 10 8b d3 48 8b 3c d0 48
0x00007ffe5c9cb0eb:   8b cf 48 8b 07 ff 50 10 84 c0 74 0d 48 3b fe 74
0x00007ffe5c9cb0fb:   08 48 85 ed 75 22 48 8b ef ff c3 3b 5e 20 72 d5
0x00007ffe5c9cb10b:   48 8b c5 48 8b 5c 24 30 48 8b 6c 24 38 48 8b 74
0x00007ffe5c9cb11b:   24 40 48 83 c4 20 5f c3 33 c0 eb e7 cc cc cc cc
0x00007ffe5c9cb12b:   cc cc cc cc cc 44 8b 41 18 33 c0 4c 8b d9 45 85
0x00007ffe5c9cb13b:   c0 74 2a 48 8b 49 10 48 39 14 c1 4c 8d 0c c1 74
0x00007ffe5c9cb14b:   08 ff c0 41 3b c0 72 ef c3 41 3b c0 73 0f 41 8d
0x00007ffe5c9cb15b:   40 ff 41 89 43 18 48 8b 0c c1 49 89 09 c3 cc cc
0x00007ffe5c9cb16b:   cc cc cc cc cc b8 02 00 00 00 f0 0f c1 05 d3 a8
0x00007ffe5c9cb17b:   52 00 83 c0 02 89 01 48 8b 05 bf a8 52 00 48 89
0x00007ffe5c9cb18b:   41 08 48 8b c1 c3 cc cc cc cc cc cc cc cc cc cc
0x00007ffe5c9cb19b:   cc cc cc cc cc 40 53 48 83 ec 20 48 8b d9 e8 e2
0x00007ffe5c9cb1ab:   93 15 00 33 c9 c7 83 b0 02 00 00 ff ff ff ff 48
0x00007ffe5c9cb1bb:   8d 05 7f 85 33 00 48 89 8b a0 02 00 00 48 89 03
0x00007ffe5c9cb1cb:   48 8d 05 46 86 33 00 48 89 03 48 8b c3 48 89 8b 


Stack slot to memory mapping:
stack at sp + 0 slots: 0x0 is NULL
stack at sp + 1 slots: 0x0000000000000300 is an unknown value
stack at sp + 2 slots: 0x000001de2302fab8 points into unknown readable memory: 0x00007ffe5cc6d178 | 78 d1 c6 5c fe 7f 00 00
stack at sp + 3 slots: 0x00007ffe5c9c987c jvm.dll
stack at sp + 4 slots: 0x0 is NULL
stack at sp + 5 slots: 0x00007ffe5c9b9458 jvm.dll
stack at sp + 6 slots: 0x0 is NULL
stack at sp + 7 slots: 0x000001de21d55690 points into unknown readable memory: 0x00007ffe5cc718a8 | a8 18 c7 5c fe 7f 00 00


---------------  P R O C E S S  ---------------

Threads class SMR info:
_java_thread_list=0x000001de23448860, length=17, elements={
0x000001de7f96e370, 0x000001de1da9f480, 0x000001de1daa0690, 0x000001de1daa7580,
0x000001de1daa8ed0, 0x000001de1daa9fb0, 0x000001de1daab090, 0x000001de1daad860,
0x000001de1dab92d0, 0x000001de21e2a380, 0x000001de21e3de50, 0x000001de21e3e3b0,
0x000001de21e458d0, 0x000001de21e500e0, 0x000001de1dab87b0, 0x000001de225acab0,
0x000001de225ad000
}

Java Threads: ( => current thread )
  0x000001de7f96e370 JavaThread "main" [_thread_blocked, id=552, stack(0x000000309af00000,0x000000309b000000)]
  0x000001de1da9f480 JavaThread "Reference Handler" daemon [_thread_blocked, id=8724, stack(0x000000309b600000,0x000000309b700000)]
  0x000001de1daa0690 JavaThread "Finalizer" daemon [_thread_blocked, id=3964, stack(0x000000309b700000,0x000000309b800000)]
  0x000001de1daa7580 JavaThread "Signal Dispatcher" daemon [_thread_blocked, id=6964, stack(0x000000309b800000,0x000000309b900000)]
  0x000001de1daa8ed0 JavaThread "Attach Listener" daemon [_thread_blocked, id=8184, stack(0x000000309b900000,0x000000309ba00000)]
  0x000001de1daa9fb0 JavaThread "Service Thread" daemon [_thread_blocked, id=4516, stack(0x000000309ba00000,0x000000309bb00000)]
  0x000001de1daab090 JavaThread "Monitor Deflation Thread" daemon [_thread_blocked, id=6640, stack(0x000000309bb00000,0x000000309bc00000)]
  0x000001de1daad860 JavaThread "C2 CompilerThread0" daemon [_thread_in_native, id=8824, stack(0x000000309bc00000,0x000000309bd00000)]
  0x000001de1dab92d0 JavaThread "C1 CompilerThread0" daemon [_thread_blocked, id=6960, stack(0x000000309bd00000,0x000000309be00000)]
  0x000001de21e2a380 JavaThread "JDWP Transport Listener: dt_socket" daemon [_thread_blocked, id=10244, stack(0x000000309be00000,0x000000309bf00000)]
  0x000001de21e3de50 JavaThread "JDWP Event Helper Thread" daemon [_thread_blocked, id=2492, stack(0x000000309bf00000,0x000000309c000000)]
  0x000001de21e3e3b0 JavaThread "JDWP Command Reader" daemon [_thread_in_native, id=10816, stack(0x000000309c000000,0x000000309c100000)]
  0x000001de21e458d0 JavaThread "Notification Thread" daemon [_thread_blocked, id=3952, stack(0x000000309c100000,0x000000309c200000)]
  0x000001de21e500e0 JavaThread "Common-Cleaner" daemon [_thread_blocked, id=2760, stack(0x000000309c300000,0x000000309c400000)]
=>0x000001de1dab87b0 JavaThread "C2 CompilerThread1" daemon [_thread_in_native, id=7960, stack(0x000000309c400000,0x000000309c500000)]
  0x000001de225acab0 JavaThread "Thread-0" [_thread_blocked, id=3012, stack(0x000000309c800000,0x000000309c900000)]
  0x000001de225ad000 JavaThread "restartedMain" [_thread_in_Java, id=892, stack(0x000000309c900000,0x000000309ca00000)]

Other Threads:
  0x000001de1da7ed70 VMThread "VM Thread" [stack: 0x000000309b500000,0x000000309b600000] [id=5820]
  0x000001de21e46850 WatcherThread "VM Periodic Task Thread" [stack: 0x000000309c200000,0x000000309c300000] [id=7300]
  0x000001de7fa0af30 WorkerThread "GC Thread#0" [stack: 0x000000309b000000,0x000000309b100000] [id=7488]
  0x000001de22485eb0 WorkerThread "GC Thread#1" [stack: 0x000000309c500000,0x000000309c600000] [id=7296]
  0x000001de22486180 WorkerThread "GC Thread#2" [stack: 0x000000309c600000,0x000000309c700000] [id=108]
  0x000001de2249e1d0 WorkerThread "GC Thread#3" [stack: 0x000000309c700000,0x000000309c800000] [id=5260]
  0x000001de7fa1cb40 ConcurrentGCThread "G1 Main Marker" [stack: 0x000000309b100000,0x000000309b200000] [id=8744]
  0x000001de7fa1dc20 WorkerThread "G1 Conc#0" [stack: 0x000000309b200000,0x000000309b300000] [id=372]
  0x000001de1d9334d0 ConcurrentGCThread "G1 Refine#0" [stack: 0x000000309b300000,0x000000309b400000] [id=1284]
  0x000001de7fa6d000 ConcurrentGCThread "G1 Service" [stack: 0x000000309b400000,0x000000309b500000] [id=4444]

Threads with active compile tasks:
C2 CompilerThread1     5125 3056       4       java.lang.invoke.MethodType::makeImpl (109 bytes)

VM state: not at safepoint (normal execution)

VM Mutex/Monitor currently owned by a thread: None

Heap address: 0x0000000081e00000, size: 2018 MB, Compressed Oops mode: 32-bit

CDS archive(s) mapped at: [0x0000000800000000-0x0000000800c60000-0x0000000800c60000), size 12976128, SharedBaseAddress: 0x0000000800000000, ArchiveRelocationMode: 0.
Compressed class space mapped at: 0x0000000801000000-0x0000000841000000, reserved size: 1073741824
Narrow klass base: 0x0000000800000000, Narrow klass shift: 0, Narrow klass range: 0x100000000

GC Precious Log:
 CardTable entry size: 512
 Card Set container configuration: InlinePtr #cards 5 size 8 Array Of Cards #cards 12 size 40 Howl #buckets 4 coarsen threshold 1843 Howl Bitmap #cards 512 size 80 coarsen threshold 460 Card regions per heap region 1 cards per card region 2048
 CPUs: 4 total, 4 available
 Memory: 8064M
 Large Page Support: Disabled
 NUMA Support: Disabled
 Compressed Oops: Enabled (32-bit)
 Heap Region Size: 1M
 Heap Min Capacity: 8M
 Heap Initial Capacity: 128M
 Heap Max Capacity: 2018M
 Pre-touch: Disabled
 Parallel Workers: 4
 Concurrent Workers: 1
 Concurrent Refinement Workers: 4
 Periodic GC: Disabled

Heap:
 garbage-first heap   total 131072K, used 55200K [0x0000000081e00000, 0x0000000100000000)
  region size 1024K, 50 young (51200K), 3 survivors (3072K)
 Metaspace       used 21169K, committed 21440K, reserved 1114112K
  class space    used 2561K, committed 2688K, reserved 1048576K

Heap Regions: E=young(eden), S=young(survivor), O=old, HS=humongous(starts), HC=humongous(continues), CS=collection set, F=free, OA=open archive, CA=closed archive, TAMS=top-at-mark-start, PB=parsable bottom
|   0|0x0000000081e00000, 0x0000000081f00000, 0x0000000081f00000|100%|HS|  |TAMS 0x0000000081e00000| PB 0x0000000081e00000| Complete 
|   1|0x0000000081f00000, 0x0000000082000000, 0x0000000082000000|100%| O|  |TAMS 0x0000000081f00000| PB 0x0000000081f00000| Untracked 
|   2|0x0000000082000000, 0x0000000082100000, 0x0000000082100000|100%| O|  |TAMS 0x0000000082000000| PB 0x0000000082000000| Untracked 
|   3|0x0000000082100000, 0x0000000082200000, 0x0000000082200000|100%| O|  |TAMS 0x0000000082100000| PB 0x0000000082100000| Untracked 
|   4|0x0000000082200000, 0x0000000082300000, 0x0000000082300000|100%| O|  |TAMS 0x0000000082200000| PB 0x0000000082200000| Untracked 
|   5|0x0000000082300000, 0x0000000082400000, 0x0000000082400000|100%| O|  |TAMS 0x0000000082300000| PB 0x0000000082300000| Untracked 
|   6|0x0000000082400000, 0x000000008248ba00, 0x0000000082500000| 54%| O|  |TAMS 0x0000000082400000| PB 0x0000000082400000| Untracked 
|   7|0x0000000082500000, 0x0000000082500000, 0x0000000082600000|  0%| F|  |TAMS 0x0000000082500000| PB 0x0000000082500000| Untracked 
|   8|0x0000000082600000, 0x0000000082600000, 0x0000000082700000|  0%| F|  |TAMS 0x0000000082600000| PB 0x0000000082600000| Untracked 
|   9|0x0000000082700000, 0x0000000082700000, 0x0000000082800000|  0%| F|  |TAMS 0x0000000082700000| PB 0x0000000082700000| Untracked 
|  10|0x0000000082800000, 0x0000000082800000, 0x0000000082900000|  0%| F|  |TAMS 0x0000000082800000| PB 0x0000000082800000| Untracked 
|  11|0x0000000082900000, 0x0000000082900000, 0x0000000082a00000|  0%| F|  |TAMS 0x0000000082900000| PB 0x0000000082900000| Untracked 
|  12|0x0000000082a00000, 0x0000000082a00000, 0x0000000082b00000|  0%| F|  |TAMS 0x0000000082a00000| PB 0x0000000082a00000| Untracked 
|  13|0x0000000082b00000, 0x0000000082b00000, 0x0000000082c00000|  0%| F|  |TAMS 0x0000000082b00000| PB 0x0000000082b00000| Untracked 
|  14|0x0000000082c00000, 0x0000000082c00000, 0x0000000082d00000|  0%| F|  |TAMS 0x0000000082c00000| PB 0x0000000082c00000| Untracked 
|  15|0x0000000082d00000, 0x0000000082d00000, 0x0000000082e00000|  0%| F|  |TAMS 0x0000000082d00000| PB 0x0000000082d00000| Untracked 
|  16|0x0000000082e00000, 0x0000000082e00000, 0x0000000082f00000|  0%| F|  |TAMS 0x0000000082e00000| PB 0x0000000082e00000| Untracked 
|  17|0x0000000082f00000, 0x0000000082f00000, 0x0000000083000000|  0%| F|  |TAMS 0x0000000082f00000| PB 0x0000000082f00000| Untracked 
|  18|0x0000000083000000, 0x0000000083000000, 0x0000000083100000|  0%| F|  |TAMS 0x0000000083000000| PB 0x0000000083000000| Untracked 
|  19|0x0000000083100000, 0x0000000083100000, 0x0000000083200000|  0%| F|  |TAMS 0x0000000083100000| PB 0x0000000083100000| Untracked 
|  20|0x0000000083200000, 0x0000000083200000, 0x0000000083300000|  0%| F|  |TAMS 0x0000000083200000| PB 0x0000000083200000| Untracked 
|  21|0x0000000083300000, 0x0000000083300000, 0x0000000083400000|  0%| F|  |TAMS 0x0000000083300000| PB 0x0000000083300000| Untracked 
|  22|0x0000000083400000, 0x0000000083400000, 0x0000000083500000|  0%| F|  |TAMS 0x0000000083400000| PB 0x0000000083400000| Untracked 
|  23|0x0000000083500000, 0x0000000083500000, 0x0000000083600000|  0%| F|  |TAMS 0x0000000083500000| PB 0x0000000083500000| Untracked 
|  24|0x0000000083600000, 0x0000000083600000, 0x0000000083700000|  0%| F|  |TAMS 0x0000000083600000| PB 0x0000000083600000| Untracked 
|  25|0x0000000083700000, 0x0000000083700000, 0x0000000083800000|  0%| F|  |TAMS 0x0000000083700000| PB 0x0000000083700000| Untracked 
|  26|0x0000000083800000, 0x0000000083800000, 0x0000000083900000|  0%| F|  |TAMS 0x0000000083800000| PB 0x0000000083800000| Untracked 
|  27|0x0000000083900000, 0x0000000083900000, 0x0000000083a00000|  0%| F|  |TAMS 0x0000000083900000| PB 0x0000000083900000| Untracked 
|  28|0x0000000083a00000, 0x0000000083a00000, 0x0000000083b00000|  0%| F|  |TAMS 0x0000000083a00000| PB 0x0000000083a00000| Untracked 
|  29|0x0000000083b00000, 0x0000000083b00000, 0x0000000083c00000|  0%| F|  |TAMS 0x0000000083b00000| PB 0x0000000083b00000| Untracked 
|  30|0x0000000083c00000, 0x0000000083c00000, 0x0000000083d00000|  0%| F|  |TAMS 0x0000000083c00000| PB 0x0000000083c00000| Untracked 
|  31|0x0000000083d00000, 0x0000000083d00000, 0x0000000083e00000|  0%| F|  |TAMS 0x0000000083d00000| PB 0x0000000083d00000| Untracked 
|  32|0x0000000083e00000, 0x0000000083e00000, 0x0000000083f00000|  0%| F|  |TAMS 0x0000000083e00000| PB 0x0000000083e00000| Untracked 
|  33|0x0000000083f00000, 0x0000000083f00000, 0x0000000084000000|  0%| F|  |TAMS 0x0000000083f00000| PB 0x0000000083f00000| Untracked 
|  34|0x0000000084000000, 0x0000000084000000, 0x0000000084100000|  0%| F|  |TAMS 0x0000000084000000| PB 0x0000000084000000| Untracked 
|  35|0x0000000084100000, 0x0000000084100000, 0x0000000084200000|  0%| F|  |TAMS 0x0000000084100000| PB 0x0000000084100000| Untracked 
|  36|0x0000000084200000, 0x0000000084200000, 0x0000000084300000|  0%| F|  |TAMS 0x0000000084200000| PB 0x0000000084200000| Untracked 
|  37|0x0000000084300000, 0x0000000084300000, 0x0000000084400000|  0%| F|  |TAMS 0x0000000084300000| PB 0x0000000084300000| Untracked 
|  38|0x0000000084400000, 0x0000000084400000, 0x0000000084500000|  0%| F|  |TAMS 0x0000000084400000| PB 0x0000000084400000| Untracked 
|  39|0x0000000084500000, 0x0000000084500000, 0x0000000084600000|  0%| F|  |TAMS 0x0000000084500000| PB 0x0000000084500000| Untracked 
|  40|0x0000000084600000, 0x0000000084600000, 0x0000000084700000|  0%| F|  |TAMS 0x0000000084600000| PB 0x0000000084600000| Untracked 
|  41|0x0000000084700000, 0x0000000084700000, 0x0000000084800000|  0%| F|  |TAMS 0x0000000084700000| PB 0x0000000084700000| Untracked 
|  42|0x0000000084800000, 0x0000000084800000, 0x0000000084900000|  0%| F|  |TAMS 0x0000000084800000| PB 0x0000000084800000| Untracked 
|  43|0x0000000084900000, 0x0000000084900000, 0x0000000084a00000|  0%| F|  |TAMS 0x0000000084900000| PB 0x0000000084900000| Untracked 
|  44|0x0000000084a00000, 0x0000000084a00000, 0x0000000084b00000|  0%| F|  |TAMS 0x0000000084a00000| PB 0x0000000084a00000| Untracked 
|  45|0x0000000084b00000, 0x0000000084b00000, 0x0000000084c00000|  0%| F|  |TAMS 0x0000000084b00000| PB 0x0000000084b00000| Untracked 
|  46|0x0000000084c00000, 0x0000000084c00000, 0x0000000084d00000|  0%| F|  |TAMS 0x0000000084c00000| PB 0x0000000084c00000| Untracked 
|  47|0x0000000084d00000, 0x0000000084d00000, 0x0000000084e00000|  0%| F|  |TAMS 0x0000000084d00000| PB 0x0000000084d00000| Untracked 
|  48|0x0000000084e00000, 0x0000000084e00000, 0x0000000084f00000|  0%| F|  |TAMS 0x0000000084e00000| PB 0x0000000084e00000| Untracked 
|  49|0x0000000084f00000, 0x0000000084f00000, 0x0000000085000000|  0%| F|  |TAMS 0x0000000084f00000| PB 0x0000000084f00000| Untracked 
|  50|0x0000000085000000, 0x0000000085000000, 0x0000000085100000|  0%| F|  |TAMS 0x0000000085000000| PB 0x0000000085000000| Untracked 
|  51|0x0000000085100000, 0x0000000085100000, 0x0000000085200000|  0%| F|  |TAMS 0x0000000085100000| PB 0x0000000085100000| Untracked 
|  52|0x0000000085200000, 0x0000000085200000, 0x0000000085300000|  0%| F|  |TAMS 0x0000000085200000| PB 0x0000000085200000| Untracked 
|  53|0x0000000085300000, 0x0000000085300000, 0x0000000085400000|  0%| F|  |TAMS 0x0000000085300000| PB 0x0000000085300000| Untracked 
|  54|0x0000000085400000, 0x0000000085400000, 0x0000000085500000|  0%| F|  |TAMS 0x0000000085400000| PB 0x0000000085400000| Untracked 
|  55|0x0000000085500000, 0x0000000085500000, 0x0000000085600000|  0%| F|  |TAMS 0x0000000085500000| PB 0x0000000085500000| Untracked 
|  56|0x0000000085600000, 0x0000000085600000, 0x0000000085700000|  0%| F|  |TAMS 0x0000000085600000| PB 0x0000000085600000| Untracked 
|  57|0x0000000085700000, 0x0000000085700000, 0x0000000085800000|  0%| F|  |TAMS 0x0000000085700000| PB 0x0000000085700000| Untracked 
|  58|0x0000000085800000, 0x0000000085800000, 0x0000000085900000|  0%| F|  |TAMS 0x0000000085800000| PB 0x0000000085800000| Untracked 
|  59|0x0000000085900000, 0x0000000085900000, 0x0000000085a00000|  0%| F|  |TAMS 0x0000000085900000| PB 0x0000000085900000| Untracked 
|  60|0x0000000085a00000, 0x0000000085a00000, 0x0000000085b00000|  0%| F|  |TAMS 0x0000000085a00000| PB 0x0000000085a00000| Untracked 
|  61|0x0000000085b00000, 0x0000000085b00000, 0x0000000085c00000|  0%| F|  |TAMS 0x0000000085b00000| PB 0x0000000085b00000| Untracked 
|  62|0x0000000085c00000, 0x0000000085c00000, 0x0000000085d00000|  0%| F|  |TAMS 0x0000000085c00000| PB 0x0000000085c00000| Untracked 
|  63|0x0000000085d00000, 0x0000000085d00000, 0x0000000085e00000|  0%| F|  |TAMS 0x0000000085d00000| PB 0x0000000085d00000| Untracked 
|  64|0x0000000085e00000, 0x0000000085e00000, 0x0000000085f00000|  0%| F|  |TAMS 0x0000000085e00000| PB 0x0000000085e00000| Untracked 
|  65|0x0000000085f00000, 0x0000000085f00000, 0x0000000086000000|  0%| F|  |TAMS 0x0000000085f00000| PB 0x0000000085f00000| Untracked 
|  66|0x0000000086000000, 0x0000000086000000, 0x0000000086100000|  0%| F|  |TAMS 0x0000000086000000| PB 0x0000000086000000| Untracked 
|  67|0x0000000086100000, 0x0000000086100000, 0x0000000086200000|  0%| F|  |TAMS 0x0000000086100000| PB 0x0000000086100000| Untracked 
|  68|0x0000000086200000, 0x0000000086200000, 0x0000000086300000|  0%| F|  |TAMS 0x0000000086200000| PB 0x0000000086200000| Untracked 
|  69|0x0000000086300000, 0x0000000086300000, 0x0000000086400000|  0%| F|  |TAMS 0x0000000086300000| PB 0x0000000086300000| Untracked 
|  70|0x0000000086400000, 0x0000000086400000, 0x0000000086500000|  0%| F|  |TAMS 0x0000000086400000| PB 0x0000000086400000| Untracked 
|  71|0x0000000086500000, 0x0000000086500000, 0x0000000086600000|  0%| F|  |TAMS 0x0000000086500000| PB 0x0000000086500000| Untracked 
|  72|0x0000000086600000, 0x0000000086600000, 0x0000000086700000|  0%| F|  |TAMS 0x0000000086600000| PB 0x0000000086600000| Untracked 
|  73|0x0000000086700000, 0x0000000086700000, 0x0000000086800000|  0%| F|  |TAMS 0x0000000086700000| PB 0x0000000086700000| Untracked 
|  74|0x0000000086800000, 0x0000000086800000, 0x0000000086900000|  0%| F|  |TAMS 0x0000000086800000| PB 0x0000000086800000| Untracked 
|  75|0x0000000086900000, 0x0000000086900000, 0x0000000086a00000|  0%| F|  |TAMS 0x0000000086900000| PB 0x0000000086900000| Untracked 
|  76|0x0000000086a00000, 0x0000000086a00000, 0x0000000086b00000|  0%| F|  |TAMS 0x0000000086a00000| PB 0x0000000086a00000| Untracked 
|  77|0x0000000086b00000, 0x0000000086b370e0, 0x0000000086c00000| 21%| E|  |TAMS 0x0000000086b00000| PB 0x0000000086b00000| Complete 
|  78|0x0000000086c00000, 0x0000000086d00000, 0x0000000086d00000|100%| E|CS|TAMS 0x0000000086c00000| PB 0x0000000086c00000| Complete 
|  79|0x0000000086d00000, 0x0000000086e00000, 0x0000000086e00000|100%| E|CS|TAMS 0x0000000086d00000| PB 0x0000000086d00000| Complete 
|  80|0x0000000086e00000, 0x0000000086f00000, 0x0000000086f00000|100%| E|CS|TAMS 0x0000000086e00000| PB 0x0000000086e00000| Complete 
|  81|0x0000000086f00000, 0x0000000087000000, 0x0000000087000000|100%| E|CS|TAMS 0x0000000086f00000| PB 0x0000000086f00000| Complete 
|  82|0x0000000087000000, 0x0000000087100000, 0x0000000087100000|100%| E|CS|TAMS 0x0000000087000000| PB 0x0000000087000000| Complete 
|  83|0x0000000087100000, 0x0000000087200000, 0x0000000087200000|100%| E|CS|TAMS 0x0000000087100000| PB 0x0000000087100000| Complete 
|  84|0x0000000087200000, 0x0000000087300000, 0x0000000087300000|100%| E|CS|TAMS 0x0000000087200000| PB 0x0000000087200000| Complete 
|  85|0x0000000087300000, 0x0000000087400000, 0x0000000087400000|100%| E|CS|TAMS 0x0000000087300000| PB 0x0000000087300000| Complete 
|  86|0x0000000087400000, 0x0000000087500000, 0x0000000087500000|100%| E|CS|TAMS 0x0000000087400000| PB 0x0000000087400000| Complete 
|  87|0x0000000087500000, 0x0000000087600000, 0x0000000087600000|100%| E|CS|TAMS 0x0000000087500000| PB 0x0000000087500000| Complete 
|  88|0x0000000087600000, 0x0000000087700000, 0x0000000087700000|100%| E|CS|TAMS 0x0000000087600000| PB 0x0000000087600000| Complete 
|  89|0x0000000087700000, 0x0000000087800000, 0x0000000087800000|100%| E|CS|TAMS 0x0000000087700000| PB 0x0000000087700000| Complete 
|  90|0x0000000087800000, 0x0000000087900000, 0x0000000087900000|100%| E|CS|TAMS 0x0000000087800000| PB 0x0000000087800000| Complete 
|  91|0x0000000087900000, 0x0000000087a00000, 0x0000000087a00000|100%| E|CS|TAMS 0x0000000087900000| PB 0x0000000087900000| Complete 
|  92|0x0000000087a00000, 0x0000000087b00000, 0x0000000087b00000|100%| E|CS|TAMS 0x0000000087a00000| PB 0x0000000087a00000| Complete 
|  93|0x0000000087b00000, 0x0000000087c00000, 0x0000000087c00000|100%| E|CS|TAMS 0x0000000087b00000| PB 0x0000000087b00000| Complete 
|  94|0x0000000087c00000, 0x0000000087d00000, 0x0000000087d00000|100%| E|CS|TAMS 0x0000000087c00000| PB 0x0000000087c00000| Complete 
|  95|0x0000000087d00000, 0x0000000087e00000, 0x0000000087e00000|100%| E|CS|TAMS 0x0000000087d00000| PB 0x0000000087d00000| Complete 
|  96|0x0000000087e00000, 0x0000000087f00000, 0x0000000087f00000|100%| E|CS|TAMS 0x0000000087e00000| PB 0x0000000087e00000| Complete 
|  97|0x0000000087f00000, 0x0000000087f5c6c0, 0x0000000088000000| 36%| S|CS|TAMS 0x0000000087f00000| PB 0x0000000087f00000| Complete 
|  98|0x0000000088000000, 0x0000000088100000, 0x0000000088100000|100%| S|CS|TAMS 0x0000000088000000| PB 0x0000000088000000| Complete 
|  99|0x0000000088100000, 0x0000000088200000, 0x0000000088200000|100%| S|CS|TAMS 0x0000000088100000| PB 0x0000000088100000| Complete 
| 100|0x0000000088200000, 0x0000000088300000, 0x0000000088300000|100%| E|CS|TAMS 0x0000000088200000| PB 0x0000000088200000| Complete 
| 101|0x0000000088300000, 0x0000000088400000, 0x0000000088400000|100%| E|CS|TAMS 0x0000000088300000| PB 0x0000000088300000| Complete 
| 102|0x0000000088400000, 0x0000000088500000, 0x0000000088500000|100%| E|CS|TAMS 0x0000000088400000| PB 0x0000000088400000| Complete 
| 103|0x0000000088500000, 0x0000000088600000, 0x0000000088600000|100%| E|CS|TAMS 0x0000000088500000| PB 0x0000000088500000| Complete 
| 104|0x0000000088600000, 0x0000000088700000, 0x0000000088700000|100%| E|CS|TAMS 0x0000000088600000| PB 0x0000000088600000| Complete 
| 105|0x0000000088700000, 0x0000000088800000, 0x0000000088800000|100%| E|CS|TAMS 0x0000000088700000| PB 0x0000000088700000| Complete 
| 106|0x0000000088800000, 0x0000000088900000, 0x0000000088900000|100%| E|CS|TAMS 0x0000000088800000| PB 0x0000000088800000| Complete 
| 107|0x0000000088900000, 0x0000000088a00000, 0x0000000088a00000|100%| E|CS|TAMS 0x0000000088900000| PB 0x0000000088900000| Complete 
| 108|0x0000000088a00000, 0x0000000088b00000, 0x0000000088b00000|100%| E|CS|TAMS 0x0000000088a00000| PB 0x0000000088a00000| Complete 
| 109|0x0000000088b00000, 0x0000000088c00000, 0x0000000088c00000|100%| E|CS|TAMS 0x0000000088b00000| PB 0x0000000088b00000| Complete 
| 110|0x0000000088c00000, 0x0000000088d00000, 0x0000000088d00000|100%| E|CS|TAMS 0x0000000088c00000| PB 0x0000000088c00000| Complete 
| 111|0x0000000088d00000, 0x0000000088e00000, 0x0000000088e00000|100%| E|CS|TAMS 0x0000000088d00000| PB 0x0000000088d00000| Complete 
| 112|0x0000000088e00000, 0x0000000088f00000, 0x0000000088f00000|100%| E|CS|TAMS 0x0000000088e00000| PB 0x0000000088e00000| Complete 
| 113|0x0000000088f00000, 0x0000000089000000, 0x0000000089000000|100%| E|CS|TAMS 0x0000000088f00000| PB 0x0000000088f00000| Complete 
| 114|0x0000000089000000, 0x0000000089100000, 0x0000000089100000|100%| E|CS|TAMS 0x0000000089000000| PB 0x0000000089000000| Complete 
| 115|0x0000000089100000, 0x0000000089200000, 0x0000000089200000|100%| E|CS|TAMS 0x0000000089100000| PB 0x0000000089100000| Complete 
| 116|0x0000000089200000, 0x0000000089300000, 0x0000000089300000|100%| E|CS|TAMS 0x0000000089200000| PB 0x0000000089200000| Complete 
| 117|0x0000000089300000, 0x0000000089400000, 0x0000000089400000|100%| E|  |TAMS 0x0000000089300000| PB 0x0000000089300000| Complete 
| 118|0x0000000089400000, 0x0000000089500000, 0x0000000089500000|100%| E|CS|TAMS 0x0000000089400000| PB 0x0000000089400000| Complete 
| 119|0x0000000089500000, 0x0000000089600000, 0x0000000089600000|100%| E|CS|TAMS 0x0000000089500000| PB 0x0000000089500000| Complete 
| 120|0x0000000089600000, 0x0000000089700000, 0x0000000089700000|100%| E|CS|TAMS 0x0000000089600000| PB 0x0000000089600000| Complete 
| 121|0x0000000089700000, 0x0000000089800000, 0x0000000089800000|100%| E|CS|TAMS 0x0000000089700000| PB 0x0000000089700000| Complete 
| 122|0x0000000089800000, 0x0000000089900000, 0x0000000089900000|100%| E|CS|TAMS 0x0000000089800000| PB 0x0000000089800000| Complete 
| 123|0x0000000089900000, 0x0000000089a00000, 0x0000000089a00000|100%| E|CS|TAMS 0x0000000089900000| PB 0x0000000089900000| Complete 
| 124|0x0000000089a00000, 0x0000000089b00000, 0x0000000089b00000|100%| E|CS|TAMS 0x0000000089a00000| PB 0x0000000089a00000| Complete 
| 125|0x0000000089b00000, 0x0000000089c00000, 0x0000000089c00000|100%| E|CS|TAMS 0x0000000089b00000| PB 0x0000000089b00000| Complete 
| 126|0x0000000089c00000, 0x0000000089d00000, 0x0000000089d00000|100%| E|CS|TAMS 0x0000000089c00000| PB 0x0000000089c00000| Complete 
| 127|0x0000000089d00000, 0x0000000089e00000, 0x0000000089e00000|100%| E|CS|TAMS 0x0000000089d00000| PB 0x0000000089d00000| Complete 

Card table byte_map: [0x000001de18d30000,0x000001de19130000] _byte_map_base: 0x000001de18921000

Marking Bits: (CMBitMap*) 0x000001de7fa0c480
 Bits: [0x000001de19530000, 0x000001de1b4b8000)

Polling page: 0x000001de7f7e0000

Metaspace:

Usage:
  Non-class:     18.18 MB used.
      Class:      2.50 MB used.
       Both:     20.68 MB used.

Virtual space:
  Non-class space:       64.00 MB reserved,      18.31 MB ( 29%) committed,  1 nodes.
      Class space:        1.00 GB reserved,       2.62 MB ( <1%) committed,  1 nodes.
             Both:        1.06 GB reserved,      20.94 MB (  2%) committed. 

Chunk freelists:
   Non-Class:  1.08 MB
       Class:  1.35 MB
        Both:  2.43 MB

MaxMetaspaceSize: unlimited
CompressedClassSpaceSize: 1.00 GB
Initial GC threshold: 21.00 MB
Current GC threshold: 21.00 MB
CDS: on
MetaspaceReclaimPolicy: balanced
 - commit_granule_bytes: 65536.
 - commit_granule_words: 8192.
 - virtual_space_node_default_size: 8388608.
 - enlarge_chunks_in_place: 1.
 - new_chunks_are_fully_committed: 0.
 - uncommit_free_chunks: 1.
 - use_allocation_guard: 0.


Internal statistics:

num_allocs_failed_limit: 0.
num_arena_births: 240.
num_arena_deaths: 0.
num_vsnodes_births: 2.
num_vsnodes_deaths: 0.
num_space_committed: 335.
num_space_uncommitted: 0.
num_chunks_returned_to_freelist: 0.
num_chunks_taken_from_freelist: 942.
num_chunk_merges: 0.
num_chunk_splits: 665.
num_chunks_enlarged: 550.
num_inconsistent_stats: 0.

CodeHeap 'non-profiled nmethods': size=120000Kb used=1375Kb max_used=1375Kb free=118624Kb
 bounds [0x000001de10ed0000, 0x000001de11140000, 0x000001de18400000]
CodeHeap 'profiled nmethods': size=120000Kb used=6761Kb max_used=6761Kb free=113238Kb
 bounds [0x000001de09400000, 0x000001de09aa0000, 0x000001de10930000]
CodeHeap 'non-nmethods': size=5760Kb used=1525Kb max_used=1559Kb free=4234Kb
 bounds [0x000001de10930000, 0x000001de10ba0000, 0x000001de10ed0000]
 total_blobs=3629 nmethods=3138 adapters=400
 compilation: enabled
              stopped_count=0, restarted_count=0
 full_count=0

Compilation events (20 events):
Event: 5.037 Thread 0x000001de1dab92d0 3080       3       org.springframework.core.annotation.TypeMappedAnnotations::get (8 bytes)
Event: 5.037 Thread 0x000001de1dab92d0 nmethod 3080 0x000001de09a69010 code [0x000001de09a691a0, 0x000001de09a69300]
Event: 5.037 Thread 0x000001de1dab92d0 3081       3       java.lang.Class$Atomic::casAnnotationData (13 bytes)
Event: 5.038 Thread 0x000001de1dab92d0 nmethod 3081 0x000001de09a69390 code [0x000001de09a69520, 0x000001de09a69678]
Event: 5.038 Thread 0x000001de1dab92d0 3082       3       org.springframework.core.annotation.RepeatableContainers$StandardRepeatableContainers::findRepeatedAnnotations (32 bytes)
Event: 5.038 Thread 0x000001de1dab92d0 nmethod 3082 0x000001de09a69710 code [0x000001de09a69920, 0x000001de09a6a230]
Event: 5.039 Thread 0x000001de1dab92d0 3083       3       org.springframework.core.annotation.RepeatableContainers$StandardRepeatableContainers::getRepeatedAnnotationsMethod (31 bytes)
Event: 5.039 Thread 0x000001de1dab92d0 nmethod 3083 0x000001de09a6a490 code [0x000001de09a6a640, 0x000001de09a6aa98]
Event: 5.039 Thread 0x000001de1dab92d0 3084   !   3       org.springframework.beans.factory.support.AbstractBeanFactory::getMergedBeanDefinition (371 bytes)
Event: 5.043 Thread 0x000001de1dab92d0 nmethod 3084 0x000001de09a6ac10 code [0x000001de09a6b160, 0x000001de09a6e9b0]
Event: 5.043 Thread 0x000001de1dab92d0 3086   !   3       jdk.proxy2.$Proxy30::annotationType (29 bytes)
Event: 5.043 Thread 0x000001de1dab92d0 nmethod 3086 0x000001de09a70190 code [0x000001de09a70360, 0x000001de09a707b8]
Event: 5.044 Thread 0x000001de1dab92d0 3087       3       org.springframework.core.annotation.AnnotationsScanner::processClassHierarchy (17 bytes)
Event: 5.044 Thread 0x000001de1dab92d0 nmethod 3087 0x000001de09a70990 code [0x000001de09a70b20, 0x000001de09a70d08]
Event: 5.044 Thread 0x000001de1dab92d0 3085       1       org.springframework.beans.factory.support.RootBeanDefinition::getResolvedFactoryMethod (5 bytes)
Event: 5.044 Thread 0x000001de1dab92d0 nmethod 3085 0x000001de1101d410 code [0x000001de1101d580, 0x000001de1101d650]
Event: 5.044 Thread 0x000001de1dab92d0 3088       3       org.springframework.beans.factory.support.AbstractBeanFactory::getType (235 bytes)
Event: 5.046 Thread 0x000001de1dab92d0 nmethod 3088 0x000001de09a70e10 code [0x000001de09a711e0, 0x000001de09a73490]
Event: 5.046 Thread 0x000001de1dab92d0 3089   !   3       jdk.proxy2.$Proxy15::annotationType (29 bytes)
Event: 5.047 Thread 0x000001de1dab92d0 nmethod 3089 0x000001de09a73f10 code [0x000001de09a740e0, 0x000001de09a74538]

GC Heap History (6 events):
Event: 1.890 GC heap before
{Heap before GC invocations=0 (full 0):
 garbage-first heap   total 131072K, used 13312K [0x0000000081e00000, 0x0000000100000000)
  region size 1024K, 13 young (13312K), 0 survivors (0K)
 Metaspace       used 3207K, committed 3328K, reserved 1114112K
  class space    used 314K, committed 384K, reserved 1048576K
}
Event: 1.895 GC heap after
{Heap after GC invocations=1 (full 0):
 garbage-first heap   total 131072K, used 6656K [0x0000000081e00000, 0x0000000100000000)
  region size 1024K, 2 young (2048K), 2 survivors (2048K)
 Metaspace       used 3207K, committed 3328K, reserved 1114112K
  class space    used 314K, committed 384K, reserved 1048576K
}
Event: 2.330 GC heap before
{Heap before GC invocations=1 (full 0):
 garbage-first heap   total 131072K, used 17920K [0x0000000081e00000, 0x0000000100000000)
  region size 1024K, 13 young (13312K), 2 survivors (2048K)
 Metaspace       used 6067K, committed 6272K, reserved 1114112K
  class space    used 670K, committed 768K, reserved 1048576K
}
Event: 2.335 GC heap after
{Heap after GC invocations=2 (full 0):
 garbage-first heap   total 131072K, used 7562K [0x0000000081e00000, 0x0000000100000000)
  region size 1024K, 1 young (1024K), 1 survivors (1024K)
 Metaspace       used 6067K, committed 6272K, reserved 1114112K
  class space    used 670K, committed 768K, reserved 1048576K
}
Event: 3.126 GC heap before
{Heap before GC invocations=2 (full 0):
 garbage-first heap   total 131072K, used 34186K [0x0000000081e00000, 0x0000000100000000)
  region size 1024K, 28 young (28672K), 1 survivors (1024K)
 Metaspace       used 13501K, committed 13696K, reserved 1114112K
  class space    used 1594K, committed 1664K, reserved 1048576K
}
Event: 3.130 GC heap after
{Heap after GC invocations=3 (full 0):
 garbage-first heap   total 131072K, used 9120K [0x0000000081e00000, 0x0000000100000000)
  region size 1024K, 3 young (3072K), 3 survivors (3072K)
 Metaspace       used 13501K, committed 13696K, reserved 1114112K
  class space    used 1594K, committed 1664K, reserved 1048576K
}

Dll operation events (9 events):
Event: 0.009 Loaded shared library C:\Program Files\Java\jdk-20\bin\java.dll
Event: 0.025 Loaded shared library C:\Program Files\Java\jdk-20\bin\jsvml.dll
Event: 1.317 Loaded shared library C:\Program Files\Java\jdk-20\bin\net.dll
Event: 1.319 Loaded shared library C:\Program Files\Java\jdk-20\bin\nio.dll
Event: 1.326 Loaded shared library C:\Program Files\Java\jdk-20\bin\zip.dll
Event: 1.508 Loaded shared library C:\Program Files\Java\jdk-20\bin\verify.dll
Event: 1.516 Loaded shared library C:\Program Files\Java\jdk-20\bin\jimage.dll
Event: 2.004 Loaded shared library C:\Program Files\Java\jdk-20\bin\management.dll
Event: 2.007 Loaded shared library C:\Program Files\Java\jdk-20\bin\management_ext.dll

Deoptimization events (20 events):
Event: 5.006 Thread 0x000001de225ad000 DEOPT PACKING pc=0x000001de097fd26c sp=0x000000309c9fd940
Event: 5.006 Thread 0x000001de225ad000 DEOPT UNPACKING pc=0x000001de1099a4c2 sp=0x000000309c9fcee0 mode 1
Event: 5.007 Thread 0x000001de225ad000 DEOPT PACKING pc=0x000001de09802c91 sp=0x000000309c9fd750
Event: 5.007 Thread 0x000001de225ad000 DEOPT UNPACKING pc=0x000001de1099a4c2 sp=0x000000309c9fcc28 mode 1
Event: 5.007 Thread 0x000001de225ad000 DEOPT PACKING pc=0x000001de09800d74 sp=0x000000309c9fd7e0
Event: 5.007 Thread 0x000001de225ad000 DEOPT UNPACKING pc=0x000001de1099a4c2 sp=0x000000309c9fcd88 mode 1
Event: 5.007 Thread 0x000001de225ad000 DEOPT PACKING pc=0x000001de097fd26c sp=0x000000309c9fd940
Event: 5.007 Thread 0x000001de225ad000 DEOPT UNPACKING pc=0x000001de1099a4c2 sp=0x000000309c9fcee0 mode 1
Event: 5.008 Thread 0x000001de225ad000 DEOPT PACKING pc=0x000001de09802c91 sp=0x000000309c9fd750
Event: 5.008 Thread 0x000001de225ad000 DEOPT UNPACKING pc=0x000001de1099a4c2 sp=0x000000309c9fcc28 mode 1
Event: 5.008 Thread 0x000001de225ad000 DEOPT PACKING pc=0x000001de09800d74 sp=0x000000309c9fd7e0
Event: 5.008 Thread 0x000001de225ad000 DEOPT UNPACKING pc=0x000001de1099a4c2 sp=0x000000309c9fcd88 mode 1
Event: 5.008 Thread 0x000001de225ad000 DEOPT PACKING pc=0x000001de097fd26c sp=0x000000309c9fd940
Event: 5.008 Thread 0x000001de225ad000 DEOPT UNPACKING pc=0x000001de1099a4c2 sp=0x000000309c9fcee0 mode 1
Event: 5.009 Thread 0x000001de225ad000 DEOPT PACKING pc=0x000001de09802c91 sp=0x000000309c9fd750
Event: 5.009 Thread 0x000001de225ad000 DEOPT UNPACKING pc=0x000001de1099a4c2 sp=0x000000309c9fcc28 mode 1
Event: 5.009 Thread 0x000001de225ad000 DEOPT PACKING pc=0x000001de09800d74 sp=0x000000309c9fd7e0
Event: 5.009 Thread 0x000001de225ad000 DEOPT UNPACKING pc=0x000001de1099a4c2 sp=0x000000309c9fcd88 mode 1
Event: 5.009 Thread 0x000001de225ad000 DEOPT PACKING pc=0x000001de097fd26c sp=0x000000309c9fd940
Event: 5.009 Thread 0x000001de225ad000 DEOPT UNPACKING pc=0x000001de1099a4c2 sp=0x000000309c9fcee0 mode 1

Classes loaded (20 events):
Event: 4.863 Loading class java/util/concurrent/FutureTask$WaitNode
Event: 4.863 Loading class java/util/concurrent/FutureTask$WaitNode done
Event: 4.887 Loading class java/lang/foreign/ValueLayout
Event: 4.887 Loading class java/lang/foreign/MemoryLayout
Event: 4.887 Loading class java/lang/foreign/MemoryLayout done
Event: 4.887 Loading class java/lang/foreign/ValueLayout done
Event: 4.937 Loading class java/util/WeakHashMap$EntrySet
Event: 4.937 Loading class java/util/WeakHashMap$EntrySet done
Event: 4.937 Loading class java/util/WeakHashMap$EntryIterator
Event: 4.937 Loading class java/util/WeakHashMap$HashIterator
Event: 4.937 Loading class java/util/WeakHashMap$HashIterator done
Event: 4.937 Loading class java/util/WeakHashMap$EntryIterator done
Event: 4.952 Loading class java/util/LinkedList$Node
Event: 4.952 Loading class java/util/LinkedList$Node done
Event: 4.953 Loading class java/util/DualPivotQuicksort
Event: 4.953 Loading class java/util/DualPivotQuicksort done
Event: 4.954 Loading class java/util/LinkedList$ListItr
Event: 4.954 Loading class java/util/LinkedList$ListItr done
Event: 4.996 Loading class sun/reflect/generics/tree/BooleanSignature
Event: 4.996 Loading class sun/reflect/generics/tree/BooleanSignature done

Classes unloaded (0 events):
No events

Classes redefined (0 events):
No events

Internal exceptions (20 events):
Event: 3.163 Thread 0x000001de225ad000 Exception <a 'java/lang/ClassNotFoundException'{0x0000000089cea9e0}: org/springframework/beans/factory/AwareCustomizer> (0x0000000089cea9e0) 
thrown [s\open\src\hotspot\share\classfile\systemDictionary.cpp, line 305]
Event: 3.164 Thread 0x000001de225ad000 Exception <a 'java/lang/ClassNotFoundException'{0x0000000089cedfd0}: org/springframework/context/ApplicationStartupAwareCustomizer> (0x0000000089cedfd0) 
thrown [s\open\src\hotspot\share\classfile\systemDictionary.cpp, line 305]
Event: 3.166 Thread 0x000001de225ad000 Exception <a 'java/lang/ClassNotFoundException'{0x0000000089cf2838}: org/springframework/beans/factory/AwareCustomizer> (0x0000000089cf2838) 
thrown [s\open\src\hotspot\share\classfile\systemDictionary.cpp, line 305]
Event: 3.167 Thread 0x000001de225ad000 Exception <a 'java/lang/ClassNotFoundException'{0x0000000089cf5e68}: org/springframework/beans/factory/BeanClassLoaderAwareCustomizer> (0x0000000089cf5e68) 
thrown [s\open\src\hotspot\share\classfile\systemDictionary.cpp, line 305]
Event: 3.168 Thread 0x000001de225ad000 Exception <a 'java/lang/ClassNotFoundException'{0x0000000089cfa430}: org/springframework/beans/factory/AwareCustomizer> (0x0000000089cfa430) 
thrown [s\open\src\hotspot\share\classfile\systemDictionary.cpp, line 305]
Event: 3.168 Thread 0x000001de225ad000 Exception <a 'java/lang/ClassNotFoundException'{0x0000000089cfd7d0}: org/springframework/context/EnvironmentAwareCustomizer> (0x0000000089cfd7d0) 
thrown [s\open\src\hotspot\share\classfile\systemDictionary.cpp, line 305]
Event: 3.169 Thread 0x000001de225ad000 Exception <a 'java/lang/ClassNotFoundException'{0x0000000089b3b660}: org/springframework/beans/factory/AwareCustomizer> (0x0000000089b3b660) 
thrown [s\open\src\hotspot\share\classfile\systemDictionary.cpp, line 305]
Event: 3.203 Thread 0x000001de225ad000 Exception <a 'java/lang/NoSuchMethodError'{0x0000000089902150}: 'java.lang.Object java.lang.invoke.DirectMethodHandle$Holder.invokeVirtual(java.lang.Object, java.lang.Object, java.lang.Object)'> (0x0000000089902150) 
thrown [s\open\src\hotspot\share\interpreter\linkResolver.cpp, line 773]
Event: 3.206 Thread 0x000001de23074010 Exception <a 'java/lang/NoSuchMethodError'{0x000000008993b838}: 'long java.lang.invoke.DirectMethodHandle$Holder.invokeSpecial(java.lang.Object, java.lang.Object)'> (0x000000008993b838) 
thrown [s\open\src\hotspot\share\interpreter\linkResolver.cpp, line 773]
Event: 3.209 Thread 0x000001de23074010 Exception <a 'java/lang/NoSuchMethodError'{0x0000000089946850}: 'long java.lang.invoke.DirectMethodHandle$Holder.invokeStatic(java.lang.Object, java.lang.Object)'> (0x0000000089946850) 
thrown [s\open\src\hotspot\share\interpreter\linkResolver.cpp, line 773]
Event: 3.210 Thread 0x000001de23074010 Exception <a 'java/lang/NoSuchMethodError'{0x0000000089949bb8}: 'long java.lang.invoke.DirectMethodHandle$Holder.invokeStaticInit(java.lang.Object, java.lang.Object)'> (0x0000000089949bb8) 
thrown [s\open\src\hotspot\share\interpreter\linkResolver.cpp, line 773]
Event: 3.217 Thread 0x000001de23074010 Exception <a 'java/lang/NoSuchMethodError'{0x0000000089957818}: 'long java.lang.invoke.DirectMethodHandle$Holder.invokeInterface(java.lang.Object, java.lang.Object)'> (0x0000000089957818) 
thrown [s\open\src\hotspot\share\interpreter\linkResolver.cpp, line 773]
Event: 3.217 Thread 0x000001de23074010 Exception <a 'java/lang/IncompatibleClassChangeError'{0x000000008995aac8}: Found class java.lang.Object, but interface was expected> (0x000000008995aac8) 
thrown [s\open\src\hotspot\share\interpreter\linkResolver.cpp, line 840]
Event: 3.236 Thread 0x000001de23074010 Exception <a 'java/lang/NoSuchMethodError'{0x0000000089823b98}: 'java.lang.Object java.lang.invoke.DirectMethodHandle$Holder.invokeVirtual(java.lang.Object, java.lang.Object, java.lang.Object, java.lang.Object)'> (0x0000000089823b98) 
thrown [s\open\src\hotspot\share\interpreter\linkResolver.cpp, line 773]
Event: 3.523 Thread 0x000001de225ad000 Exception <a 'java/lang/IncompatibleClassChangeError'{0x00000000892c1688}: Found class java.lang.Object, but interface was expected> (0x00000000892c1688) 
thrown [s\open\src\hotspot\share\interpreter\linkResolver.cpp, line 840]
Event: 3.586 Thread 0x000001de225ad000 Exception <a 'java/lang/NoSuchMethodError'{0x000000008902cd28}: 'void java.lang.invoke.DirectMethodHandle$Holder.invokeInterface(java.lang.Object, java.lang.Object, java.lang.Object, java.lang.Object)'> (0x000000008902cd28) 
thrown [s\open\src\hotspot\share\interpreter\linkResolver.cpp, line 773]
Event: 4.482 Thread 0x000001de225ad000 Exception <a 'java/lang/NoSuchMethodError'{0x00000000878f0f98}: 'java.lang.Object java.lang.invoke.DirectMethodHandle$Holder.invokeStatic(java.lang.Object, java.lang.Object, java.lang.Object, java.lang.Object, int)'> (0x00000000878f0f98) 
thrown [s\open\src\hotspot\share\interpreter\linkResolver.cpp, line 773]
Event: 4.961 Thread 0x000001de225ad000 Exception <a 'java/lang/NoSuchMethodError'{0x0000000086f36c78}: 'void java.lang.invoke.Invokers$Holder.invokeExact_MT(java.lang.Object, java.lang.Object, java.lang.Object)'> (0x0000000086f36c78) 
thrown [s\open\src\hotspot\share\interpreter\linkResolver.cpp, line 773]
Event: 4.993 Thread 0x000001de225ad000 Exception <a 'java/lang/NoClassDefFoundError'{0x0000000086ff2c48}: org/flywaydb/core/Flyway> (0x0000000086ff2c48) 
thrown [s\open\src\hotspot\share\classfile\systemDictionary.cpp, line 294]
Event: 4.994 Thread 0x000001de225ad000 Exception <a 'java/lang/NoClassDefFoundError'{0x0000000086ff3b80}: liquibase/integration/spring/SpringLiquibase> (0x0000000086ff3b80) 
thrown [s\open\src\hotspot\share\classfile\systemDictionary.cpp, line 294]

VM Operations (20 events):
Event: 3.189 Executing VM operation: HandshakeAllThreads
Event: 3.189 Executing VM operation: HandshakeAllThreads done
Event: 3.684 Executing VM operation: ICBufferFull
Event: 3.684 Executing VM operation: ICBufferFull done
Event: 4.099 Executing VM operation: HandshakeAllThreads
Event: 4.099 Executing VM operation: HandshakeAllThreads done
Event: 4.159 Executing VM operation: ICBufferFull
Event: 4.159 Executing VM operation: ICBufferFull done
Event: 4.421 Executing VM operation: HandshakeAllThreads
Event: 4.421 Executing VM operation: HandshakeAllThreads done
Event: 4.421 Executing VM operation: HandshakeAllThreads
Event: 4.421 Executing VM operation: HandshakeAllThreads done
Event: 4.469 Executing VM operation: HandshakeAllThreads
Event: 4.469 Executing VM operation: HandshakeAllThreads done
Event: 4.559 Executing VM operation: HandshakeAllThreads
Event: 4.559 Executing VM operation: HandshakeAllThreads done
Event: 4.804 Executing VM operation: ICBufferFull
Event: 4.804 Executing VM operation: ICBufferFull done
Event: 4.866 Executing VM operation: HandshakeAllThreads
Event: 4.866 Executing VM operation: HandshakeAllThreads done

Events (20 events):
Event: 0.042 Thread 0x000001de1da9f480 Thread added: 0x000001de1da9f480
Event: 0.042 Thread 0x000001de1daa0690 Thread added: 0x000001de1daa0690
Event: 0.043 Thread 0x000001de1daa7580 Thread added: 0x000001de1daa7580
Event: 0.043 Thread 0x000001de1daa8ed0 Thread added: 0x000001de1daa8ed0
Event: 0.043 Thread 0x000001de1daa9fb0 Thread added: 0x000001de1daa9fb0
Event: 0.043 Thread 0x000001de1daab090 Thread added: 0x000001de1daab090
Event: 0.043 Thread 0x000001de1daad860 Thread added: 0x000001de1daad860
Event: 0.044 Thread 0x000001de1dab92d0 Thread added: 0x000001de1dab92d0
Event: 0.125 Thread 0x000001de21e2a380 Thread added: 0x000001de21e2a380
Event: 0.125 Thread 0x000001de21e3de50 Thread added: 0x000001de21e3de50
Event: 0.125 Thread 0x000001de21e3e3b0 Thread added: 0x000001de21e3e3b0
Event: 1.301 Thread 0x000001de21e458d0 Thread added: 0x000001de21e458d0
Event: 1.306 Thread 0x000001de21e500e0 Thread added: 0x000001de21e500e0
Event: 1.365 Thread 0x000001de1dab87b0 Thread added: 0x000001de1dab87b0
Event: 2.070 Thread 0x000001de225acab0 Thread added: 0x000001de225acab0
Event: 2.081 Thread 0x000001de225ad000 Thread added: 0x000001de225ad000
Event: 2.728 Thread 0x000001de23074010 Thread added: 0x000001de23074010
Event: 3.240 Thread 0x000001de23074010 Thread exited: 0x000001de23074010
Event: 3.393 Thread 0x000001de2305e0f0 Thread added: 0x000001de2305e0f0
Event: 3.504 Thread 0x000001de2305e0f0 Thread exited: 0x000001de2305e0f0


Dynamic libraries:
0x00007ff6f3fb0000 - 0x00007ff6f3fc0000 	C:\Program Files\Java\jdk-20\bin\java.exe
0x00007ffe8a5b0000 - 0x00007ffe8a7a4000 	C:\WINDOWS\SYSTEM32\ntdll.dll
0x00007ffe89a10000 - 0x00007ffe89acd000 	C:\WINDOWS\System32\KERNEL32.DLL
0x00007ffe87e80000 - 0x00007ffe88147000 	C:\WINDOWS\System32\KERNELBASE.dll
0x00007ffe881b0000 - 0x00007ffe882b0000 	C:\WINDOWS\System32\ucrtbase.dll
0x00007ffe77b20000 - 0x00007ffe77b39000 	C:\Program Files\Java\jdk-20\bin\jli.dll
0x00007ffe820c0000 - 0x00007ffe820db000 	C:\Program Files\Java\jdk-20\bin\VCRUNTIME140.dll
0x00007ffe8a040000 - 0x00007ffe8a0ea000 	C:\WINDOWS\System32\ADVAPI32.dll
0x00007ffe89b30000 - 0x00007ffe89bce000 	C:\WINDOWS\System32\msvcrt.dll
0x00007ffe890b0000 - 0x00007ffe8914b000 	C:\WINDOWS\System32\sechost.dll
0x00007ffe89820000 - 0x00007ffe89943000 	C:\WINDOWS\System32\RPCRT4.dll
0x00007ffe8a0f0000 - 0x00007ffe8a290000 	C:\WINDOWS\System32\USER32.dll
0x00007ffe88350000 - 0x00007ffe88372000 	C:\WINDOWS\System32\win32u.dll
0x00007ffe89970000 - 0x00007ffe8999a000 	C:\WINDOWS\System32\GDI32.dll
0x00007ffe87d70000 - 0x00007ffe87e7a000 	C:\WINDOWS\System32\gdi32full.dll
0x00007ffe77410000 - 0x00007ffe776aa000 	C:\WINDOWS\WinSxS\amd64_microsoft.windows.common-controls_6595b64144ccf1df_6.0.19041.1_none_b555e41d4684ddec\COMCTL32.dll
0x00007ffe882b0000 - 0x00007ffe8834d000 	C:\WINDOWS\System32\msvcp_win.dll
0x00007ffe7f0d0000 - 0x00007ffe7f0da000 	C:\WINDOWS\SYSTEM32\VERSION.dll
0x00007ffe8a290000 - 0x00007ffe8a2c0000 	C:\WINDOWS\System32\IMM32.DLL
0x00007ffe81f90000 - 0x00007ffe81f9c000 	C:\Program Files\Java\jdk-20\bin\vcruntime140_1.dll
0x00007ffe68020000 - 0x00007ffe680ae000 	C:\Program Files\Java\jdk-20\bin\msvcp140.dll
0x00007ffe5c330000 - 0x00007ffe5cfc7000 	C:\Program Files\Java\jdk-20\bin\server\jvm.dll
0x00007ffe75f20000 - 0x00007ffe75f29000 	C:\WINDOWS\SYSTEM32\WSOCK32.dll
0x00007ffe77b60000 - 0x00007ffe77b87000 	C:\WINDOWS\SYSTEM32\WINMM.dll
0x00007ffe899a0000 - 0x00007ffe89a0b000 	C:\WINDOWS\System32\WS2_32.dll
0x00007ffe86900000 - 0x00007ffe86913000 	C:\WINDOWS\SYSTEM32\kernel.appcore.dll
0x00007ffe7ede0000 - 0x00007ffe7edea000 	C:\Program Files\Java\jdk-20\bin\jimage.dll
0x00007ffe86310000 - 0x00007ffe864f4000 	C:\WINDOWS\SYSTEM32\DBGHELP.DLL
0x00007ffe72b20000 - 0x00007ffe72b4c000 	C:\WINDOWS\SYSTEM32\dbgcore.DLL
0x00007ffe88380000 - 0x00007ffe883ff000 	C:\WINDOWS\System32\bcryptPrimitives.dll
0x00007ffe77a40000 - 0x00007ffe77a7c000 	C:\Program Files\Java\jdk-20\bin\jdwp.dll
0x00007ffe80280000 - 0x00007ffe802a6000 	C:\Program Files\Java\jdk-20\bin\java.dll
0x00007ffe77330000 - 0x00007ffe77407000 	C:\Program Files\Java\jdk-20\bin\jsvml.dll
0x00007ffe88970000 - 0x00007ffe890a1000 	C:\WINDOWS\System32\SHELL32.dll
0x00007ffe85ab0000 - 0x00007ffe8623a000 	C:\WINDOWS\SYSTEM32\windows.storage.dll
0x00007ffe89390000 - 0x00007ffe896e4000 	C:\WINDOWS\System32\combase.dll
0x00007ffe87770000 - 0x00007ffe8779b000 	C:\WINDOWS\SYSTEM32\Wldp.dll
0x00007ffe89770000 - 0x00007ffe8981e000 	C:\WINDOWS\System32\SHCORE.dll
0x00007ffe89ad0000 - 0x00007ffe89b25000 	C:\WINDOWS\System32\shlwapi.dll
0x00007ffe87c30000 - 0x00007ffe87c4f000 	C:\WINDOWS\SYSTEM32\profapi.dll
0x00007ffe77b10000 - 0x00007ffe77b1c000 	C:\Program Files\Java\jdk-20\bin\dt_socket.dll
0x00007ffe87190000 - 0x00007ffe871cb000 	C:\WINDOWS\SYSTEM32\IPHLPAPI.DLL
0x00007ffe874f0000 - 0x00007ffe8755a000 	C:\WINDOWS\system32\mswsock.dll
0x00007ffe77310000 - 0x00007ffe77323000 	C:\Program Files\Java\jdk-20\bin\net.dll
0x00007ffe81210000 - 0x00007ffe81312000 	C:\WINDOWS\SYSTEM32\WINHTTP.dll
0x00007ffe772f0000 - 0x00007ffe77306000 	C:\Program Files\Java\jdk-20\bin\nio.dll
0x00007ffe772d0000 - 0x00007ffe772e8000 	C:\Program Files\Java\jdk-20\bin\zip.dll
0x00007ffe778e0000 - 0x00007ffe778f0000 	C:\Program Files\Java\jdk-20\bin\verify.dll
0x00007ffe772b0000 - 0x00007ffe772ba000 	C:\Program Files\Java\jdk-20\bin\management.dll
0x00007ffe77010000 - 0x00007ffe7701b000 	C:\Program Files\Java\jdk-20\bin\management_ext.dll
0x00007ffe887c0000 - 0x00007ffe887c8000 	C:\WINDOWS\System32\PSAPI.DLL
0x00007ffe70600000 - 0x00007ffe70617000 	C:\WINDOWS\system32\napinsp.dll
0x00007ffe70590000 - 0x00007ffe705ab000 	C:\WINDOWS\system32\pnrpnsp.dll
0x00007ffe81f70000 - 0x00007ffe81f85000 	C:\WINDOWS\system32\wshbth.dll
0x00007ffe82be0000 - 0x00007ffe82bfd000 	C:\WINDOWS\system32\NLAapi.dll
0x00007ffe871e0000 - 0x00007ffe872aa000 	C:\WINDOWS\SYSTEM32\DNSAPI.dll
0x00007ffe892f0000 - 0x00007ffe892f9000 	C:\WINDOWS\System32\NSI.dll
0x00007ffe705e0000 - 0x00007ffe705f2000 	C:\WINDOWS\System32\winrnr.dll
0x00007ffe7ffd0000 - 0x00007ffe7ffda000 	C:\Windows\System32\rasadhlp.dll
0x00007ffe76840000 - 0x00007ffe768bf000 	C:\WINDOWS\System32\fwpuclnt.dll
0x00007ffe87d40000 - 0x00007ffe87d67000 	C:\WINDOWS\System32\bcrypt.dll

dbghelp: loaded successfully - version: 4.0.5 - missing functions: none
symbol engine: initialized successfully - sym options: 0x614 - pdb path: .;C:\Program Files\Java\jdk-20\bin;C:\WINDOWS\SYSTEM32;C:\WINDOWS\WinSxS\amd64_microsoft.windows.common-controls_6595b64144ccf1df_6.0.19041.1_none_b555e41d4684ddec;C:\Program Files\Java\jdk-20\bin\server

VM Arguments:
jvm_args: -agentlib:jdwp=transport=dt_socket,server=n,address=49759 
java_command: com.apm.API.AmusementParkManagerApplication
java_class_path (initial): C:\Repos\API\target\classes;C:\Users\Administrator\.m2\repository\org\springframework\boot\spring-boot-starter-data-jpa\2.7.11\spring-boot-starter-data-jpa-2.7.11.jar;C:\Users\Administrator\.m2\repository\org\springframework\boot\spring-boot-starter-aop\2.7.11\spring-boot-starter-aop-2.7.11.jar;C:\Users\Administrator\.m2\repository\org\springframework\spring-aop\5.3.27\spring-aop-5.3.27.jar;C:\Users\Administrator\.m2\repository\org\aspectj\aspectjweaver\1.9.7\aspectjweaver-1.9.7.jar;C:\Users\Administrator\.m2\repository\org\springframework\boot\spring-boot-starter-jdbc\2.7.11\spring-boot-starter-jdbc-2.7.11.jar;C:\Users\Administrator\.m2\repository\com\zaxxer\HikariCP\4.0.3\HikariCP-4.0.3.jar;C:\Users\Administrator\.m2\repository\org\springframework\spring-jdbc\5.3.27\spring-jdbc-5.3.27.jar;C:\Users\Administrator\.m2\repository\jakarta\transaction\jakarta.transaction-api\1.3.3\jakarta.transaction-api-1.3.3.jar;C:\Users\Administrator\.m2\repository\jakarta\persistence\jakarta.persistence-api\2.2.3\jakarta.persistence-api-2.2.3.jar;C:\Users\Administrator\.m2\repository\org\hibernate\hibernate-core\5.6.15.Final\hibernate-core-5.6.15.Final.jar;C:\Users\Administrator\.m2\repository\org\jboss\logging\jboss-logging\3.4.3.Final\jboss-logging-3.4.3.Final.jar;C:\Users\Administrator\.m2\repository\net\bytebuddy\byte-buddy\1.12.23\byte-buddy-1.12.23.jar;C:\Users\Administrator\.m2\repository\antlr\antlr\2.7.7\antlr-2.7.7.jar;C:\Users\Administrator\.m2\repository\org\jboss\jandex\2.4.2.Final\jandex-2.4.2.Final.jar;C:\Users\Administrator\.m2\repository\com\fasterxml\classmate\1.5.1\classmate-1.5.1.jar;C:\Users\Administrator\.m2\repository\org\hibernate\common\hibernate-commons-annotations\5.1.2.Final\hibernate-commons-annotations-5.1.2.Final.jar;C:\Users\Administrator\.m2\repository\org\glassfish\jaxb\jaxb-runtime\2.3.8\jaxb-runtime-2.3.8.jar;C:\Users\Administrator\.m2\repository\org\glassfish\jaxb\txw2\2.3.8\txw2-2.3.8.jar;C:\Users\Administrator\.m2\repository\com\sun\istack\istack-commons-runtime\3.0.12\istack-commons-runtime-3.0.12.jar;C:\Users\Administrator\.m2\repository\com\sun\activation\jakarta.activation\1.2.2\jakarta.activation-1.2.2.jar;C:\Users\Administrator\.m2\repository\org\springframework\data\spring-data-jpa\2.7.11\spring-data-jpa-2.7.11.jar;C:\Users\Administrator\.m2\repository\org\springframework\data\spring-data-commons\2.7.11\spring-data-commons-2.7.11.jar;C:\Users\Administrator\.m2\repository\org\springframework\spring-orm\5.3.27\spring-orm-5.3.27.jar;C:\Users\Administrator\.m2\repository\org\springframework\spring-context\5.3.27\spring-context-5.3.27.jar;C:\Users\Administrator\.m2\repository\org\springframework\spring-tx\5.3.27\spring-tx-5.3.27.jar;C:\Users\Administrator\.m2\repository\org\springframework\spring-beans\5.3.27\spring-beans-5.3.27.jar;C:\Users\Administrator\.m2\repository\org\slf4j\slf4j-api\1.7.36\slf4j-api-1.7.36.jar;C:\Users\Administrator\.m2\repository\org\springframework\spring-aspects\5.3.27\spring-aspects-5.3.27.jar;C:\Users\Administrator\.m2\repository\org\springframework\boot\spring-boot-starter-web\2.7.11\spring-boot-starter-web-2.7.11.jar;C:\Users\Administrator\.m2\repository\org\springframework\boot\spring-boot-starter\2.7.11\spring-boot-starter-2.7.11.jar;C:\Users\Administrator\.m2\repository\org\springframework\boot\spring-boot-starter-logging\2.7.11\spring-boot-starter-logging-2.7.11.jar;C:\Users\Administrator\.m2\repository\ch\qos\logback\logback-classic\1.2.12\logback-classic-1.2.12.jar;C:\Users\Administrator\.m2\repository\ch\qos\logback\logback-core\1.2.12\logback-core-1.2.12.jar;C:\Users\Administrator\.m2\repository\org\apache\logging\log4j\log4j-to-slf4j\2.17.2\log4j-to-slf4j-2.17.2.jar;C:\Users\Administrator\.m2\repository\org\apache\logging\log4j\log4j-api\2.17.2\log4j-api-2.17.2.jar;C:\Users\Administrator\.m2\repository\org\slf4j\jul-to-slf4j\1.7.36\jul-to-slf4j-1.7.36.jar;C:\Users\Administrator\.m2\repository\jakarta\annotation\jakarta.annotation-api\1.3.5\jakarta.annotation-api-1.3.5.jar;C:\Users\Administrator\.m2\repository\org\yaml\snakeyaml\1.30\snakeyaml-1.30.jar;C:\Users\Administrator\.m2\repository\org\springframework\boot\spring-boot-starter-json\2.7.11\spring-boot-starter-json-2.7.11.jar;C:\Users\Administrator\.m2\repository\com\fasterxml\jackson\core\jackson-databind\2.13.5\jackson-databind-2.13.5.jar;C:\Users\Administrator\.m2\repository\com\fasterxml\jackson\core\jackson-annotations\2.13.5\jackson-annotations-2.13.5.jar;C:\Users\Administrator\.m2\repository\com\fasterxml\jackson\core\jackson-core\2.13.5\jackson-core-2.13.5.jar;C:\Users\Administrator\.m2\repository\com\fasterxml\jackson\datatype\jackson-datatype-jdk8\2.13.5\jackson-datatype-jdk8-2.13.5.jar;C:\Users\Administrator\.m2\repository\com\fasterxml\jackson\datatype\jackson-datatype-jsr310\2.13.5\jackson-datatype-jsr310-2.13.5.jar;C:\Users\Administrator\.m2\repository\com\fasterxml\jackson\module\jackson-module-parameter-names\2.13.5\jackson-module-parameter-names-2.13.5.jar;C:\Users\Administrator\.m2\repository\org\springframework\boot\spring-boot-starter-tomcat\2.7.11\spring-boot-starter-tomcat-2.7.11.jar;C:\Users\Administrator\.m2\repository\org\apache\tomcat\embed\tomcat-embed-core\9.0.74\tomcat-embed-core-9.0.74.jar;C:\Users\Administrator\.m2\repository\org\apache\tomcat\embed\tomcat-embed-el\9.0.74\tomcat-embed-el-9.0.74.jar;C:\Users\Administrator\.m2\repository\org\apache\tomcat\embed\tomcat-embed-websocket\9.0.74\tomcat-embed-websocket-9.0.74.jar;C:\Users\Administrator\.m2\repository\org\springframework\spring-web\5.3.27\spring-web-5.3.27.jar;C:\Users\Administrator\.m2\repository\org\springframework\spring-webmvc\5.3.27\spring-webmvc-5.3.27.jar;C:\Users\Administrator\.m2\repository\org\springframework\spring-expression\5.3.27\spring-expression-5.3.27.jar;C:\Users\Administrator\.m2\repository\org\springframework\boot\spring-boot-devtools\2.7.11\spring-boot-devtools-2.7.11.jar;C:\Users\Administrator\.m2\repository\org\springframework\boot\spring-boot\2.7.11\spring-boot-2.7.11.jar;C:\Users\Administrator\.m2\repository\org\springframework\boot\spring-boot-autoconfigure\2.7.11\spring-boot-autoconfigure-2.7.11.jar;C:\Users\Administrator\.m2\repository\org\projectlombok\lombok\1.18.26\lombok-1.18.26.jar;C:\Users\Administrator\.m2\repository\jakarta\xml\bind\jakarta.xml.bind-api\2.3.3\jakarta.xml.bind-api-2.3.3.jar;C:\Users\Administrator\.m2\repository\jakarta\activation\jakarta.activation-api\1.2.2\jakarta.activation-api-1.2.2.jar;C:\Users\Administrator\.m2\repository\org\springframework\spring-core\5.3.27\spring-core-5.3.27.jar;C:\Users\Administrator\.m2\repository\org\springframework\spring-jcl\5.3.27\spring-jcl-5.3.27.jar;C:\Users\Administrator\.m2\repository\com\mysql\mysql-connector-j\8.0.33\mysql-connector-j-8.0.33.jar;C:\Users\Administrator\.m2\repository\org\eclipse\persistence\org.eclipse.persistence.core\2.7.10\org.eclipse.persistence.core-2.7.10.jar;C:\Users\Administrator\.m2\repository\org\eclipse\persistence\org.eclipse.persistence.asm\9.2.0\org.eclipse.persistence.asm-9.2.0.jar;C:\Users\Administrator\.m2\repository\org\eclipse\persistence\org.eclipse.persistence.antlr\2.7.10\org.eclipse.persistence.antlr-2.7.10.jar;C:\Users\Administrator\.m2\repository\org\eclipse\persistence\org.eclipse.persistence.jpa\2.7.10\org.eclipse.persistence.jpa-2.7.10.jar;C:\Users\Administrator\.m2\repository\org\eclipse\persistence\org.eclipse.persistence.jpa.jpql\2.7.10\org.eclipse.persistence.jpa.jpql-2.7.10.jar;C:\Users\Administrator\.m2\repository\org\eclipse\persistence\org.eclipse.persistence.moxy\2.7.10\org.eclipse.persistence.moxy-2.7.10.jar;C:\Users\Administrator\.m2\repository\org\eclipse\persistence\jakarta.persistence\2.2.3\jakarta.persistence-2.2.3.jar
Launcher Type: SUN_STANDARD

[Global flags]
     intx CICompilerCount                          = 3                                         {product} {ergonomic}
     uint ConcGCThreads                            = 1                                         {product} {ergonomic}
     uint G1ConcRefinementThreads                  = 4                                         {product} {ergonomic}
   size_t G1HeapRegionSize                         = 1048576                                   {product} {ergonomic}
    uintx GCDrainStackTargetSize                   = 64                                        {product} {ergonomic}
   size_t InitialHeapSize                          = 134217728                                 {product} {ergonomic}
   size_t MarkStackSize                            = 4194304                                   {product} {ergonomic}
   size_t MaxHeapSize                              = 2116026368                                {product} {ergonomic}
   size_t MaxNewSize                               = 1268776960                                {product} {ergonomic}
   size_t MinHeapDeltaBytes                        = 1048576                                   {product} {ergonomic}
   size_t MinHeapSize                              = 8388608                                   {product} {ergonomic}
    uintx NonNMethodCodeHeapSize                   = 5832780                                {pd product} {ergonomic}
    uintx NonProfiledCodeHeapSize                  = 122912730                              {pd product} {ergonomic}
    uintx ProfiledCodeHeapSize                     = 122912730                              {pd product} {ergonomic}
    uintx ReservedCodeCacheSize                    = 251658240                              {pd product} {ergonomic}
     bool SegmentedCodeCache                       = true                                      {product} {ergonomic}
   size_t SoftMaxHeapSize                          = 2116026368                             {manageable} {ergonomic}
     bool UseCompressedClassPointers               = true                           {product lp64_product} {ergonomic}
     bool UseCompressedOops                        = true                           {product lp64_product} {ergonomic}
     bool UseG1GC                                  = true                                      {product} {ergonomic}
     bool UseLargePagesIndividualAllocation        = false                                  {pd product} {ergonomic}

Logging:
Log output configuration:
 #0: stdout all=warning uptime,level,tags foldmultilines=false
 #1: stderr all=off uptime,level,tags foldmultilines=false

Environment Variables:
JAVA_HOME=C:\Program Files\Java\jdk-20
PATH=C:\Program Files\Common Files\Oracle\Java\javapath;C:\WINDOWS\system32;C:\WINDOWS;C:\WINDOWS\System32\Wbem;C:\WINDOWS\System32\WindowsPowerShell\v1.0\;C:\WINDOWS\System32\OpenSSH\;C:\Users\Administrator\AppData\Local\Microsoft\WindowsApps;C:\Users\Administrator\AppData\Local\Programs\Microsoft VS Code\bin;C:\adb;C:\WINDOWS\system32;C:\WINDOWS;C:\WINDOWS\System32\Wbem;C:\WINDOWS\System32\WindowsPowerShell\v1.0\;C:\WINDOWS\System32\OpenSSH\;C:\Program Files\Microsoft VS Code\bin;C:\Program Files\Git\cmd;C:\Program Files\Java\apache-maven-3.9.0\bin;C:\Program Files\Java\jdk1.8.0_60\bin;C:\Program Files\Java\jre1.8.0_361\bin;C:\Program Files\nodejs\;C:\Users\Administrator\AppData\Local\Microsoft\WindowsApps;C:\Users\Administrator\AppData\Roaming\npm
USERNAME=Administrator
OS=Windows_NT
PROCESSOR_IDENTIFIER=Intel64 Family 6 Model 61 Stepping 4, GenuineIntel
TMP=C:\Users\ADMINI~1\AppData\Local\Temp
TEMP=C:\Users\ADMINI~1\AppData\Local\Temp




---------------  S Y S T E M  ---------------

OS:
 Windows 10 , 64 bit Build 19041 (10.0.19041.1)
OS uptime: 0 days 3:43 hours

CPU: total 4 (initial active 4) (2 cores per cpu, 2 threads per core) family 6 model 61 stepping 4 microcode 0x2d, cx8, cmov, fxsr, ht, mmx, 3dnowpref, sse, sse2, sse3, ssse3, sse4.1, sse4.2, popcnt, lzcnt, tsc, tscinvbit, avx, avx2, aes, erms, clmul, bmi1, bmi2, rtm, adx, fma, vzeroupper, clflush, rdtscp, f16c

Memory: 4k page, system-wide physical 8064M (2279M free)
TotalPageFile size 11264M (AvailPageFile size 4122M)
current process WorkingSet (physical memory assigned to process): 167M, peak: 167M
current process commit charge ("private bytes"): 273M, peak: 279M

vm_info: Java HotSpot(TM) 64-Bit Server VM (20.0.1+9-29) for windows-amd64 JRE (20.0.1+9-29), built on 2023-03-07T13:56:11Z by "mach5one" with MS VC++ 17.1 (VS2022)

END.
