#
# A fatal error has been detected by the Java Runtime Environment:
#
#  EXCEPTION_ACCESS_VIOLATION (0xc0000005) at pc=0x00007ffe5ca11465, pid=9952, tid=8516
#
# JRE version: Java(TM) SE Runtime Environment (20.0.1+9) (build 20.0.1+9-29)
# Java VM: Java HotSpot(TM) 64-Bit Server VM (20.0.1+9-29, mixed mode, sharing, tiered, compressed oops, compressed class ptrs, g1 gc, windows-amd64)
# Problematic frame:
# V  [jvm.dll+0x6e1465]
#
# No core dump will be written. Minidumps are not enabled by default on client versions of Windows
#
# If you would like to submit a bug report, please visit:
#   https://bugreport.java.com/bugreport/crash.jsp
#

---------------  S U M M A R Y ------------

Command Line: -agentlib:jdwp=transport=dt_socket,server=n,address=49742 com.apm.API.AmusementParkManagerApplication

Host: Intel(R) Core(TM) i5-5300U CPU @ 2.30GHz, 4 cores, 7G,  Windows 10 , 64 bit Build 19041 (10.0.19041.1)
Time: Sun Jun 25 00:13:17 2023 Hora estándar de Argentina elapsed time: 4.462762 seconds (0d 0h 0m 4s)

---------------  T H R E A D  ---------------

Current thread (0x0000023154fab9e0):  JavaThread "C2 CompilerThread0" daemon [_thread_in_native, id=8516, stack(0x0000006552700000,0x0000006552800000)]


Current CompileTask:
C2:   4462 2571       4       org.springframework.util.ConcurrentReferenceHashMap::get (37 bytes)

Stack: [0x0000006552700000,0x0000006552800000],  sp=0x00000065527fd7f0,  free space=1013k
Native frames: (J=compiled Java code, j=interpreted, Vv=VM code, C=native code)
V  [jvm.dll+0x6e1465]
V  [jvm.dll+0x6de8d0]
V  [jvm.dll+0x24a373]
V  [jvm.dll+0x1ce491]
V  [jvm.dll+0x259e1b]
V  [jvm.dll+0x2584f0]
V  [jvm.dll+0x3f2895]
V  [jvm.dll+0x7f4b56]
V  [jvm.dll+0x6ba5cb]
C  [ucrtbase.dll+0x21542]
C  [KERNEL32.DLL+0x16fd4]
C  [ntdll.dll+0x4cf31]


siginfo: EXCEPTION_ACCESS_VIOLATION (0xc0000005), reading address 0x0000000000000428


Registers:
RAX=0x0000000000000400, RBX=0x00000065527fda90, RCX=0x000000000000000e, RDX=0x0000000000000006
RSP=0x00000065527fd7f0, RBP=0x00000065527fd900, RSI=0x0000000000000002, RDI=0x00000065527fda60
R8 =0x00000000000015b8, R9 =0x000002315b2f3e90, R10=0x0000000000000549, R11=0x000002315b2f7e90
R12=0x0000000000000001, R13=0x0000023154f76370, R14=0x00000065527fda30, R15=0x0000000000000003
RIP=0x00007ffe5ca11465, EFLAGS=0x0000000000010283


Register to memory mapping:

RIP=0x00007ffe5ca11465 jvm.dll
RAX=0x0000000000000400 is an unknown value
RBX=0x00000065527fda90 is pointing into the stack for thread: 0x0000023154fab9e0
RCX=0x000000000000000e is an unknown value
RDX=0x0000000000000006 is an unknown value
RSP=0x00000065527fd7f0 is pointing into the stack for thread: 0x0000023154fab9e0
RBP=0x00000065527fd900 is pointing into the stack for thread: 0x0000023154fab9e0
RSI=0x0000000000000002 is an unknown value
RDI=0x00000065527fda60 is pointing into the stack for thread: 0x0000023154fab9e0
R8 =0x00000000000015b8 is an unknown value
R9 =0x000002315b2f3e90 points into unknown readable memory: 0x0000000000000000 | 00 00 00 00 00 00 00 00
R10=0x0000000000000549 is an unknown value
R11=0x000002315b2f7e90 points into unknown readable memory: 0x00007ffe5cbfbad8 | d8 ba bf 5c fe 7f 00 00
R12=0x0000000000000001 is an unknown value
R13=0x0000023154f76370 points into unknown readable memory: 0x0000000000000000 | 00 00 00 00 00 00 00 00
R14=0x00000065527fda30 is pointing into the stack for thread: 0x0000023154fab9e0
R15=0x0000000000000003 is an unknown value


Top of Stack: (sp=0x00000065527fd7f0)
0x00000065527fd7f0:   00000065527fda90 00007ffe5ca0e8d0
0x00000065527fd800:   00000231591ab9f8 00000065527fd900
0x00000065527fd810:   00000065527fda90 0000000000000002
0x00000065527fd820:   00000065527fe4e0 00007ffe5c57a373
0x00000065527fd830:   00000231591ab9f8 00000065527fd930
0x00000065527fd840:   0000000000000002 0000000000000001
0x00000065527fd850:   0000000000000000 0000000000000000
0x00000065527fd860:   0000000000000000 0000000000000000
0x00000065527fd870:   0000000000000000 0000000000000000
0x00000065527fd880:   0000000000000000 00007ffe5cc7a5dc
0x00000065527fd890:   0000000000000000 0000000000000000
0x00000065527fd8a0:   0000000000000000 00007ffe5cc7a5dc
0x00000065527fd8b0:   0000000000000000 0000000000000000
0x00000065527fd8c0:   0000023154f9c860 00000231596c8d90
0x00000065527fd8d0:   00000231596c93b8 00000231596d0d78
0x00000065527fd8e0:   0000000000010388 0000000000000000
0x00000065527fd8f0:   0000000000000000 0000000000000000
0x00000065527fd900:   00000065527fe610 0000000000000200
0x00000065527fd910:   0000023159ac21f8 00000000000001a6
0x00000065527fd920:   0000000000000040 0000023159ac2078
0x00000065527fd930:   0000000000000040 00000065527fe610
0x00000065527fd940:   0000000000000000 0000000000000000
0x00000065527fd950:   0000000000000000 0000000000000000
0x00000065527fd960:   0000000000000000 0000000000000000
0x00000065527fd970:   0000000000000000 0000000000000000
0x00000065527fd980:   0000000000000000 0000000000000000
0x00000065527fd990:   0000000000000000 0000000000000000
0x00000065527fd9a0:   0000000000000000 0000000000000000
0x00000065527fd9b0:   00007ffe5cc98ac8 0000000000000000
0x00000065527fd9c0:   0000000000000000 0000000000000000
0x00000065527fd9d0:   00007ffe5ccbc220 0000000000000001
0x00000065527fd9e0:   00000065527fe4e0 00000065527ff1d0 

Instructions: (pc=0x00007ffe5ca11465)
0x00007ffe5ca11365:   49 8b 41 20 48 2b c1 48 83 f8 08 72 0a 48 8d 41
0x00007ffe5ca11375:   08 49 89 41 18 eb 12 45 33 c0 49 8b c9 41 8d 50
0x00007ffe5ca11385:   08 e8 65 1a 9e ff 48 8b c8 48 89 4b 50 4c 89 21
0x00007ffe5ca11395:   8b 6b 48 8d 56 01 85 d2 74 04 85 d6 74 0c 0f bd
0x00007ffe5ca113a5:   ca ba 01 00 00 00 ff c1 d3 e2 48 8b 4b 40 48 8d
0x00007ffe5ca113b5:   3c ed 00 00 00 00 44 8b ca 4c 8b c7 89 53 48 48
0x00007ffe5ca113c5:   8b 53 50 49 c1 e1 03 44 89 64 24 20 e8 ba 17 9e
0x00007ffe5ca113d5:   ff 44 8b 43 48 33 d2 44 2b c5 48 89 43 50 49 c1
0x00007ffe5ca113e5:   e0 03 48 8d 0c 07 e8 c2 5b 1c 00 48 8b 43 50 4d
0x00007ffe5ca113f5:   89 3c 06 ff c6 3b 73 48 0f 82 1d ff ff ff 4c 8b
0x00007ffe5ca11405:   7c 24 68 4c 8b 74 24 60 48 8b 7c 24 58 48 8b 6c
0x00007ffe5ca11415:   24 50 48 83 c4 30 41 5c 5e 5b c3 48 89 5c 24 08
0x00007ffe5ca11425:   57 8b 81 90 09 00 00 48 8b fa 4c 8b 99 a8 09 00
0x00007ffe5ca11435:   00 48 8b d9 85 c0 74 53 45 33 c0 44 8b d0 0f 1f
0x00007ffe5ca11445:   40 00 66 0f 1f 84 00 00 00 00 00 4c 8b 8b a0 09
0x00007ffe5ca11455:   00 00 4b 8b 04 01 48 85 c0 74 26 49 3b c3 74 21
0x00007ffe5ca11465:   8b 48 28 8b c1 c1 e8 05 3b 07 73 11 8b d0 83 e1
0x00007ffe5ca11475:   1f 48 8b 47 08 8b 04 90 0f a3 c8 72 04 4f 89 1c
0x00007ffe5ca11485:   01 49 83 c0 08 49 83 ea 01 75 c0 48 8d 4b 58 33
0x00007ffe5ca11495:   d2 41 b8 30 09 00 00 48 8b 5c 24 10 5f e9 0b 5b
0x00007ffe5ca114a5:   1c 00 cc cc cc cc cc cc cc cc cc 40 53 41 54 41
0x00007ffe5ca114b5:   55 48 83 ec 40 4c 8b e9 48 8b da 48 8b 49 10 48
0x00007ffe5ca114c5:   89 4c 24 70 45 8b 65 20 49 ff cc 4e 8d 24 e1 4c
0x00007ffe5ca114d5:   89 64 24 60 4c 3b e1 0f 82 ea 01 00 00 44 8b 05
0x00007ffe5ca114e5:   df 29 51 00 65 48 8b 04 25 58 00 00 00 48 89 6c
0x00007ffe5ca114f5:   24 68 48 89 74 24 38 48 89 7c 24 30 4c 89 74 24
0x00007ffe5ca11505:   28 4c 89 7c 24 20 4e 8d 3c c0 90 49 8b 3c 24 45
0x00007ffe5ca11515:   33 f6 33 ed 44 8b 47 1c 45 85 c0 0f 84 75 01 00
0x00007ffe5ca11525:   00 41 bc 68 00 00 00 0f 1f 40 00 4c 8b 57 08 48
0x00007ffe5ca11535:   8d 34 ed 00 00 00 00 4e 8b 0c 16 4e 8d 1c 16 4d
0x00007ffe5ca11545:   3b cd 0f 85 35 01 00 00 8b 47 18 3b e8 73 78 4d
0x00007ffe5ca11555:   85 c9 74 2e 49 8b 49 10 48 85 c9 74 25 41 8b 41 


Stack slot to memory mapping:
stack at sp + 0 slots: 0x00000065527fda90 is pointing into the stack for thread: 0x0000023154fab9e0
stack at sp + 1 slots: 0x00007ffe5ca0e8d0 jvm.dll
stack at sp + 2 slots: 0x00000231591ab9f8 points into unknown readable memory: 0x00007ffe5cc859f8 | f8 59 c8 5c fe 7f 00 00
stack at sp + 3 slots: 0x00000065527fd900 is pointing into the stack for thread: 0x0000023154fab9e0
stack at sp + 4 slots: 0x00000065527fda90 is pointing into the stack for thread: 0x0000023154fab9e0
stack at sp + 5 slots: 0x0000000000000002 is an unknown value
stack at sp + 6 slots: 0x00000065527fe4e0 is pointing into the stack for thread: 0x0000023154fab9e0
stack at sp + 7 slots: 0x00007ffe5c57a373 jvm.dll


---------------  P R O C E S S  ---------------

Threads class SMR info:
_java_thread_list=0x000002315a38f9d0, length=17, elements={
0x0000023138e8a280, 0x0000023154f9eed0, 0x0000023154f9fcd0, 0x0000023154fa81a0,
0x0000023154fa9af0, 0x0000023154faa430, 0x0000023154faad70, 0x0000023154fab9e0,
0x0000023154fb27f0, 0x0000023159221b00, 0x0000023159231250, 0x00000231592418d0,
0x0000023159245290, 0x0000023159250ff0, 0x0000023159ec2010, 0x0000023159ec2940,
0x000002315a026dd0
}

Java Threads: ( => current thread )
  0x0000023138e8a280 JavaThread "main" [_thread_blocked, id=9988, stack(0x0000006551a00000,0x0000006551b00000)]
  0x0000023154f9eed0 JavaThread "Reference Handler" daemon [_thread_blocked, id=2760, stack(0x0000006552100000,0x0000006552200000)]
  0x0000023154f9fcd0 JavaThread "Finalizer" daemon [_thread_blocked, id=7960, stack(0x0000006552200000,0x0000006552300000)]
  0x0000023154fa81a0 JavaThread "Signal Dispatcher" daemon [_thread_blocked, id=7296, stack(0x0000006552300000,0x0000006552400000)]
  0x0000023154fa9af0 JavaThread "Attach Listener" daemon [_thread_blocked, id=108, stack(0x0000006552400000,0x0000006552500000)]
  0x0000023154faa430 JavaThread "Service Thread" daemon [_thread_blocked, id=5260, stack(0x0000006552500000,0x0000006552600000)]
  0x0000023154faad70 JavaThread "Monitor Deflation Thread" daemon [_thread_blocked, id=3012, stack(0x0000006552600000,0x0000006552700000)]
=>0x0000023154fab9e0 JavaThread "C2 CompilerThread0" daemon [_thread_in_native, id=8516, stack(0x0000006552700000,0x0000006552800000)]
  0x0000023154fb27f0 JavaThread "C1 CompilerThread0" daemon [_thread_blocked, id=892, stack(0x0000006552800000,0x0000006552900000)]
  0x0000023159221b00 JavaThread "JDWP Transport Listener: dt_socket" daemon [_thread_blocked, id=9716, stack(0x0000006552900000,0x0000006552a00000)]
  0x0000023159231250 JavaThread "JDWP Event Helper Thread" daemon [_thread_blocked, id=7948, stack(0x0000006552a00000,0x0000006552b00000)]
  0x00000231592418d0 JavaThread "JDWP Command Reader" daemon [_thread_in_native, id=10336, stack(0x0000006552b00000,0x0000006552c00000)]
  0x0000023159245290 JavaThread "Notification Thread" daemon [_thread_blocked, id=7504, stack(0x0000006552c00000,0x0000006552d00000)]
  0x0000023159250ff0 JavaThread "Common-Cleaner" daemon [_thread_blocked, id=10176, stack(0x0000006552e00000,0x0000006552f00000)]
  0x0000023159ec2010 JavaThread "Thread-0" [_thread_blocked, id=6468, stack(0x0000006553300000,0x0000006553400000)]
  0x0000023159ec2940 JavaThread "restartedMain" [_thread_in_Java, id=6112, stack(0x0000006553400000,0x0000006553500000)]
  0x000002315a026dd0 JavaThread "C2 CompilerThread1" daemon [_thread_in_native, id=2868, stack(0x0000006552f00000,0x0000006553000000)]

Other Threads:
  0x0000023154f87c80 VMThread "VM Thread" [stack: 0x0000006552000000,0x0000006552100000] [id=7300]
  0x0000023159247510 WatcherThread "VM Periodic Task Thread" [stack: 0x0000006552d00000,0x0000006552e00000] [id=1652]
  0x0000023138eea120 WorkerThread "GC Thread#0" [stack: 0x0000006551b00000,0x0000006551c00000] [id=10060]
  0x000002315987a640 WorkerThread "GC Thread#1" [stack: 0x0000006553000000,0x0000006553100000] [id=6068]
  0x000002315987a910 WorkerThread "GC Thread#2" [stack: 0x0000006553100000,0x0000006553200000] [id=8052]
  0x0000023159916500 WorkerThread "GC Thread#3" [stack: 0x0000006553200000,0x0000006553300000] [id=9440]
  0x0000023138efac70 ConcurrentGCThread "G1 Main Marker" [stack: 0x0000006551c00000,0x0000006551d00000] [id=7244]
  0x0000023138efb840 WorkerThread "G1 Conc#0" [stack: 0x0000006551d00000,0x0000006551e00000] [id=9700]
  0x0000023138f4e490 ConcurrentGCThread "G1 Refine#0" [stack: 0x0000006551e00000,0x0000006551f00000] [id=5512]
  0x0000023154e2d2b0 ConcurrentGCThread "G1 Service" [stack: 0x0000006551f00000,0x0000006552000000] [id=3952]

Threads with active compile tasks:
C2 CompilerThread0     4550 2571       4       org.springframework.util.ConcurrentReferenceHashMap::get (37 bytes)
C2 CompilerThread1     4550 2573       4       org.springframework.util.ConcurrentReferenceHashMap$Segment::getReference (55 bytes)

VM state: not at safepoint (normal execution)

VM Mutex/Monitor currently owned by a thread: None

Heap address: 0x0000000081e00000, size: 2018 MB, Compressed Oops mode: 32-bit

CDS archive(s) mapped at: [0x0000000800000000-0x0000000800c60000-0x0000000800c60000), size 12976128, SharedBaseAddress: 0x0000000800000000, ArchiveRelocationMode: 0.
Compressed class space mapped at: 0x0000000801000000-0x0000000841000000, reserved size: 1073741824
Narrow klass base: 0x0000000800000000, Narrow klass shift: 0, Narrow klass range: 0x100000000

GC Precious Log:
 CardTable entry size: 512
 Card Set container configuration: InlinePtr #cards 5 size 8 Array Of Cards #cards 12 size 40 Howl #buckets 4 coarsen threshold 1843 Howl Bitmap #cards 512 size 80 coarsen threshold 460 Card regions per heap region 1 cards per card region 2048
 CPUs: 4 total, 4 available
 Memory: 8064M
 Large Page Support: Disabled
 NUMA Support: Disabled
 Compressed Oops: Enabled (32-bit)
 Heap Region Size: 1M
 Heap Min Capacity: 8M
 Heap Initial Capacity: 128M
 Heap Max Capacity: 2018M
 Pre-touch: Disabled
 Parallel Workers: 4
 Concurrent Workers: 1
 Concurrent Refinement Workers: 4
 Periodic GC: Disabled

Heap:
 garbage-first heap   total 131072K, used 33009K [0x0000000081e00000, 0x0000000100000000)
  region size 1024K, 28 young (28672K), 3 survivors (3072K)
 Metaspace       used 17344K, committed 17600K, reserved 1114112K
  class space    used 2051K, committed 2176K, reserved 1048576K

Heap Regions: E=young(eden), S=young(survivor), O=old, HS=humongous(starts), HC=humongous(continues), CS=collection set, F=free, OA=open archive, CA=closed archive, TAMS=top-at-mark-start, PB=parsable bottom
|   0|0x0000000081e00000, 0x0000000081f00000, 0x0000000081f00000|100%|HS|  |TAMS 0x0000000081e00000| PB 0x0000000081e00000| Complete 
|   1|0x0000000081f00000, 0x0000000082000000, 0x0000000082000000|100%| O|  |TAMS 0x0000000081f00000| PB 0x0000000081f00000| Untracked 
|   2|0x0000000082000000, 0x0000000082100000, 0x0000000082100000|100%| O|  |TAMS 0x0000000082000000| PB 0x0000000082000000| Untracked 
|   3|0x0000000082100000, 0x0000000082200000, 0x0000000082200000|100%| O|  |TAMS 0x0000000082100000| PB 0x0000000082100000| Untracked 
|   4|0x0000000082200000, 0x0000000082300000, 0x0000000082300000|100%| O|  |TAMS 0x0000000082200000| PB 0x0000000082200000| Untracked 
|   5|0x0000000082300000, 0x0000000082400000, 0x0000000082400000|100%| O|  |TAMS 0x0000000082300000| PB 0x0000000082300000| Untracked 
|   6|0x0000000082400000, 0x00000000824c0400, 0x0000000082500000| 75%| O|  |TAMS 0x0000000082400000| PB 0x0000000082400000| Untracked 
|   7|0x0000000082500000, 0x0000000082500000, 0x0000000082600000|  0%| F|  |TAMS 0x0000000082500000| PB 0x0000000082500000| Untracked 
|   8|0x0000000082600000, 0x0000000082600000, 0x0000000082700000|  0%| F|  |TAMS 0x0000000082600000| PB 0x0000000082600000| Untracked 
|   9|0x0000000082700000, 0x0000000082700000, 0x0000000082800000|  0%| F|  |TAMS 0x0000000082700000| PB 0x0000000082700000| Untracked 
|  10|0x0000000082800000, 0x0000000082800000, 0x0000000082900000|  0%| F|  |TAMS 0x0000000082800000| PB 0x0000000082800000| Untracked 
|  11|0x0000000082900000, 0x0000000082900000, 0x0000000082a00000|  0%| F|  |TAMS 0x0000000082900000| PB 0x0000000082900000| Untracked 
|  12|0x0000000082a00000, 0x0000000082a00000, 0x0000000082b00000|  0%| F|  |TAMS 0x0000000082a00000| PB 0x0000000082a00000| Untracked 
|  13|0x0000000082b00000, 0x0000000082b00000, 0x0000000082c00000|  0%| F|  |TAMS 0x0000000082b00000| PB 0x0000000082b00000| Untracked 
|  14|0x0000000082c00000, 0x0000000082c00000, 0x0000000082d00000|  0%| F|  |TAMS 0x0000000082c00000| PB 0x0000000082c00000| Untracked 
|  15|0x0000000082d00000, 0x0000000082d00000, 0x0000000082e00000|  0%| F|  |TAMS 0x0000000082d00000| PB 0x0000000082d00000| Untracked 
|  16|0x0000000082e00000, 0x0000000082e00000, 0x0000000082f00000|  0%| F|  |TAMS 0x0000000082e00000| PB 0x0000000082e00000| Untracked 
|  17|0x0000000082f00000, 0x0000000082f00000, 0x0000000083000000|  0%| F|  |TAMS 0x0000000082f00000| PB 0x0000000082f00000| Untracked 
|  18|0x0000000083000000, 0x0000000083000000, 0x0000000083100000|  0%| F|  |TAMS 0x0000000083000000| PB 0x0000000083000000| Untracked 
|  19|0x0000000083100000, 0x0000000083100000, 0x0000000083200000|  0%| F|  |TAMS 0x0000000083100000| PB 0x0000000083100000| Untracked 
|  20|0x0000000083200000, 0x0000000083200000, 0x0000000083300000|  0%| F|  |TAMS 0x0000000083200000| PB 0x0000000083200000| Untracked 
|  21|0x0000000083300000, 0x0000000083300000, 0x0000000083400000|  0%| F|  |TAMS 0x0000000083300000| PB 0x0000000083300000| Untracked 
|  22|0x0000000083400000, 0x0000000083400000, 0x0000000083500000|  0%| F|  |TAMS 0x0000000083400000| PB 0x0000000083400000| Untracked 
|  23|0x0000000083500000, 0x0000000083500000, 0x0000000083600000|  0%| F|  |TAMS 0x0000000083500000| PB 0x0000000083500000| Untracked 
|  24|0x0000000083600000, 0x0000000083600000, 0x0000000083700000|  0%| F|  |TAMS 0x0000000083600000| PB 0x0000000083600000| Untracked 
|  25|0x0000000083700000, 0x0000000083700000, 0x0000000083800000|  0%| F|  |TAMS 0x0000000083700000| PB 0x0000000083700000| Untracked 
|  26|0x0000000083800000, 0x0000000083800000, 0x0000000083900000|  0%| F|  |TAMS 0x0000000083800000| PB 0x0000000083800000| Untracked 
|  27|0x0000000083900000, 0x0000000083900000, 0x0000000083a00000|  0%| F|  |TAMS 0x0000000083900000| PB 0x0000000083900000| Untracked 
|  28|0x0000000083a00000, 0x0000000083a00000, 0x0000000083b00000|  0%| F|  |TAMS 0x0000000083a00000| PB 0x0000000083a00000| Untracked 
|  29|0x0000000083b00000, 0x0000000083b00000, 0x0000000083c00000|  0%| F|  |TAMS 0x0000000083b00000| PB 0x0000000083b00000| Untracked 
|  30|0x0000000083c00000, 0x0000000083c00000, 0x0000000083d00000|  0%| F|  |TAMS 0x0000000083c00000| PB 0x0000000083c00000| Untracked 
|  31|0x0000000083d00000, 0x0000000083d00000, 0x0000000083e00000|  0%| F|  |TAMS 0x0000000083d00000| PB 0x0000000083d00000| Untracked 
|  32|0x0000000083e00000, 0x0000000083e00000, 0x0000000083f00000|  0%| F|  |TAMS 0x0000000083e00000| PB 0x0000000083e00000| Untracked 
|  33|0x0000000083f00000, 0x0000000083f00000, 0x0000000084000000|  0%| F|  |TAMS 0x0000000083f00000| PB 0x0000000083f00000| Untracked 
|  34|0x0000000084000000, 0x0000000084000000, 0x0000000084100000|  0%| F|  |TAMS 0x0000000084000000| PB 0x0000000084000000| Untracked 
|  35|0x0000000084100000, 0x0000000084100000, 0x0000000084200000|  0%| F|  |TAMS 0x0000000084100000| PB 0x0000000084100000| Untracked 
|  36|0x0000000084200000, 0x0000000084200000, 0x0000000084300000|  0%| F|  |TAMS 0x0000000084200000| PB 0x0000000084200000| Untracked 
|  37|0x0000000084300000, 0x0000000084300000, 0x0000000084400000|  0%| F|  |TAMS 0x0000000084300000| PB 0x0000000084300000| Untracked 
|  38|0x0000000084400000, 0x0000000084400000, 0x0000000084500000|  0%| F|  |TAMS 0x0000000084400000| PB 0x0000000084400000| Untracked 
|  39|0x0000000084500000, 0x0000000084500000, 0x0000000084600000|  0%| F|  |TAMS 0x0000000084500000| PB 0x0000000084500000| Untracked 
|  40|0x0000000084600000, 0x0000000084600000, 0x0000000084700000|  0%| F|  |TAMS 0x0000000084600000| PB 0x0000000084600000| Untracked 
|  41|0x0000000084700000, 0x0000000084700000, 0x0000000084800000|  0%| F|  |TAMS 0x0000000084700000| PB 0x0000000084700000| Untracked 
|  42|0x0000000084800000, 0x0000000084800000, 0x0000000084900000|  0%| F|  |TAMS 0x0000000084800000| PB 0x0000000084800000| Untracked 
|  43|0x0000000084900000, 0x0000000084900000, 0x0000000084a00000|  0%| F|  |TAMS 0x0000000084900000| PB 0x0000000084900000| Untracked 
|  44|0x0000000084a00000, 0x0000000084a00000, 0x0000000084b00000|  0%| F|  |TAMS 0x0000000084a00000| PB 0x0000000084a00000| Untracked 
|  45|0x0000000084b00000, 0x0000000084b00000, 0x0000000084c00000|  0%| F|  |TAMS 0x0000000084b00000| PB 0x0000000084b00000| Untracked 
|  46|0x0000000084c00000, 0x0000000084c00000, 0x0000000084d00000|  0%| F|  |TAMS 0x0000000084c00000| PB 0x0000000084c00000| Untracked 
|  47|0x0000000084d00000, 0x0000000084d00000, 0x0000000084e00000|  0%| F|  |TAMS 0x0000000084d00000| PB 0x0000000084d00000| Untracked 
|  48|0x0000000084e00000, 0x0000000084e00000, 0x0000000084f00000|  0%| F|  |TAMS 0x0000000084e00000| PB 0x0000000084e00000| Untracked 
|  49|0x0000000084f00000, 0x0000000084f00000, 0x0000000085000000|  0%| F|  |TAMS 0x0000000084f00000| PB 0x0000000084f00000| Untracked 
|  50|0x0000000085000000, 0x0000000085000000, 0x0000000085100000|  0%| F|  |TAMS 0x0000000085000000| PB 0x0000000085000000| Untracked 
|  51|0x0000000085100000, 0x0000000085100000, 0x0000000085200000|  0%| F|  |TAMS 0x0000000085100000| PB 0x0000000085100000| Untracked 
|  52|0x0000000085200000, 0x0000000085200000, 0x0000000085300000|  0%| F|  |TAMS 0x0000000085200000| PB 0x0000000085200000| Untracked 
|  53|0x0000000085300000, 0x0000000085300000, 0x0000000085400000|  0%| F|  |TAMS 0x0000000085300000| PB 0x0000000085300000| Untracked 
|  54|0x0000000085400000, 0x0000000085400000, 0x0000000085500000|  0%| F|  |TAMS 0x0000000085400000| PB 0x0000000085400000| Untracked 
|  55|0x0000000085500000, 0x0000000085500000, 0x0000000085600000|  0%| F|  |TAMS 0x0000000085500000| PB 0x0000000085500000| Untracked 
|  56|0x0000000085600000, 0x0000000085600000, 0x0000000085700000|  0%| F|  |TAMS 0x0000000085600000| PB 0x0000000085600000| Untracked 
|  57|0x0000000085700000, 0x0000000085700000, 0x0000000085800000|  0%| F|  |TAMS 0x0000000085700000| PB 0x0000000085700000| Untracked 
|  58|0x0000000085800000, 0x0000000085800000, 0x0000000085900000|  0%| F|  |TAMS 0x0000000085800000| PB 0x0000000085800000| Untracked 
|  59|0x0000000085900000, 0x0000000085900000, 0x0000000085a00000|  0%| F|  |TAMS 0x0000000085900000| PB 0x0000000085900000| Untracked 
|  60|0x0000000085a00000, 0x0000000085a00000, 0x0000000085b00000|  0%| F|  |TAMS 0x0000000085a00000| PB 0x0000000085a00000| Untracked 
|  61|0x0000000085b00000, 0x0000000085b00000, 0x0000000085c00000|  0%| F|  |TAMS 0x0000000085b00000| PB 0x0000000085b00000| Untracked 
|  62|0x0000000085c00000, 0x0000000085c00000, 0x0000000085d00000|  0%| F|  |TAMS 0x0000000085c00000| PB 0x0000000085c00000| Untracked 
|  63|0x0000000085d00000, 0x0000000085d00000, 0x0000000085e00000|  0%| F|  |TAMS 0x0000000085d00000| PB 0x0000000085d00000| Untracked 
|  64|0x0000000085e00000, 0x0000000085e00000, 0x0000000085f00000|  0%| F|  |TAMS 0x0000000085e00000| PB 0x0000000085e00000| Untracked 
|  65|0x0000000085f00000, 0x0000000085f00000, 0x0000000086000000|  0%| F|  |TAMS 0x0000000085f00000| PB 0x0000000085f00000| Untracked 
|  66|0x0000000086000000, 0x0000000086000000, 0x0000000086100000|  0%| F|  |TAMS 0x0000000086000000| PB 0x0000000086000000| Untracked 
|  67|0x0000000086100000, 0x0000000086100000, 0x0000000086200000|  0%| F|  |TAMS 0x0000000086100000| PB 0x0000000086100000| Untracked 
|  68|0x0000000086200000, 0x0000000086200000, 0x0000000086300000|  0%| F|  |TAMS 0x0000000086200000| PB 0x0000000086200000| Untracked 
|  69|0x0000000086300000, 0x0000000086300000, 0x0000000086400000|  0%| F|  |TAMS 0x0000000086300000| PB 0x0000000086300000| Untracked 
|  70|0x0000000086400000, 0x0000000086400000, 0x0000000086500000|  0%| F|  |TAMS 0x0000000086400000| PB 0x0000000086400000| Untracked 
|  71|0x0000000086500000, 0x0000000086500000, 0x0000000086600000|  0%| F|  |TAMS 0x0000000086500000| PB 0x0000000086500000| Untracked 
|  72|0x0000000086600000, 0x0000000086600000, 0x0000000086700000|  0%| F|  |TAMS 0x0000000086600000| PB 0x0000000086600000| Untracked 
|  73|0x0000000086700000, 0x0000000086700000, 0x0000000086800000|  0%| F|  |TAMS 0x0000000086700000| PB 0x0000000086700000| Untracked 
|  74|0x0000000086800000, 0x0000000086800000, 0x0000000086900000|  0%| F|  |TAMS 0x0000000086800000| PB 0x0000000086800000| Untracked 
|  75|0x0000000086900000, 0x0000000086900000, 0x0000000086a00000|  0%| F|  |TAMS 0x0000000086900000| PB 0x0000000086900000| Untracked 
|  76|0x0000000086a00000, 0x0000000086a00000, 0x0000000086b00000|  0%| F|  |TAMS 0x0000000086a00000| PB 0x0000000086a00000| Untracked 
|  77|0x0000000086b00000, 0x0000000086b00000, 0x0000000086c00000|  0%| F|  |TAMS 0x0000000086b00000| PB 0x0000000086b00000| Untracked 
|  78|0x0000000086c00000, 0x0000000086c00000, 0x0000000086d00000|  0%| F|  |TAMS 0x0000000086c00000| PB 0x0000000086c00000| Untracked 
|  79|0x0000000086d00000, 0x0000000086d00000, 0x0000000086e00000|  0%| F|  |TAMS 0x0000000086d00000| PB 0x0000000086d00000| Untracked 
|  80|0x0000000086e00000, 0x0000000086e00000, 0x0000000086f00000|  0%| F|  |TAMS 0x0000000086e00000| PB 0x0000000086e00000| Untracked 
|  81|0x0000000086f00000, 0x0000000086f00000, 0x0000000087000000|  0%| F|  |TAMS 0x0000000086f00000| PB 0x0000000086f00000| Untracked 
|  82|0x0000000087000000, 0x0000000087000000, 0x0000000087100000|  0%| F|  |TAMS 0x0000000087000000| PB 0x0000000087000000| Untracked 
|  83|0x0000000087100000, 0x0000000087100000, 0x0000000087200000|  0%| F|  |TAMS 0x0000000087100000| PB 0x0000000087100000| Untracked 
|  84|0x0000000087200000, 0x0000000087200000, 0x0000000087300000|  0%| F|  |TAMS 0x0000000087200000| PB 0x0000000087200000| Untracked 
|  85|0x0000000087300000, 0x0000000087300000, 0x0000000087400000|  0%| F|  |TAMS 0x0000000087300000| PB 0x0000000087300000| Untracked 
|  86|0x0000000087400000, 0x0000000087400000, 0x0000000087500000|  0%| F|  |TAMS 0x0000000087400000| PB 0x0000000087400000| Untracked 
|  87|0x0000000087500000, 0x0000000087500000, 0x0000000087600000|  0%| F|  |TAMS 0x0000000087500000| PB 0x0000000087500000| Untracked 
|  88|0x0000000087600000, 0x0000000087600000, 0x0000000087700000|  0%| F|  |TAMS 0x0000000087600000| PB 0x0000000087600000| Untracked 
|  89|0x0000000087700000, 0x0000000087700000, 0x0000000087800000|  0%| F|  |TAMS 0x0000000087700000| PB 0x0000000087700000| Untracked 
|  90|0x0000000087800000, 0x0000000087800000, 0x0000000087900000|  0%| F|  |TAMS 0x0000000087800000| PB 0x0000000087800000| Untracked 
|  91|0x0000000087900000, 0x0000000087900000, 0x0000000087a00000|  0%| F|  |TAMS 0x0000000087900000| PB 0x0000000087900000| Untracked 
|  92|0x0000000087a00000, 0x0000000087a00000, 0x0000000087b00000|  0%| F|  |TAMS 0x0000000087a00000| PB 0x0000000087a00000| Untracked 
|  93|0x0000000087b00000, 0x0000000087b00000, 0x0000000087c00000|  0%| F|  |TAMS 0x0000000087b00000| PB 0x0000000087b00000| Untracked 
|  94|0x0000000087c00000, 0x0000000087c00000, 0x0000000087d00000|  0%| F|  |TAMS 0x0000000087c00000| PB 0x0000000087c00000| Untracked 
|  95|0x0000000087d00000, 0x0000000087d00000, 0x0000000087e00000|  0%| F|  |TAMS 0x0000000087d00000| PB 0x0000000087d00000| Untracked 
|  96|0x0000000087e00000, 0x0000000087e7c200, 0x0000000087f00000| 48%| S|CS|TAMS 0x0000000087e00000| PB 0x0000000087e00000| Complete 
|  97|0x0000000087f00000, 0x0000000088000000, 0x0000000088000000|100%| S|CS|TAMS 0x0000000087f00000| PB 0x0000000087f00000| Complete 
|  98|0x0000000088000000, 0x0000000088100000, 0x0000000088100000|100%| S|CS|TAMS 0x0000000088000000| PB 0x0000000088000000| Complete 
|  99|0x0000000088100000, 0x0000000088100000, 0x0000000088200000|  0%| F|  |TAMS 0x0000000088100000| PB 0x0000000088100000| Untracked 
| 100|0x0000000088200000, 0x0000000088200000, 0x0000000088300000|  0%| F|  |TAMS 0x0000000088200000| PB 0x0000000088200000| Untracked 
| 101|0x0000000088300000, 0x0000000088300000, 0x0000000088400000|  0%| F|  |TAMS 0x0000000088300000| PB 0x0000000088300000| Untracked 
| 102|0x0000000088400000, 0x0000000088400000, 0x0000000088500000|  0%| F|  |TAMS 0x0000000088400000| PB 0x0000000088400000| Untracked 
| 103|0x0000000088500000, 0x0000000088600000, 0x0000000088600000|100%| E|  |TAMS 0x0000000088500000| PB 0x0000000088500000| Complete 
| 104|0x0000000088600000, 0x0000000088700000, 0x0000000088700000|100%| E|CS|TAMS 0x0000000088600000| PB 0x0000000088600000| Complete 
| 105|0x0000000088700000, 0x0000000088800000, 0x0000000088800000|100%| E|CS|TAMS 0x0000000088700000| PB 0x0000000088700000| Complete 
| 106|0x0000000088800000, 0x0000000088900000, 0x0000000088900000|100%| E|CS|TAMS 0x0000000088800000| PB 0x0000000088800000| Complete 
| 107|0x0000000088900000, 0x0000000088a00000, 0x0000000088a00000|100%| E|CS|TAMS 0x0000000088900000| PB 0x0000000088900000| Complete 
| 108|0x0000000088a00000, 0x0000000088b00000, 0x0000000088b00000|100%| E|CS|TAMS 0x0000000088a00000| PB 0x0000000088a00000| Complete 
| 109|0x0000000088b00000, 0x0000000088c00000, 0x0000000088c00000|100%| E|CS|TAMS 0x0000000088b00000| PB 0x0000000088b00000| Complete 
| 110|0x0000000088c00000, 0x0000000088d00000, 0x0000000088d00000|100%| E|CS|TAMS 0x0000000088c00000| PB 0x0000000088c00000| Complete 
| 111|0x0000000088d00000, 0x0000000088e00000, 0x0000000088e00000|100%| E|CS|TAMS 0x0000000088d00000| PB 0x0000000088d00000| Complete 
| 112|0x0000000088e00000, 0x0000000088f00000, 0x0000000088f00000|100%| E|CS|TAMS 0x0000000088e00000| PB 0x0000000088e00000| Complete 
| 113|0x0000000088f00000, 0x0000000089000000, 0x0000000089000000|100%| E|CS|TAMS 0x0000000088f00000| PB 0x0000000088f00000| Complete 
| 114|0x0000000089000000, 0x0000000089100000, 0x0000000089100000|100%| E|CS|TAMS 0x0000000089000000| PB 0x0000000089000000| Complete 
| 115|0x0000000089100000, 0x0000000089200000, 0x0000000089200000|100%| E|CS|TAMS 0x0000000089100000| PB 0x0000000089100000| Complete 
| 116|0x0000000089200000, 0x0000000089300000, 0x0000000089300000|100%| E|CS|TAMS 0x0000000089200000| PB 0x0000000089200000| Complete 
| 117|0x0000000089300000, 0x0000000089400000, 0x0000000089400000|100%| E|  |TAMS 0x0000000089300000| PB 0x0000000089300000| Complete 
| 118|0x0000000089400000, 0x0000000089500000, 0x0000000089500000|100%| E|CS|TAMS 0x0000000089400000| PB 0x0000000089400000| Complete 
| 119|0x0000000089500000, 0x0000000089600000, 0x0000000089600000|100%| E|CS|TAMS 0x0000000089500000| PB 0x0000000089500000| Complete 
| 120|0x0000000089600000, 0x0000000089700000, 0x0000000089700000|100%| E|CS|TAMS 0x0000000089600000| PB 0x0000000089600000| Complete 
| 121|0x0000000089700000, 0x0000000089800000, 0x0000000089800000|100%| E|CS|TAMS 0x0000000089700000| PB 0x0000000089700000| Complete 
| 122|0x0000000089800000, 0x0000000089900000, 0x0000000089900000|100%| E|CS|TAMS 0x0000000089800000| PB 0x0000000089800000| Complete 
| 123|0x0000000089900000, 0x0000000089a00000, 0x0000000089a00000|100%| E|CS|TAMS 0x0000000089900000| PB 0x0000000089900000| Complete 
| 124|0x0000000089a00000, 0x0000000089b00000, 0x0000000089b00000|100%| E|CS|TAMS 0x0000000089a00000| PB 0x0000000089a00000| Complete 
| 125|0x0000000089b00000, 0x0000000089c00000, 0x0000000089c00000|100%| E|CS|TAMS 0x0000000089b00000| PB 0x0000000089b00000| Complete 
| 126|0x0000000089c00000, 0x0000000089d00000, 0x0000000089d00000|100%| E|CS|TAMS 0x0000000089c00000| PB 0x0000000089c00000| Complete 
| 127|0x0000000089d00000, 0x0000000089e00000, 0x0000000089e00000|100%| E|CS|TAMS 0x0000000089d00000| PB 0x0000000089d00000| Complete 

Card table byte_map: [0x0000023150340000,0x0000023150740000] _byte_map_base: 0x000002314ff31000

Marking Bits: (CMBitMap*) 0x0000023138eea750
 Bits: [0x0000023150b40000, 0x0000023152ac8000)

Polling page: 0x0000023136d00000

Metaspace:

Usage:
  Non-class:     14.96 MB used.
      Class:      2.01 MB used.
       Both:     16.97 MB used.

Virtual space:
  Non-class space:       64.00 MB reserved,      15.06 MB ( 24%) committed,  1 nodes.
      Class space:        1.00 GB reserved,       2.12 MB ( <1%) committed,  1 nodes.
             Both:        1.06 GB reserved,      17.19 MB (  2%) committed. 

Chunk freelists:
   Non-Class:  64.00 KB
       Class:  1.83 MB
        Both:  1.89 MB

MaxMetaspaceSize: unlimited
CompressedClassSpaceSize: 1.00 GB
Initial GC threshold: 21.00 MB
Current GC threshold: 21.00 MB
CDS: on
MetaspaceReclaimPolicy: balanced
 - commit_granule_bytes: 65536.
 - commit_granule_words: 8192.
 - virtual_space_node_default_size: 8388608.
 - enlarge_chunks_in_place: 1.
 - new_chunks_are_fully_committed: 0.
 - uncommit_free_chunks: 1.
 - use_allocation_guard: 0.


Internal statistics:

num_allocs_failed_limit: 0.
num_arena_births: 220.
num_arena_deaths: 0.
num_vsnodes_births: 2.
num_vsnodes_deaths: 0.
num_space_committed: 275.
num_space_uncommitted: 0.
num_chunks_returned_to_freelist: 0.
num_chunks_taken_from_freelist: 787.
num_chunk_merges: 0.
num_chunk_splits: 543.
num_chunks_enlarged: 435.
num_inconsistent_stats: 0.

CodeHeap 'non-profiled nmethods': size=120000Kb used=1088Kb max_used=1088Kb free=118911Kb
 bounds [0x0000023148a10000, 0x0000023148c80000, 0x000002314ff40000]
CodeHeap 'profiled nmethods': size=120000Kb used=5500Kb max_used=5500Kb free=114499Kb
 bounds [0x0000023140f40000, 0x00000231414a0000, 0x0000023148470000]
CodeHeap 'non-nmethods': size=5760Kb used=1512Kb max_used=1550Kb free=4247Kb
 bounds [0x0000023148470000, 0x00000231486e0000, 0x0000023148a10000]
 total_blobs=3112 nmethods=2628 adapters=394
 compilation: enabled
              stopped_count=0, restarted_count=0
 full_count=0

Compilation events (20 events):
Event: 4.434 Thread 0x0000023154fb27f0 nmethod 2562 0x0000023141472010 code [0x00000231414721a0, 0x0000023141472388]
Event: 4.435 Thread 0x0000023154fab9e0 nmethod 2544 0x0000023148b17c10 code [0x0000023148b17d80, 0x0000023148b17ec8]
Event: 4.435 Thread 0x0000023154fab9e0 2563       4       java.util.ArrayDeque::addFirst (51 bytes)
Event: 4.437 Thread 0x0000023154fb27f0 2564       3       java.lang.reflect.Constructor::setAccessible (21 bytes)
Event: 4.438 Thread 0x0000023154fb27f0 nmethod 2564 0x0000023141472490 code [0x0000023141472680, 0x0000023141472c70]
Event: 4.438 Thread 0x0000023154fb27f0 2565       3       java.lang.reflect.Constructor::checkCanSetAccessible (29 bytes)
Event: 4.438 Thread 0x0000023154fb27f0 nmethod 2565 0x0000023141472e90 code [0x0000023141473040, 0x0000023141473318]
Event: 4.438 Thread 0x0000023154fb27f0 2566       3       org.springframework.boot.autoconfigure.condition.ConditionMessage::isEmpty (16 bytes)
Event: 4.439 Thread 0x0000023154fab9e0 nmethod 2563 0x0000023148b18010 code [0x0000023148b18180, 0x0000023148b18410]
Event: 4.439 Thread 0x0000023154fb27f0 nmethod 2566 0x0000023141473490 code [0x0000023141473640, 0x0000023141473968]
Event: 4.441 Thread 0x0000023154fb27f0 2567       3       org.springframework.boot.autoconfigure.condition.ConditionMessage::<init> (43 bytes)
Event: 4.442 Thread 0x0000023154fb27f0 nmethod 2567 0x0000023141473a90 code [0x0000023141473d00, 0x00000231414747d8]
Event: 4.442 Thread 0x0000023154fb27f0 2568       3       org.springframework.boot.autoconfigure.condition.OnClassCondition$StandardOutcomesResolver::getOutcome (45 bytes)
Event: 4.443 Thread 0x0000023154fb27f0 nmethod 2568 0x0000023141474c10 code [0x0000023141474f00, 0x00000231414760c8]
Event: 4.444 Thread 0x0000023154fab9e0 2569       4       java.lang.ClassLoader::getClassLoadingLock (35 bytes)
Event: 4.446 Thread 0x0000023154fb27f0 2570   !   3       sun.reflect.annotation.AnnotationParser::parseEnumValue (123 bytes)
Event: 4.446 Thread 0x0000023154fab9e0 nmethod 2569 0x0000023148b18590 code [0x0000023148b18700, 0x0000023148b18840]
Event: 4.447 Thread 0x0000023154fb27f0 nmethod 2570 0x0000023141476810 code [0x0000023141476b20, 0x0000023141477940]
Event: 4.449 Thread 0x0000023154fab9e0 2571       4       org.springframework.util.ConcurrentReferenceHashMap::get (37 bytes)
Event: 4.451 Thread 0x0000023154fb27f0 2574       3       org.springframework.boot.autoconfigure.condition.ConditionMessage::andCondition (64 bytes)

GC Heap History (6 events):
Event: 1.632 GC heap before
{Heap before GC invocations=0 (full 0):
 garbage-first heap   total 131072K, used 13312K [0x0000000081e00000, 0x0000000100000000)
  region size 1024K, 13 young (13312K), 0 survivors (0K)
 Metaspace       used 3215K, committed 3328K, reserved 1114112K
  class space    used 314K, committed 384K, reserved 1048576K
}
Event: 1.639 GC heap after
{Heap after GC invocations=1 (full 0):
 garbage-first heap   total 131072K, used 7018K [0x0000000081e00000, 0x0000000100000000)
  region size 1024K, 2 young (2048K), 2 survivors (2048K)
 Metaspace       used 3215K, committed 3328K, reserved 1114112K
  class space    used 314K, committed 384K, reserved 1048576K
}
Event: 2.226 GC heap before
{Heap before GC invocations=1 (full 0):
 garbage-first heap   total 131072K, used 17258K [0x0000000081e00000, 0x0000000100000000)
  region size 1024K, 13 young (13312K), 2 survivors (2048K)
 Metaspace       used 6060K, committed 6272K, reserved 1114112K
  class space    used 667K, committed 768K, reserved 1048576K
}
Event: 2.230 GC heap after
{Heap after GC invocations=2 (full 0):
 garbage-first heap   total 131072K, used 7708K [0x0000000081e00000, 0x0000000100000000)
  region size 1024K, 1 young (1024K), 1 survivors (1024K)
 Metaspace       used 6060K, committed 6272K, reserved 1114112K
  class space    used 667K, committed 768K, reserved 1048576K
}
Event: 3.182 GC heap before
{Heap before GC invocations=2 (full 0):
 garbage-first heap   total 131072K, used 35356K [0x0000000081e00000, 0x0000000100000000)
  region size 1024K, 29 young (29696K), 1 survivors (1024K)
 Metaspace       used 13750K, committed 14016K, reserved 1114112K
  class space    used 1631K, committed 1728K, reserved 1048576K
}
Event: 3.187 GC heap after
{Heap after GC invocations=3 (full 0):
 garbage-first heap   total 131072K, used 9457K [0x0000000081e00000, 0x0000000100000000)
  region size 1024K, 3 young (3072K), 3 survivors (3072K)
 Metaspace       used 13750K, committed 14016K, reserved 1114112K
  class space    used 1631K, committed 1728K, reserved 1048576K
}

Dll operation events (9 events):
Event: 0.020 Loaded shared library C:\Program Files\Java\jdk-20\bin\java.dll
Event: 0.043 Loaded shared library C:\Program Files\Java\jdk-20\bin\jsvml.dll
Event: 0.821 Loaded shared library C:\Program Files\Java\jdk-20\bin\net.dll
Event: 0.822 Loaded shared library C:\Program Files\Java\jdk-20\bin\nio.dll
Event: 0.829 Loaded shared library C:\Program Files\Java\jdk-20\bin\zip.dll
Event: 0.999 Loaded shared library C:\Program Files\Java\jdk-20\bin\verify.dll
Event: 1.009 Loaded shared library C:\Program Files\Java\jdk-20\bin\jimage.dll
Event: 1.792 Loaded shared library C:\Program Files\Java\jdk-20\bin\management.dll
Event: 1.796 Loaded shared library C:\Program Files\Java\jdk-20\bin\management_ext.dll

Deoptimization events (20 events):
Event: 4.450 Thread 0x0000023159ec2940 DEOPT PACKING pc=0x0000023141364684 sp=0x00000065534fd470
Event: 4.450 Thread 0x0000023159ec2940 DEOPT UNPACKING pc=0x00000231484da4c2 sp=0x00000065534fca18 mode 1
Event: 4.451 Thread 0x0000023159ec2940 DEOPT PACKING pc=0x00000231413617ec sp=0x00000065534fd5d0
Event: 4.451 Thread 0x0000023159ec2940 DEOPT UNPACKING pc=0x00000231484da4c2 sp=0x00000065534fcb70 mode 1
Event: 4.451 Thread 0x0000023159ec2940 DEOPT PACKING pc=0x0000023141054a49 sp=0x00000065534fcaf0
Event: 4.451 Thread 0x0000023159ec2940 DEOPT UNPACKING pc=0x00000231484da4c2 sp=0x00000065534fbf48 mode 1
Event: 4.451 Thread 0x0000023159ec2940 DEOPT PACKING pc=0x00000231410534c4 sp=0x00000065534fcb80
Event: 4.451 Thread 0x0000023159ec2940 DEOPT UNPACKING pc=0x00000231484da4c2 sp=0x00000065534fc028 mode 1
Event: 4.451 Thread 0x0000023159ec2940 DEOPT PACKING pc=0x0000023141128e74 sp=0x00000065534fd580
Event: 4.451 Thread 0x0000023159ec2940 DEOPT UNPACKING pc=0x00000231484da4c2 sp=0x00000065534fca48 mode 1
Event: 4.451 Thread 0x0000023159ec2940 DEOPT PACKING pc=0x000002314112896c sp=0x00000065534fd610
Event: 4.451 Thread 0x0000023159ec2940 DEOPT UNPACKING pc=0x00000231484da4c2 sp=0x00000065534fcae8 mode 1
Event: 4.451 Thread 0x0000023159ec2940 DEOPT PACKING pc=0x00000231410534c4 sp=0x00000065534fd760
Event: 4.451 Thread 0x0000023159ec2940 DEOPT UNPACKING pc=0x00000231484da4c2 sp=0x00000065534fcc08 mode 1
Event: 4.451 Thread 0x0000023159ec2940 DEOPT PACKING pc=0x0000023141128e74 sp=0x00000065534fe160
Event: 4.451 Thread 0x0000023159ec2940 DEOPT UNPACKING pc=0x00000231484da4c2 sp=0x00000065534fd628 mode 1
Event: 4.451 Thread 0x0000023159ec2940 DEOPT PACKING pc=0x000002314112896c sp=0x00000065534fe1f0
Event: 4.451 Thread 0x0000023159ec2940 DEOPT UNPACKING pc=0x00000231484da4c2 sp=0x00000065534fd6b0 mode 1
Event: 4.451 Thread 0x0000023159ec2940 DEOPT PACKING pc=0x00000231413f741c sp=0x00000065534fe270
Event: 4.451 Thread 0x0000023159ec2940 DEOPT UNPACKING pc=0x00000231484da4c2 sp=0x00000065534fd698 mode 1

Classes loaded (20 events):
Event: 3.256 Loading class java/net/SocketException
Event: 3.257 Loading class java/net/SocketException done
Event: 3.280 Loading class java/util/StringTokenizer
Event: 3.280 Loading class java/util/StringTokenizer done
Event: 3.281 Loading class java/util/regex/Pattern$LazyLoop
Event: 3.281 Loading class java/util/regex/Pattern$Loop
Event: 3.281 Loading class java/util/regex/Pattern$Loop done
Event: 3.281 Loading class java/util/regex/Pattern$LazyLoop done
Event: 3.282 Loading class java/util/regex/Pattern$Prolog
Event: 3.282 Loading class java/util/regex/Pattern$Prolog done
Event: 3.297 Loading class java/lang/AssertionError
Event: 3.297 Loading class java/lang/AssertionError done
Event: 3.491 Loading class javax/naming/ldap/LdapContext
Event: 3.491 Loading class javax/naming/directory/DirContext
Event: 3.491 Loading class javax/naming/directory/DirContext done
Event: 3.491 Loading class javax/naming/ldap/LdapContext done
Event: 3.710 Loading class java/lang/Deprecated
Event: 3.710 Loading class java/lang/Deprecated done
Event: 4.174 Loading class java/nio/charset/CharacterCodingException
Event: 4.174 Loading class java/nio/charset/CharacterCodingException done

Classes unloaded (0 events):
No events

Classes redefined (0 events):
No events

Internal exceptions (20 events):
Event: 3.221 Thread 0x0000023159ec2940 Exception <a 'java/lang/ClassNotFoundException'{0x0000000089c83c00}: org/springframework/beans/factory/config/BeanFactoryPostProcessorCustomizer> (0x0000000089c83c00) 
thrown [s\open\src\hotspot\share\classfile\systemDictionary.cpp, line 305]
Event: 3.223 Thread 0x0000023159ec2940 Exception <a 'java/lang/ClassNotFoundException'{0x0000000089c88218}: org/springframework/core/PriorityOrderedCustomizer> (0x0000000089c88218) 
thrown [s\open\src\hotspot\share\classfile\systemDictionary.cpp, line 305]
Event: 3.224 Thread 0x0000023159ec2940 Exception <a 'java/lang/ClassNotFoundException'{0x0000000089c8b488}: org/springframework/core/OrderedCustomizer> (0x0000000089c8b488) 
thrown [s\open\src\hotspot\share\classfile\systemDictionary.cpp, line 305]
Event: 3.226 Thread 0x0000023159ec2940 Exception <a 'java/lang/ClassNotFoundException'{0x0000000089ce2cc0}: org/springframework/context/ResourceLoaderAwareCustomizer> (0x0000000089ce2cc0) 
thrown [s\open\src\hotspot\share\classfile\systemDictionary.cpp, line 305]
Event: 3.227 Thread 0x0000023159ec2940 Exception <a 'java/lang/ClassNotFoundException'{0x0000000089ce72a0}: org/springframework/beans/factory/AwareCustomizer> (0x0000000089ce72a0) 
thrown [s\open\src\hotspot\share\classfile\systemDictionary.cpp, line 305]
Event: 3.229 Thread 0x0000023159ec2940 Exception <a 'java/lang/ClassNotFoundException'{0x0000000089cea890}: org/springframework/context/ApplicationStartupAwareCustomizer> (0x0000000089cea890) 
thrown [s\open\src\hotspot\share\classfile\systemDictionary.cpp, line 305]
Event: 3.231 Thread 0x0000023159ec2940 Exception <a 'java/lang/ClassNotFoundException'{0x0000000089cef0f8}: org/springframework/beans/factory/AwareCustomizer> (0x0000000089cef0f8) 
thrown [s\open\src\hotspot\share\classfile\systemDictionary.cpp, line 305]
Event: 3.232 Thread 0x0000023159ec2940 Exception <a 'java/lang/ClassNotFoundException'{0x0000000089cf2728}: org/springframework/beans/factory/BeanClassLoaderAwareCustomizer> (0x0000000089cf2728) 
thrown [s\open\src\hotspot\share\classfile\systemDictionary.cpp, line 305]
Event: 3.234 Thread 0x0000023159ec2940 Exception <a 'java/lang/ClassNotFoundException'{0x0000000089cf6cf0}: org/springframework/beans/factory/AwareCustomizer> (0x0000000089cf6cf0) 
thrown [s\open\src\hotspot\share\classfile\systemDictionary.cpp, line 305]
Event: 3.235 Thread 0x0000023159ec2940 Exception <a 'java/lang/ClassNotFoundException'{0x0000000089cfa090}: org/springframework/context/EnvironmentAwareCustomizer> (0x0000000089cfa090) 
thrown [s\open\src\hotspot\share\classfile\systemDictionary.cpp, line 305]
Event: 3.237 Thread 0x0000023159ec2940 Exception <a 'java/lang/ClassNotFoundException'{0x0000000089cfe5f0}: org/springframework/beans/factory/AwareCustomizer> (0x0000000089cfe5f0) 
thrown [s\open\src\hotspot\share\classfile\systemDictionary.cpp, line 305]
Event: 3.244 Thread 0x000002315a05f320 Exception <a 'java/lang/NoSuchMethodError'{0x0000000089b6a868}: 'long java.lang.invoke.DirectMethodHandle$Holder.invokeSpecial(java.lang.Object, java.lang.Object)'> (0x0000000089b6a868) 
thrown [s\open\src\hotspot\share\interpreter\linkResolver.cpp, line 773]
Event: 3.249 Thread 0x000002315a05f320 Exception <a 'java/lang/NoSuchMethodError'{0x0000000089b75978}: 'long java.lang.invoke.DirectMethodHandle$Holder.invokeStatic(java.lang.Object, java.lang.Object)'> (0x0000000089b75978) 
thrown [s\open\src\hotspot\share\interpreter\linkResolver.cpp, line 773]
Event: 3.249 Thread 0x000002315a05f320 Exception <a 'java/lang/NoSuchMethodError'{0x0000000089b78ce0}: 'long java.lang.invoke.DirectMethodHandle$Holder.invokeStaticInit(java.lang.Object, java.lang.Object)'> (0x0000000089b78ce0) 
thrown [s\open\src\hotspot\share\interpreter\linkResolver.cpp, line 773]
Event: 3.253 Thread 0x000002315a05f320 Exception <a 'java/lang/NoSuchMethodError'{0x0000000089b86940}: 'long java.lang.invoke.DirectMethodHandle$Holder.invokeInterface(java.lang.Object, java.lang.Object)'> (0x0000000089b86940) 
thrown [s\open\src\hotspot\share\interpreter\linkResolver.cpp, line 773]
Event: 3.253 Thread 0x000002315a05f320 Exception <a 'java/lang/IncompatibleClassChangeError'{0x0000000089b89bf0}: Found class java.lang.Object, but interface was expected> (0x0000000089b89bf0) 
thrown [s\open\src\hotspot\share\interpreter\linkResolver.cpp, line 840]
Event: 3.271 Thread 0x000002315a05f320 Exception <a 'java/lang/NoSuchMethodError'{0x0000000089a66b70}: 'java.lang.Object java.lang.invoke.DirectMethodHandle$Holder.invokeVirtual(java.lang.Object, java.lang.Object, java.lang.Object, java.lang.Object)'> (0x0000000089a66b70) 
thrown [s\open\src\hotspot\share\interpreter\linkResolver.cpp, line 773]
Event: 3.275 Thread 0x0000023159ec2940 Exception <a 'java/lang/NoSuchMethodError'{0x0000000089a96648}: 'java.lang.Object java.lang.invoke.DirectMethodHandle$Holder.invokeVirtual(java.lang.Object, java.lang.Object, java.lang.Object)'> (0x0000000089a96648) 
thrown [s\open\src\hotspot\share\interpreter\linkResolver.cpp, line 773]
Event: 3.595 Thread 0x0000023159ec2940 Exception <a 'java/lang/IncompatibleClassChangeError'{0x00000000893a4e08}: Found class java.lang.Object, but interface was expected> (0x00000000893a4e08) 
thrown [s\open\src\hotspot\share\interpreter\linkResolver.cpp, line 840]
Event: 3.725 Thread 0x0000023159ec2940 Exception <a 'java/lang/NoSuchMethodError'{0x000000008910ffc0}: 'void java.lang.invoke.DirectMethodHandle$Holder.invokeInterface(java.lang.Object, java.lang.Object, java.lang.Object, java.lang.Object)'> (0x000000008910ffc0) 
thrown [s\open\src\hotspot\share\interpreter\linkResolver.cpp, line 773]

VM Operations (20 events):
Event: 2.026 Executing VM operation: HandshakeAllThreads
Event: 2.026 Executing VM operation: HandshakeAllThreads done
Event: 2.226 Executing VM operation: G1CollectForAllocation
Event: 2.230 Executing VM operation: G1CollectForAllocation done
Event: 2.465 Executing VM operation: HandshakeAllThreads
Event: 2.465 Executing VM operation: HandshakeAllThreads done
Event: 2.727 Executing VM operation: HandshakeAllThreads
Event: 2.727 Executing VM operation: HandshakeAllThreads done
Event: 2.728 Executing VM operation: HandshakeAllThreads
Event: 2.728 Executing VM operation: HandshakeAllThreads done
Event: 3.132 Executing VM operation: HandshakeAllThreads
Event: 3.132 Executing VM operation: HandshakeAllThreads done
Event: 3.182 Executing VM operation: G1CollectForAllocation
Event: 3.187 Executing VM operation: G1CollectForAllocation done
Event: 3.206 Executing VM operation: HandshakeAllThreads
Event: 3.207 Executing VM operation: HandshakeAllThreads done
Event: 3.261 Executing VM operation: HandshakeAllThreads
Event: 3.261 Executing VM operation: HandshakeAllThreads done
Event: 3.852 Executing VM operation: ICBufferFull
Event: 3.852 Executing VM operation: ICBufferFull done

Events (20 events):
Event: 0.069 Thread 0x0000023154fa81a0 Thread added: 0x0000023154fa81a0
Event: 0.069 Thread 0x0000023154fa9af0 Thread added: 0x0000023154fa9af0
Event: 0.069 Thread 0x0000023154faa430 Thread added: 0x0000023154faa430
Event: 0.069 Thread 0x0000023154faad70 Thread added: 0x0000023154faad70
Event: 0.069 Thread 0x0000023154fab9e0 Thread added: 0x0000023154fab9e0
Event: 0.070 Thread 0x0000023154fb27f0 Thread added: 0x0000023154fb27f0
Event: 0.203 Thread 0x0000023159221b00 Thread added: 0x0000023159221b00
Event: 0.203 Thread 0x0000023159231250 Thread added: 0x0000023159231250
Event: 0.205 Thread 0x00000231592418d0 Thread added: 0x00000231592418d0
Event: 0.804 Thread 0x0000023159245290 Thread added: 0x0000023159245290
Event: 0.810 Thread 0x0000023159250ff0 Thread added: 0x0000023159250ff0
Event: 0.879 Thread 0x0000023159415700 Thread added: 0x0000023159415700
Event: 1.884 Thread 0x0000023159ec2010 Thread added: 0x0000023159ec2010
Event: 1.898 Thread 0x0000023159ec2940 Thread added: 0x0000023159ec2940
Event: 2.334 Thread 0x0000023159415700 Thread exited: 0x0000023159415700
Event: 2.574 Thread 0x000002315a026dd0 Thread added: 0x000002315a026dd0
Event: 2.709 Thread 0x000002315a05f320 Thread added: 0x000002315a05f320
Event: 3.275 Thread 0x000002315a05f320 Thread exited: 0x000002315a05f320
Event: 3.447 Thread 0x000002315a6edf70 Thread added: 0x000002315a6edf70
Event: 3.548 Thread 0x000002315a6edf70 Thread exited: 0x000002315a6edf70


Dynamic libraries:
0x00007ff6f3fb0000 - 0x00007ff6f3fc0000 	C:\Program Files\Java\jdk-20\bin\java.exe
0x00007ffe8a5b0000 - 0x00007ffe8a7a4000 	C:\WINDOWS\SYSTEM32\ntdll.dll
0x00007ffe89a10000 - 0x00007ffe89acd000 	C:\WINDOWS\System32\KERNEL32.DLL
0x00007ffe87e80000 - 0x00007ffe88147000 	C:\WINDOWS\System32\KERNELBASE.dll
0x00007ffe881b0000 - 0x00007ffe882b0000 	C:\WINDOWS\System32\ucrtbase.dll
0x00007ffe77b40000 - 0x00007ffe77b59000 	C:\Program Files\Java\jdk-20\bin\jli.dll
0x00007ffe8a040000 - 0x00007ffe8a0ea000 	C:\WINDOWS\System32\ADVAPI32.dll
0x00007ffe89b30000 - 0x00007ffe89bce000 	C:\WINDOWS\System32\msvcrt.dll
0x00007ffe890b0000 - 0x00007ffe8914b000 	C:\WINDOWS\System32\sechost.dll
0x00007ffe820c0000 - 0x00007ffe820db000 	C:\Program Files\Java\jdk-20\bin\VCRUNTIME140.dll
0x00007ffe89820000 - 0x00007ffe89943000 	C:\WINDOWS\System32\RPCRT4.dll
0x00007ffe8a0f0000 - 0x00007ffe8a290000 	C:\WINDOWS\System32\USER32.dll
0x00007ffe88350000 - 0x00007ffe88372000 	C:\WINDOWS\System32\win32u.dll
0x00007ffe77410000 - 0x00007ffe776aa000 	C:\WINDOWS\WinSxS\amd64_microsoft.windows.common-controls_6595b64144ccf1df_6.0.19041.1_none_b555e41d4684ddec\COMCTL32.dll
0x00007ffe89970000 - 0x00007ffe8999a000 	C:\WINDOWS\System32\GDI32.dll
0x00007ffe87d70000 - 0x00007ffe87e7a000 	C:\WINDOWS\System32\gdi32full.dll
0x00007ffe882b0000 - 0x00007ffe8834d000 	C:\WINDOWS\System32\msvcp_win.dll
0x00007ffe7f0d0000 - 0x00007ffe7f0da000 	C:\WINDOWS\SYSTEM32\VERSION.dll
0x00007ffe8a290000 - 0x00007ffe8a2c0000 	C:\WINDOWS\System32\IMM32.DLL
0x00007ffe81f90000 - 0x00007ffe81f9c000 	C:\Program Files\Java\jdk-20\bin\vcruntime140_1.dll
0x00007ffe68020000 - 0x00007ffe680ae000 	C:\Program Files\Java\jdk-20\bin\msvcp140.dll
0x00007ffe5c330000 - 0x00007ffe5cfc7000 	C:\Program Files\Java\jdk-20\bin\server\jvm.dll
0x00007ffe75f20000 - 0x00007ffe75f29000 	C:\WINDOWS\SYSTEM32\WSOCK32.dll
0x00007ffe77b60000 - 0x00007ffe77b87000 	C:\WINDOWS\SYSTEM32\WINMM.dll
0x00007ffe899a0000 - 0x00007ffe89a0b000 	C:\WINDOWS\System32\WS2_32.dll
0x00007ffe86900000 - 0x00007ffe86913000 	C:\WINDOWS\SYSTEM32\kernel.appcore.dll
0x00007ffe7ede0000 - 0x00007ffe7edea000 	C:\Program Files\Java\jdk-20\bin\jimage.dll
0x00007ffe86310000 - 0x00007ffe864f4000 	C:\WINDOWS\SYSTEM32\DBGHELP.DLL
0x00007ffe72b20000 - 0x00007ffe72b4c000 	C:\WINDOWS\SYSTEM32\dbgcore.DLL
0x00007ffe88380000 - 0x00007ffe883ff000 	C:\WINDOWS\System32\bcryptPrimitives.dll
0x00007ffe77b00000 - 0x00007ffe77b3c000 	C:\Program Files\Java\jdk-20\bin\jdwp.dll
0x00007ffe80280000 - 0x00007ffe802a6000 	C:\Program Files\Java\jdk-20\bin\java.dll
0x00007ffe77330000 - 0x00007ffe77407000 	C:\Program Files\Java\jdk-20\bin\jsvml.dll
0x00007ffe88970000 - 0x00007ffe890a1000 	C:\WINDOWS\System32\SHELL32.dll
0x00007ffe85ab0000 - 0x00007ffe8623a000 	C:\WINDOWS\SYSTEM32\windows.storage.dll
0x00007ffe89390000 - 0x00007ffe896e4000 	C:\WINDOWS\System32\combase.dll
0x00007ffe87770000 - 0x00007ffe8779b000 	C:\WINDOWS\SYSTEM32\Wldp.dll
0x00007ffe89770000 - 0x00007ffe8981e000 	C:\WINDOWS\System32\SHCORE.dll
0x00007ffe89ad0000 - 0x00007ffe89b25000 	C:\WINDOWS\System32\shlwapi.dll
0x00007ffe87c30000 - 0x00007ffe87c4f000 	C:\WINDOWS\SYSTEM32\profapi.dll
0x00007ffe77a70000 - 0x00007ffe77a7c000 	C:\Program Files\Java\jdk-20\bin\dt_socket.dll
0x00007ffe87190000 - 0x00007ffe871cb000 	C:\WINDOWS\SYSTEM32\IPHLPAPI.DLL
0x00007ffe874f0000 - 0x00007ffe8755a000 	C:\WINDOWS\system32\mswsock.dll
0x00007ffe77310000 - 0x00007ffe77323000 	C:\Program Files\Java\jdk-20\bin\net.dll
0x00007ffe81210000 - 0x00007ffe81312000 	C:\WINDOWS\SYSTEM32\WINHTTP.dll
0x00007ffe772f0000 - 0x00007ffe77306000 	C:\Program Files\Java\jdk-20\bin\nio.dll
0x00007ffe772d0000 - 0x00007ffe772e8000 	C:\Program Files\Java\jdk-20\bin\zip.dll
0x00007ffe778e0000 - 0x00007ffe778f0000 	C:\Program Files\Java\jdk-20\bin\verify.dll
0x00007ffe772b0000 - 0x00007ffe772ba000 	C:\Program Files\Java\jdk-20\bin\management.dll
0x00007ffe77010000 - 0x00007ffe7701b000 	C:\Program Files\Java\jdk-20\bin\management_ext.dll
0x00007ffe887c0000 - 0x00007ffe887c8000 	C:\WINDOWS\System32\PSAPI.DLL
0x00007ffe70600000 - 0x00007ffe70617000 	C:\WINDOWS\system32\napinsp.dll
0x00007ffe70590000 - 0x00007ffe705ab000 	C:\WINDOWS\system32\pnrpnsp.dll
0x00007ffe81f70000 - 0x00007ffe81f85000 	C:\WINDOWS\system32\wshbth.dll
0x00007ffe82be0000 - 0x00007ffe82bfd000 	C:\WINDOWS\system32\NLAapi.dll
0x00007ffe871e0000 - 0x00007ffe872aa000 	C:\WINDOWS\SYSTEM32\DNSAPI.dll
0x00007ffe892f0000 - 0x00007ffe892f9000 	C:\WINDOWS\System32\NSI.dll
0x00007ffe705e0000 - 0x00007ffe705f2000 	C:\WINDOWS\System32\winrnr.dll
0x00007ffe7ffd0000 - 0x00007ffe7ffda000 	C:\Windows\System32\rasadhlp.dll
0x00007ffe76840000 - 0x00007ffe768bf000 	C:\WINDOWS\System32\fwpuclnt.dll
0x00007ffe87d40000 - 0x00007ffe87d67000 	C:\WINDOWS\System32\bcrypt.dll

dbghelp: loaded successfully - version: 4.0.5 - missing functions: none
symbol engine: initialized successfully - sym options: 0x614 - pdb path: .;C:\Program Files\Java\jdk-20\bin;C:\WINDOWS\SYSTEM32;C:\WINDOWS\WinSxS\amd64_microsoft.windows.common-controls_6595b64144ccf1df_6.0.19041.1_none_b555e41d4684ddec;C:\Program Files\Java\jdk-20\bin\server

VM Arguments:
jvm_args: -agentlib:jdwp=transport=dt_socket,server=n,address=49742 
java_command: com.apm.API.AmusementParkManagerApplication
java_class_path (initial): C:\Repos\API\target\classes;C:\Users\Administrator\.m2\repository\org\springframework\boot\spring-boot-starter-data-jpa\2.7.11\spring-boot-starter-data-jpa-2.7.11.jar;C:\Users\Administrator\.m2\repository\org\springframework\boot\spring-boot-starter-aop\2.7.11\spring-boot-starter-aop-2.7.11.jar;C:\Users\Administrator\.m2\repository\org\springframework\spring-aop\5.3.27\spring-aop-5.3.27.jar;C:\Users\Administrator\.m2\repository\org\aspectj\aspectjweaver\1.9.7\aspectjweaver-1.9.7.jar;C:\Users\Administrator\.m2\repository\org\springframework\boot\spring-boot-starter-jdbc\2.7.11\spring-boot-starter-jdbc-2.7.11.jar;C:\Users\Administrator\.m2\repository\com\zaxxer\HikariCP\4.0.3\HikariCP-4.0.3.jar;C:\Users\Administrator\.m2\repository\org\springframework\spring-jdbc\5.3.27\spring-jdbc-5.3.27.jar;C:\Users\Administrator\.m2\repository\jakarta\transaction\jakarta.transaction-api\1.3.3\jakarta.transaction-api-1.3.3.jar;C:\Users\Administrator\.m2\repository\jakarta\persistence\jakarta.persistence-api\2.2.3\jakarta.persistence-api-2.2.3.jar;C:\Users\Administrator\.m2\repository\org\hibernate\hibernate-core\5.6.15.Final\hibernate-core-5.6.15.Final.jar;C:\Users\Administrator\.m2\repository\org\jboss\logging\jboss-logging\3.4.3.Final\jboss-logging-3.4.3.Final.jar;C:\Users\Administrator\.m2\repository\net\bytebuddy\byte-buddy\1.12.23\byte-buddy-1.12.23.jar;C:\Users\Administrator\.m2\repository\antlr\antlr\2.7.7\antlr-2.7.7.jar;C:\Users\Administrator\.m2\repository\org\jboss\jandex\2.4.2.Final\jandex-2.4.2.Final.jar;C:\Users\Administrator\.m2\repository\com\fasterxml\classmate\1.5.1\classmate-1.5.1.jar;C:\Users\Administrator\.m2\repository\org\hibernate\common\hibernate-commons-annotations\5.1.2.Final\hibernate-commons-annotations-5.1.2.Final.jar;C:\Users\Administrator\.m2\repository\org\glassfish\jaxb\jaxb-runtime\2.3.8\jaxb-runtime-2.3.8.jar;C:\Users\Administrator\.m2\repository\org\glassfish\jaxb\txw2\2.3.8\txw2-2.3.8.jar;C:\Users\Administrator\.m2\repository\com\sun\istack\istack-commons-runtime\3.0.12\istack-commons-runtime-3.0.12.jar;C:\Users\Administrator\.m2\repository\com\sun\activation\jakarta.activation\1.2.2\jakarta.activation-1.2.2.jar;C:\Users\Administrator\.m2\repository\org\springframework\data\spring-data-jpa\2.7.11\spring-data-jpa-2.7.11.jar;C:\Users\Administrator\.m2\repository\org\springframework\data\spring-data-commons\2.7.11\spring-data-commons-2.7.11.jar;C:\Users\Administrator\.m2\repository\org\springframework\spring-orm\5.3.27\spring-orm-5.3.27.jar;C:\Users\Administrator\.m2\repository\org\springframework\spring-context\5.3.27\spring-context-5.3.27.jar;C:\Users\Administrator\.m2\repository\org\springframework\spring-tx\5.3.27\spring-tx-5.3.27.jar;C:\Users\Administrator\.m2\repository\org\springframework\spring-beans\5.3.27\spring-beans-5.3.27.jar;C:\Users\Administrator\.m2\repository\org\slf4j\slf4j-api\1.7.36\slf4j-api-1.7.36.jar;C:\Users\Administrator\.m2\repository\org\springframework\spring-aspects\5.3.27\spring-aspects-5.3.27.jar;C:\Users\Administrator\.m2\repository\org\springframework\boot\spring-boot-starter-web\2.7.11\spring-boot-starter-web-2.7.11.jar;C:\Users\Administrator\.m2\repository\org\springframework\boot\spring-boot-starter\2.7.11\spring-boot-starter-2.7.11.jar;C:\Users\Administrator\.m2\repository\org\springframework\boot\spring-boot-starter-logging\2.7.11\spring-boot-starter-logging-2.7.11.jar;C:\Users\Administrator\.m2\repository\ch\qos\logback\logback-classic\1.2.12\logback-classic-1.2.12.jar;C:\Users\Administrator\.m2\repository\ch\qos\logback\logback-core\1.2.12\logback-core-1.2.12.jar;C:\Users\Administrator\.m2\repository\org\apache\logging\log4j\log4j-to-slf4j\2.17.2\log4j-to-slf4j-2.17.2.jar;C:\Users\Administrator\.m2\repository\org\apache\logging\log4j\log4j-api\2.17.2\log4j-api-2.17.2.jar;C:\Users\Administrator\.m2\repository\org\slf4j\jul-to-slf4j\1.7.36\jul-to-slf4j-1.7.36.jar;C:\Users\Administrator\.m2\repository\jakarta\annotation\jakarta.annotation-api\1.3.5\jakarta.annotation-api-1.3.5.jar;C:\Users\Administrator\.m2\repository\org\yaml\snakeyaml\1.30\snakeyaml-1.30.jar;C:\Users\Administrator\.m2\repository\org\springframework\boot\spring-boot-starter-json\2.7.11\spring-boot-starter-json-2.7.11.jar;C:\Users\Administrator\.m2\repository\com\fasterxml\jackson\core\jackson-databind\2.13.5\jackson-databind-2.13.5.jar;C:\Users\Administrator\.m2\repository\com\fasterxml\jackson\core\jackson-annotations\2.13.5\jackson-annotations-2.13.5.jar;C:\Users\Administrator\.m2\repository\com\fasterxml\jackson\core\jackson-core\2.13.5\jackson-core-2.13.5.jar;C:\Users\Administrator\.m2\repository\com\fasterxml\jackson\datatype\jackson-datatype-jdk8\2.13.5\jackson-datatype-jdk8-2.13.5.jar;C:\Users\Administrator\.m2\repository\com\fasterxml\jackson\datatype\jackson-datatype-jsr310\2.13.5\jackson-datatype-jsr310-2.13.5.jar;C:\Users\Administrator\.m2\repository\com\fasterxml\jackson\module\jackson-module-parameter-names\2.13.5\jackson-module-parameter-names-2.13.5.jar;C:\Users\Administrator\.m2\repository\org\springframework\boot\spring-boot-starter-tomcat\2.7.11\spring-boot-starter-tomcat-2.7.11.jar;C:\Users\Administrator\.m2\repository\org\apache\tomcat\embed\tomcat-embed-core\9.0.74\tomcat-embed-core-9.0.74.jar;C:\Users\Administrator\.m2\repository\org\apache\tomcat\embed\tomcat-embed-el\9.0.74\tomcat-embed-el-9.0.74.jar;C:\Users\Administrator\.m2\repository\org\apache\tomcat\embed\tomcat-embed-websocket\9.0.74\tomcat-embed-websocket-9.0.74.jar;C:\Users\Administrator\.m2\repository\org\springframework\spring-web\5.3.27\spring-web-5.3.27.jar;C:\Users\Administrator\.m2\repository\org\springframework\spring-webmvc\5.3.27\spring-webmvc-5.3.27.jar;C:\Users\Administrator\.m2\repository\org\springframework\spring-expression\5.3.27\spring-expression-5.3.27.jar;C:\Users\Administrator\.m2\repository\org\springframework\boot\spring-boot-devtools\2.7.11\spring-boot-devtools-2.7.11.jar;C:\Users\Administrator\.m2\repository\org\springframework\boot\spring-boot\2.7.11\spring-boot-2.7.11.jar;C:\Users\Administrator\.m2\repository\org\springframework\boot\spring-boot-autoconfigure\2.7.11\spring-boot-autoconfigure-2.7.11.jar;C:\Users\Administrator\.m2\repository\org\projectlombok\lombok\1.18.26\lombok-1.18.26.jar;C:\Users\Administrator\.m2\repository\jakarta\xml\bind\jakarta.xml.bind-api\2.3.3\jakarta.xml.bind-api-2.3.3.jar;C:\Users\Administrator\.m2\repository\jakarta\activation\jakarta.activation-api\1.2.2\jakarta.activation-api-1.2.2.jar;C:\Users\Administrator\.m2\repository\org\springframework\spring-core\5.3.27\spring-core-5.3.27.jar;C:\Users\Administrator\.m2\repository\org\springframework\spring-jcl\5.3.27\spring-jcl-5.3.27.jar;C:\Users\Administrator\.m2\repository\com\mysql\mysql-connector-j\8.0.33\mysql-connector-j-8.0.33.jar;C:\Users\Administrator\.m2\repository\org\eclipse\persistence\org.eclipse.persistence.core\2.7.10\org.eclipse.persistence.core-2.7.10.jar;C:\Users\Administrator\.m2\repository\org\eclipse\persistence\org.eclipse.persistence.asm\9.2.0\org.eclipse.persistence.asm-9.2.0.jar;C:\Users\Administrator\.m2\repository\org\eclipse\persistence\org.eclipse.persistence.antlr\2.7.10\org.eclipse.persistence.antlr-2.7.10.jar;C:\Users\Administrator\.m2\repository\org\eclipse\persistence\org.eclipse.persistence.jpa\2.7.10\org.eclipse.persistence.jpa-2.7.10.jar;C:\Users\Administrator\.m2\repository\org\eclipse\persistence\org.eclipse.persistence.jpa.jpql\2.7.10\org.eclipse.persistence.jpa.jpql-2.7.10.jar;C:\Users\Administrator\.m2\repository\org\eclipse\persistence\org.eclipse.persistence.moxy\2.7.10\org.eclipse.persistence.moxy-2.7.10.jar;C:\Users\Administrator\.m2\repository\org\eclipse\persistence\jakarta.persistence\2.2.3\jakarta.persistence-2.2.3.jar
Launcher Type: SUN_STANDARD

[Global flags]
     intx CICompilerCount                          = 3                                         {product} {ergonomic}
     uint ConcGCThreads                            = 1                                         {product} {ergonomic}
     uint G1ConcRefinementThreads                  = 4                                         {product} {ergonomic}
   size_t G1HeapRegionSize                         = 1048576                                   {product} {ergonomic}
    uintx GCDrainStackTargetSize                   = 64                                        {product} {ergonomic}
   size_t InitialHeapSize                          = 134217728                                 {product} {ergonomic}
   size_t MarkStackSize                            = 4194304                                   {product} {ergonomic}
   size_t MaxHeapSize                              = 2116026368                                {product} {ergonomic}
   size_t MaxNewSize                               = 1268776960                                {product} {ergonomic}
   size_t MinHeapDeltaBytes                        = 1048576                                   {product} {ergonomic}
   size_t MinHeapSize                              = 8388608                                   {product} {ergonomic}
    uintx NonNMethodCodeHeapSize                   = 5832780                                {pd product} {ergonomic}
    uintx NonProfiledCodeHeapSize                  = 122912730                              {pd product} {ergonomic}
    uintx ProfiledCodeHeapSize                     = 122912730                              {pd product} {ergonomic}
    uintx ReservedCodeCacheSize                    = 251658240                              {pd product} {ergonomic}
     bool SegmentedCodeCache                       = true                                      {product} {ergonomic}
   size_t SoftMaxHeapSize                          = 2116026368                             {manageable} {ergonomic}
     bool UseCompressedClassPointers               = true                           {product lp64_product} {ergonomic}
     bool UseCompressedOops                        = true                           {product lp64_product} {ergonomic}
     bool UseG1GC                                  = true                                      {product} {ergonomic}
     bool UseLargePagesIndividualAllocation        = false                                  {pd product} {ergonomic}

Logging:
Log output configuration:
 #0: stdout all=warning uptime,level,tags foldmultilines=false
 #1: stderr all=off uptime,level,tags foldmultilines=false

Environment Variables:
JAVA_HOME=C:\Program Files\Java\jdk-20
PATH=C:\Program Files\Common Files\Oracle\Java\javapath;C:\WINDOWS\system32;C:\WINDOWS;C:\WINDOWS\System32\Wbem;C:\WINDOWS\System32\WindowsPowerShell\v1.0\;C:\WINDOWS\System32\OpenSSH\;C:\Users\Administrator\AppData\Local\Microsoft\WindowsApps;C:\Users\Administrator\AppData\Local\Programs\Microsoft VS Code\bin;C:\adb;C:\WINDOWS\system32;C:\WINDOWS;C:\WINDOWS\System32\Wbem;C:\WINDOWS\System32\WindowsPowerShell\v1.0\;C:\WINDOWS\System32\OpenSSH\;C:\Program Files\Microsoft VS Code\bin;C:\Program Files\Git\cmd;C:\Program Files\Java\apache-maven-3.9.0\bin;C:\Program Files\Java\jdk1.8.0_60\bin;C:\Program Files\Java\jre1.8.0_361\bin;C:\Program Files\nodejs\;C:\Users\Administrator\AppData\Local\Microsoft\WindowsApps;C:\Users\Administrator\AppData\Roaming\npm
USERNAME=Administrator
OS=Windows_NT
PROCESSOR_IDENTIFIER=Intel64 Family 6 Model 61 Stepping 4, GenuineIntel
TMP=C:\Users\ADMINI~1\AppData\Local\Temp
TEMP=C:\Users\ADMINI~1\AppData\Local\Temp




---------------  S Y S T E M  ---------------

OS:
 Windows 10 , 64 bit Build 19041 (10.0.19041.1)
OS uptime: 0 days 3:42 hours

CPU: total 4 (initial active 4) (2 cores per cpu, 2 threads per core) family 6 model 61 stepping 4 microcode 0x2d, cx8, cmov, fxsr, ht, mmx, 3dnowpref, sse, sse2, sse3, ssse3, sse4.1, sse4.2, popcnt, lzcnt, tsc, tscinvbit, avx, avx2, aes, erms, clmul, bmi1, bmi2, rtm, adx, fma, vzeroupper, clflush, rdtscp, f16c

Memory: 4k page, system-wide physical 8064M (1882M free)
TotalPageFile size 11264M (AvailPageFile size 3692M)
current process WorkingSet (physical memory assigned to process): 128M, peak: 129M
current process commit charge ("private bytes"): 253M, peak: 254M

vm_info: Java HotSpot(TM) 64-Bit Server VM (20.0.1+9-29) for windows-amd64 JRE (20.0.1+9-29), built on 2023-03-07T13:56:11Z by "mach5one" with MS VC++ 17.1 (VS2022)

END.
