#
# A fatal error has been detected by the Java Runtime Environment:
#
#  EXCEPTION_ACCESS_VIOLATION (0xc0000005) at pc=0x00007ffe5c8f3a38, pid=1576, tid=4600
#
# JRE version: Java(TM) SE Runtime Environment (20.0.1+9) (build 20.0.1+9-29)
# Java VM: Java HotSpot(TM) 64-Bit Server VM (20.0.1+9-29, mixed mode, sharing, tiered, compressed oops, compressed class ptrs, g1 gc, windows-amd64)
# Problematic frame:
# V  [jvm.dll+0x5c3a38]
#
# No core dump will be written. Minidumps are not enabled by default on client versions of Windows
#
# If you would like to submit a bug report, please visit:
#   https://bugreport.java.com/bugreport/crash.jsp
#

---------------  S U M M A R Y ------------

Command Line: -agentlib:jdwp=transport=dt_socket,server=n,address=49715 com.apm.API.AmusementParkManagerApplication

Host: Intel(R) Core(TM) i5-5300U CPU @ 2.30GHz, 4 cores, 7G,  Windows 10 , 64 bit Build 19041 (10.0.19041.1)
Time: Sun Jun 25 00:12:04 2023 Hora estándar de Argentina elapsed time: 12.226215 seconds (0d 0h 0m 12s)

---------------  T H R E A D  ---------------

Current thread (0x0000015905f4ce20):  JavaThread "C2 CompilerThread1" daemon [_thread_in_native, id=4600, stack(0x0000002059800000,0x0000002059900000)]


Current CompileTask:
C2:  12226 4984       4       java.lang.Class::getMethodsRecursive (99 bytes)

Stack: [0x0000002059800000,0x0000002059900000],  sp=0x00000020598fb920,  free space=1006k
Native frames: (J=compiled Java code, j=interpreted, Vv=VM code, C=native code)
V  [jvm.dll+0x5c3a38]
V  [jvm.dll+0x1e6ad0]
V  [jvm.dll+0x24b3ab]
V  [jvm.dll+0x24a651]
V  [jvm.dll+0x1ce491]
V  [jvm.dll+0x259e1b]
V  [jvm.dll+0x2584f0]
V  [jvm.dll+0x3f2895]
V  [jvm.dll+0x7f4b56]
V  [jvm.dll+0x6ba5cb]
C  [ucrtbase.dll+0x21542]
C  [KERNEL32.DLL+0x16fd4]
C  [ntdll.dll+0x4cf31]


siginfo: EXCEPTION_ACCESS_VIOLATION (0xc0000005), reading address 0x0000013f00000000


Registers:
RAX=0x0000015904762298, RBX=0x00000020598fbb30, RCX=0x0000000000000000, RDX=0x0000000000000001
RSP=0x00000020598fb920, RBP=0x0000000000000001, RSI=0x0000000000000010, RDI=0x0000000000000000
R8 =0x0000013f00000000, R9 =0x0000000000000000, R10=0x00007ffe5cee11d0, R11=0x00000020598fb918
R12=0x0000000000000006, R13=0x0000015904762288, R14=0x0000015905230eb0, R15=0x000001597ea8dd70
RIP=0x00007ffe5c8f3a38, EFLAGS=0x0000000000010246


Register to memory mapping:

RIP=0x00007ffe5c8f3a38 jvm.dll
RAX=0x0000015904762298 points into unknown readable memory: 0x00000159051def00 | 00 ef 1d 05 59 01 00 00
RBX=0x00000020598fbb30 is pointing into the stack for thread: 0x0000015905f4ce20
RCX=0x0 is NULL
RDX=0x0000000000000001 is an unknown value
RSP=0x00000020598fb920 is pointing into the stack for thread: 0x0000015905f4ce20
RBP=0x0000000000000001 is an unknown value
RSI=0x0000000000000010 is an unknown value
RDI=0x0 is NULL
R8 =0x0000013f00000000 is an unknown value
R9 =0x0 is NULL
R10=0x00007ffe5cee11d0 jvm.dll
R11=0x00000020598fb918 is pointing into the stack for thread: 0x0000015905f4ce20
R12=0x0000000000000006 is an unknown value
R13=0x0000015904762288 points into unknown readable memory: 0x0000000200000015 | 15 00 00 00 02 00 00 00
R14=0x0000015905230eb0 points into unknown readable memory: 0x00007ffe5cc02360 | 60 23 c0 5c fe 7f 00 00
R15=0x000001597ea8dd70 points into unknown readable memory: 0x000000020000000a | 0a 00 00 00 02 00 00 00


Top of Stack: (sp=0x00000020598fb920)
0x00000020598fb920:   00000020598fbb30 000001597e334cc0
0x00000020598fb930:   000001597ea8dd70 000001597e334cc0
0x00000020598fb940:   000001597ec228b8 0000015904762288
0x00000020598fb950:   0000000000000008 000001590468be00
0x00000020598fb960:   000001590508b3c0 00000000000c5ca8
0x00000020598fb970:   00000159050926f0 00000159050933a8
0x00000020598fb980:   0000015900000010 0000015904762a28
0x00000020598fb990:   0000000000000010 000001590468be00
0x00000020598fb9a0:   0000000000028430 0000015904052ac0
0x00000020598fb9b0:   00000020598fbf50 0000000000000001
0x00000020598fb9c0:   0000015904052ad0 0000000000000000
0x00000020598fb9d0:   0000015904052ea8 00000020598fbaf0
0x00000020598fb9e0:   00000020598fbe70 00007ffe5c516ad0
0x00000020598fb9f0:   000000200000008f 0000002000000007
0x00000020598fba00:   000001597e334cc0 000001597ec228f8
0x00000020598fba10:   0000000000000000 0000015900000001
0x00000020598fba20:   0000000000000007 0000015904052ac0
0x00000020598fba30:   00000159051dae90 00000159051df4c0
0x00000020598fba40:   00000159051e2e78 00000000000823d8
0x00000020598fba50:   0000015904052ad0 0000000000000000
0x00000020598fba60:   0000000000000000 0000000000000000
0x00000020598fba70:   0000000000000000 0000000000000000
0x00000020598fba80:   0000000000000000 00007ffe5cc890c0
0x00000020598fba90:   0000000000000000 0000000000000000
0x00000020598fbaa0:   0000000000000000 00007ffe5cc890c0
0x00000020598fbab0:   00000020598fbb00 0000015940d5e58a
0x00000020598fbac0:   000000000000000c 00000020598fe3b0
0x00000020598fbad0:   0000015904a96fd0 00007ffe5c3f2a00
0x00000020598fbae0:   000001597eb50350 00000159000003aa
0x00000020598fbaf0:   00000020598fba20 0000015904052ad0
0x00000020598fbb00:   00007ffe5cc89090 000000000000000d
0x00000020598fbb10:   00000020598fe3b0 00000020598fbe70 

Instructions: (pc=0x00007ffe5c8f3a38)
0x00007ffe5c8f3938:   0f b6 cf ba 01 00 00 00 48 c1 ef 06 80 e1 3f 83
0x00007ffe5c8f3948:   e7 03 48 d3 e2 49 8b 0c f8 48 8b c1 48 0b c2 49
0x00007ffe5c8f3958:   89 04 f8 48 8b bc 24 e0 00 00 00 48 85 ca 75 03
0x00007ffe5c8f3968:   41 ff 07 49 8b 45 08 48 8b ce 48 c1 e9 08 4c 8b
0x00007ffe5c8f3978:   ce 49 c1 e9 06 41 b8 01 00 00 00 41 83 e1 03 48
0x00007ffe5c8f3988:   8b 14 c8 40 0f b6 ce 80 e1 3f 49 d3 e0 49 8b c0
0x00007ffe5c8f3998:   4a 8b 0c ca 48 f7 d0 48 23 c1 4a 89 04 ca 49 85
0x00007ffe5c8f39a8:   c8 74 04 41 ff 4d 00 41 8b 46 18 83 f8 01 0f 86
0x00007ffe5c8f39b8:   a9 00 00 00 be 08 00 00 00 8d 68 ff 0f 1f 40 00
0x00007ffe5c8f39c8:   0f 1f 84 00 00 00 00 00 49 8b 46 08 48 8b 0c 06
0x00007ffe5c8f39d8:   48 8b 43 40 8b 51 28 48 8b 48 78 48 39 3c d1 74
0x00007ffe5c8f39e8:   6e 48 8b 43 48 48 63 d2 48 8b 48 08 8b 14 91 85
0x00007ffe5c8f39f8:   d2 74 5c 49 8b 45 08 8b ca 48 c1 e9 08 8b fa 4c
0x00007ffe5c8f3a08:   8b 04 c8 4d 3b c2 75 12 49 8b cd e8 28 c7 df ff
0x00007ffe5c8f3a18:   4c 8b c0 4c 8d 15 ae d7 5e 00 40 0f b6 cf ba 01
0x00007ffe5c8f3a28:   00 00 00 48 c1 ef 06 80 e1 3f 83 e7 03 48 d3 e2
0x00007ffe5c8f3a38:   49 8b 0c f8 48 8b c1 48 0b c2 49 89 04 f8 48 8b
0x00007ffe5c8f3a48:   bc 24 e0 00 00 00 48 85 ca 75 04 41 ff 45 00 48
0x00007ffe5c8f3a58:   83 c6 08 48 83 ed 01 0f 85 6b ff ff ff 44 89 a4
0x00007ffe5c8f3a68:   24 d8 00 00 00 45 8b f4 41 83 fc 01 0f 87 5b fe
0x00007ffe5c8f3a78:   ff ff eb 08 44 8b b4 24 d8 00 00 00 45 33 e4 41
0x00007ffe5c8f3a88:   8b ee 45 85 f6 0f 84 d5 00 00 00 8d 45 ff 8b e8
0x00007ffe5c8f3a98:   3b 47 18 73 0c 8b c8 48 8b 47 20 48 8b 14 c8 eb
0x00007ffe5c8f3aa8:   03 49 8b d4 48 8b 43 48 48 63 52 28 48 8b 48 08
0x00007ffe5c8f3ab8:   8b 34 91 85 f6 74 5d 49 8b 47 08 8b ce 48 c1 e9
0x00007ffe5c8f3ac8:   08 8b fe 4c 8b 04 c8 4d 3b c2 75 14 8b d6 49 8b
0x00007ffe5c8f3ad8:   cf e8 62 c6 df ff 4c 8b c0 4c 8d 15 e8 d6 5e 00
0x00007ffe5c8f3ae8:   40 0f b6 cf ba 01 00 00 00 48 c1 ef 06 80 e1 3f
0x00007ffe5c8f3af8:   83 e7 03 48 d3 e2 49 8b 0c f8 48 8b c1 48 0b c2
0x00007ffe5c8f3b08:   49 89 04 f8 48 8b bc 24 e0 00 00 00 48 85 ca 75
0x00007ffe5c8f3b18:   03 41 ff 07 49 8b 45 08 48 8b ce 48 c1 e9 08 4c
0x00007ffe5c8f3b28:   8b ce 49 c1 e9 06 41 b8 01 00 00 00 41 83 e1 03 


Stack slot to memory mapping:
stack at sp + 0 slots: 0x00000020598fbb30 is pointing into the stack for thread: 0x0000015905f4ce20
stack at sp + 1 slots: 0x000001597e334cc0 points into unknown readable memory: 0x00007ffe5cc75b90 | 90 5b c7 5c fe 7f 00 00
stack at sp + 2 slots: 0x000001597ea8dd70 points into unknown readable memory: 0x000000020000000a | 0a 00 00 00 02 00 00 00
stack at sp + 3 slots: 0x000001597e334cc0 points into unknown readable memory: 0x00007ffe5cc75b90 | 90 5b c7 5c fe 7f 00 00
stack at sp + 4 slots: 0x000001597ec228b8 points into unknown readable memory: 0x0000015905f4ce20 | 20 ce f4 05 59 01 00 00
stack at sp + 5 slots: 0x0000015904762288 points into unknown readable memory: 0x0000000200000015 | 15 00 00 00 02 00 00 00
stack at sp + 6 slots: 0x0000000000000008 is an unknown value
stack at sp + 7 slots: 0x000001590468be00 points into unknown readable memory: 0x75730025bd0f0007 | 07 00 0f bd 25 00 73 75


---------------  P R O C E S S  ---------------

Threads class SMR info:
_java_thread_list=0x0000015905bb2120, length=23, elements={
0x000001596206ae90, 0x000001597e18b0a0, 0x000001597e18c040, 0x000001597e192d50,
0x000001597e194920, 0x000001597e195260, 0x000001597e195d40, 0x000001597e1994e0,
0x000001597e1ae590, 0x000001597e40c6d0, 0x000001597e421ea0, 0x000001597e422400,
0x000001597e42a920, 0x000001597e450aa0, 0x000001597eb97d70, 0x0000015904034590,
0x00000159054de3c0, 0x00000159054de910, 0x0000015906145eb0, 0x0000015906a00690,
0x0000015905f4ce20, 0x0000015905694050, 0x0000015905693060
}

Java Threads: ( => current thread )
  0x000001596206ae90 JavaThread "main" [_thread_blocked, id=6052, stack(0x0000002057900000,0x0000002057a00000)]
  0x000001597e18b0a0 JavaThread "Reference Handler" daemon [_thread_blocked, id=8828, stack(0x0000002058000000,0x0000002058100000)]
  0x000001597e18c040 JavaThread "Finalizer" daemon [_thread_blocked, id=5408, stack(0x0000002058100000,0x0000002058200000)]
  0x000001597e192d50 JavaThread "Signal Dispatcher" daemon [_thread_blocked, id=7560, stack(0x0000002058200000,0x0000002058300000)]
  0x000001597e194920 JavaThread "Attach Listener" daemon [_thread_blocked, id=7720, stack(0x0000002058300000,0x0000002058400000)]
  0x000001597e195260 JavaThread "Service Thread" daemon [_thread_blocked, id=9212, stack(0x0000002058400000,0x0000002058500000)]
  0x000001597e195d40 JavaThread "Monitor Deflation Thread" daemon [_thread_blocked, id=2920, stack(0x0000002058500000,0x0000002058600000)]
  0x000001597e1994e0 JavaThread "C2 CompilerThread0" daemon [_thread_in_native, id=5708, stack(0x0000002058600000,0x0000002058700000)]
  0x000001597e1ae590 JavaThread "C1 CompilerThread0" daemon [_thread_blocked, id=6104, stack(0x0000002058700000,0x0000002058800000)]
  0x000001597e40c6d0 JavaThread "JDWP Transport Listener: dt_socket" daemon [_thread_blocked, id=10100, stack(0x0000002058800000,0x0000002058900000)]
  0x000001597e421ea0 JavaThread "JDWP Event Helper Thread" daemon [_thread_blocked, id=3228, stack(0x0000002058900000,0x0000002058a00000)]
  0x000001597e422400 JavaThread "JDWP Command Reader" daemon [_thread_in_native, id=6492, stack(0x0000002058a00000,0x0000002058b00000)]
  0x000001597e42a920 JavaThread "Notification Thread" daemon [_thread_blocked, id=8056, stack(0x0000002058b00000,0x0000002058c00000)]
  0x000001597e450aa0 JavaThread "Common-Cleaner" daemon [_thread_blocked, id=7976, stack(0x0000002058d00000,0x0000002058e00000)]
  0x000001597eb97d70 JavaThread "Thread-0" [_thread_blocked, id=3560, stack(0x0000002059200000,0x0000002059300000)]
  0x0000015904034590 JavaThread "restartedMain" [_thread_in_native, id=6924, stack(0x0000002059300000,0x0000002059400000)]
  0x00000159054de3c0 JavaThread "Catalina-utility-1" [_thread_blocked, id=3348, stack(0x0000002059400000,0x0000002059500000)]
  0x00000159054de910 JavaThread "Catalina-utility-2" [_thread_blocked, id=4768, stack(0x0000002059500000,0x0000002059600000)]
  0x0000015906145eb0 JavaThread "container-0" [_thread_blocked, id=2536, stack(0x0000002059600000,0x0000002059700000)]
  0x0000015906a00690 JavaThread "mysql-cj-abandoned-connection-cleanup" daemon [_thread_blocked, id=7252, stack(0x0000002059700000,0x0000002059800000)]
=>0x0000015905f4ce20 JavaThread "C2 CompilerThread1" daemon [_thread_in_native, id=4600, stack(0x0000002059800000,0x0000002059900000)]
  0x0000015905694050 JavaThread "HikariPool-1 housekeeper" daemon [_thread_blocked, id=9320, stack(0x0000002059900000,0x0000002059a00000)]
  0x0000015905693060 JavaThread "HikariPool-1 connection adder" daemon [_thread_blocked, id=8324, stack(0x0000002059a00000,0x0000002059b00000)]

Other Threads:
  0x000001597e16bb80 VMThread "VM Thread" [stack: 0x0000002057f00000,0x0000002058000000] [id=2700]
  0x000001597e44ae80 WatcherThread "VM Periodic Task Thread" [stack: 0x0000002058c00000,0x0000002058d00000] [id=4464]
  0x00000159620c9f40 WorkerThread "GC Thread#0" [stack: 0x0000002057a00000,0x0000002057b00000] [id=4456]
  0x000001597eadf280 WorkerThread "GC Thread#1" [stack: 0x0000002058f00000,0x0000002059000000] [id=360]
  0x000001597eadf550 WorkerThread "GC Thread#2" [stack: 0x0000002059000000,0x0000002059100000] [id=5104]
  0x000001597eb87f10 WorkerThread "GC Thread#3" [stack: 0x0000002059100000,0x0000002059200000] [id=6420]
  0x00000159620daa90 ConcurrentGCThread "G1 Main Marker" [stack: 0x0000002057b00000,0x0000002057c00000] [id=8000]
  0x00000159620db660 WorkerThread "G1 Conc#0" [stack: 0x0000002057c00000,0x0000002057d00000] [id=900]
  0x0000015962129910 ConcurrentGCThread "G1 Refine#0" [stack: 0x0000002057d00000,0x0000002057e00000] [id=6572]
  0x000001597e0238c0 ConcurrentGCThread "G1 Service" [stack: 0x0000002057e00000,0x0000002057f00000] [id=2720]

Threads with active compile tasks:
C2 CompilerThread0    12344 4985   !   4       org.springframework.core.annotation.AnnotationsScanner::processClassHierarchy (227 bytes)
C2 CompilerThread1    12344 4984       4       java.lang.Class::getMethodsRecursive (99 bytes)

VM state: not at safepoint (normal execution)

VM Mutex/Monitor currently owned by a thread: None

Heap address: 0x0000000081e00000, size: 2018 MB, Compressed Oops mode: 32-bit

CDS archive(s) mapped at: [0x0000000800000000-0x0000000800c60000-0x0000000800c60000), size 12976128, SharedBaseAddress: 0x0000000800000000, ArchiveRelocationMode: 0.
Compressed class space mapped at: 0x0000000801000000-0x0000000841000000, reserved size: 1073741824
Narrow klass base: 0x0000000800000000, Narrow klass shift: 0, Narrow klass range: 0x100000000

GC Precious Log:
 CardTable entry size: 512
 Card Set container configuration: InlinePtr #cards 5 size 8 Array Of Cards #cards 12 size 40 Howl #buckets 4 coarsen threshold 1843 Howl Bitmap #cards 512 size 80 coarsen threshold 460 Card regions per heap region 1 cards per card region 2048
 CPUs: 4 total, 4 available
 Memory: 8064M
 Large Page Support: Disabled
 NUMA Support: Disabled
 Compressed Oops: Enabled (32-bit)
 Heap Region Size: 1M
 Heap Min Capacity: 8M
 Heap Initial Capacity: 128M
 Heap Max Capacity: 2018M
 Pre-touch: Disabled
 Parallel Workers: 4
 Concurrent Workers: 1
 Concurrent Refinement Workers: 4
 Periodic GC: Disabled

Heap:
 garbage-first heap   total 48128K, used 30658K [0x0000000081e00000, 0x0000000100000000)
  region size 1024K, 12 young (12288K), 2 survivors (2048K)
 Metaspace       used 52350K, committed 52800K, reserved 1114112K
  class space    used 6719K, committed 6912K, reserved 1048576K

Heap Regions: E=young(eden), S=young(survivor), O=old, HS=humongous(starts), HC=humongous(continues), CS=collection set, F=free, OA=open archive, CA=closed archive, TAMS=top-at-mark-start, PB=parsable bottom
|   0|0x0000000081e00000, 0x0000000081f00000, 0x0000000081f00000|100%|HS|  |TAMS 0x0000000081e00000| PB 0x0000000081e00000| Complete 
|   1|0x0000000081f00000, 0x0000000082000000, 0x0000000082000000|100%| O|  |TAMS 0x0000000081f00000| PB 0x0000000081f00000| Untracked 
|   2|0x0000000082000000, 0x0000000082100000, 0x0000000082100000|100%| O|  |TAMS 0x0000000082000000| PB 0x0000000082000000| Untracked 
|   3|0x0000000082100000, 0x0000000082200000, 0x0000000082200000|100%| O|  |TAMS 0x0000000082100000| PB 0x0000000082100000| Untracked 
|   4|0x0000000082200000, 0x0000000082300000, 0x0000000082300000|100%| O|  |TAMS 0x0000000082200000| PB 0x0000000082200000| Untracked 
|   5|0x0000000082300000, 0x0000000082400000, 0x0000000082400000|100%| O|  |TAMS 0x0000000082300000| PB 0x0000000082300000| Untracked 
|   6|0x0000000082400000, 0x0000000082500000, 0x0000000082500000|100%| O|  |TAMS 0x0000000082400000| PB 0x0000000082400000| Untracked 
|   7|0x0000000082500000, 0x0000000082600000, 0x0000000082600000|100%| O|  |TAMS 0x0000000082500000| PB 0x0000000082500000| Untracked 
|   8|0x0000000082600000, 0x0000000082700000, 0x0000000082700000|100%| O|  |TAMS 0x0000000082600000| PB 0x0000000082600000| Untracked 
|   9|0x0000000082700000, 0x0000000082800000, 0x0000000082800000|100%| O|  |TAMS 0x0000000082700000| PB 0x0000000082700000| Untracked 
|  10|0x0000000082800000, 0x0000000082900000, 0x0000000082900000|100%| O|  |TAMS 0x0000000082800000| PB 0x0000000082800000| Untracked 
|  11|0x0000000082900000, 0x0000000082a00000, 0x0000000082a00000|100%| O|  |TAMS 0x0000000082900000| PB 0x0000000082900000| Untracked 
|  12|0x0000000082a00000, 0x0000000082a00000, 0x0000000082b00000|  0%| F|  |TAMS 0x0000000082a00000| PB 0x0000000082a00000| Untracked 
|  13|0x0000000082b00000, 0x0000000082c00000, 0x0000000082c00000|100%| O|  |TAMS 0x0000000082b00000| PB 0x0000000082b00000| Untracked 
|  14|0x0000000082c00000, 0x0000000082d00000, 0x0000000082d00000|100%| O|  |TAMS 0x0000000082c00000| PB 0x0000000082c00000| Untracked 
|  15|0x0000000082d00000, 0x0000000082e00000, 0x0000000082e00000|100%| O|  |TAMS 0x0000000082d00000| PB 0x0000000082d00000| Untracked 
|  16|0x0000000082e00000, 0x0000000082f00000, 0x0000000082f00000|100%| O|  |TAMS 0x0000000082e00000| PB 0x0000000082e00000| Untracked 
|  17|0x0000000082f00000, 0x0000000083000000, 0x0000000083000000|100%| O|  |TAMS 0x0000000082f00000| PB 0x0000000082f00000| Untracked 
|  18|0x0000000083000000, 0x0000000083099400, 0x0000000083100000| 59%| O|  |TAMS 0x0000000083000000| PB 0x0000000083000000| Untracked 
|  19|0x0000000083100000, 0x0000000083200000, 0x0000000083200000|100%| O|  |TAMS 0x0000000083100000| PB 0x0000000083100000| Untracked 
|  20|0x0000000083200000, 0x0000000083300000, 0x0000000083300000|100%| O|  |TAMS 0x0000000083200000| PB 0x0000000083200000| Untracked 
|  21|0x0000000083300000, 0x0000000083300000, 0x0000000083400000|  0%| F|  |TAMS 0x0000000083300000| PB 0x0000000083300000| Untracked 
|  22|0x0000000083400000, 0x0000000083400000, 0x0000000083500000|  0%| F|  |TAMS 0x0000000083400000| PB 0x0000000083400000| Untracked 
|  23|0x0000000083500000, 0x0000000083500000, 0x0000000083600000|  0%| F|  |TAMS 0x0000000083500000| PB 0x0000000083500000| Untracked 
|  24|0x0000000083600000, 0x0000000083600000, 0x0000000083700000|  0%| F|  |TAMS 0x0000000083600000| PB 0x0000000083600000| Untracked 
|  25|0x0000000083700000, 0x0000000083700000, 0x0000000083800000|  0%| F|  |TAMS 0x0000000083700000| PB 0x0000000083700000| Untracked 
|  26|0x0000000083800000, 0x00000000838576d0, 0x0000000083900000| 34%| S|CS|TAMS 0x0000000083800000| PB 0x0000000083800000| Complete 
|  27|0x0000000083900000, 0x0000000083a00000, 0x0000000083a00000|100%| S|CS|TAMS 0x0000000083900000| PB 0x0000000083900000| Complete 
|  28|0x0000000083a00000, 0x0000000083a00000, 0x0000000083b00000|  0%| F|  |TAMS 0x0000000083a00000| PB 0x0000000083a00000| Untracked 
|  29|0x0000000083b00000, 0x0000000083b00000, 0x0000000083c00000|  0%| F|  |TAMS 0x0000000083b00000| PB 0x0000000083b00000| Untracked 
|  30|0x0000000083c00000, 0x0000000083c00000, 0x0000000083d00000|  0%| F|  |TAMS 0x0000000083c00000| PB 0x0000000083c00000| Untracked 
|  31|0x0000000083d00000, 0x0000000083d00000, 0x0000000083e00000|  0%| F|  |TAMS 0x0000000083d00000| PB 0x0000000083d00000| Untracked 
|  32|0x0000000083e00000, 0x0000000083e00000, 0x0000000083f00000|  0%| F|  |TAMS 0x0000000083e00000| PB 0x0000000083e00000| Untracked 
|  33|0x0000000083f00000, 0x0000000083f00000, 0x0000000084000000|  0%| F|  |TAMS 0x0000000083f00000| PB 0x0000000083f00000| Untracked 
|  34|0x0000000084000000, 0x0000000084000000, 0x0000000084100000|  0%| F|  |TAMS 0x0000000084000000| PB 0x0000000084000000| Untracked 
|  35|0x0000000084100000, 0x0000000084100000, 0x0000000084200000|  0%| F|  |TAMS 0x0000000084100000| PB 0x0000000084100000| Untracked 
|  36|0x0000000084200000, 0x0000000084200000, 0x0000000084300000|  0%| F|  |TAMS 0x0000000084200000| PB 0x0000000084200000| Untracked 
|  37|0x0000000084300000, 0x0000000084400000, 0x0000000084400000|100%| E|  |TAMS 0x0000000084300000| PB 0x0000000084300000| Complete 
|  38|0x0000000084400000, 0x0000000084500000, 0x0000000084500000|100%| E|CS|TAMS 0x0000000084400000| PB 0x0000000084400000| Complete 
|  39|0x0000000084500000, 0x0000000084600000, 0x0000000084600000|100%| E|CS|TAMS 0x0000000084500000| PB 0x0000000084500000| Complete 
|  71|0x0000000086500000, 0x0000000086600000, 0x0000000086600000|100%| E|CS|TAMS 0x0000000086500000| PB 0x0000000086500000| Complete 
|  72|0x0000000086600000, 0x0000000086700000, 0x0000000086700000|100%| E|CS|TAMS 0x0000000086600000| PB 0x0000000086600000| Complete 
|  73|0x0000000086700000, 0x0000000086800000, 0x0000000086800000|100%| E|CS|TAMS 0x0000000086700000| PB 0x0000000086700000| Complete 
|  74|0x0000000086800000, 0x0000000086900000, 0x0000000086900000|100%| E|CS|TAMS 0x0000000086800000| PB 0x0000000086800000| Complete 
|  75|0x0000000086900000, 0x0000000086a00000, 0x0000000086a00000|100%| E|CS|TAMS 0x0000000086900000| PB 0x0000000086900000| Complete 
|  76|0x0000000086a00000, 0x0000000086b00000, 0x0000000086b00000|100%| E|CS|TAMS 0x0000000086a00000| PB 0x0000000086a00000| Complete 
| 127|0x0000000089d00000, 0x0000000089e00000, 0x0000000089e00000|100%| E|CS|TAMS 0x0000000089d00000| PB 0x0000000089d00000| Complete 

Card table byte_map: [0x0000015979520000,0x0000015979920000] _byte_map_base: 0x0000015979111000

Marking Bits: (CMBitMap*) 0x00000159620ca570
 Bits: [0x0000015979d20000, 0x000001597bca8000)

Polling page: 0x00000159601e0000

Metaspace:

Usage:
  Non-class:     44.58 MB used.
      Class:      6.56 MB used.
       Both:     51.14 MB used.

Virtual space:
  Non-class space:       64.00 MB reserved,      44.81 MB ( 70%) committed,  1 nodes.
      Class space:        1.00 GB reserved,       6.75 MB ( <1%) committed,  1 nodes.
             Both:        1.06 GB reserved,      51.56 MB (  5%) committed. 

Chunk freelists:
   Non-Class:  2.95 MB
       Class:  1.27 MB
        Both:  4.22 MB

MaxMetaspaceSize: unlimited
CompressedClassSpaceSize: 1.00 GB
Initial GC threshold: 21.00 MB
Current GC threshold: 59.31 MB
CDS: on
MetaspaceReclaimPolicy: balanced
 - commit_granule_bytes: 65536.
 - commit_granule_words: 8192.
 - virtual_space_node_default_size: 8388608.
 - enlarge_chunks_in_place: 1.
 - new_chunks_are_fully_committed: 0.
 - uncommit_free_chunks: 1.
 - use_allocation_guard: 0.


Internal statistics:

num_allocs_failed_limit: 9.
num_arena_births: 448.
num_arena_deaths: 0.
num_vsnodes_births: 2.
num_vsnodes_deaths: 0.
num_space_committed: 825.
num_space_uncommitted: 0.
num_chunks_returned_to_freelist: 9.
num_chunks_taken_from_freelist: 2123.
num_chunk_merges: 6.
num_chunk_splits: 1534.
num_chunks_enlarged: 1268.
num_inconsistent_stats: 0.

CodeHeap 'non-profiled nmethods': size=120000Kb used=2695Kb max_used=2695Kb free=117304Kb
 bounds [0x0000015971bf0000, 0x0000015971ea0000, 0x0000015979120000]
CodeHeap 'profiled nmethods': size=120000Kb used=9708Kb max_used=9708Kb free=110291Kb
 bounds [0x000001596a120000, 0x000001596aaa0000, 0x0000015971650000]
CodeHeap 'non-nmethods': size=5760Kb used=1772Kb max_used=1772Kb free=3987Kb
 bounds [0x0000015971650000, 0x00000159718c0000, 0x0000015971bf0000]
 total_blobs=5268 nmethods=4605 adapters=570
 compilation: enabled
              stopped_count=0, restarted_count=0
 full_count=0

Compilation events (20 events):
Event: 12.204 Thread 0x000001597e1ae590 nmethod 5020 0x000001596aa80890 code [0x000001596aa80a20, 0x000001596aa80b38]
Event: 12.205 Thread 0x000001597e1ae590 5021       3       java.lang.System$2::getConstantPool (5 bytes)
Event: 12.205 Thread 0x000001597e1ae590 nmethod 5021 0x000001596aa80c10 code [0x000001596aa80da0, 0x000001596aa80ee8]
Event: 12.206 Thread 0x000001597e1ae590 5023       2       org.springframework.core.ResolvableType::isInstance (21 bytes)
Event: 12.206 Thread 0x000001597e1ae590 nmethod 5023 0x000001596aa80f90 code [0x000001596aa81120, 0x000001596aa812a8]
Event: 12.206 Thread 0x000001597e1ae590 5025       3       org.springframework.beans.factory.support.AbstractAutowireCapableBeanFactory::determineTargetType (60 bytes)
Event: 12.207 Thread 0x000001597e1ae590 nmethod 5025 0x000001596aa81390 code [0x000001596aa81560, 0x000001596aa81df8]
Event: 12.207 Thread 0x000001597e1ae590 5026       3       java.util.ArrayList::add (65 bytes)
Event: 12.208 Thread 0x000001597e1ae590 nmethod 5026 0x000001596aa82010 code [0x000001596aa82200, 0x000001596aa828c0]
Event: 12.210 Thread 0x000001597e1ae590 5027       3       java.lang.invoke.Invokers$Holder::linkToTargetMethod (13 bytes)
Event: 12.210 Thread 0x000001597e1ae590 nmethod 5027 0x000001596aa82b90 code [0x000001596aa82d40, 0x000001596aa83008]
Event: 12.211 Thread 0x000001597e1ae590 5028       3       java.beans.FeatureDescriptor::setClass0 (9 bytes)
Event: 12.212 Thread 0x000001597e1ae590 nmethod 5028 0x000001596aa83110 code [0x000001596aa832c0, 0x000001596aa83658]
Event: 12.213 Thread 0x000001597e1ae590 5029   !   3       com.sun.beans.util.Cache::removeStaleEntries (163 bytes)
Event: 12.214 Thread 0x000001597e1ae590 nmethod 5029 0x000001596aa83810 code [0x000001596aa83a60, 0x000001596aa84860]
Event: 12.215 Thread 0x000001597e1ae590 5030   !   3       com.sun.beans.introspect.ClassInfo::get (28 bytes)
Event: 12.216 Thread 0x000001597e1ae590 nmethod 5030 0x000001596aa84f90 code [0x000001596aa85160, 0x000001596aa85588]
Event: 12.216 Thread 0x000001597e1ae590 5032       3       com.sun.beans.TypeResolver::erase (159 bytes)
Event: 12.217 Thread 0x000001597e1ae590 nmethod 5032 0x000001596aa85710 code [0x000001596aa85a40, 0x000001596aa870a8]
Event: 12.217 Thread 0x000001597e1ae590 5034       3       org.springframework.core.ResolvableType::forMethodParameter (40 bytes)

GC Heap History (18 events):
Event: 2.851 GC heap before
{Heap before GC invocations=0 (full 0):
 garbage-first heap   total 131072K, used 13312K [0x0000000081e00000, 0x0000000100000000)
  region size 1024K, 13 young (13312K), 0 survivors (0K)
 Metaspace       used 3215K, committed 3328K, reserved 1114112K
  class space    used 314K, committed 384K, reserved 1048576K
}
Event: 2.858 GC heap after
{Heap after GC invocations=1 (full 0):
 garbage-first heap   total 131072K, used 6805K [0x0000000081e00000, 0x0000000100000000)
  region size 1024K, 2 young (2048K), 2 survivors (2048K)
 Metaspace       used 3215K, committed 3328K, reserved 1114112K
  class space    used 314K, committed 384K, reserved 1048576K
}
Event: 3.372 GC heap before
{Heap before GC invocations=1 (full 0):
 garbage-first heap   total 131072K, used 18069K [0x0000000081e00000, 0x0000000100000000)
  region size 1024K, 13 young (13312K), 2 survivors (2048K)
 Metaspace       used 6071K, committed 6272K, reserved 1114112K
  class space    used 671K, committed 768K, reserved 1048576K
}
Event: 3.377 GC heap after
{Heap after GC invocations=2 (full 0):
 garbage-first heap   total 131072K, used 7859K [0x0000000081e00000, 0x0000000100000000)
  region size 1024K, 1 young (1024K), 1 survivors (1024K)
 Metaspace       used 6071K, committed 6272K, reserved 1114112K
  class space    used 671K, committed 768K, reserved 1048576K
}
Event: 4.291 GC heap before
{Heap before GC invocations=2 (full 0):
 garbage-first heap   total 131072K, used 34483K [0x0000000081e00000, 0x0000000100000000)
  region size 1024K, 28 young (28672K), 1 survivors (1024K)
 Metaspace       used 13454K, committed 13696K, reserved 1114112K
  class space    used 1596K, committed 1728K, reserved 1048576K
}
Event: 4.296 GC heap after
{Heap after GC invocations=3 (full 0):
 garbage-first heap   total 131072K, used 9364K [0x0000000081e00000, 0x0000000100000000)
  region size 1024K, 3 young (3072K), 3 survivors (3072K)
 Metaspace       used 13454K, committed 13696K, reserved 1114112K
  class space    used 1596K, committed 1728K, reserved 1048576K
}
Event: 6.833 GC heap before
{Heap before GC invocations=3 (full 0):
 garbage-first heap   total 131072K, used 57492K [0x0000000081e00000, 0x0000000100000000)
  region size 1024K, 51 young (52224K), 3 survivors (3072K)
 Metaspace       used 21259K, committed 21504K, reserved 1114112K
  class space    used 2569K, committed 2688K, reserved 1048576K
}
Event: 6.844 GC heap after
{Heap after GC invocations=4 (full 0):
 garbage-first heap   total 131072K, used 12957K [0x0000000081e00000, 0x0000000100000000)
  region size 1024K, 6 young (6144K), 6 survivors (6144K)
 Metaspace       used 21259K, committed 21504K, reserved 1114112K
  class space    used 2569K, committed 2688K, reserved 1048576K
}
Event: 8.077 GC heap before
{Heap before GC invocations=5 (full 0):
 garbage-first heap   total 48128K, used 35485K [0x0000000081e00000, 0x0000000100000000)
  region size 1024K, 28 young (28672K), 6 survivors (6144K)
 Metaspace       used 25987K, committed 26368K, reserved 1114112K
  class space    used 3201K, committed 3392K, reserved 1048576K
}
Event: 8.091 GC heap after
{Heap after GC invocations=6 (full 0):
 garbage-first heap   total 48128K, used 16118K [0x0000000081e00000, 0x0000000100000000)
  region size 1024K, 4 young (4096K), 4 survivors (4096K)
 Metaspace       used 25987K, committed 26368K, reserved 1114112K
  class space    used 3201K, committed 3392K, reserved 1048576K
}
Event: 9.025 GC heap before
{Heap before GC invocations=6 (full 0):
 garbage-first heap   total 48128K, used 36598K [0x0000000081e00000, 0x0000000100000000)
  region size 1024K, 24 young (24576K), 4 survivors (4096K)
 Metaspace       used 30831K, committed 31168K, reserved 1114112K
  class space    used 3751K, committed 3904K, reserved 1048576K
}
Event: 9.034 GC heap after
{Heap after GC invocations=7 (full 0):
 garbage-first heap   total 48128K, used 17462K [0x0000000081e00000, 0x0000000100000000)
  region size 1024K, 2 young (2048K), 2 survivors (2048K)
 Metaspace       used 30831K, committed 31168K, reserved 1114112K
  class space    used 3751K, committed 3904K, reserved 1048576K
}
Event: 9.719 GC heap before
{Heap before GC invocations=7 (full 0):
 garbage-first heap   total 48128K, used 32822K [0x0000000081e00000, 0x0000000100000000)
  region size 1024K, 18 young (18432K), 2 survivors (2048K)
 Metaspace       used 35600K, committed 35968K, reserved 1114112K
  class space    used 4534K, committed 4736K, reserved 1048576K
}
Event: 9.724 GC heap after
{Heap after GC invocations=8 (full 0):
 garbage-first heap   total 48128K, used 18504K [0x0000000081e00000, 0x0000000100000000)
  region size 1024K, 3 young (3072K), 3 survivors (3072K)
 Metaspace       used 35600K, committed 35968K, reserved 1114112K
  class space    used 4534K, committed 4736K, reserved 1048576K
}
Event: 10.966 GC heap before
{Heap before GC invocations=9 (full 0):
 garbage-first heap   total 48128K, used 38984K [0x0000000081e00000, 0x0000000100000000)
  region size 1024K, 23 young (23552K), 3 survivors (3072K)
 Metaspace       used 44617K, committed 45056K, reserved 1114112K
  class space    used 5623K, committed 5824K, reserved 1048576K
}
Event: 10.974 GC heap after
{Heap after GC invocations=10 (full 0):
 garbage-first heap   total 48128K, used 20315K [0x0000000081e00000, 0x0000000100000000)
  region size 1024K, 3 young (3072K), 3 survivors (3072K)
 Metaspace       used 44617K, committed 45056K, reserved 1114112K
  class space    used 5623K, committed 5824K, reserved 1048576K
}
Event: 11.868 GC heap before
{Heap before GC invocations=10 (full 0):
 garbage-first heap   total 48128K, used 39771K [0x0000000081e00000, 0x0000000100000000)
  region size 1024K, 22 young (22528K), 3 survivors (3072K)
 Metaspace       used 50215K, committed 50624K, reserved 1114112K
  class space    used 6458K, committed 6656K, reserved 1048576K
}
Event: 11.876 GC heap after
{Heap after GC invocations=11 (full 0):
 garbage-first heap   total 48128K, used 21442K [0x0000000081e00000, 0x0000000100000000)
  region size 1024K, 2 young (2048K), 2 survivors (2048K)
 Metaspace       used 50215K, committed 50624K, reserved 1114112K
  class space    used 6458K, committed 6656K, reserved 1048576K
}

Dll operation events (11 events):
Event: 0.012 Loaded shared library C:\Program Files\Java\jdk-20\bin\java.dll
Event: 0.026 Loaded shared library C:\Program Files\Java\jdk-20\bin\jsvml.dll
Event: 2.001 Loaded shared library C:\Program Files\Java\jdk-20\bin\net.dll
Event: 2.003 Loaded shared library C:\Program Files\Java\jdk-20\bin\nio.dll
Event: 2.016 Loaded shared library C:\Program Files\Java\jdk-20\bin\zip.dll
Event: 2.381 Loaded shared library C:\Program Files\Java\jdk-20\bin\verify.dll
Event: 2.389 Loaded shared library C:\Program Files\Java\jdk-20\bin\jimage.dll
Event: 2.995 Loaded shared library C:\Program Files\Java\jdk-20\bin\management.dll
Event: 2.998 Loaded shared library C:\Program Files\Java\jdk-20\bin\management_ext.dll
Event: 7.977 Loaded shared library C:\Program Files\Java\jdk-20\bin\sunmscapi.dll
Event: 9.814 Loaded shared library C:\Program Files\Java\jdk-20\bin\extnet.dll

Deoptimization events (20 events):
Event: 12.215 Thread 0x0000015904034590 DEOPT PACKING pc=0x0000015971d51130 sp=0x00000020593fbae0
Event: 12.215 Thread 0x0000015904034590 DEOPT UNPACKING pc=0x00000159716ba4c2 sp=0x00000020593faef0 mode 1
Event: 12.217 Thread 0x0000015904034590 DEOPT PACKING pc=0x0000015971dfe4d4 sp=0x00000020593fb0b0
Event: 12.217 Thread 0x0000015904034590 DEOPT UNPACKING pc=0x00000159716ba4c2 sp=0x00000020593fa538 mode 1
Event: 12.217 Thread 0x0000015904034590 DEOPT PACKING pc=0x0000015971d51130 sp=0x00000020593fba90
Event: 12.217 Thread 0x0000015904034590 DEOPT UNPACKING pc=0x00000159716ba4c2 sp=0x00000020593faea0 mode 1
Event: 12.217 Thread 0x0000015904034590 DEOPT PACKING pc=0x000001596a529191 sp=0x00000020593facc0
Event: 12.217 Thread 0x0000015904034590 DEOPT UNPACKING pc=0x00000159716ba4c2 sp=0x00000020593fa198 mode 1
Event: 12.217 Thread 0x0000015904034590 DEOPT PACKING pc=0x000001596a527904 sp=0x00000020593fad50
Event: 12.217 Thread 0x0000015904034590 DEOPT UNPACKING pc=0x00000159716ba4c2 sp=0x00000020593fa2f8 mode 1
Event: 12.217 Thread 0x0000015904034590 DEOPT PACKING pc=0x000001596a524a6c sp=0x00000020593faeb0
Event: 12.217 Thread 0x0000015904034590 DEOPT UNPACKING pc=0x00000159716ba4c2 sp=0x00000020593fa450 mode 1
Event: 12.217 Thread 0x0000015904034590 DEOPT PACKING pc=0x0000015971dfe4d4 sp=0x00000020593fa550
Event: 12.217 Thread 0x0000015904034590 DEOPT UNPACKING pc=0x00000159716ba4c2 sp=0x00000020593f99d8 mode 1
Event: 12.217 Thread 0x0000015904034590 DEOPT PACKING pc=0x0000015971d51130 sp=0x00000020593faf30
Event: 12.217 Thread 0x0000015904034590 DEOPT UNPACKING pc=0x00000159716ba4c2 sp=0x00000020593fa340 mode 1
Event: 12.218 Thread 0x0000015904034590 DEOPT PACKING pc=0x0000015971dfe4d4 sp=0x00000020593fb040
Event: 12.218 Thread 0x0000015904034590 DEOPT UNPACKING pc=0x00000159716ba4c2 sp=0x00000020593fa4c8 mode 1
Event: 12.218 Thread 0x0000015904034590 DEOPT PACKING pc=0x0000015971d51130 sp=0x00000020593fba20
Event: 12.218 Thread 0x0000015904034590 DEOPT UNPACKING pc=0x00000159716ba4c2 sp=0x00000020593fae30 mode 1

Classes loaded (20 events):
Event: 11.841 Loading class java/io/ObjectInputFilter
Event: 11.841 Loading class java/io/ObjectInputFilter done
Event: 11.842 Loading class java/io/ObjectInputFilter$FilterInfo
Event: 11.842 Loading class java/io/ObjectInputFilter$FilterInfo done
Event: 11.842 Loading class java/io/ObjectInputFilter$Status
Event: 11.842 Loading class java/io/ObjectInputFilter$Status done
Event: 11.999 Loading class java/util/TimerTask
Event: 11.999 Loading class java/util/TimerTask done
Event: 12.017 Loading class java/lang/foreign/MemorySegment
Event: 12.017 Loading class java/lang/foreign/MemorySegment done
Event: 12.143 Loading class javax/naming/Reference
Event: 12.143 Loading class javax/naming/Reference done
Event: 12.172 Loading class java/lang/ObjectCustomizer
Event: 12.172 Loading class java/lang/ObjectCustomizer done
Event: 12.172 Loading class java/lang/ObjectCustomizer
Event: 12.172 Loading class java/lang/ObjectCustomizer done
Event: 12.211 Loading class java/lang/ObjectCustomizer
Event: 12.211 Loading class java/lang/ObjectCustomizer done
Event: 12.211 Loading class java/lang/ObjectCustomizer
Event: 12.211 Loading class java/lang/ObjectCustomizer done

Classes unloaded (0 events):
No events

Classes redefined (0 events):
No events

Internal exceptions (20 events):
Event: 12.154 Thread 0x0000015904034590 Exception <a 'java/lang/NoSuchMethodError'{0x0000000086617d00}: 'void java.lang.invoke.Invokers$Holder.invokeExact_MT(java.lang.Object, java.lang.Object, java.lang.Object, java.lang.Object)'> (0x0000000086617d00) 
thrown [s\open\src\hotspot\share\interpreter\linkResolver.cpp, line 773]
Event: 12.172 Thread 0x0000015904034590 Exception <a 'java/lang/ClassNotFoundException'{0x000000008669f340}: java/lang/ObjectCustomizer> (0x000000008669f340) 
thrown [s\open\src\hotspot\share\classfile\systemDictionary.cpp, line 305]
Event: 12.174 Thread 0x0000015904034590 Exception <a 'java/lang/ClassNotFoundException'{0x00000000866a6cb0}: org/springframework/data/repository/core/support/RepositoryFactoryBeanSupportCustomizer> (0x00000000866a6cb0) 
thrown [s\open\src\hotspot\share\classfile\systemDictionary.cpp, line 305]
Event: 12.179 Thread 0x0000015904034590 Exception <a 'java/lang/ClassNotFoundException'{0x00000000866cd218}: org/springframework/data/repository/core/support/TransactionalRepositoryFactoryBeanSupportCustomizer> (0x00000000866cd218) 
thrown [s\open\src\hotspot\share\classfile\systemDictionary.cpp, line 305]
Event: 12.181 Thread 0x0000015904034590 Exception <a 'java/lang/ClassNotFoundException'{0x00000000866db460}: org/springframework/data/jpa/repository/support/JpaRepositoryFactoryBeanCustomizer> (0x00000000866db460) 
thrown [s\open\src\hotspot\share\classfile\systemDictionary.cpp, line 305]
Event: 12.186 Thread 0x0000015904034590 Exception <a 'java/lang/ClassNotFoundException'{0x000000008650a698}: org/springframework/beans/factory/BeanFactoryAwareCustomizer> (0x000000008650a698) 
thrown [s\open\src\hotspot\share\classfile\systemDictionary.cpp, line 305]
Event: 12.187 Thread 0x0000015904034590 Exception <a 'java/lang/ClassNotFoundException'{0x000000008650f968}: org/springframework/beans/factory/AwareCustomizer> (0x000000008650f968) 
thrown [s\open\src\hotspot\share\classfile\systemDictionary.cpp, line 305]
Event: 12.188 Thread 0x0000015904034590 Exception <a 'java/lang/ClassNotFoundException'{0x0000000086513988}: org/springframework/beans/factory/InitializingBeanCustomizer> (0x0000000086513988) 
thrown [s\open\src\hotspot\share\classfile\systemDictionary.cpp, line 305]
Event: 12.190 Thread 0x0000015904034590 Exception <a 'java/lang/ClassNotFoundException'{0x0000000086518bb8}: org/springframework/data/repository/core/support/RepositoryFactoryInformationCustomizer> (0x0000000086518bb8) 
thrown [s\open\src\hotspot\share\classfile\systemDictionary.cpp, line 305]
Event: 12.192 Thread 0x0000015904034590 Exception <a 'java/lang/ClassNotFoundException'{0x00000000865231d0}: org/springframework/beans/factory/FactoryBeanCustomizer> (0x00000000865231d0) 
thrown [s\open\src\hotspot\share\classfile\systemDictionary.cpp, line 305]
Event: 12.194 Thread 0x0000015904034590 Exception <a 'java/lang/ClassNotFoundException'{0x000000008652b4b8}: org/springframework/beans/factory/BeanClassLoaderAwareCustomizer> (0x000000008652b4b8) 
thrown [s\open\src\hotspot\share\classfile\systemDictionary.cpp, line 305]
Event: 12.195 Thread 0x0000015904034590 Exception <a 'java/lang/ClassNotFoundException'{0x00000000865300e8}: org/springframework/beans/factory/AwareCustomizer> (0x00000000865300e8) 
thrown [s\open\src\hotspot\share\classfile\systemDictionary.cpp, line 305]
Event: 12.197 Thread 0x0000015904034590 Exception <a 'java/lang/ClassNotFoundException'{0x00000000865340a0}: org/springframework/beans/factory/BeanFactoryAwareCustomizer> (0x00000000865340a0) 
thrown [s\open\src\hotspot\share\classfile\systemDictionary.cpp, line 305]
Event: 12.198 Thread 0x0000015904034590 Exception <a 'java/lang/ClassNotFoundException'{0x0000000086539370}: org/springframework/beans/factory/AwareCustomizer> (0x0000000086539370) 
thrown [s\open\src\hotspot\share\classfile\systemDictionary.cpp, line 305]
Event: 12.199 Thread 0x0000015904034590 Exception <a 'java/lang/ClassNotFoundException'{0x000000008653d4e8}: org/springframework/context/ApplicationEventPublisherAwareCustomizer> (0x000000008653d4e8) 
thrown [s\open\src\hotspot\share\classfile\systemDictionary.cpp, line 305]
Event: 12.200 Thread 0x0000015904034590 Exception <a 'java/lang/ClassNotFoundException'{0x00000000865428a0}: org/springframework/beans/factory/AwareCustomizer> (0x00000000865428a0) 
thrown [s\open\src\hotspot\share\classfile\systemDictionary.cpp, line 305]
Event: 12.211 Thread 0x0000015904034590 Exception <a 'java/lang/ClassNotFoundException'{0x000000008656f288}: java/lang/ObjectCustomizer> (0x000000008656f288) 
thrown [s\open\src\hotspot\share\classfile\systemDictionary.cpp, line 305]
Event: 12.212 Thread 0x0000015904034590 Exception <a 'java/lang/ClassNotFoundException'{0x00000000865767a0}: org/springframework/core/io/support/PropertiesLoaderSupportCustomizer> (0x00000000865767a0) 
thrown [s\open\src\hotspot\share\classfile\systemDictionary.cpp, line 305]
Event: 12.215 Thread 0x0000015904034590 Exception <a 'java/lang/ClassNotFoundException'{0x00000000865834a8}: org/springframework/beans/factory/config/PropertiesFactoryBeanCustomizer> (0x00000000865834a8) 
thrown [s\open\src\hotspot\share\classfile\systemDictionary.cpp, line 305]
Event: 12.218 Thread 0x0000015904034590 Exception <a 'java/lang/ClassNotFoundException'{0x0000000086598068}: org/springframework/beans/factory/FactoryBeanCustomizer> (0x0000000086598068) 
thrown [s\open\src\hotspot\share\classfile\systemDictionary.cpp, line 305]

VM Operations (20 events):
Event: 9.771 Executing VM operation: G1PauseCleanup
Event: 9.771 Executing VM operation: G1PauseCleanup done
Event: 9.883 Executing VM operation: HandshakeAllThreads
Event: 9.883 Executing VM operation: HandshakeAllThreads done
Event: 9.941 Executing VM operation: HandshakeAllThreads
Event: 9.941 Executing VM operation: HandshakeAllThreads done
Event: 9.947 Executing VM operation: HandshakeAllThreads
Event: 9.947 Executing VM operation: HandshakeAllThreads done
Event: 10.035 Executing VM operation: HandshakeAllThreads
Event: 10.035 Executing VM operation: HandshakeAllThreads done
Event: 10.215 Executing VM operation: HandshakeAllThreads
Event: 10.215 Executing VM operation: HandshakeAllThreads done
Event: 10.860 Executing VM operation: ICBufferFull
Event: 10.860 Executing VM operation: ICBufferFull done
Event: 10.966 Executing VM operation: G1CollectForAllocation
Event: 10.974 Executing VM operation: G1CollectForAllocation done
Event: 11.381 Executing VM operation: HandshakeAllThreads
Event: 11.381 Executing VM operation: HandshakeAllThreads done
Event: 11.868 Executing VM operation: G1CollectForAllocation
Event: 11.876 Executing VM operation: G1CollectForAllocation done

Events (20 events):
Event: 9.758 Thread 0x000001597e16bb80 flushing nmethod 0x0000015971c0c290
Event: 9.758 Thread 0x000001597e16bb80 flushing nmethod 0x0000015971c23210
Event: 9.758 Thread 0x000001597e16bb80 flushing nmethod 0x0000015971c1cc10
Event: 9.758 Thread 0x000001597e16bb80 flushing nmethod 0x0000015971c18c90
Event: 9.758 Thread 0x000001597e16bb80 flushing nmethod 0x0000015971c16b90
Event: 9.758 Thread 0x000001597e16bb80 flushing nmethod 0x0000015971c0bf10
Event: 9.758 Thread 0x000001597e16bb80 flushing nmethod 0x0000015971c0bc10
Event: 9.758 Thread 0x000001597e16bb80 flushing nmethod 0x0000015971c0b890
Event: 9.758 Thread 0x000001597e16bb80 flushing nmethod 0x0000015971c0b590
Event: 9.758 Thread 0x000001597e16bb80 flushing nmethod 0x0000015971c05190
Event: 9.758 Thread 0x000001597e16bb80 flushing nmethod 0x0000015971bfd210
Event: 9.758 Thread 0x000001597e16bb80 flushing nmethod 0x0000015971bfa410
Event: 9.758 Thread 0x000001597e16bb80 flushing nmethod 0x0000015971bf9c10
Event: 9.758 Thread 0x000001597e16bb80 flushing nmethod 0x0000015971bf7c10
Event: 9.758 Thread 0x000001597e16bb80 flushing nmethod 0x0000015971bf9910
Event: 9.758 Thread 0x000001597e16bb80 flushing nmethod 0x0000015971bf1410
Event: 9.801 Thread 0x000001597e5e0ce0 Thread exited: 0x000001597e5e0ce0
Event: 10.099 Thread 0x0000015905f4ce20 Thread added: 0x0000015905f4ce20
Event: 10.323 Thread 0x0000015905694050 Thread added: 0x0000015905694050
Event: 10.438 Thread 0x0000015905693060 Thread added: 0x0000015905693060


Dynamic libraries:
0x00007ff6f3fb0000 - 0x00007ff6f3fc0000 	C:\Program Files\Java\jdk-20\bin\java.exe
0x00007ffe8a5b0000 - 0x00007ffe8a7a4000 	C:\WINDOWS\SYSTEM32\ntdll.dll
0x00007ffe89a10000 - 0x00007ffe89acd000 	C:\WINDOWS\System32\KERNEL32.DLL
0x00007ffe87e80000 - 0x00007ffe88147000 	C:\WINDOWS\System32\KERNELBASE.dll
0x00007ffe881b0000 - 0x00007ffe882b0000 	C:\WINDOWS\System32\ucrtbase.dll
0x00007ffe77b40000 - 0x00007ffe77b59000 	C:\Program Files\Java\jdk-20\bin\jli.dll
0x00007ffe820c0000 - 0x00007ffe820db000 	C:\Program Files\Java\jdk-20\bin\VCRUNTIME140.dll
0x00007ffe8a040000 - 0x00007ffe8a0ea000 	C:\WINDOWS\System32\ADVAPI32.dll
0x00007ffe89b30000 - 0x00007ffe89bce000 	C:\WINDOWS\System32\msvcrt.dll
0x00007ffe890b0000 - 0x00007ffe8914b000 	C:\WINDOWS\System32\sechost.dll
0x00007ffe89820000 - 0x00007ffe89943000 	C:\WINDOWS\System32\RPCRT4.dll
0x00007ffe8a0f0000 - 0x00007ffe8a290000 	C:\WINDOWS\System32\USER32.dll
0x00007ffe88350000 - 0x00007ffe88372000 	C:\WINDOWS\System32\win32u.dll
0x00007ffe89970000 - 0x00007ffe8999a000 	C:\WINDOWS\System32\GDI32.dll
0x00007ffe87d70000 - 0x00007ffe87e7a000 	C:\WINDOWS\System32\gdi32full.dll
0x00007ffe882b0000 - 0x00007ffe8834d000 	C:\WINDOWS\System32\msvcp_win.dll
0x00007ffe77410000 - 0x00007ffe776aa000 	C:\WINDOWS\WinSxS\amd64_microsoft.windows.common-controls_6595b64144ccf1df_6.0.19041.1_none_b555e41d4684ddec\COMCTL32.dll
0x00007ffe7f0d0000 - 0x00007ffe7f0da000 	C:\WINDOWS\SYSTEM32\VERSION.dll
0x00007ffe8a290000 - 0x00007ffe8a2c0000 	C:\WINDOWS\System32\IMM32.DLL
0x00007ffe81f90000 - 0x00007ffe81f9c000 	C:\Program Files\Java\jdk-20\bin\vcruntime140_1.dll
0x00007ffe68020000 - 0x00007ffe680ae000 	C:\Program Files\Java\jdk-20\bin\msvcp140.dll
0x00007ffe5c330000 - 0x00007ffe5cfc7000 	C:\Program Files\Java\jdk-20\bin\server\jvm.dll
0x00007ffe75f20000 - 0x00007ffe75f29000 	C:\WINDOWS\SYSTEM32\WSOCK32.dll
0x00007ffe77b60000 - 0x00007ffe77b87000 	C:\WINDOWS\SYSTEM32\WINMM.dll
0x00007ffe899a0000 - 0x00007ffe89a0b000 	C:\WINDOWS\System32\WS2_32.dll
0x00007ffe86900000 - 0x00007ffe86913000 	C:\WINDOWS\SYSTEM32\kernel.appcore.dll
0x00007ffe7ede0000 - 0x00007ffe7edea000 	C:\Program Files\Java\jdk-20\bin\jimage.dll
0x00007ffe86310000 - 0x00007ffe864f4000 	C:\WINDOWS\SYSTEM32\DBGHELP.DLL
0x00007ffe72b20000 - 0x00007ffe72b4c000 	C:\WINDOWS\SYSTEM32\dbgcore.DLL
0x00007ffe88380000 - 0x00007ffe883ff000 	C:\WINDOWS\System32\bcryptPrimitives.dll
0x00007ffe77b00000 - 0x00007ffe77b3c000 	C:\Program Files\Java\jdk-20\bin\jdwp.dll
0x00007ffe80280000 - 0x00007ffe802a6000 	C:\Program Files\Java\jdk-20\bin\java.dll
0x00007ffe77330000 - 0x00007ffe77407000 	C:\Program Files\Java\jdk-20\bin\jsvml.dll
0x00007ffe88970000 - 0x00007ffe890a1000 	C:\WINDOWS\System32\SHELL32.dll
0x00007ffe85ab0000 - 0x00007ffe8623a000 	C:\WINDOWS\SYSTEM32\windows.storage.dll
0x00007ffe89390000 - 0x00007ffe896e4000 	C:\WINDOWS\System32\combase.dll
0x00007ffe87770000 - 0x00007ffe8779b000 	C:\WINDOWS\SYSTEM32\Wldp.dll
0x00007ffe89770000 - 0x00007ffe8981e000 	C:\WINDOWS\System32\SHCORE.dll
0x00007ffe89ad0000 - 0x00007ffe89b25000 	C:\WINDOWS\System32\shlwapi.dll
0x00007ffe87c30000 - 0x00007ffe87c4f000 	C:\WINDOWS\SYSTEM32\profapi.dll
0x00007ffe77a70000 - 0x00007ffe77a7c000 	C:\Program Files\Java\jdk-20\bin\dt_socket.dll
0x00007ffe87190000 - 0x00007ffe871cb000 	C:\WINDOWS\SYSTEM32\IPHLPAPI.DLL
0x00007ffe874f0000 - 0x00007ffe8755a000 	C:\WINDOWS\system32\mswsock.dll
0x00007ffe77310000 - 0x00007ffe77323000 	C:\Program Files\Java\jdk-20\bin\net.dll
0x00007ffe81210000 - 0x00007ffe81312000 	C:\WINDOWS\SYSTEM32\WINHTTP.dll
0x00007ffe772f0000 - 0x00007ffe77306000 	C:\Program Files\Java\jdk-20\bin\nio.dll
0x00007ffe772d0000 - 0x00007ffe772e8000 	C:\Program Files\Java\jdk-20\bin\zip.dll
0x00007ffe778e0000 - 0x00007ffe778f0000 	C:\Program Files\Java\jdk-20\bin\verify.dll
0x00007ffe772b0000 - 0x00007ffe772ba000 	C:\Program Files\Java\jdk-20\bin\management.dll
0x00007ffe77010000 - 0x00007ffe7701b000 	C:\Program Files\Java\jdk-20\bin\management_ext.dll
0x00007ffe887c0000 - 0x00007ffe887c8000 	C:\WINDOWS\System32\PSAPI.DLL
0x00007ffe70600000 - 0x00007ffe70617000 	C:\WINDOWS\system32\napinsp.dll
0x00007ffe70590000 - 0x00007ffe705ab000 	C:\WINDOWS\system32\pnrpnsp.dll
0x00007ffe81f70000 - 0x00007ffe81f85000 	C:\WINDOWS\system32\wshbth.dll
0x00007ffe82be0000 - 0x00007ffe82bfd000 	C:\WINDOWS\system32\NLAapi.dll
0x00007ffe871e0000 - 0x00007ffe872aa000 	C:\WINDOWS\SYSTEM32\DNSAPI.dll
0x00007ffe892f0000 - 0x00007ffe892f9000 	C:\WINDOWS\System32\NSI.dll
0x00007ffe705e0000 - 0x00007ffe705f2000 	C:\WINDOWS\System32\winrnr.dll
0x00007ffe7ffd0000 - 0x00007ffe7ffda000 	C:\Windows\System32\rasadhlp.dll
0x00007ffe76840000 - 0x00007ffe768bf000 	C:\WINDOWS\System32\fwpuclnt.dll
0x00007ffe87d40000 - 0x00007ffe87d67000 	C:\WINDOWS\System32\bcrypt.dll
0x00007ffe876c0000 - 0x00007ffe876d8000 	C:\WINDOWS\SYSTEM32\CRYPTSP.dll
0x00007ffe86e10000 - 0x00007ffe86e44000 	C:\WINDOWS\system32\rsaenh.dll
0x00007ffe87bf0000 - 0x00007ffe87c1e000 	C:\WINDOWS\SYSTEM32\USERENV.dll
0x00007ffe876e0000 - 0x00007ffe876ec000 	C:\WINDOWS\SYSTEM32\CRYPTBASE.dll
0x00007ffe7dfe0000 - 0x00007ffe7dff7000 	C:\WINDOWS\SYSTEM32\dhcpcsvc6.DLL
0x00007ffe7f4f0000 - 0x00007ffe7f50d000 	C:\WINDOWS\SYSTEM32\dhcpcsvc.DLL
0x00007ffe77a60000 - 0x00007ffe77a6e000 	C:\Program Files\Java\jdk-20\bin\sunmscapi.dll
0x00007ffe88400000 - 0x00007ffe8855c000 	C:\WINDOWS\System32\CRYPT32.dll
0x00007ffe877e0000 - 0x00007ffe87807000 	C:\WINDOWS\SYSTEM32\ncrypt.dll
0x00007ffe877a0000 - 0x00007ffe877db000 	C:\WINDOWS\SYSTEM32\NTASN1.dll
0x00007ffe772c0000 - 0x00007ffe772c7000 	C:\Program Files\Java\jdk-20\bin\extnet.dll

dbghelp: loaded successfully - version: 4.0.5 - missing functions: none
symbol engine: initialized successfully - sym options: 0x614 - pdb path: .;C:\Program Files\Java\jdk-20\bin;C:\WINDOWS\SYSTEM32;C:\WINDOWS\WinSxS\amd64_microsoft.windows.common-controls_6595b64144ccf1df_6.0.19041.1_none_b555e41d4684ddec;C:\Program Files\Java\jdk-20\bin\server

VM Arguments:
jvm_args: -agentlib:jdwp=transport=dt_socket,server=n,address=49715 
java_command: com.apm.API.AmusementParkManagerApplication
java_class_path (initial): C:\Repos\API\target\classes;C:\Users\Administrator\.m2\repository\org\springframework\boot\spring-boot-starter-data-jpa\2.7.11\spring-boot-starter-data-jpa-2.7.11.jar;C:\Users\Administrator\.m2\repository\org\springframework\boot\spring-boot-starter-aop\2.7.11\spring-boot-starter-aop-2.7.11.jar;C:\Users\Administrator\.m2\repository\org\springframework\spring-aop\5.3.27\spring-aop-5.3.27.jar;C:\Users\Administrator\.m2\repository\org\aspectj\aspectjweaver\1.9.7\aspectjweaver-1.9.7.jar;C:\Users\Administrator\.m2\repository\org\springframework\boot\spring-boot-starter-jdbc\2.7.11\spring-boot-starter-jdbc-2.7.11.jar;C:\Users\Administrator\.m2\repository\com\zaxxer\HikariCP\4.0.3\HikariCP-4.0.3.jar;C:\Users\Administrator\.m2\repository\org\springframework\spring-jdbc\5.3.27\spring-jdbc-5.3.27.jar;C:\Users\Administrator\.m2\repository\jakarta\transaction\jakarta.transaction-api\1.3.3\jakarta.transaction-api-1.3.3.jar;C:\Users\Administrator\.m2\repository\jakarta\persistence\jakarta.persistence-api\2.2.3\jakarta.persistence-api-2.2.3.jar;C:\Users\Administrator\.m2\repository\org\hibernate\hibernate-core\5.6.15.Final\hibernate-core-5.6.15.Final.jar;C:\Users\Administrator\.m2\repository\org\jboss\logging\jboss-logging\3.4.3.Final\jboss-logging-3.4.3.Final.jar;C:\Users\Administrator\.m2\repository\net\bytebuddy\byte-buddy\1.12.23\byte-buddy-1.12.23.jar;C:\Users\Administrator\.m2\repository\antlr\antlr\2.7.7\antlr-2.7.7.jar;C:\Users\Administrator\.m2\repository\org\jboss\jandex\2.4.2.Final\jandex-2.4.2.Final.jar;C:\Users\Administrator\.m2\repository\com\fasterxml\classmate\1.5.1\classmate-1.5.1.jar;C:\Users\Administrator\.m2\repository\org\hibernate\common\hibernate-commons-annotations\5.1.2.Final\hibernate-commons-annotations-5.1.2.Final.jar;C:\Users\Administrator\.m2\repository\org\glassfish\jaxb\jaxb-runtime\2.3.8\jaxb-runtime-2.3.8.jar;C:\Users\Administrator\.m2\repository\org\glassfish\jaxb\txw2\2.3.8\txw2-2.3.8.jar;C:\Users\Administrator\.m2\repository\com\sun\istack\istack-commons-runtime\3.0.12\istack-commons-runtime-3.0.12.jar;C:\Users\Administrator\.m2\repository\com\sun\activation\jakarta.activation\1.2.2\jakarta.activation-1.2.2.jar;C:\Users\Administrator\.m2\repository\org\springframework\data\spring-data-jpa\2.7.11\spring-data-jpa-2.7.11.jar;C:\Users\Administrator\.m2\repository\org\springframework\data\spring-data-commons\2.7.11\spring-data-commons-2.7.11.jar;C:\Users\Administrator\.m2\repository\org\springframework\spring-orm\5.3.27\spring-orm-5.3.27.jar;C:\Users\Administrator\.m2\repository\org\springframework\spring-context\5.3.27\spring-context-5.3.27.jar;C:\Users\Administrator\.m2\repository\org\springframework\spring-tx\5.3.27\spring-tx-5.3.27.jar;C:\Users\Administrator\.m2\repository\org\springframework\spring-beans\5.3.27\spring-beans-5.3.27.jar;C:\Users\Administrator\.m2\repository\org\slf4j\slf4j-api\1.7.36\slf4j-api-1.7.36.jar;C:\Users\Administrator\.m2\repository\org\springframework\spring-aspects\5.3.27\spring-aspects-5.3.27.jar;C:\Users\Administrator\.m2\repository\org\springframework\boot\spring-boot-starter-web\2.7.11\spring-boot-starter-web-2.7.11.jar;C:\Users\Administrator\.m2\repository\org\springframework\boot\spring-boot-starter\2.7.11\spring-boot-starter-2.7.11.jar;C:\Users\Administrator\.m2\repository\org\springframework\boot\spring-boot-starter-logging\2.7.11\spring-boot-starter-logging-2.7.11.jar;C:\Users\Administrator\.m2\repository\ch\qos\logback\logback-classic\1.2.12\logback-classic-1.2.12.jar;C:\Users\Administrator\.m2\repository\ch\qos\logback\logback-core\1.2.12\logback-core-1.2.12.jar;C:\Users\Administrator\.m2\repository\org\apache\logging\log4j\log4j-to-slf4j\2.17.2\log4j-to-slf4j-2.17.2.jar;C:\Users\Administrator\.m2\repository\org\apache\logging\log4j\log4j-api\2.17.2\log4j-api-2.17.2.jar;C:\Users\Administrator\.m2\repository\org\slf4j\jul-to-slf4j\1.7.36\jul-to-slf4j-1.7.36.jar;C:\Users\Administrator\.m2\repository\jakarta\annotation\jakarta.annotation-api\1.3.5\jakarta.annotation-api-1.3.5.jar;C:\Users\Administrator\.m2\repository\org\yaml\snakeyaml\1.30\snakeyaml-1.30.jar;C:\Users\Administrator\.m2\repository\org\springframework\boot\spring-boot-starter-json\2.7.11\spring-boot-starter-json-2.7.11.jar;C:\Users\Administrator\.m2\repository\com\fasterxml\jackson\core\jackson-databind\2.13.5\jackson-databind-2.13.5.jar;C:\Users\Administrator\.m2\repository\com\fasterxml\jackson\core\jackson-annotations\2.13.5\jackson-annotations-2.13.5.jar;C:\Users\Administrator\.m2\repository\com\fasterxml\jackson\core\jackson-core\2.13.5\jackson-core-2.13.5.jar;C:\Users\Administrator\.m2\repository\com\fasterxml\jackson\datatype\jackson-datatype-jdk8\2.13.5\jackson-datatype-jdk8-2.13.5.jar;C:\Users\Administrator\.m2\repository\com\fasterxml\jackson\datatype\jackson-datatype-jsr310\2.13.5\jackson-datatype-jsr310-2.13.5.jar;C:\Users\Administrator\.m2\repository\com\fasterxml\jackson\module\jackson-module-parameter-names\2.13.5\jackson-module-parameter-names-2.13.5.jar;C:\Users\Administrator\.m2\repository\org\springframework\boot\spring-boot-starter-tomcat\2.7.11\spring-boot-starter-tomcat-2.7.11.jar;C:\Users\Administrator\.m2\repository\org\apache\tomcat\embed\tomcat-embed-core\9.0.74\tomcat-embed-core-9.0.74.jar;C:\Users\Administrator\.m2\repository\org\apache\tomcat\embed\tomcat-embed-el\9.0.74\tomcat-embed-el-9.0.74.jar;C:\Users\Administrator\.m2\repository\org\apache\tomcat\embed\tomcat-embed-websocket\9.0.74\tomcat-embed-websocket-9.0.74.jar;C:\Users\Administrator\.m2\repository\org\springframework\spring-web\5.3.27\spring-web-5.3.27.jar;C:\Users\Administrator\.m2\repository\org\springframework\spring-webmvc\5.3.27\spring-webmvc-5.3.27.jar;C:\Users\Administrator\.m2\repository\org\springframework\spring-expression\5.3.27\spring-expression-5.3.27.jar;C:\Users\Administrator\.m2\repository\org\springframework\boot\spring-boot-devtools\2.7.11\spring-boot-devtools-2.7.11.jar;C:\Users\Administrator\.m2\repository\org\springframework\boot\spring-boot\2.7.11\spring-boot-2.7.11.jar;C:\Users\Administrator\.m2\repository\org\springframework\boot\spring-boot-autoconfigure\2.7.11\spring-boot-autoconfigure-2.7.11.jar;C:\Users\Administrator\.m2\repository\org\projectlombok\lombok\1.18.26\lombok-1.18.26.jar;C:\Users\Administrator\.m2\repository\jakarta\xml\bind\jakarta.xml.bind-api\2.3.3\jakarta.xml.bind-api-2.3.3.jar;C:\Users\Administrator\.m2\repository\jakarta\activation\jakarta.activation-api\1.2.2\jakarta.activation-api-1.2.2.jar;C:\Users\Administrator\.m2\repository\org\springframework\spring-core\5.3.27\spring-core-5.3.27.jar;C:\Users\Administrator\.m2\repository\org\springframework\spring-jcl\5.3.27\spring-jcl-5.3.27.jar;C:\Users\Administrator\.m2\repository\com\mysql\mysql-connector-j\8.0.33\mysql-connector-j-8.0.33.jar;C:\Users\Administrator\.m2\repository\org\eclipse\persistence\org.eclipse.persistence.core\2.7.10\org.eclipse.persistence.core-2.7.10.jar;C:\Users\Administrator\.m2\repository\org\eclipse\persistence\org.eclipse.persistence.asm\9.2.0\org.eclipse.persistence.asm-9.2.0.jar;C:\Users\Administrator\.m2\repository\org\eclipse\persistence\org.eclipse.persistence.antlr\2.7.10\org.eclipse.persistence.antlr-2.7.10.jar;C:\Users\Administrator\.m2\repository\org\eclipse\persistence\org.eclipse.persistence.jpa\2.7.10\org.eclipse.persistence.jpa-2.7.10.jar;C:\Users\Administrator\.m2\repository\org\eclipse\persistence\org.eclipse.persistence.jpa.jpql\2.7.10\org.eclipse.persistence.jpa.jpql-2.7.10.jar;C:\Users\Administrator\.m2\repository\org\eclipse\persistence\org.eclipse.persistence.moxy\2.7.10\org.eclipse.persistence.moxy-2.7.10.jar;C:\Users\Administrator\.m2\repository\org\eclipse\persistence\jakarta.persistence\2.2.3\jakarta.persistence-2.2.3.jar
Launcher Type: SUN_STANDARD

[Global flags]
     intx CICompilerCount                          = 3                                         {product} {ergonomic}
     uint ConcGCThreads                            = 1                                         {product} {ergonomic}
     uint G1ConcRefinementThreads                  = 4                                         {product} {ergonomic}
   size_t G1HeapRegionSize                         = 1048576                                   {product} {ergonomic}
    uintx GCDrainStackTargetSize                   = 64                                        {product} {ergonomic}
   size_t InitialHeapSize                          = 134217728                                 {product} {ergonomic}
   size_t MarkStackSize                            = 4194304                                   {product} {ergonomic}
   size_t MaxHeapSize                              = 2116026368                                {product} {ergonomic}
   size_t MaxNewSize                               = 1268776960                                {product} {ergonomic}
   size_t MinHeapDeltaBytes                        = 1048576                                   {product} {ergonomic}
   size_t MinHeapSize                              = 8388608                                   {product} {ergonomic}
    uintx NonNMethodCodeHeapSize                   = 5832780                                {pd product} {ergonomic}
    uintx NonProfiledCodeHeapSize                  = 122912730                              {pd product} {ergonomic}
    uintx ProfiledCodeHeapSize                     = 122912730                              {pd product} {ergonomic}
    uintx ReservedCodeCacheSize                    = 251658240                              {pd product} {ergonomic}
     bool SegmentedCodeCache                       = true                                      {product} {ergonomic}
   size_t SoftMaxHeapSize                          = 2116026368                             {manageable} {ergonomic}
     bool UseCompressedClassPointers               = true                           {product lp64_product} {ergonomic}
     bool UseCompressedOops                        = true                           {product lp64_product} {ergonomic}
     bool UseG1GC                                  = true                                      {product} {ergonomic}
     bool UseLargePagesIndividualAllocation        = false                                  {pd product} {ergonomic}

Logging:
Log output configuration:
 #0: stdout all=warning uptime,level,tags foldmultilines=false
 #1: stderr all=off uptime,level,tags foldmultilines=false

Environment Variables:
JAVA_HOME=C:\Program Files\Java\jdk-20
PATH=C:\Program Files\Common Files\Oracle\Java\javapath;C:\WINDOWS\system32;C:\WINDOWS;C:\WINDOWS\System32\Wbem;C:\WINDOWS\System32\WindowsPowerShell\v1.0\;C:\WINDOWS\System32\OpenSSH\;C:\Users\Administrator\AppData\Local\Microsoft\WindowsApps;C:\Users\Administrator\AppData\Local\Programs\Microsoft VS Code\bin;C:\adb;C:\WINDOWS\system32;C:\WINDOWS;C:\WINDOWS\System32\Wbem;C:\WINDOWS\System32\WindowsPowerShell\v1.0\;C:\WINDOWS\System32\OpenSSH\;C:\Program Files\Microsoft VS Code\bin;C:\Program Files\Git\cmd;C:\Program Files\Java\apache-maven-3.9.0\bin;C:\Program Files\Java\jdk1.8.0_60\bin;C:\Program Files\Java\jre1.8.0_361\bin;C:\Program Files\nodejs\;C:\Users\Administrator\AppData\Local\Microsoft\WindowsApps;C:\Users\Administrator\AppData\Roaming\npm
USERNAME=Administrator
OS=Windows_NT
PROCESSOR_IDENTIFIER=Intel64 Family 6 Model 61 Stepping 4, GenuineIntel
TMP=C:\Users\ADMINI~1\AppData\Local\Temp
TEMP=C:\Users\ADMINI~1\AppData\Local\Temp




---------------  S Y S T E M  ---------------

OS:
 Windows 10 , 64 bit Build 19041 (10.0.19041.1)
OS uptime: 0 days 3:41 hours

CPU: total 4 (initial active 4) (2 cores per cpu, 2 threads per core) family 6 model 61 stepping 4 microcode 0x2d, cx8, cmov, fxsr, ht, mmx, 3dnowpref, sse, sse2, sse3, ssse3, sse4.1, sse4.2, popcnt, lzcnt, tsc, tscinvbit, avx, avx2, aes, erms, clmul, bmi1, bmi2, rtm, adx, fma, vzeroupper, clflush, rdtscp, f16c

Memory: 4k page, system-wide physical 8064M (1707M free)
TotalPageFile size 11264M (AvailPageFile size 3745M)
current process WorkingSet (physical memory assigned to process): 197M, peak: 208M
current process commit charge ("private bytes"): 230M, peak: 286M

vm_info: Java HotSpot(TM) 64-Bit Server VM (20.0.1+9-29) for windows-amd64 JRE (20.0.1+9-29), built on 2023-03-07T13:56:11Z by "mach5one" with MS VC++ 17.1 (VS2022)

END.
