#
# A fatal error has been detected by the Java Runtime Environment:
#
#  EXCEPTION_ACCESS_VIOLATION (0xc0000005) at pc=0x00007ffe5ca11465, pid=8992, tid=9140
#
# JRE version: Java(TM) SE Runtime Environment (20.0.1+9) (build 20.0.1+9-29)
# Java VM: Java HotSpot(TM) 64-Bit Server VM (20.0.1+9-29, mixed mode, sharing, tiered, compressed oops, compressed class ptrs, g1 gc, windows-amd64)
# Problematic frame:
# V  [jvm.dll+0x6e1465]
#
# No core dump will be written. Minidumps are not enabled by default on client versions of Windows
#
# If you would like to submit a bug report, please visit:
#   https://bugreport.java.com/bugreport/crash.jsp
#

---------------  S U M M A R Y ------------

Command Line: -Dmaven.multiModuleProjectDirectory=C:\Repos\API org.apache.maven.wrapper.MavenWrapperMain -Dmaven.ext.class.path=C:\Program Files\NetBeans-17\netbeans\java\maven-nblib\netbeans-eventspy.jar --no-transfer-progress clean install

Host: Intel(R) Core(TM) i5-5300U CPU @ 2.30GHz, 4 cores, 7G,  Windows 10 , 64 bit Build 19041 (10.0.19041.1)
Time: Sat Jun 24 23:55:16 2023 Hora estándar de Argentina elapsed time: 2.633115 seconds (0d 0h 0m 2s)

---------------  T H R E A D  ---------------

Current thread (0x000002bf5bab3100):  JavaThread "C2 CompilerThread1" daemon [_thread_in_native, id=9140, stack(0x000000d4d6f00000,0x000000d4d7000000)]


Current CompileTask:
C2:   2633 2640   !   4       java.net.URL::<init> (543 bytes)

Stack: [0x000000d4d6f00000,0x000000d4d7000000],  sp=0x000000d4d6ffb5d0,  free space=1005k
Native frames: (J=compiled Java code, j=interpreted, Vv=VM code, C=native code)
V  [jvm.dll+0x6e1465]
V  [jvm.dll+0x6e218b]
V  [jvm.dll+0x6dff0a]
V  [jvm.dll+0x24ce1f]
V  [jvm.dll+0x24a549]
V  [jvm.dll+0x1ce491]
V  [jvm.dll+0x259e1b]
V  [jvm.dll+0x2584f0]
V  [jvm.dll+0x3f2895]
V  [jvm.dll+0x7f4b56]
V  [jvm.dll+0x6ba5cb]
C  [ucrtbase.dll+0x21542]
C  [KERNEL32.DLL+0x16fd4]
C  [ntdll.dll+0x4cf31]


siginfo: EXCEPTION_ACCESS_VIOLATION (0xc0000005), reading address 0x0000000000000428


Registers:
RAX=0x0000000000000400, RBX=0x000000d4d6ffcd00, RCX=0x000000000000000b, RDX=0x0000000000000080
RSP=0x000000d4d6ffb5d0, RBP=0x000000d4d6ffb649, RSI=0x0000000000000001, RDI=0x000000d4d6ffb630
R8 =0x0000000000014188, R9 =0x000002bf5c2fc2c0, R10=0x00000000000017cf, R11=0x000002bf5bb98d20
R12=0x000000d4d6ffcd00, R13=0x0000000000000000, R14=0x0000000000000002, R15=0x0000000000000000
RIP=0x00007ffe5ca11465, EFLAGS=0x0000000000010283


Register to memory mapping:

RIP=0x00007ffe5ca11465 jvm.dll
RAX=0x0000000000000400 is an unknown value
RBX=0x000000d4d6ffcd00 is pointing into the stack for thread: 0x000002bf5bab3100
RCX=0x000000000000000b is an unknown value
RDX=0x0000000000000080 is an unknown value
RSP=0x000000d4d6ffb5d0 is pointing into the stack for thread: 0x000002bf5bab3100
RBP=0x000000d4d6ffb649 is pointing into the stack for thread: 0x000002bf5bab3100
RSI=0x0000000000000001 is an unknown value
RDI=0x000000d4d6ffb630 is pointing into the stack for thread: 0x000002bf5bab3100
R8 =0x0000000000014188 is an unknown value
R9 =0x000002bf5c2fc2c0 points into unknown readable memory: 0x0000000000000000 | 00 00 00 00 00 00 00 00
R10=0x00000000000017cf is an unknown value
R11=0x000002bf5bb98d20 points into unknown readable memory: 0x00007ffe5cbfbad8 | d8 ba bf 5c fe 7f 00 00
R12=0x000000d4d6ffcd00 is pointing into the stack for thread: 0x000002bf5bab3100
R13=0x0 is NULL
R14=0x0000000000000002 is an unknown value
R15=0x0 is NULL


Top of Stack: (sp=0x000000d4d6ffb5d0)
0x000000d4d6ffb5d0:   000002bf5b506ff8 00007ffe5ca1218b
0x000000d4d6ffb5e0:   0000000000000000 000000d4d6ffb649
0x000000d4d6ffb5f0:   000002bf5b506ff8 0000000000000001
0x000000d4d6ffb600:   0000000000000008 0000000000000000
0x000000d4d6ffb610:   000002bf5ba1d070 000002bf00002000
0x000000d4d6ffb620:   000002bf5c2c4240 00007ffe000015b5
0x000000d4d6ffb630:   000002bf00000100 000002bf5c3cf1b8
0x000000d4d6ffb640:   000002bf00000100 000002bf5ba1d070
0x000000d4d6ffb650:   000000d400000000 000002bf5baf3e08
0x000000d4d6ffb660:   000000d400000100 0000000000000000
0x000000d4d6ffb670:   00007ffe5cc98c48 000002bf57111598
0x000000d4d6ffb680:   000000d4d6ffe5d0 00007ffe5cc98c80
0x000000d4d6ffb690:   000000d4d6ffcd00 000002bf571115d8
0x000000d4d6ffb6a0:   000000d4d6ffb7e0 00007ffe5ca0ff0a
0x000000d4d6ffb6b0:   000000d4d6ffcd00 000002bf5b506f70
0x000000d4d6ffb6c0:   000002bf5bb9bec8 000000d4d6ffcd20
0x000000d4d6ffb6d0:   000000d4d6ffe450 00007ffe5c57ce1f
0x000000d4d6ffb6e0:   000000d4d6ffe450 000000d4d6ffe5d0
0x000000d4d6ffb6f0:   000000d4d6ffb7e0 000000d4d6ffe5d0
0x000000d4d6ffb700:   000002bf00000000 000002bf5bace4c0
0x000000d4d6ffb710:   000000d4d6ff0000 0000000000000000
0x000000d4d6ffb720:   000002bf5bba8f30 00007ffe00000000
0x000000d4d6ffb730:   000002bf00000100 00007ffe5cc98c48
0x000000d4d6ffb740:   0000000000000000 000000d4d6ffe450
0x000000d4d6ffb750:   0000000000000000 00007ffe5cc98c48
0x000000d4d6ffb760:   000002bf5bace400 000002bf57111570
0x000000d4d6ffb770:   00007ffe5c330000 0000000088ca6bff
0x000000d4d6ffb780:   000002bf00000000 0000000000000000
0x000000d4d6ffb790:   000000d4d6ffb8a0 00007ffe5c3f2c00
0x000000d4d6ffb7a0:   000002bf5b81a008 00007ffe5cc98c80
0x000000d4d6ffb7b0:   0000000000000000 0000000000000000
0x000000d4d6ffb7c0:   0000000000000000 00007ffe5cc98c80 

Instructions: (pc=0x00007ffe5ca11465)
0x00007ffe5ca11365:   49 8b 41 20 48 2b c1 48 83 f8 08 72 0a 48 8d 41
0x00007ffe5ca11375:   08 49 89 41 18 eb 12 45 33 c0 49 8b c9 41 8d 50
0x00007ffe5ca11385:   08 e8 65 1a 9e ff 48 8b c8 48 89 4b 50 4c 89 21
0x00007ffe5ca11395:   8b 6b 48 8d 56 01 85 d2 74 04 85 d6 74 0c 0f bd
0x00007ffe5ca113a5:   ca ba 01 00 00 00 ff c1 d3 e2 48 8b 4b 40 48 8d
0x00007ffe5ca113b5:   3c ed 00 00 00 00 44 8b ca 4c 8b c7 89 53 48 48
0x00007ffe5ca113c5:   8b 53 50 49 c1 e1 03 44 89 64 24 20 e8 ba 17 9e
0x00007ffe5ca113d5:   ff 44 8b 43 48 33 d2 44 2b c5 48 89 43 50 49 c1
0x00007ffe5ca113e5:   e0 03 48 8d 0c 07 e8 c2 5b 1c 00 48 8b 43 50 4d
0x00007ffe5ca113f5:   89 3c 06 ff c6 3b 73 48 0f 82 1d ff ff ff 4c 8b
0x00007ffe5ca11405:   7c 24 68 4c 8b 74 24 60 48 8b 7c 24 58 48 8b 6c
0x00007ffe5ca11415:   24 50 48 83 c4 30 41 5c 5e 5b c3 48 89 5c 24 08
0x00007ffe5ca11425:   57 8b 81 90 09 00 00 48 8b fa 4c 8b 99 a8 09 00
0x00007ffe5ca11435:   00 48 8b d9 85 c0 74 53 45 33 c0 44 8b d0 0f 1f
0x00007ffe5ca11445:   40 00 66 0f 1f 84 00 00 00 00 00 4c 8b 8b a0 09
0x00007ffe5ca11455:   00 00 4b 8b 04 01 48 85 c0 74 26 49 3b c3 74 21
0x00007ffe5ca11465:   8b 48 28 8b c1 c1 e8 05 3b 07 73 11 8b d0 83 e1
0x00007ffe5ca11475:   1f 48 8b 47 08 8b 04 90 0f a3 c8 72 04 4f 89 1c
0x00007ffe5ca11485:   01 49 83 c0 08 49 83 ea 01 75 c0 48 8d 4b 58 33
0x00007ffe5ca11495:   d2 41 b8 30 09 00 00 48 8b 5c 24 10 5f e9 0b 5b
0x00007ffe5ca114a5:   1c 00 cc cc cc cc cc cc cc cc cc 40 53 41 54 41
0x00007ffe5ca114b5:   55 48 83 ec 40 4c 8b e9 48 8b da 48 8b 49 10 48
0x00007ffe5ca114c5:   89 4c 24 70 45 8b 65 20 49 ff cc 4e 8d 24 e1 4c
0x00007ffe5ca114d5:   89 64 24 60 4c 3b e1 0f 82 ea 01 00 00 44 8b 05
0x00007ffe5ca114e5:   df 29 51 00 65 48 8b 04 25 58 00 00 00 48 89 6c
0x00007ffe5ca114f5:   24 68 48 89 74 24 38 48 89 7c 24 30 4c 89 74 24
0x00007ffe5ca11505:   28 4c 89 7c 24 20 4e 8d 3c c0 90 49 8b 3c 24 45
0x00007ffe5ca11515:   33 f6 33 ed 44 8b 47 1c 45 85 c0 0f 84 75 01 00
0x00007ffe5ca11525:   00 41 bc 68 00 00 00 0f 1f 40 00 4c 8b 57 08 48
0x00007ffe5ca11535:   8d 34 ed 00 00 00 00 4e 8b 0c 16 4e 8d 1c 16 4d
0x00007ffe5ca11545:   3b cd 0f 85 35 01 00 00 8b 47 18 3b e8 73 78 4d
0x00007ffe5ca11555:   85 c9 74 2e 49 8b 49 10 48 85 c9 74 25 41 8b 41 


Stack slot to memory mapping:
stack at sp + 0 slots: 0x000002bf5b506ff8 points into unknown readable memory: 0x00007ffe5cc86610 | 10 66 c8 5c fe 7f 00 00
stack at sp + 1 slots: 0x00007ffe5ca1218b jvm.dll
stack at sp + 2 slots: 0x0 is NULL
stack at sp + 3 slots: 0x000000d4d6ffb649 is pointing into the stack for thread: 0x000002bf5bab3100
stack at sp + 4 slots: 0x000002bf5b506ff8 points into unknown readable memory: 0x00007ffe5cc86610 | 10 66 c8 5c fe 7f 00 00
stack at sp + 5 slots: 0x0000000000000001 is an unknown value
stack at sp + 6 slots: 0x0000000000000008 is an unknown value
stack at sp + 7 slots: 0x0 is NULL


---------------  P R O C E S S  ---------------

Threads class SMR info:
_java_thread_list=0x000002bf5b985860, length=12, elements={
0x000002bf3afd7450, 0x000002bf570fb3c0, 0x000002bf571041e0, 0x000002bf57109180,
0x000002bf5710aad0, 0x000002bf5710c420, 0x000002bf5710cd60, 0x000002bf5710d9d0,
0x000002bf57113380, 0x000002bf5b4e7230, 0x000002bf5b4ec420, 0x000002bf5bab3100
}

Java Threads: ( => current thread )
  0x000002bf3afd7450 JavaThread "main" [_thread_in_native, id=10100, stack(0x000000d4d5c00000,0x000000d4d5d00000)]
  0x000002bf570fb3c0 JavaThread "Reference Handler" daemon [_thread_blocked, id=9396, stack(0x000000d4d6400000,0x000000d4d6500000)]
  0x000002bf571041e0 JavaThread "Finalizer" daemon [_thread_blocked, id=6480, stack(0x000000d4d6500000,0x000000d4d6600000)]
  0x000002bf57109180 JavaThread "Signal Dispatcher" daemon [_thread_blocked, id=9400, stack(0x000000d4d6600000,0x000000d4d6700000)]
  0x000002bf5710aad0 JavaThread "Attach Listener" daemon [_thread_blocked, id=7584, stack(0x000000d4d6700000,0x000000d4d6800000)]
  0x000002bf5710c420 JavaThread "Service Thread" daemon [_thread_blocked, id=1760, stack(0x000000d4d6800000,0x000000d4d6900000)]
  0x000002bf5710cd60 JavaThread "Monitor Deflation Thread" daemon [_thread_blocked, id=8064, stack(0x000000d4d6900000,0x000000d4d6a00000)]
  0x000002bf5710d9d0 JavaThread "C2 CompilerThread0" daemon [_thread_blocked, id=7580, stack(0x000000d4d6a00000,0x000000d4d6b00000)]
  0x000002bf57113380 JavaThread "C1 CompilerThread0" daemon [_thread_blocked, id=7452, stack(0x000000d4d6b00000,0x000000d4d6c00000)]
  0x000002bf5b4e7230 JavaThread "Notification Thread" daemon [_thread_blocked, id=2136, stack(0x000000d4d6c00000,0x000000d4d6d00000)]
  0x000002bf5b4ec420 JavaThread "Common-Cleaner" daemon [_thread_blocked, id=6404, stack(0x000000d4d6e00000,0x000000d4d6f00000)]
=>0x000002bf5bab3100 JavaThread "C2 CompilerThread1" daemon [_thread_in_native, id=9140, stack(0x000000d4d6f00000,0x000000d4d7000000)]

Other Threads:
  0x000002bf570e0300 VMThread "VM Thread" [stack: 0x000000d4d6200000,0x000000d4d6300000] [id=5552]
  0x000002bf5b4e9fb0 WatcherThread "VM Periodic Task Thread" [stack: 0x000000d4d6d00000,0x000000d4d6e00000] [id=11056]
  0x000002bf3b039520 WorkerThread "GC Thread#0" [stack: 0x000000d4d5d00000,0x000000d4d5e00000] [id=8548]
  0x000002bf5beb5ad0 WorkerThread "GC Thread#1" [stack: 0x000000d4d7000000,0x000000d4d7100000] [id=9996]
  0x000002bf5bc2cc40 WorkerThread "GC Thread#2" [stack: 0x000000d4d7100000,0x000000d4d7200000] [id=4560]
  0x000002bf5beeb0e0 WorkerThread "GC Thread#3" [stack: 0x000000d4d7200000,0x000000d4d7300000] [id=5672]
  0x000002bf3b04a210 ConcurrentGCThread "G1 Main Marker" [stack: 0x000000d4d5e00000,0x000000d4d5f00000] [id=8824]
  0x000002bf3b04c3f0 WorkerThread "G1 Conc#0" [stack: 0x000000d4d5f00000,0x000000d4d6000000] [id=10172]
  0x000002bf56f920b0 ConcurrentGCThread "G1 Refine#0" [stack: 0x000000d4d6000000,0x000000d4d6100000] [id=9192]
  0x000002bf56f92b50 ConcurrentGCThread "G1 Service" [stack: 0x000000d4d6100000,0x000000d4d6200000] [id=6384]

Threads with active compile tasks:
C2 CompilerThread1     2690 2640   !   4       java.net.URL::<init> (543 bytes)

VM state: not at safepoint (normal execution)

VM Mutex/Monitor currently owned by a thread: None

Heap address: 0x0000000081e00000, size: 2018 MB, Compressed Oops mode: 32-bit

CDS archive(s) mapped at: [0x0000000800000000-0x0000000800c60000-0x0000000800c60000), size 12976128, SharedBaseAddress: 0x0000000800000000, ArchiveRelocationMode: 0.
Compressed class space mapped at: 0x0000000801000000-0x0000000841000000, reserved size: 1073741824
Narrow klass base: 0x0000000800000000, Narrow klass shift: 0, Narrow klass range: 0x100000000

GC Precious Log:
 CardTable entry size: 512
 Card Set container configuration: InlinePtr #cards 5 size 8 Array Of Cards #cards 12 size 40 Howl #buckets 4 coarsen threshold 1843 Howl Bitmap #cards 512 size 80 coarsen threshold 460 Card regions per heap region 1 cards per card region 2048
 CPUs: 4 total, 4 available
 Memory: 8064M
 Large Page Support: Disabled
 NUMA Support: Disabled
 Compressed Oops: Enabled (32-bit)
 Heap Region Size: 1M
 Heap Min Capacity: 8M
 Heap Initial Capacity: 128M
 Heap Max Capacity: 2018M
 Pre-touch: Disabled
 Parallel Workers: 4
 Concurrent Workers: 1
 Concurrent Refinement Workers: 4
 Periodic GC: Disabled

Heap:
 garbage-first heap   total 131072K, used 51131K [0x0000000081e00000, 0x0000000100000000)
  region size 1024K, 49 young (50176K), 1 survivors (1024K)
 Metaspace       used 13966K, committed 14208K, reserved 1114112K
  class space    used 1679K, committed 1792K, reserved 1048576K

Heap Regions: E=young(eden), S=young(survivor), O=old, HS=humongous(starts), HC=humongous(continues), CS=collection set, F=free, OA=open archive, CA=closed archive, TAMS=top-at-mark-start, PB=parsable bottom
|   0|0x0000000081e00000, 0x0000000081f00000, 0x0000000081f00000|100%| O|  |TAMS 0x0000000081e00000| PB 0x0000000081e00000| Untracked 
|   1|0x0000000081f00000, 0x0000000082000000, 0x0000000082000000|100%| O|  |TAMS 0x0000000081f00000| PB 0x0000000081f00000| Untracked 
|   2|0x0000000082000000, 0x0000000082100000, 0x0000000082100000|100%| O|  |TAMS 0x0000000082000000| PB 0x0000000082000000| Untracked 
|   3|0x0000000082100000, 0x0000000082159200, 0x0000000082200000| 34%| O|  |TAMS 0x0000000082100000| PB 0x0000000082100000| Untracked 
|   4|0x0000000082200000, 0x0000000082200000, 0x0000000082300000|  0%| F|  |TAMS 0x0000000082200000| PB 0x0000000082200000| Untracked 
|   5|0x0000000082300000, 0x0000000082300000, 0x0000000082400000|  0%| F|  |TAMS 0x0000000082300000| PB 0x0000000082300000| Untracked 
|   6|0x0000000082400000, 0x0000000082400000, 0x0000000082500000|  0%| F|  |TAMS 0x0000000082400000| PB 0x0000000082400000| Untracked 
|   7|0x0000000082500000, 0x0000000082500000, 0x0000000082600000|  0%| F|  |TAMS 0x0000000082500000| PB 0x0000000082500000| Untracked 
|   8|0x0000000082600000, 0x0000000082600000, 0x0000000082700000|  0%| F|  |TAMS 0x0000000082600000| PB 0x0000000082600000| Untracked 
|   9|0x0000000082700000, 0x0000000082700000, 0x0000000082800000|  0%| F|  |TAMS 0x0000000082700000| PB 0x0000000082700000| Untracked 
|  10|0x0000000082800000, 0x0000000082800000, 0x0000000082900000|  0%| F|  |TAMS 0x0000000082800000| PB 0x0000000082800000| Untracked 
|  11|0x0000000082900000, 0x0000000082900000, 0x0000000082a00000|  0%| F|  |TAMS 0x0000000082900000| PB 0x0000000082900000| Untracked 
|  12|0x0000000082a00000, 0x0000000082a00000, 0x0000000082b00000|  0%| F|  |TAMS 0x0000000082a00000| PB 0x0000000082a00000| Untracked 
|  13|0x0000000082b00000, 0x0000000082b00000, 0x0000000082c00000|  0%| F|  |TAMS 0x0000000082b00000| PB 0x0000000082b00000| Untracked 
|  14|0x0000000082c00000, 0x0000000082c00000, 0x0000000082d00000|  0%| F|  |TAMS 0x0000000082c00000| PB 0x0000000082c00000| Untracked 
|  15|0x0000000082d00000, 0x0000000082d00000, 0x0000000082e00000|  0%| F|  |TAMS 0x0000000082d00000| PB 0x0000000082d00000| Untracked 
|  16|0x0000000082e00000, 0x0000000082e00000, 0x0000000082f00000|  0%| F|  |TAMS 0x0000000082e00000| PB 0x0000000082e00000| Untracked 
|  17|0x0000000082f00000, 0x0000000082f00000, 0x0000000083000000|  0%| F|  |TAMS 0x0000000082f00000| PB 0x0000000082f00000| Untracked 
|  18|0x0000000083000000, 0x0000000083000000, 0x0000000083100000|  0%| F|  |TAMS 0x0000000083000000| PB 0x0000000083000000| Untracked 
|  19|0x0000000083100000, 0x0000000083100000, 0x0000000083200000|  0%| F|  |TAMS 0x0000000083100000| PB 0x0000000083100000| Untracked 
|  20|0x0000000083200000, 0x0000000083200000, 0x0000000083300000|  0%| F|  |TAMS 0x0000000083200000| PB 0x0000000083200000| Untracked 
|  21|0x0000000083300000, 0x0000000083300000, 0x0000000083400000|  0%| F|  |TAMS 0x0000000083300000| PB 0x0000000083300000| Untracked 
|  22|0x0000000083400000, 0x0000000083400000, 0x0000000083500000|  0%| F|  |TAMS 0x0000000083400000| PB 0x0000000083400000| Untracked 
|  23|0x0000000083500000, 0x0000000083500000, 0x0000000083600000|  0%| F|  |TAMS 0x0000000083500000| PB 0x0000000083500000| Untracked 
|  24|0x0000000083600000, 0x0000000083600000, 0x0000000083700000|  0%| F|  |TAMS 0x0000000083600000| PB 0x0000000083600000| Untracked 
|  25|0x0000000083700000, 0x0000000083700000, 0x0000000083800000|  0%| F|  |TAMS 0x0000000083700000| PB 0x0000000083700000| Untracked 
|  26|0x0000000083800000, 0x0000000083800000, 0x0000000083900000|  0%| F|  |TAMS 0x0000000083800000| PB 0x0000000083800000| Untracked 
|  27|0x0000000083900000, 0x0000000083900000, 0x0000000083a00000|  0%| F|  |TAMS 0x0000000083900000| PB 0x0000000083900000| Untracked 
|  28|0x0000000083a00000, 0x0000000083a00000, 0x0000000083b00000|  0%| F|  |TAMS 0x0000000083a00000| PB 0x0000000083a00000| Untracked 
|  29|0x0000000083b00000, 0x0000000083b00000, 0x0000000083c00000|  0%| F|  |TAMS 0x0000000083b00000| PB 0x0000000083b00000| Untracked 
|  30|0x0000000083c00000, 0x0000000083c00000, 0x0000000083d00000|  0%| F|  |TAMS 0x0000000083c00000| PB 0x0000000083c00000| Untracked 
|  31|0x0000000083d00000, 0x0000000083d00000, 0x0000000083e00000|  0%| F|  |TAMS 0x0000000083d00000| PB 0x0000000083d00000| Untracked 
|  32|0x0000000083e00000, 0x0000000083e00000, 0x0000000083f00000|  0%| F|  |TAMS 0x0000000083e00000| PB 0x0000000083e00000| Untracked 
|  33|0x0000000083f00000, 0x0000000083f00000, 0x0000000084000000|  0%| F|  |TAMS 0x0000000083f00000| PB 0x0000000083f00000| Untracked 
|  34|0x0000000084000000, 0x0000000084000000, 0x0000000084100000|  0%| F|  |TAMS 0x0000000084000000| PB 0x0000000084000000| Untracked 
|  35|0x0000000084100000, 0x0000000084100000, 0x0000000084200000|  0%| F|  |TAMS 0x0000000084100000| PB 0x0000000084100000| Untracked 
|  36|0x0000000084200000, 0x0000000084200000, 0x0000000084300000|  0%| F|  |TAMS 0x0000000084200000| PB 0x0000000084200000| Untracked 
|  37|0x0000000084300000, 0x0000000084300000, 0x0000000084400000|  0%| F|  |TAMS 0x0000000084300000| PB 0x0000000084300000| Untracked 
|  38|0x0000000084400000, 0x0000000084400000, 0x0000000084500000|  0%| F|  |TAMS 0x0000000084400000| PB 0x0000000084400000| Untracked 
|  39|0x0000000084500000, 0x0000000084500000, 0x0000000084600000|  0%| F|  |TAMS 0x0000000084500000| PB 0x0000000084500000| Untracked 
|  40|0x0000000084600000, 0x0000000084600000, 0x0000000084700000|  0%| F|  |TAMS 0x0000000084600000| PB 0x0000000084600000| Untracked 
|  41|0x0000000084700000, 0x0000000084700000, 0x0000000084800000|  0%| F|  |TAMS 0x0000000084700000| PB 0x0000000084700000| Untracked 
|  42|0x0000000084800000, 0x0000000084800000, 0x0000000084900000|  0%| F|  |TAMS 0x0000000084800000| PB 0x0000000084800000| Untracked 
|  43|0x0000000084900000, 0x0000000084900000, 0x0000000084a00000|  0%| F|  |TAMS 0x0000000084900000| PB 0x0000000084900000| Untracked 
|  44|0x0000000084a00000, 0x0000000084a00000, 0x0000000084b00000|  0%| F|  |TAMS 0x0000000084a00000| PB 0x0000000084a00000| Untracked 
|  45|0x0000000084b00000, 0x0000000084b00000, 0x0000000084c00000|  0%| F|  |TAMS 0x0000000084b00000| PB 0x0000000084b00000| Untracked 
|  46|0x0000000084c00000, 0x0000000084c00000, 0x0000000084d00000|  0%| F|  |TAMS 0x0000000084c00000| PB 0x0000000084c00000| Untracked 
|  47|0x0000000084d00000, 0x0000000084d00000, 0x0000000084e00000|  0%| F|  |TAMS 0x0000000084d00000| PB 0x0000000084d00000| Untracked 
|  48|0x0000000084e00000, 0x0000000084e00000, 0x0000000084f00000|  0%| F|  |TAMS 0x0000000084e00000| PB 0x0000000084e00000| Untracked 
|  49|0x0000000084f00000, 0x0000000084f00000, 0x0000000085000000|  0%| F|  |TAMS 0x0000000084f00000| PB 0x0000000084f00000| Untracked 
|  50|0x0000000085000000, 0x0000000085000000, 0x0000000085100000|  0%| F|  |TAMS 0x0000000085000000| PB 0x0000000085000000| Untracked 
|  51|0x0000000085100000, 0x0000000085100000, 0x0000000085200000|  0%| F|  |TAMS 0x0000000085100000| PB 0x0000000085100000| Untracked 
|  52|0x0000000085200000, 0x0000000085200000, 0x0000000085300000|  0%| F|  |TAMS 0x0000000085200000| PB 0x0000000085200000| Untracked 
|  53|0x0000000085300000, 0x0000000085300000, 0x0000000085400000|  0%| F|  |TAMS 0x0000000085300000| PB 0x0000000085300000| Untracked 
|  54|0x0000000085400000, 0x0000000085400000, 0x0000000085500000|  0%| F|  |TAMS 0x0000000085400000| PB 0x0000000085400000| Untracked 
|  55|0x0000000085500000, 0x0000000085500000, 0x0000000085600000|  0%| F|  |TAMS 0x0000000085500000| PB 0x0000000085500000| Untracked 
|  56|0x0000000085600000, 0x0000000085600000, 0x0000000085700000|  0%| F|  |TAMS 0x0000000085600000| PB 0x0000000085600000| Untracked 
|  57|0x0000000085700000, 0x0000000085700000, 0x0000000085800000|  0%| F|  |TAMS 0x0000000085700000| PB 0x0000000085700000| Untracked 
|  58|0x0000000085800000, 0x0000000085800000, 0x0000000085900000|  0%| F|  |TAMS 0x0000000085800000| PB 0x0000000085800000| Untracked 
|  59|0x0000000085900000, 0x0000000085900000, 0x0000000085a00000|  0%| F|  |TAMS 0x0000000085900000| PB 0x0000000085900000| Untracked 
|  60|0x0000000085a00000, 0x0000000085a00000, 0x0000000085b00000|  0%| F|  |TAMS 0x0000000085a00000| PB 0x0000000085a00000| Untracked 
|  61|0x0000000085b00000, 0x0000000085b00000, 0x0000000085c00000|  0%| F|  |TAMS 0x0000000085b00000| PB 0x0000000085b00000| Untracked 
|  62|0x0000000085c00000, 0x0000000085c00000, 0x0000000085d00000|  0%| F|  |TAMS 0x0000000085c00000| PB 0x0000000085c00000| Untracked 
|  63|0x0000000085d00000, 0x0000000085d00000, 0x0000000085e00000|  0%| F|  |TAMS 0x0000000085d00000| PB 0x0000000085d00000| Untracked 
|  64|0x0000000085e00000, 0x0000000085e00000, 0x0000000085f00000|  0%| F|  |TAMS 0x0000000085e00000| PB 0x0000000085e00000| Untracked 
|  65|0x0000000085f00000, 0x0000000085f00000, 0x0000000086000000|  0%| F|  |TAMS 0x0000000085f00000| PB 0x0000000085f00000| Untracked 
|  66|0x0000000086000000, 0x0000000086000000, 0x0000000086100000|  0%| F|  |TAMS 0x0000000086000000| PB 0x0000000086000000| Untracked 
|  67|0x0000000086100000, 0x0000000086100000, 0x0000000086200000|  0%| F|  |TAMS 0x0000000086100000| PB 0x0000000086100000| Untracked 
|  68|0x0000000086200000, 0x0000000086200000, 0x0000000086300000|  0%| F|  |TAMS 0x0000000086200000| PB 0x0000000086200000| Untracked 
|  69|0x0000000086300000, 0x0000000086300000, 0x0000000086400000|  0%| F|  |TAMS 0x0000000086300000| PB 0x0000000086300000| Untracked 
|  70|0x0000000086400000, 0x0000000086400000, 0x0000000086500000|  0%| F|  |TAMS 0x0000000086400000| PB 0x0000000086400000| Untracked 
|  71|0x0000000086500000, 0x0000000086500000, 0x0000000086600000|  0%| F|  |TAMS 0x0000000086500000| PB 0x0000000086500000| Untracked 
|  72|0x0000000086600000, 0x0000000086600000, 0x0000000086700000|  0%| F|  |TAMS 0x0000000086600000| PB 0x0000000086600000| Untracked 
|  73|0x0000000086700000, 0x0000000086700000, 0x0000000086800000|  0%| F|  |TAMS 0x0000000086700000| PB 0x0000000086700000| Untracked 
|  74|0x0000000086800000, 0x0000000086800000, 0x0000000086900000|  0%| F|  |TAMS 0x0000000086800000| PB 0x0000000086800000| Untracked 
|  75|0x0000000086900000, 0x0000000086900000, 0x0000000086a00000|  0%| F|  |TAMS 0x0000000086900000| PB 0x0000000086900000| Untracked 
|  76|0x0000000086a00000, 0x0000000086a00000, 0x0000000086b00000|  0%| F|  |TAMS 0x0000000086a00000| PB 0x0000000086a00000| Untracked 
|  77|0x0000000086b00000, 0x0000000086b00000, 0x0000000086c00000|  0%| F|  |TAMS 0x0000000086b00000| PB 0x0000000086b00000| Untracked 
|  78|0x0000000086c00000, 0x0000000086c00000, 0x0000000086d00000|  0%| F|  |TAMS 0x0000000086c00000| PB 0x0000000086c00000| Untracked 
|  79|0x0000000086d00000, 0x0000000086d4aa08, 0x0000000086e00000| 29%| E|  |TAMS 0x0000000086d00000| PB 0x0000000086d00000| Complete 
|  80|0x0000000086e00000, 0x0000000086f00000, 0x0000000086f00000|100%| E|CS|TAMS 0x0000000086e00000| PB 0x0000000086e00000| Complete 
|  81|0x0000000086f00000, 0x0000000087000000, 0x0000000087000000|100%| E|CS|TAMS 0x0000000086f00000| PB 0x0000000086f00000| Complete 
|  82|0x0000000087000000, 0x0000000087100000, 0x0000000087100000|100%| E|CS|TAMS 0x0000000087000000| PB 0x0000000087000000| Complete 
|  83|0x0000000087100000, 0x0000000087200000, 0x0000000087200000|100%| E|CS|TAMS 0x0000000087100000| PB 0x0000000087100000| Complete 
|  84|0x0000000087200000, 0x0000000087300000, 0x0000000087300000|100%| E|CS|TAMS 0x0000000087200000| PB 0x0000000087200000| Complete 
|  85|0x0000000087300000, 0x0000000087400000, 0x0000000087400000|100%| E|CS|TAMS 0x0000000087300000| PB 0x0000000087300000| Complete 
|  86|0x0000000087400000, 0x0000000087500000, 0x0000000087500000|100%| E|CS|TAMS 0x0000000087400000| PB 0x0000000087400000| Complete 
|  87|0x0000000087500000, 0x0000000087600000, 0x0000000087600000|100%| E|CS|TAMS 0x0000000087500000| PB 0x0000000087500000| Complete 
|  88|0x0000000087600000, 0x0000000087700000, 0x0000000087700000|100%| E|CS|TAMS 0x0000000087600000| PB 0x0000000087600000| Complete 
|  89|0x0000000087700000, 0x0000000087800000, 0x0000000087800000|100%| E|CS|TAMS 0x0000000087700000| PB 0x0000000087700000| Complete 
|  90|0x0000000087800000, 0x0000000087900000, 0x0000000087900000|100%| E|CS|TAMS 0x0000000087800000| PB 0x0000000087800000| Complete 
|  91|0x0000000087900000, 0x0000000087a00000, 0x0000000087a00000|100%| E|CS|TAMS 0x0000000087900000| PB 0x0000000087900000| Complete 
|  92|0x0000000087a00000, 0x0000000087b00000, 0x0000000087b00000|100%| E|CS|TAMS 0x0000000087a00000| PB 0x0000000087a00000| Complete 
|  93|0x0000000087b00000, 0x0000000087c00000, 0x0000000087c00000|100%| E|CS|TAMS 0x0000000087b00000| PB 0x0000000087b00000| Complete 
|  94|0x0000000087c00000, 0x0000000087d00000, 0x0000000087d00000|100%| E|CS|TAMS 0x0000000087c00000| PB 0x0000000087c00000| Complete 
|  95|0x0000000087d00000, 0x0000000087e00000, 0x0000000087e00000|100%| E|CS|TAMS 0x0000000087d00000| PB 0x0000000087d00000| Complete 
|  96|0x0000000087e00000, 0x0000000087f00000, 0x0000000087f00000|100%| E|CS|TAMS 0x0000000087e00000| PB 0x0000000087e00000| Complete 
|  97|0x0000000087f00000, 0x0000000088000000, 0x0000000088000000|100%| E|CS|TAMS 0x0000000087f00000| PB 0x0000000087f00000| Complete 
|  98|0x0000000088000000, 0x0000000088100000, 0x0000000088100000|100%| E|CS|TAMS 0x0000000088000000| PB 0x0000000088000000| Complete 
|  99|0x0000000088100000, 0x0000000088200000, 0x0000000088200000|100%| E|CS|TAMS 0x0000000088100000| PB 0x0000000088100000| Complete 
| 100|0x0000000088200000, 0x0000000088300000, 0x0000000088300000|100%| E|CS|TAMS 0x0000000088200000| PB 0x0000000088200000| Complete 
| 101|0x0000000088300000, 0x0000000088400000, 0x0000000088400000|100%| E|CS|TAMS 0x0000000088300000| PB 0x0000000088300000| Complete 
| 102|0x0000000088400000, 0x0000000088500000, 0x0000000088500000|100%| E|CS|TAMS 0x0000000088400000| PB 0x0000000088400000| Complete 
| 103|0x0000000088500000, 0x0000000088600000, 0x0000000088600000|100%| E|CS|TAMS 0x0000000088500000| PB 0x0000000088500000| Complete 
| 104|0x0000000088600000, 0x0000000088700000, 0x0000000088700000|100%| E|CS|TAMS 0x0000000088600000| PB 0x0000000088600000| Complete 
| 105|0x0000000088700000, 0x0000000088800000, 0x0000000088800000|100%| E|CS|TAMS 0x0000000088700000| PB 0x0000000088700000| Complete 
| 106|0x0000000088800000, 0x0000000088900000, 0x0000000088900000|100%| E|CS|TAMS 0x0000000088800000| PB 0x0000000088800000| Complete 
| 107|0x0000000088900000, 0x0000000088a00000, 0x0000000088a00000|100%| E|CS|TAMS 0x0000000088900000| PB 0x0000000088900000| Complete 
| 108|0x0000000088a00000, 0x0000000088b00000, 0x0000000088b00000|100%| E|CS|TAMS 0x0000000088a00000| PB 0x0000000088a00000| Complete 
| 109|0x0000000088b00000, 0x0000000088c00000, 0x0000000088c00000|100%| E|CS|TAMS 0x0000000088b00000| PB 0x0000000088b00000| Complete 
| 110|0x0000000088c00000, 0x0000000088d00000, 0x0000000088d00000|100%| E|CS|TAMS 0x0000000088c00000| PB 0x0000000088c00000| Complete 
| 111|0x0000000088d00000, 0x0000000088d95dc0, 0x0000000088e00000| 58%| S|CS|TAMS 0x0000000088d00000| PB 0x0000000088d00000| Complete 
| 112|0x0000000088e00000, 0x0000000088f00000, 0x0000000088f00000|100%| E|CS|TAMS 0x0000000088e00000| PB 0x0000000088e00000| Complete 
| 113|0x0000000088f00000, 0x0000000089000000, 0x0000000089000000|100%| E|CS|TAMS 0x0000000088f00000| PB 0x0000000088f00000| Complete 
| 114|0x0000000089000000, 0x0000000089100000, 0x0000000089100000|100%| E|CS|TAMS 0x0000000089000000| PB 0x0000000089000000| Complete 
| 115|0x0000000089100000, 0x0000000089200000, 0x0000000089200000|100%| E|CS|TAMS 0x0000000089100000| PB 0x0000000089100000| Complete 
| 116|0x0000000089200000, 0x0000000089300000, 0x0000000089300000|100%| E|CS|TAMS 0x0000000089200000| PB 0x0000000089200000| Complete 
| 117|0x0000000089300000, 0x0000000089400000, 0x0000000089400000|100%| E|CS|TAMS 0x0000000089300000| PB 0x0000000089300000| Complete 
| 118|0x0000000089400000, 0x0000000089500000, 0x0000000089500000|100%| E|CS|TAMS 0x0000000089400000| PB 0x0000000089400000| Complete 
| 119|0x0000000089500000, 0x0000000089600000, 0x0000000089600000|100%| E|CS|TAMS 0x0000000089500000| PB 0x0000000089500000| Complete 
| 120|0x0000000089600000, 0x0000000089700000, 0x0000000089700000|100%| E|CS|TAMS 0x0000000089600000| PB 0x0000000089600000| Complete 
| 121|0x0000000089700000, 0x0000000089800000, 0x0000000089800000|100%| E|  |TAMS 0x0000000089700000| PB 0x0000000089700000| Complete 
| 122|0x0000000089800000, 0x0000000089900000, 0x0000000089900000|100%| E|CS|TAMS 0x0000000089800000| PB 0x0000000089800000| Complete 
| 123|0x0000000089900000, 0x0000000089a00000, 0x0000000089a00000|100%| E|CS|TAMS 0x0000000089900000| PB 0x0000000089900000| Complete 
| 124|0x0000000089a00000, 0x0000000089b00000, 0x0000000089b00000|100%| E|CS|TAMS 0x0000000089a00000| PB 0x0000000089a00000| Complete 
| 125|0x0000000089b00000, 0x0000000089c00000, 0x0000000089c00000|100%| E|CS|TAMS 0x0000000089b00000| PB 0x0000000089b00000| Complete 
| 126|0x0000000089c00000, 0x0000000089d00000, 0x0000000089d00000|100%| E|CS|TAMS 0x0000000089c00000| PB 0x0000000089c00000| Complete 
| 127|0x0000000089d00000, 0x0000000089e00000, 0x0000000089e00000|100%| E|CS|TAMS 0x0000000089d00000| PB 0x0000000089d00000| Complete 

Card table byte_map: [0x000002bf524a0000,0x000002bf528a0000] _byte_map_base: 0x000002bf52091000

Marking Bits: (CMBitMap*) 0x000002bf3b039b50
 Bits: [0x000002bf52ca0000, 0x000002bf54c28000)

Polling page: 0x000002bf38eb0000

Metaspace:

Usage:
  Non-class:     12.03 MB used.
      Class:      1.65 MB used.
       Both:     13.67 MB used.

Virtual space:
  Non-class space:       64.00 MB reserved,      12.12 MB ( 19%) committed,  1 nodes.
      Class space:        1.00 GB reserved,       1.75 MB ( <1%) committed,  1 nodes.
             Both:        1.06 GB reserved,      13.88 MB (  1%) committed. 

Chunk freelists:
   Non-Class:  3.12 MB
       Class:  2.07 MB
        Both:  5.20 MB

MaxMetaspaceSize: unlimited
CompressedClassSpaceSize: 1.00 GB
Initial GC threshold: 21.00 MB
Current GC threshold: 21.00 MB
CDS: on
MetaspaceReclaimPolicy: balanced
 - commit_granule_bytes: 65536.
 - commit_granule_words: 8192.
 - virtual_space_node_default_size: 8388608.
 - enlarge_chunks_in_place: 1.
 - new_chunks_are_fully_committed: 0.
 - uncommit_free_chunks: 1.
 - use_allocation_guard: 0.


Internal statistics:

num_allocs_failed_limit: 0.
num_arena_births: 142.
num_arena_deaths: 0.
num_vsnodes_births: 2.
num_vsnodes_deaths: 0.
num_space_committed: 222.
num_space_uncommitted: 0.
num_chunks_returned_to_freelist: 0.
num_chunks_taken_from_freelist: 607.
num_chunk_merges: 0.
num_chunk_splits: 425.
num_chunks_enlarged: 353.
num_inconsistent_stats: 0.

CodeHeap 'non-profiled nmethods': size=120000Kb used=926Kb max_used=926Kb free=119073Kb
 bounds [0x000002bf4ab70000, 0x000002bf4ade0000, 0x000002bf520a0000]
CodeHeap 'profiled nmethods': size=120000Kb used=5207Kb max_used=5207Kb free=114792Kb
 bounds [0x000002bf430a0000, 0x000002bf435c0000, 0x000002bf4a5d0000]
CodeHeap 'non-nmethods': size=5760Kb used=1451Kb max_used=1464Kb free=4308Kb
 bounds [0x000002bf4a5d0000, 0x000002bf4a840000, 0x000002bf4ab70000]
 total_blobs=3189 nmethods=2706 adapters=393
 compilation: enabled
              stopped_count=0, restarted_count=0
 full_count=0

Compilation events (20 events):
Event: 2.604 Thread 0x000002bf57113380 2675       3       java.lang.invoke.DirectMethodHandle$Holder::putReference (29 bytes)
Event: 2.605 Thread 0x000002bf57113380 nmethod 2675 0x000002bf435aa110 code [0x000002bf435aa2e0, 0x000002bf435aa930]
Event: 2.606 Thread 0x000002bf57113380 2676       3       java.util.concurrent.ConcurrentHashMap$EntryIterator::next (5 bytes)
Event: 2.606 Thread 0x000002bf57113380 nmethod 2676 0x000002bf435aab10 code [0x000002bf435aaca0, 0x000002bf435aadd8]
Event: 2.606 Thread 0x000002bf57113380 2677       3       java.util.concurrent.ConcurrentHashMap$EntryIterator::next (51 bytes)
Event: 2.606 Thread 0x000002bf57113380 nmethod 2677 0x000002bf435aae90 code [0x000002bf435ab060, 0x000002bf435ab578]
Event: 2.607 Thread 0x000002bf5710d9d0 2678       4       org.codehaus.plexus.classworlds.realm.ClassRealm::getClassLoadingLock (38 bytes)
Event: 2.610 Thread 0x000002bf5710d9d0 nmethod 2678 0x000002bf4ac54c10 code [0x000002bf4ac54da0, 0x000002bf4ac54ee8]
Event: 2.613 Thread 0x000002bf57113380 2679       3       java.lang.String::toCharArray (25 bytes)
Event: 2.613 Thread 0x000002bf57113380 nmethod 2679 0x000002bf435ab710 code [0x000002bf435ab8c0, 0x000002bf435abb60]
Event: 2.613 Thread 0x000002bf57113380 2680       3       java.lang.StringLatin1::toChars (16 bytes)
Event: 2.613 Thread 0x000002bf5710d9d0 2681       4       java.lang.Character::isHighSurrogate (18 bytes)
Event: 2.613 Thread 0x000002bf57113380 nmethod 2680 0x000002bf435abc10 code [0x000002bf435abda0, 0x000002bf435abf70]
Event: 2.614 Thread 0x000002bf5710d9d0 nmethod 2681 0x000002bf4ac55090 code [0x000002bf4ac55200, 0x000002bf4ac55280]
Event: 2.614 Thread 0x000002bf5710d9d0 2682       4       org.codehaus.plexus.util.xml.pull.MXParser::isValidCodePoint (64 bytes)
Event: 2.615 Thread 0x000002bf5710d9d0 nmethod 2682 0x000002bf4ac55390 code [0x000002bf4ac55500, 0x000002bf4ac555b0]
Event: 2.624 Thread 0x000002bf57113380 2683       3       java.util.regex.Pattern$Slice::match (79 bytes)
Event: 2.625 Thread 0x000002bf57113380 nmethod 2683 0x000002bf435ac090 code [0x000002bf435ac260, 0x000002bf435ac6f8]
Event: 2.625 Thread 0x000002bf57113380 2684       3       org.codehaus.plexus.util.xml.pull.MXParser::more (106 bytes)
Event: 2.625 Thread 0x000002bf57113380 nmethod 2684 0x000002bf435ac890 code [0x000002bf435acac0, 0x000002bf435ad1c0]

GC Heap History (4 events):
Event: 0.730 GC heap before
{Heap before GC invocations=0 (full 0):
 garbage-first heap   total 131072K, used 13312K [0x0000000081e00000, 0x0000000100000000)
  region size 1024K, 13 young (13312K), 0 survivors (0K)
 Metaspace       used 3810K, committed 4032K, reserved 1114112K
  class space    used 392K, committed 512K, reserved 1048576K
}
Event: 0.736 GC heap after
{Heap after GC invocations=1 (full 0):
 garbage-first heap   total 131072K, used 3471K [0x0000000081e00000, 0x0000000100000000)
  region size 1024K, 2 young (2048K), 2 survivors (2048K)
 Metaspace       used 3810K, committed 4032K, reserved 1114112K
  class space    used 392K, committed 512K, reserved 1048576K
}
Event: 1.105 GC heap before
{Heap before GC invocations=1 (full 0):
 garbage-first heap   total 131072K, used 17807K [0x0000000081e00000, 0x0000000100000000)
  region size 1024K, 16 young (16384K), 2 survivors (2048K)
 Metaspace       used 6028K, committed 6272K, reserved 1114112K
  class space    used 708K, committed 832K, reserved 1048576K
}
Event: 1.110 GC heap after
{Heap after GC invocations=2 (full 0):
 garbage-first heap   total 131072K, used 4027K [0x0000000081e00000, 0x0000000100000000)
  region size 1024K, 1 young (1024K), 1 survivors (1024K)
 Metaspace       used 6028K, committed 6272K, reserved 1114112K
  class space    used 708K, committed 832K, reserved 1048576K
}

Dll operation events (8 events):
Event: 0.009 Loaded shared library C:\Program Files\Java\jdk-20\bin\java.dll
Event: 0.020 Loaded shared library C:\Program Files\Java\jdk-20\bin\jsvml.dll
Event: 0.081 Loaded shared library C:\Program Files\Java\jdk-20\bin\net.dll
Event: 0.085 Loaded shared library C:\Program Files\Java\jdk-20\bin\nio.dll
Event: 0.094 Loaded shared library C:\Program Files\Java\jdk-20\bin\zip.dll
Event: 0.112 Loaded shared library C:\Program Files\Java\jdk-20\bin\jimage.dll
Event: 0.342 Loaded shared library C:\Users\Administrator\AppData\Local\Temp\jansi-2.4.0-6508971ca45f4e83-jansi.dll
Event: 0.358 Loaded shared library C:\Program Files\Java\jdk-20\bin\verify.dll

Deoptimization events (20 events):
Event: 2.611 Thread 0x000002bf3afd7450 Uncommon trap: trap_request=0xffffffde fr.pc=0x000002bf4abdfcd4 relative=0x0000000000000134
Event: 2.611 Thread 0x000002bf3afd7450 Uncommon trap: reason=class_check action=maybe_recompile pc=0x000002bf4abdfcd4 method=java.util.regex.Pattern.lambda$negate$7(Ljava/util/regex/Pattern$CharPredicate;I)Z @ 2 c2
Event: 2.611 Thread 0x000002bf3afd7450 DEOPT PACKING pc=0x000002bf4abdfcd4 sp=0x000000d4d5cfdd00
Event: 2.611 Thread 0x000002bf3afd7450 DEOPT UNPACKING pc=0x000002bf4a639d22 sp=0x000000d4d5cfdc20 mode 2
Event: 2.611 Thread 0x000002bf3afd7450 Uncommon trap: trap_request=0xffffffde fr.pc=0x000002bf4abdfcd4 relative=0x0000000000000134
Event: 2.611 Thread 0x000002bf3afd7450 Uncommon trap: reason=class_check action=maybe_recompile pc=0x000002bf4abdfcd4 method=java.util.regex.Pattern.lambda$negate$7(Ljava/util/regex/Pattern$CharPredicate;I)Z @ 2 c2
Event: 2.611 Thread 0x000002bf3afd7450 DEOPT PACKING pc=0x000002bf4abdfcd4 sp=0x000000d4d5cfdd00
Event: 2.611 Thread 0x000002bf3afd7450 DEOPT UNPACKING pc=0x000002bf4a639d22 sp=0x000000d4d5cfdc20 mode 2
Event: 2.615 Thread 0x000002bf3afd7450 Uncommon trap: trap_request=0xffffff45 fr.pc=0x000002bf4abc94a8 relative=0x0000000000001a68
Event: 2.615 Thread 0x000002bf3afd7450 Uncommon trap: reason=unstable_if action=reinterpret pc=0x000002bf4abc94a8 method=sun.nio.cs.StreamDecoder.implRead([CII)I @ 36 c2
Event: 2.615 Thread 0x000002bf3afd7450 DEOPT PACKING pc=0x000002bf4abc94a8 sp=0x000000d4d5cfe250
Event: 2.615 Thread 0x000002bf3afd7450 DEOPT UNPACKING pc=0x000002bf4a639d22 sp=0x000000d4d5cfe118 mode 2
Event: 2.616 Thread 0x000002bf3afd7450 Uncommon trap: trap_request=0xffffff45 fr.pc=0x000002bf4abc3484 relative=0x0000000000001944
Event: 2.616 Thread 0x000002bf3afd7450 Uncommon trap: reason=unstable_if action=reinterpret pc=0x000002bf4abc3484 method=sun.nio.cs.StreamDecoder.implRead([CII)I @ 36 c2
Event: 2.616 Thread 0x000002bf3afd7450 DEOPT PACKING pc=0x000002bf4abc3484 sp=0x000000d4d5cfe2d0
Event: 2.616 Thread 0x000002bf3afd7450 DEOPT UNPACKING pc=0x000002bf4a639d22 sp=0x000000d4d5cfe258 mode 2
Event: 2.616 Thread 0x000002bf3afd7450 Uncommon trap: trap_request=0x000000e1 fr.pc=0x000002bf4ab98dd0 relative=0x00000000000000d0
Event: 2.616 Thread 0x000002bf3afd7450 Uncommon trap: reason=unloaded action=reinterpret pc=0x000002bf4ab98dd0 method=org.codehaus.plexus.util.xml.pull.MXParser.more()C @ 22 c2
Event: 2.616 Thread 0x000002bf3afd7450 DEOPT PACKING pc=0x000002bf4ab98dd0 sp=0x000000d4d5cfe540
Event: 2.616 Thread 0x000002bf3afd7450 DEOPT UNPACKING pc=0x000002bf4a639d22 sp=0x000000d4d5cfe4e0 mode 2

Classes loaded (20 events):
Event: 2.543 Loading class java/security/SecureRandomSpi done
Event: 2.543 Loading class sun/security/provider/DRBG done
Event: 2.544 Loading class java/security/DrbgParameters$Capability
Event: 2.544 Loading class java/security/DrbgParameters$Capability done
Event: 2.544 Loading class sun/security/provider/MoreDrbgParameters
Event: 2.544 Loading class sun/security/provider/MoreDrbgParameters done
Event: 2.544 Loading class java/security/DrbgParameters
Event: 2.545 Loading class java/security/DrbgParameters done
Event: 2.545 Loading class java/security/DrbgParameters$Instantiation
Event: 2.545 Loading class java/security/DrbgParameters$Instantiation done
Event: 2.545 Loading class sun/security/provider/HashDrbg
Event: 2.545 Loading class sun/security/provider/AbstractHashDrbg
Event: 2.545 Loading class sun/security/provider/AbstractDrbg
Event: 2.545 Loading class sun/security/provider/AbstractDrbg done
Event: 2.545 Loading class sun/security/provider/AbstractHashDrbg done
Event: 2.545 Loading class sun/security/provider/HashDrbg done
Event: 2.545 Loading class sun/security/provider/EntropySource
Event: 2.545 Loading class sun/security/provider/EntropySource done
Event: 2.624 Loading class java/lang/ProcessEnvironment$CheckedKeySet
Event: 2.624 Loading class java/lang/ProcessEnvironment$CheckedKeySet done

Classes unloaded (0 events):
No events

Classes redefined (0 events):
No events

Internal exceptions (20 events):
Event: 0.799 Thread 0x000002bf3afd7450 Exception <a 'java/lang/NoSuchMethodError'{0x0000000089b4c8d8}: 'java.lang.Object java.lang.invoke.DirectMethodHandle$Holder.invokeInterface(java.lang.Object, java.lang.Object)'> (0x0000000089b4c8d8) 
thrown [s\open\src\hotspot\share\interpreter\linkResolver.cpp, line 773]
Event: 0.817 Thread 0x000002bf3afd7450 Exception <a 'java/lang/NoSuchMethodError'{0x0000000089bf1060}: 'int java.lang.invoke.DirectMethodHandle$Holder.invokeStatic(java.lang.Object, java.lang.Object, java.lang.Object, java.lang.Object)'> (0x0000000089bf1060) 
thrown [s\open\src\hotspot\share\interpreter\linkResolver.cpp, line 773]
Event: 0.818 Thread 0x000002bf3afd7450 Exception <a 'java/lang/NoSuchMethodError'{0x0000000089bf46e0}: 'java.lang.Object java.lang.invoke.Invokers$Holder.invokeExact_MT(java.lang.Object, java.lang.Object, java.lang.Object, java.lang.Object, java.lang.Object, java.lang.Object)'> (0x0000000089bf46e0) 
thrown [s\open\src\hotspot\share\interpreter\linkResolver.cpp, line 773]
Event: 0.822 Thread 0x000002bf3afd7450 Exception <a 'java/lang/NoSuchMethodError'{0x0000000089a05130}: 'int java.lang.invoke.DirectMethodHandle$Holder.invokeSpecialIFC(java.lang.Object, java.lang.Object, java.lang.Object, java.lang.Object, java.lang.Object)'> (0x0000000089a05130) 
thrown [s\open\src\hotspot\share\interpreter\linkResolver.cpp, line 773]
Event: 0.885 Thread 0x000002bf3afd7450 Exception <a 'java/lang/NoSuchMethodError'{0x00000000899baf48}: 'java.lang.Object java.lang.invoke.DirectMethodHandle$Holder.newInvokeSpecial(java.lang.Object, java.lang.Object, java.lang.Object, java.lang.Object, java.lang.Object)'> (0x00000000899baf48) 
thrown [s\open\src\hotspot\share\interpreter\linkResolver.cpp, line 773]
Event: 0.929 Thread 0x000002bf3afd7450 Exception <a 'java/lang/NoSuchMethodError'{0x00000000898c5ec8}: 'int java.lang.invoke.DirectMethodHandle$Holder.invokeStaticInit(java.lang.Object, java.lang.Object)'> (0x00000000898c5ec8) 
thrown [s\open\src\hotspot\share\interpreter\linkResolver.cpp, line 773]
Event: 0.939 Thread 0x000002bf3afd7450 Exception <a 'java/lang/NoClassDefFoundError'{0x00000000898ffb10}: javax/enterprise/inject/Typed> (0x00000000898ffb10) 
thrown [s\open\src\hotspot\share\classfile\systemDictionary.cpp, line 294]
Event: 2.025 Thread 0x000002bf3afd7450 Exception <a 'java/lang/NoSuchMethodError'{0x0000000087f5dd48}: 'void java.lang.invoke.DirectMethodHandle$Holder.invokeStaticInit(java.lang.Object, java.lang.Object, java.lang.Object)'> (0x0000000087f5dd48) 
thrown [s\open\src\hotspot\share\interpreter\linkResolver.cpp, line 773]
Event: 2.031 Thread 0x000002bf3afd7450 Exception <a 'java/lang/ExceptionInInitializerError'{0x0000000087f89580}> (0x0000000087f89580) 
thrown [s\open\src\hotspot\share\oops\instanceKlass.cpp, line 1160]
Event: 2.063 Thread 0x000002bf3afd7450 Exception <a 'java/lang/NoSuchMethodError'{0x0000000087ea5218}: 'long java.lang.invoke.DirectMethodHandle$Holder.invokeStatic(java.lang.Object, java.lang.Object, int)'> (0x0000000087ea5218) 
thrown [s\open\src\hotspot\share\interpreter\linkResolver.cpp, line 773]
Event: 2.065 Thread 0x000002bf3afd7450 Exception <a 'java/lang/NoSuchMethodError'{0x0000000087eb82b0}: 'java.lang.Object java.lang.invoke.DirectMethodHandle$Holder.invokeStatic(java.lang.Object, java.lang.Object, java.lang.Object, java.lang.Object, int)'> (0x0000000087eb82b0) 
thrown [s\open\src\hotspot\share\interpreter\linkResolver.cpp, line 773]
Event: 2.065 Thread 0x000002bf3afd7450 Exception <a 'java/lang/NoSuchMethodError'{0x0000000087ec01c8}: 'java.lang.Object java.lang.invoke.DirectMethodHandle$Holder.invokeSpecial(java.lang.Object, java.lang.Object, java.lang.Object, java.lang.Object, long)'> (0x0000000087ec01c8) 
thrown [s\open\src\hotspot\share\interpreter\linkResolver.cpp, line 773]
Event: 2.067 Thread 0x000002bf3afd7450 Exception <a 'java/lang/NoSuchMethodError'{0x0000000087ecba60}: 'java.lang.Object java.lang.invoke.DirectMethodHandle$Holder.invokeSpecial(java.lang.Object, java.lang.Object, java.lang.Object, int, java.lang.Object)'> (0x0000000087ecba60) 
thrown [s\open\src\hotspot\share\interpreter\linkResolver.cpp, line 773]
Event: 2.069 Thread 0x000002bf3afd7450 Exception <a 'java/lang/NoSuchMethodError'{0x0000000087ed3b80}: 'int java.lang.invoke.DirectMethodHandle$Holder.invokeSpecial(java.lang.Object, java.lang.Object, java.lang.Object, int)'> (0x0000000087ed3b80) 
thrown [s\open\src\hotspot\share\interpreter\linkResolver.cpp, line 773]
Event: 2.073 Thread 0x000002bf3afd7450 Implicit null exception at 0x000002bf4abe9b9d to 0x000002bf4abe9cfc
Event: 2.076 Thread 0x000002bf3afd7450 Exception <a 'java/lang/NoSuchMethodError'{0x0000000087ef95b0}: 'java.lang.Object java.lang.invoke.Invokers$Holder.invokeExact_MT(java.lang.Object, int, java.lang.Object)'> (0x0000000087ef95b0) 
thrown [s\open\src\hotspot\share\interpreter\linkResolver.cpp, line 773]
Event: 2.386 Thread 0x000002bf3afd7450 Exception <a 'java/lang/NoSuchMethodError'{0x0000000087536830}: 'void java.lang.invoke.Invokers$Holder.invokeExact_MT(java.lang.Object, java.lang.Object, java.lang.Object, java.lang.Object)'> (0x0000000087536830) 
thrown [s\open\src\hotspot\share\interpreter\linkResolver.cpp, line 773]
Event: 2.417 Thread 0x000002bf3afd7450 Exception <a 'java/lang/NoClassDefFoundError'{0x00000000875cf658}: com/google/inject/servlet/ServletModuleTargetVisitor> (0x00000000875cf658) 
thrown [s\open\src\hotspot\share\classfile\systemDictionary.cpp, line 294]
Event: 2.519 Thread 0x000002bf3afd7450 Exception <a 'java/lang/NoSuchMethodError'{0x0000000087293520}: 'void java.lang.invoke.DirectMethodHandle$Holder.invokeVirtual(java.lang.Object, java.lang.Object)'> (0x0000000087293520) 
thrown [s\open\src\hotspot\share\interpreter\linkResolver.cpp, line 773]
Event: 2.546 Thread 0x000002bf3afd7450 Exception <a 'java/lang/NoSuchMethodError'{0x0000000087123270}: 'java.lang.Object java.lang.invoke.DirectMethodHandle$Holder.invokeStaticInit(java.lang.Object, int, int, int, int)'> (0x0000000087123270) 
thrown [s\open\src\hotspot\share\interpreter\linkResolver.cpp, line 773]

VM Operations (20 events):
Event: 2.039 Executing VM operation: HandshakeAllThreads
Event: 2.039 Executing VM operation: HandshakeAllThreads done
Event: 2.128 Executing VM operation: HandshakeAllThreads
Event: 2.128 Executing VM operation: HandshakeAllThreads done
Event: 2.131 Executing VM operation: HandshakeAllThreads
Event: 2.131 Executing VM operation: HandshakeAllThreads done
Event: 2.174 Executing VM operation: ICBufferFull
Event: 2.175 Executing VM operation: ICBufferFull done
Event: 2.193 Executing VM operation: HandshakeAllThreads
Event: 2.193 Executing VM operation: HandshakeAllThreads done
Event: 2.380 Executing VM operation: HandshakeAllThreads
Event: 2.380 Executing VM operation: HandshakeAllThreads done
Event: 2.532 Executing VM operation: HandshakeAllThreads
Event: 2.533 Executing VM operation: HandshakeAllThreads done
Event: 2.565 Executing VM operation: HandshakeAllThreads
Event: 2.565 Executing VM operation: HandshakeAllThreads done
Event: 2.590 Executing VM operation: ICBufferFull
Event: 2.591 Executing VM operation: ICBufferFull done
Event: 2.617 Executing VM operation: HandshakeAllThreads
Event: 2.617 Executing VM operation: HandshakeAllThreads done

Events (12 events):
Event: 0.021 Thread 0x000002bf3afd7450 Thread added: 0x000002bf3afd7450
Event: 0.035 Thread 0x000002bf570fb3c0 Thread added: 0x000002bf570fb3c0
Event: 0.035 Thread 0x000002bf571041e0 Thread added: 0x000002bf571041e0
Event: 0.036 Thread 0x000002bf57109180 Thread added: 0x000002bf57109180
Event: 0.036 Thread 0x000002bf5710aad0 Thread added: 0x000002bf5710aad0
Event: 0.037 Thread 0x000002bf5710c420 Thread added: 0x000002bf5710c420
Event: 0.037 Thread 0x000002bf5710cd60 Thread added: 0x000002bf5710cd60
Event: 0.037 Thread 0x000002bf5710d9d0 Thread added: 0x000002bf5710d9d0
Event: 0.037 Thread 0x000002bf57113380 Thread added: 0x000002bf57113380
Event: 0.071 Thread 0x000002bf5b4e7230 Thread added: 0x000002bf5b4e7230
Event: 0.076 Thread 0x000002bf5b4ec420 Thread added: 0x000002bf5b4ec420
Event: 0.624 Thread 0x000002bf5bab3100 Thread added: 0x000002bf5bab3100


Dynamic libraries:
0x00007ff6f3fb0000 - 0x00007ff6f3fc0000 	C:\Program Files\Java\jdk-20\bin\java.exe
0x00007ffe8a5b0000 - 0x00007ffe8a7a4000 	C:\WINDOWS\SYSTEM32\ntdll.dll
0x00007ffe89a10000 - 0x00007ffe89acd000 	C:\WINDOWS\System32\KERNEL32.DLL
0x00007ffe87e80000 - 0x00007ffe88147000 	C:\WINDOWS\System32\KERNELBASE.dll
0x00007ffe881b0000 - 0x00007ffe882b0000 	C:\WINDOWS\System32\ucrtbase.dll
0x00007ffe77ac0000 - 0x00007ffe77ad9000 	C:\Program Files\Java\jdk-20\bin\jli.dll
0x00007ffe820c0000 - 0x00007ffe820db000 	C:\Program Files\Java\jdk-20\bin\VCRUNTIME140.dll
0x00007ffe8a040000 - 0x00007ffe8a0ea000 	C:\WINDOWS\System32\ADVAPI32.dll
0x00007ffe89b30000 - 0x00007ffe89bce000 	C:\WINDOWS\System32\msvcrt.dll
0x00007ffe890b0000 - 0x00007ffe8914b000 	C:\WINDOWS\System32\sechost.dll
0x00007ffe89820000 - 0x00007ffe89943000 	C:\WINDOWS\System32\RPCRT4.dll
0x00007ffe8a0f0000 - 0x00007ffe8a290000 	C:\WINDOWS\System32\USER32.dll
0x00007ffe88350000 - 0x00007ffe88372000 	C:\WINDOWS\System32\win32u.dll
0x00007ffe89970000 - 0x00007ffe8999a000 	C:\WINDOWS\System32\GDI32.dll
0x00007ffe87d70000 - 0x00007ffe87e7a000 	C:\WINDOWS\System32\gdi32full.dll
0x00007ffe77410000 - 0x00007ffe776aa000 	C:\WINDOWS\WinSxS\amd64_microsoft.windows.common-controls_6595b64144ccf1df_6.0.19041.1_none_b555e41d4684ddec\COMCTL32.dll
0x00007ffe882b0000 - 0x00007ffe8834d000 	C:\WINDOWS\System32\msvcp_win.dll
0x00007ffe7f0d0000 - 0x00007ffe7f0da000 	C:\WINDOWS\SYSTEM32\VERSION.dll
0x00007ffe8a290000 - 0x00007ffe8a2c0000 	C:\WINDOWS\System32\IMM32.DLL
0x00007ffe81f90000 - 0x00007ffe81f9c000 	C:\Program Files\Java\jdk-20\bin\vcruntime140_1.dll
0x00007ffe68020000 - 0x00007ffe680ae000 	C:\Program Files\Java\jdk-20\bin\msvcp140.dll
0x00007ffe5c330000 - 0x00007ffe5cfc7000 	C:\Program Files\Java\jdk-20\bin\server\jvm.dll
0x00007ffe77b60000 - 0x00007ffe77b87000 	C:\WINDOWS\SYSTEM32\WINMM.dll
0x00007ffe75f20000 - 0x00007ffe75f29000 	C:\WINDOWS\SYSTEM32\WSOCK32.dll
0x00007ffe899a0000 - 0x00007ffe89a0b000 	C:\WINDOWS\System32\WS2_32.dll
0x00007ffe86900000 - 0x00007ffe86913000 	C:\WINDOWS\SYSTEM32\kernel.appcore.dll
0x00007ffe7ede0000 - 0x00007ffe7edea000 	C:\Program Files\Java\jdk-20\bin\jimage.dll
0x00007ffe86310000 - 0x00007ffe864f4000 	C:\WINDOWS\SYSTEM32\DBGHELP.DLL
0x00007ffe72b20000 - 0x00007ffe72b4c000 	C:\WINDOWS\SYSTEM32\dbgcore.DLL
0x00007ffe88380000 - 0x00007ffe883ff000 	C:\WINDOWS\System32\bcryptPrimitives.dll
0x00007ffe80280000 - 0x00007ffe802a6000 	C:\Program Files\Java\jdk-20\bin\java.dll
0x00007ffe77330000 - 0x00007ffe77407000 	C:\Program Files\Java\jdk-20\bin\jsvml.dll
0x00007ffe88970000 - 0x00007ffe890a1000 	C:\WINDOWS\System32\SHELL32.dll
0x00007ffe85ab0000 - 0x00007ffe8623a000 	C:\WINDOWS\SYSTEM32\windows.storage.dll
0x00007ffe89390000 - 0x00007ffe896e4000 	C:\WINDOWS\System32\combase.dll
0x00007ffe87770000 - 0x00007ffe8779b000 	C:\WINDOWS\SYSTEM32\Wldp.dll
0x00007ffe89770000 - 0x00007ffe8981e000 	C:\WINDOWS\System32\SHCORE.dll
0x00007ffe89ad0000 - 0x00007ffe89b25000 	C:\WINDOWS\System32\shlwapi.dll
0x00007ffe87c30000 - 0x00007ffe87c4f000 	C:\WINDOWS\SYSTEM32\profapi.dll
0x00007ffe77310000 - 0x00007ffe77323000 	C:\Program Files\Java\jdk-20\bin\net.dll
0x00007ffe81210000 - 0x00007ffe81312000 	C:\WINDOWS\SYSTEM32\WINHTTP.dll
0x00007ffe874f0000 - 0x00007ffe8755a000 	C:\WINDOWS\system32\mswsock.dll
0x00007ffe772f0000 - 0x00007ffe77306000 	C:\Program Files\Java\jdk-20\bin\nio.dll
0x00007ffe772d0000 - 0x00007ffe772e8000 	C:\Program Files\Java\jdk-20\bin\zip.dll
0x0000000069ac0000 - 0x0000000069ae4000 	C:\Users\Administrator\AppData\Local\Temp\jansi-2.4.0-6508971ca45f4e83-jansi.dll
0x00007ffe778e0000 - 0x00007ffe778f0000 	C:\Program Files\Java\jdk-20\bin\verify.dll

dbghelp: loaded successfully - version: 4.0.5 - missing functions: none
symbol engine: initialized successfully - sym options: 0x614 - pdb path: .;C:\Program Files\Java\jdk-20\bin;C:\WINDOWS\SYSTEM32;C:\WINDOWS\WinSxS\amd64_microsoft.windows.common-controls_6595b64144ccf1df_6.0.19041.1_none_b555e41d4684ddec;C:\Program Files\Java\jdk-20\bin\server;C:\Users\Administrator\AppData\Local\Temp

VM Arguments:
jvm_args: -Dmaven.multiModuleProjectDirectory=C:\Repos\API 
java_command: org.apache.maven.wrapper.MavenWrapperMain -Dmaven.ext.class.path=C:\Program Files\NetBeans-17\netbeans\java\maven-nblib\netbeans-eventspy.jar --no-transfer-progress clean install
java_class_path (initial): C:\Repos\API\.mvn\wrapper\maven-wrapper.jar
Launcher Type: SUN_STANDARD

[Global flags]
     intx CICompilerCount                          = 3                                         {product} {ergonomic}
     uint ConcGCThreads                            = 1                                         {product} {ergonomic}
     uint G1ConcRefinementThreads                  = 4                                         {product} {ergonomic}
   size_t G1HeapRegionSize                         = 1048576                                   {product} {ergonomic}
    uintx GCDrainStackTargetSize                   = 64                                        {product} {ergonomic}
   size_t InitialHeapSize                          = 134217728                                 {product} {ergonomic}
   size_t MarkStackSize                            = 4194304                                   {product} {ergonomic}
   size_t MaxHeapSize                              = 2116026368                                {product} {ergonomic}
   size_t MaxNewSize                               = 1268776960                                {product} {ergonomic}
   size_t MinHeapDeltaBytes                        = 1048576                                   {product} {ergonomic}
   size_t MinHeapSize                              = 8388608                                   {product} {ergonomic}
    uintx NonNMethodCodeHeapSize                   = 5832780                                {pd product} {ergonomic}
    uintx NonProfiledCodeHeapSize                  = 122912730                              {pd product} {ergonomic}
    uintx ProfiledCodeHeapSize                     = 122912730                              {pd product} {ergonomic}
    uintx ReservedCodeCacheSize                    = 251658240                              {pd product} {ergonomic}
     bool SegmentedCodeCache                       = true                                      {product} {ergonomic}
   size_t SoftMaxHeapSize                          = 2116026368                             {manageable} {ergonomic}
     bool UseCompressedClassPointers               = true                           {product lp64_product} {ergonomic}
     bool UseCompressedOops                        = true                           {product lp64_product} {ergonomic}
     bool UseG1GC                                  = true                                      {product} {ergonomic}
     bool UseLargePagesIndividualAllocation        = false                                  {pd product} {ergonomic}

Logging:
Log output configuration:
 #0: stdout all=warning uptime,level,tags foldmultilines=false
 #1: stderr all=off uptime,level,tags foldmultilines=false

Environment Variables:
JAVA_HOME=C:\Program Files\Java\jdk-20
PATH=C:\Program Files\Common Files\Oracle\Java\javapath;C:\WINDOWS\system32;C:\WINDOWS;C:\WINDOWS\System32\Wbem;C:\WINDOWS\System32\WindowsPowerShell\v1.0\;C:\WINDOWS\System32\OpenSSH\;C:\Users\Administrator\AppData\Local\Microsoft\WindowsApps;C:\Users\Administrator\AppData\Local\Programs\Microsoft VS Code\bin;C:\adb;C:\WINDOWS\system32;C:\WINDOWS;C:\WINDOWS\System32\Wbem;C:\WINDOWS\System32\WindowsPowerShell\v1.0\;C:\WINDOWS\System32\OpenSSH\;C:\Program Files\Microsoft VS Code\bin;C:\Program Files\Git\cmd;C:\Program Files\Java\apache-maven-3.9.0\bin;C:\Program Files\Java\jdk1.8.0_60\bin;C:\Program Files\Java\jre1.8.0_361\bin;C:\Program Files\nodejs\;C:\Users\Administrator\AppData\Local\Microsoft\WindowsApps;C:\Users\Administrator\AppData\Roaming\npm
USERNAME=Administrator
OS=Windows_NT
PROCESSOR_IDENTIFIER=Intel64 Family 6 Model 61 Stepping 4, GenuineIntel
TMP=C:\Users\ADMINI~1\AppData\Local\Temp
TEMP=C:\Users\ADMINI~1\AppData\Local\Temp




---------------  S Y S T E M  ---------------

OS:
 Windows 10 , 64 bit Build 19041 (10.0.19041.1)
OS uptime: 0 days 3:24 hours

CPU: total 4 (initial active 4) (2 cores per cpu, 2 threads per core) family 6 model 61 stepping 4 microcode 0x2d, cx8, cmov, fxsr, ht, mmx, 3dnowpref, sse, sse2, sse3, ssse3, sse4.1, sse4.2, popcnt, lzcnt, tsc, tscinvbit, avx, avx2, aes, erms, clmul, bmi1, bmi2, rtm, adx, fma, vzeroupper, clflush, rdtscp, f16c

Memory: 4k page, system-wide physical 8064M (1878M free)
TotalPageFile size 11264M (AvailPageFile size 3938M)
current process WorkingSet (physical memory assigned to process): 123M, peak: 123M
current process commit charge ("private bytes"): 236M, peak: 236M

vm_info: Java HotSpot(TM) 64-Bit Server VM (20.0.1+9-29) for windows-amd64 JRE (20.0.1+9-29), built on 2023-03-07T13:56:11Z by "mach5one" with MS VC++ 17.1 (VS2022)

END.
